#     0	 1	    1	 1	 5.7981E+02	 1000	1
 4.8978E+01  0.0000E+00  0.0000E+00  0.0000E+00  0.0000E+00  0.0000E+00
 4.9353E+01  0.0000E+00  0.0000E+00  0.0000E+00  0.0000E+00  0.0000E+00
 4.9731E+01  0.0000E+00  0.0000E+00  0.0000E+00  0.0000E+00  0.0000E+00
 5.0112E+01  0.0000E+00  0.0000E+00  0.0000E+00  0.0000E+00  0.0000E+00
 5.0496E+01  0.0000E+00  0.0000E+00  0.0000E+00  0.0000E+00  0.0000E+00
 5.0882E+01  0.0000E+00  0.0000E+00  0.0000E+00  0.0000E+00  0.0000E+00
 5.1272E+01  0.0000E+00  0.0000E+00  0.0000E+00  0.0000E+00  0.0000E+00
 5.1665E+01  0.0000E+00  0.0000E+00  0.0000E+00  0.0000E+00  0.0000E+00
 5.2060E+01  0.0000E+00  0.0000E+00  0.0000E+00  0.0000E+00  0.0000E+00
 5.2459E+01  0.0000E+00  0.0000E+00  0.0000E+00  0.0000E+00  0.0000E+00
 5.2861E+01  0.0000E+00  0.0000E+00  0.0000E+00  0.0000E+00  0.0000E+00
 5.3266E+01  0.0000E+00  0.0000E+00  0.0000E+00  0.0000E+00  0.0000E+00
 5.3673E+01  0.0000E+00  0.0000E+00  0.0000E+00  0.0000E+00  0.0000E+00
 5.4085E+01  0.0000E+00  0.0000E+00  0.0000E+00  0.0000E+00  0.0000E+00
 5.4499E+01  0.0000E+00  0.0000E+00  0.0000E+00  0.0000E+00  0.0000E+00
 5.4916E+01  0.0000E+00  0.0000E+00  0.0000E+00  0.0000E+00  0.0000E+00
 5.5337E+01  0.0000E+00  0.0000E+00  0.0000E+00  0.0000E+00  0.0000E+00
 5.5760E+01  0.0000E+00  0.0000E+00  0.0000E+00  0.0000E+00  0.0000E+00
 5.6187E+01  0.0000E+00  0.0000E+00  0.0000E+00  0.0000E+00  0.0000E+00
 5.6618E+01  0.0000E+00  0.0000E+00  0.0000E+00  0.0000E+00  0.0000E+00
 5.7051E+01  0.0000E+00  0.0000E+00  0.0000E+00  0.0000E+00  0.0000E+00
 5.7488E+01  0.0000E+00  0.0000E+00  0.0000E+00  0.0000E+00  0.0000E+00
 5.7929E+01  0.0000E+00  0.0000E+00  0.0000E+00  0.0000E+00  0.0000E+00
 5.8372E+01  0.0000E+00  0.0000E+00  0.0000E+00  0.0000E+00  0.0000E+00
 5.8819E+01  0.0000E+00  0.0000E+00  0.0000E+00  0.0000E+00  0.0000E+00
 5.9270E+01  0.0000E+00  0.0000E+00  0.0000E+00  0.0000E+00  0.0000E+00
 5.9724E+01  0.0000E+00  0.0000E+00  0.0000E+00  0.0000E+00  0.0000E+00
 6.0181E+01  0.0000E+00  0.0000E+00  0.0000E+00  0.0000E+00  0.0000E+00
 6.0642E+01  0.0000E+00  0.0000E+00  0.0000E+00  0.0000E+00  0.0000E+00
 6.1106E+01  0.0000E+00  0.0000E+00  0.0000E+00  0.0000E+00  0.0000E+00
 6.1574E+01  0.0000E+00  0.0000E+00  0.0000E+00  0.0000E+00  0.0000E+00
 6.2046E+01  0.0000E+00  0.0000E+00  0.0000E+00  0.0000E+00  0.0000E+00
 6.2521E+01  0.0000E+00  0.0000E+00  0.0000E+00  0.0000E+00  0.0000E+00
 6.3000E+01  0.0000E+00  0.0000E+00  0.0000E+00  0.0000E+00  0.0000E+00
 6.3482E+01  0.0000E+00  0.0000E+00  0.0000E+00  0.0000E+00  0.0000E+00
 6.3968E+01  0.0000E+00  0.0000E+00  0.0000E+00  0.0000E+00  0.0000E+00
 6.4458E+01  0.0000E+00  0.0000E+00  0.0000E+00  0.0000E+00  0.0000E+00
 6.4952E+01  0.0000E+00  0.0000E+00  0.0000E+00  0.0000E+00  0.0000E+00
 6.5449E+01  0.0000E+00  0.0000E+00  0.0000E+00  0.0000E+00  0.0000E+00
 6.5951E+01  0.0000E+00  0.0000E+00  0.0000E+00  0.0000E+00  0.0000E+00
 6.6456E+01  0.0000E+00  0.0000E+00  0.0000E+00  0.0000E+00  0.0000E+00
 6.6965E+01  0.0000E+00  0.0000E+00  0.0000E+00  0.0000E+00  0.0000E+00
 6.7478E+01  0.0000E+00  0.0000E+00  0.0000E+00  0.0000E+00  0.0000E+00
 6.7994E+01  0.0000E+00  0.0000E+00  0.0000E+00  0.0000E+00  0.0000E+00
 6.8515E+01  0.0000E+00  0.0000E+00  0.0000E+00  0.0000E+00  0.0000E+00
 6.9040E+01  0.0000E+00  0.0000E+00  0.0000E+00  0.0000E+00  0.0000E+00
 6.9568E+01  0.0000E+00  0.0000E+00  0.0000E+00  0.0000E+00  0.0000E+00
 7.0101E+01  0.0000E+00  0.0000E+00  0.0000E+00  0.0000E+00  0.0000E+00
 7.0638E+01  0.0000E+00  0.0000E+00  0.0000E+00  0.0000E+00  0.0000E+00
 7.1179E+01  0.0000E+00  0.0000E+00  0.0000E+00  0.0000E+00  0.0000E+00
 7.1724E+01  0.0000E+00  0.0000E+00  0.0000E+00  0.0000E+00  0.0000E+00
 7.2273E+01  0.0000E+00  0.0000E+00  0.0000E+00  0.0000E+00  0.0000E+00
 7.2827E+01  0.0000E+00  0.0000E+00  0.0000E+00  0.0000E+00  0.0000E+00
 7.3385E+01  0.0000E+00  0.0000E+00  0.0000E+00  0.0000E+00  0.0000E+00
 7.3947E+01  0.0000E+00  0.0000E+00  0.0000E+00  0.0000E+00  0.0000E+00
 7.4513E+01  0.0000E+00  0.0000E+00  0.0000E+00  0.0000E+00  0.0000E+00
 7.5084E+01  0.0000E+00  0.0000E+00  0.0000E+00  0.0000E+00  0.0000E+00
 7.5659E+01  0.0000E+00  0.0000E+00  0.0000E+00  0.0000E+00  0.0000E+00
 7.6238E+01  0.0000E+00  0.0000E+00  0.0000E+00  0.0000E+00  0.0000E+00
 7.6822E+01  0.0000E+00  0.0000E+00  0.0000E+00  0.0000E+00  0.0000E+00
 7.7410E+01  0.0000E+00  0.0000E+00  0.0000E+00  0.0000E+00  0.0000E+00
 7.8003E+01  0.0000E+00  0.0000E+00  0.0000E+00  0.0000E+00  0.0000E+00
 7.8601E+01  0.0000E+00  0.0000E+00  0.0000E+00  0.0000E+00  0.0000E+00
 7.9202E+01  0.0000E+00  0.0000E+00  0.0000E+00  0.0000E+00  0.0000E+00
 7.9809E+01  0.0000E+00  0.0000E+00  0.0000E+00  0.0000E+00  0.0000E+00
 8.0420E+01  0.0000E+00  0.0000E+00  0.0000E+00  0.0000E+00  0.0000E+00
 8.1036E+01  0.0000E+00  0.0000E+00  0.0000E+00  0.0000E+00  0.0000E+00
 8.1657E+01  0.0000E+00  0.0000E+00  0.0000E+00  0.0000E+00  0.0000E+00
 8.2282E+01  0.0000E+00  0.0000E+00  0.0000E+00  0.0000E+00  0.0000E+00
 8.2912E+01  0.0000E+00  0.0000E+00  0.0000E+00  0.0000E+00  0.0000E+00
 8.3547E+01  0.0000E+00  0.0000E+00  0.0000E+00  0.0000E+00  0.0000E+00
 8.4187E+01  0.0000E+00  0.0000E+00  0.0000E+00  0.0000E+00  0.0000E+00
 8.4832E+01  0.0000E+00  0.0000E+00  0.0000E+00  0.0000E+00  0.0000E+00
 8.5481E+01  0.0000E+00  0.0000E+00  0.0000E+00  0.0000E+00  0.0000E+00
 8.6136E+01  0.0000E+00  0.0000E+00  0.0000E+00  0.0000E+00  0.0000E+00
 8.6796E+01  0.0000E+00  0.0000E+00  0.0000E+00  0.0000E+00  0.0000E+00
 8.7460E+01  0.0000E+00  0.0000E+00  0.0000E+00  0.0000E+00  0.0000E+00
 8.8130E+01  0.0000E+00  0.0000E+00  0.0000E+00  0.0000E+00  0.0000E+00
 8.8805E+01  0.0000E+00  0.0000E+00  0.0000E+00  0.0000E+00  0.0000E+00
 8.9485E+01  0.0000E+00  0.0000E+00  0.0000E+00  0.0000E+00  0.0000E+00
 9.0171E+01  0.0000E+00  0.0000E+00  0.0000E+00  0.0000E+00  0.0000E+00
 9.0861E+01  0.0000E+00  0.0000E+00  0.0000E+00  0.0000E+00  0.0000E+00
 9.1557E+01  0.0000E+00  0.0000E+00  0.0000E+00  0.0000E+00  0.0000E+00
 9.2258E+01  0.0000E+00  0.0000E+00  0.0000E+00  0.0000E+00  0.0000E+00
 9.2965E+01  0.0000E+00  0.0000E+00  0.0000E+00  0.0000E+00  0.0000E+00
 9.3677E+01  0.0000E+00  0.0000E+00  0.0000E+00  0.0000E+00  0.0000E+00
 9.4394E+01  0.0000E+00  0.0000E+00  0.0000E+00  0.0000E+00  0.0000E+00
 9.5117E+01  0.0000E+00  0.0000E+00  0.0000E+00  0.0000E+00  0.0000E+00
 9.5845E+01  0.0000E+00  0.0000E+00  0.0000E+00  0.0000E+00  0.0000E+00
 9.6579E+01  0.0000E+00  0.0000E+00  0.0000E+00  0.0000E+00  0.0000E+00
 9.7319E+01  0.0000E+00  0.0000E+00  0.0000E+00  0.0000E+00  0.0000E+00
 9.8064E+01  0.0000E+00  0.0000E+00  0.0000E+00  0.0000E+00  0.0000E+00
 9.8815E+01  0.0000E+00  0.0000E+00  0.0000E+00  0.0000E+00  0.0000E+00
 9.9572E+01  0.0000E+00  0.0000E+00  0.0000E+00  0.0000E+00  0.0000E+00
 1.0033E+02  0.0000E+00  0.0000E+00  0.0000E+00  0.0000E+00  0.0000E+00
 1.0110E+02  0.0000E+00  0.0000E+00  0.0000E+00  0.0000E+00  0.0000E+00
 1.0188E+02  0.0000E+00  0.0000E+00  0.0000E+00  0.0000E+00  0.0000E+00
 1.0266E+02  0.0000E+00  0.0000E+00  0.0000E+00  0.0000E+00  0.0000E+00
 1.0344E+02  0.0000E+00  0.0000E+00  0.0000E+00  0.0000E+00  0.0000E+00
 1.0424E+02  0.0000E+00  0.0000E+00  0.0000E+00  0.0000E+00  0.0000E+00
 1.0503E+02  0.0000E+00  0.0000E+00  0.0000E+00  0.0000E+00  0.0000E+00
 1.0584E+02  0.0000E+00  0.0000E+00  0.0000E+00  0.0000E+00  0.0000E+00
 1.0665E+02  0.0000E+00  0.0000E+00  0.0000E+00  0.0000E+00  0.0000E+00
 1.0747E+02  0.0000E+00  0.0000E+00  0.0000E+00  0.0000E+00  0.0000E+00
 1.0829E+02  0.0000E+00  0.0000E+00  0.0000E+00  0.0000E+00  0.0000E+00
 1.0912E+02  0.0000E+00  0.0000E+00  0.0000E+00  0.0000E+00  0.0000E+00
 1.0995E+02  0.0000E+00  0.0000E+00  0.0000E+00  0.0000E+00  0.0000E+00
 1.1080E+02  0.0000E+00  0.0000E+00  0.0000E+00  0.0000E+00  0.0000E+00
 1.1164E+02  0.0000E+00  0.0000E+00  0.0000E+00  0.0000E+00  0.0000E+00
 1.1250E+02  0.0000E+00  0.0000E+00  0.0000E+00  0.0000E+00  0.0000E+00
 1.1336E+02  0.0000E+00  0.0000E+00  0.0000E+00  0.0000E+00  0.0000E+00
 1.1423E+02  0.0000E+00  0.0000E+00  0.0000E+00  0.0000E+00  0.0000E+00
 1.1510E+02  0.0000E+00  0.0000E+00  0.0000E+00  0.0000E+00  0.0000E+00
 1.1599E+02  0.0000E+00  0.0000E+00  0.0000E+00  0.0000E+00  0.0000E+00
 1.1687E+02  0.0000E+00  0.0000E+00  0.0000E+00  0.0000E+00  0.0000E+00
 1.1777E+02  0.0000E+00  0.0000E+00  0.0000E+00  0.0000E+00  0.0000E+00
 1.1867E+02  0.0000E+00  0.0000E+00  0.0000E+00  0.0000E+00  0.0000E+00
 1.1958E+02  0.0000E+00  0.0000E+00  0.0000E+00  0.0000E+00  0.0000E+00
 1.2050E+02  0.0000E+00  0.0000E+00  0.0000E+00  0.0000E+00  0.0000E+00
 1.2142E+02  0.0000E+00  0.0000E+00  0.0000E+00  0.0000E+00  0.0000E+00
 1.2235E+02  0.0000E+00  0.0000E+00  0.0000E+00  0.0000E+00  0.0000E+00
 1.2329E+02  0.0000E+00  0.0000E+00  0.0000E+00  0.0000E+00  0.0000E+00
 1.2423E+02  0.0000E+00  0.0000E+00  0.0000E+00  0.0000E+00  0.0000E+00
 1.2518E+02  0.0000E+00  0.0000E+00  0.0000E+00  0.0000E+00  0.0000E+00
 1.2614E+02  0.0000E+00  0.0000E+00  0.0000E+00  0.0000E+00  0.0000E+00
 1.2711E+02  0.0000E+00  0.0000E+00  0.0000E+00  0.0000E+00  0.0000E+00
 1.2808E+02  0.0000E+00  0.0000E+00  0.0000E+00  0.0000E+00  0.0000E+00
 1.2906E+02  0.0000E+00  0.0000E+00  0.0000E+00  0.0000E+00  0.0000E+00
 1.3005E+02  0.0000E+00  0.0000E+00  0.0000E+00  0.0000E+00  0.0000E+00
 1.3104E+02  0.0000E+00  0.0000E+00  0.0000E+00  0.0000E+00  0.0000E+00
 1.3205E+02  0.0000E+00  0.0000E+00  0.0000E+00  0.0000E+00  0.0000E+00
 1.3306E+02  0.0000E+00  0.0000E+00  0.0000E+00  0.0000E+00  0.0000E+00
 1.3408E+02  0.0000E+00  0.0000E+00  0.0000E+00  0.0000E+00  0.0000E+00
 1.3510E+02  0.0000E+00  0.0000E+00  0.0000E+00  0.0000E+00  0.0000E+00
 1.3614E+02  0.0000E+00  0.0000E+00  0.0000E+00  0.0000E+00  0.0000E+00
 1.3718E+02  0.0000E+00  0.0000E+00  0.0000E+00  0.0000E+00  0.0000E+00
 1.3823E+02  0.0000E+00  0.0000E+00  0.0000E+00  0.0000E+00  0.0000E+00
 1.3929E+02  0.0000E+00  0.0000E+00  0.0000E+00  0.0000E+00  0.0000E+00
 1.4036E+02  0.0000E+00  0.0000E+00  0.0000E+00  0.0000E+00  0.0000E+00
 1.4143E+02  0.0000E+00  0.0000E+00  0.0000E+00  0.0000E+00  0.0000E+00
 1.4252E+02  0.0000E+00  0.0000E+00  0.0000E+00  0.0000E+00  0.0000E+00
 1.4361E+02  0.0000E+00  0.0000E+00  0.0000E+00  0.0000E+00  0.0000E+00
 1.4471E+02  0.0000E+00  0.0000E+00  0.0000E+00  0.0000E+00  0.0000E+00
 1.4582E+02  0.0000E+00  0.0000E+00  0.0000E+00  0.0000E+00  0.0000E+00
 1.4693E+02  0.0000E+00  0.0000E+00  0.0000E+00  0.0000E+00  0.0000E+00
 1.4806E+02  0.0000E+00  0.0000E+00  0.0000E+00  0.0000E+00  0.0000E+00
 1.4919E+02  0.0000E+00  0.0000E+00  0.0000E+00  0.0000E+00  0.0000E+00
 1.5033E+02  0.0000E+00  0.0000E+00  0.0000E+00  0.0000E+00  0.0000E+00
 1.5149E+02  0.0000E+00  0.0000E+00  0.0000E+00  0.0000E+00  0.0000E+00
 1.5265E+02  0.0000E+00  0.0000E+00  0.0000E+00  0.0000E+00  0.0000E+00
 1.5381E+02  0.0000E+00  0.0000E+00  0.0000E+00  0.0000E+00  0.0000E+00
 1.5499E+02  0.0000E+00  0.0000E+00  0.0000E+00  0.0000E+00  0.0000E+00
 1.5618E+02  0.0000E+00  0.0000E+00  0.0000E+00  0.0000E+00  0.0000E+00
 1.5738E+02  0.0000E+00  0.0000E+00  0.0000E+00  0.0000E+00  0.0000E+00
 1.5858E+02  0.0000E+00  0.0000E+00  0.0000E+00  0.0000E+00  0.0000E+00
 1.5980E+02  0.0000E+00  0.0000E+00  0.0000E+00  0.0000E+00  0.0000E+00
 1.6102E+02  0.0000E+00  0.0000E+00  0.0000E+00  0.0000E+00  0.0000E+00
 1.6225E+02  0.0000E+00  0.0000E+00  0.0000E+00  0.0000E+00  0.0000E+00
 1.6349E+02  0.0000E+00  0.0000E+00  0.0000E+00  0.0000E+00  0.0000E+00
 1.6475E+02  0.0000E+00  0.0000E+00  0.0000E+00  0.0000E+00  0.0000E+00
 1.6601E+02  0.0000E+00  0.0000E+00  0.0000E+00  0.0000E+00  0.0000E+00
 1.6728E+02  0.0000E+00  0.0000E+00  0.0000E+00  0.0000E+00  0.0000E+00
 1.6856E+02  0.0000E+00  0.0000E+00  0.0000E+00  0.0000E+00  0.0000E+00
 1.6985E+02  0.0000E+00  0.0000E+00  0.0000E+00  0.0000E+00  0.0000E+00
 1.7115E+02  0.0000E+00  0.0000E+00  0.0000E+00  0.0000E+00  0.0000E+00
 1.7246E+02  0.0000E+00  0.0000E+00  0.0000E+00  0.0000E+00  0.0000E+00
 1.7378E+02  0.0000E+00  0.0000E+00  0.0000E+00  0.0000E+00  0.0000E+00
 1.7511E+02  0.0000E+00  0.0000E+00  0.0000E+00  0.0000E+00  0.0000E+00
 1.7646E+02  0.0000E+00  0.0000E+00  0.0000E+00  0.0000E+00  0.0000E+00
 1.7781E+02  0.0000E+00  0.0000E+00  0.0000E+00  0.0000E+00  0.0000E+00
 1.7917E+02  0.0000E+00  0.0000E+00  0.0000E+00  0.0000E+00  0.0000E+00
 1.8054E+02  0.0000E+00  0.0000E+00  0.0000E+00  0.0000E+00  0.0000E+00
 1.8192E+02  0.0000E+00  0.0000E+00  0.0000E+00  0.0000E+00  0.0000E+00
 1.8332E+02  0.0000E+00  0.0000E+00  0.0000E+00  0.0000E+00  0.0000E+00
 1.8472E+02  0.0000E+00  0.0000E+00  0.0000E+00  0.0000E+00  0.0000E+00
 1.8614E+02  0.0000E+00  0.0000E+00  0.0000E+00  0.0000E+00  0.0000E+00
 1.8756E+02  0.0000E+00  0.0000E+00  0.0000E+00  0.0000E+00  0.0000E+00
 1.8900E+02  0.0000E+00  0.0000E+00  0.0000E+00  0.0000E+00  0.0000E+00
 1.9045E+02  0.0000E+00  0.0000E+00  0.0000E+00  0.0000E+00  0.0000E+00
 1.9190E+02  0.0000E+00  0.0000E+00  0.0000E+00  0.0000E+00  0.0000E+00
 1.9337E+02  0.0000E+00  0.0000E+00  0.0000E+00  0.0000E+00  0.0000E+00
 1.9485E+02  0.0000E+00  0.0000E+00  0.0000E+00  0.0000E+00  0.0000E+00
 1.9635E+02  0.0000E+00  0.0000E+00  0.0000E+00  0.0000E+00  0.0000E+00
 1.9785E+02  0.0000E+00  0.0000E+00  0.0000E+00  0.0000E+00  0.0000E+00
 1.9937E+02  0.0000E+00  0.0000E+00  0.0000E+00  0.0000E+00  0.0000E+00
 2.0089E+02  0.0000E+00  0.0000E+00  0.0000E+00  0.0000E+00  0.0000E+00
 2.0243E+02  0.0000E+00  0.0000E+00  0.0000E+00  0.0000E+00  0.0000E+00
 2.0398E+02  0.0000E+00  0.0000E+00  0.0000E+00  0.0000E+00  0.0000E+00
 2.0554E+02  0.0000E+00  0.0000E+00  0.0000E+00  0.0000E+00  0.0000E+00
 2.0712E+02  0.0000E+00  0.0000E+00  0.0000E+00  0.0000E+00  0.0000E+00
 2.0870E+02  0.0000E+00  0.0000E+00  0.0000E+00  0.0000E+00  0.0000E+00
 2.1030E+02  0.0000E+00  0.0000E+00  0.0000E+00  0.0000E+00  0.0000E+00
 2.1191E+02  0.0000E+00  0.0000E+00  0.0000E+00  0.0000E+00  0.0000E+00
 2.1354E+02  0.0000E+00  0.0000E+00  0.0000E+00  0.0000E+00  0.0000E+00
 2.1517E+02  0.0000E+00  0.0000E+00  0.0000E+00  0.0000E+00  0.0000E+00
 2.1682E+02  0.0000E+00  0.0000E+00  0.0000E+00  0.0000E+00  0.0000E+00
 2.1848E+02  0.0000E+00  0.0000E+00  0.0000E+00  0.0000E+00  0.0000E+00
 2.2015E+02  0.0000E+00  0.0000E+00  0.0000E+00  0.0000E+00  0.0000E+00
 2.2184E+02  0.0000E+00  0.0000E+00  0.0000E+00  0.0000E+00  0.0000E+00
 2.2354E+02  0.0000E+00  0.0000E+00  0.0000E+00  0.0000E+00  0.0000E+00
 2.2525E+02  0.0000E+00  0.0000E+00  0.0000E+00  0.0000E+00  0.0000E+00
 2.2697E+02  0.0000E+00  0.0000E+00  0.0000E+00  0.0000E+00  0.0000E+00
 2.2871E+02  0.0000E+00  0.0000E+00  0.0000E+00  0.0000E+00  0.0000E+00
 2.3046E+02  0.0000E+00  0.0000E+00  0.0000E+00  0.0000E+00  0.0000E+00
 2.3223E+02  0.0000E+00  0.0000E+00  0.0000E+00  0.0000E+00  0.0000E+00
 2.3401E+02  0.0000E+00  0.0000E+00  0.0000E+00  0.0000E+00  0.0000E+00
 2.3580E+02  0.0000E+00  0.0000E+00  0.0000E+00  0.0000E+00  0.0000E+00
 2.3761E+02  0.0000E+00  0.0000E+00  0.0000E+00  0.0000E+00  0.0000E+00
 2.3942E+02  0.0000E+00  0.0000E+00  0.0000E+00  0.0000E+00  0.0000E+00
 2.4126E+02  0.0000E+00  0.0000E+00  0.0000E+00  0.0000E+00  0.0000E+00
 2.4311E+02  0.0000E+00  0.0000E+00  0.0000E+00  0.0000E+00  0.0000E+00
 2.4497E+02  0.0000E+00  0.0000E+00  0.0000E+00  0.0000E+00  0.0000E+00
 2.4684E+02  0.0000E+00  0.0000E+00  0.0000E+00  0.0000E+00  0.0000E+00
 2.4873E+02  0.0000E+00  0.0000E+00  0.0000E+00  0.0000E+00  0.0000E+00
 2.5064E+02  0.0000E+00  0.0000E+00  0.0000E+00  0.0000E+00  0.0000E+00
 2.5256E+02  0.0000E+00  0.0000E+00  0.0000E+00  0.0000E+00  0.0000E+00
 2.5449E+02  0.0000E+00  0.0000E+00  0.0000E+00  0.0000E+00  0.0000E+00
 2.5644E+02  0.0000E+00  0.0000E+00  0.0000E+00  0.0000E+00  0.0000E+00
 2.5841E+02  0.0000E+00  0.0000E+00  0.0000E+00  0.0000E+00  0.0000E+00
 2.6038E+02  0.0000E+00  0.0000E+00  0.0000E+00  0.0000E+00  0.0000E+00
 2.6238E+02  0.0000E+00  0.0000E+00  0.0000E+00  0.0000E+00  0.0000E+00
 2.6439E+02  0.0000E+00  0.0000E+00  0.0000E+00  0.0000E+00  0.0000E+00
 2.6641E+02  0.0000E+00  0.0000E+00  0.0000E+00  0.0000E+00  0.0000E+00
 2.6845E+02  0.0000E+00  0.0000E+00  0.0000E+00  0.0000E+00  0.0000E+00
 2.7051E+02  0.0000E+00  0.0000E+00  0.0000E+00  0.0000E+00  0.0000E+00
 2.7258E+02  0.0000E+00  0.0000E+00  0.0000E+00  0.0000E+00  0.0000E+00
 2.7467E+02  0.0000E+00  0.0000E+00  0.0000E+00  0.0000E+00  0.0000E+00
 2.7677E+02  0.0000E+00  0.0000E+00  0.0000E+00  0.0000E+00  0.0000E+00
 2.7889E+02  0.0000E+00  0.0000E+00  0.0000E+00  0.0000E+00  0.0000E+00
 2.8103E+02  0.0000E+00  0.0000E+00  0.0000E+00  0.0000E+00  0.0000E+00
 2.8318E+02  0.0000E+00  0.0000E+00  0.0000E+00  0.0000E+00  0.0000E+00
 2.8535E+02  0.0000E+00  0.0000E+00  0.0000E+00  0.0000E+00  0.0000E+00
 2.8753E+02  0.0000E+00  0.0000E+00  0.0000E+00  0.0000E+00  0.0000E+00
 2.8974E+02  0.0000E+00  0.0000E+00  0.0000E+00  0.0000E+00  0.0000E+00
 2.9195E+02  0.0000E+00  0.0000E+00  0.0000E+00  0.0000E+00  0.0000E+00
 2.9419E+02  0.0000E+00  0.0000E+00  0.0000E+00  0.0000E+00  0.0000E+00
 2.9644E+02  0.0000E+00  0.0000E+00  0.0000E+00  0.0000E+00  0.0000E+00
 2.9871E+02  0.0000E+00  0.0000E+00  0.0000E+00  0.0000E+00  0.0000E+00
 3.0100E+02  0.0000E+00  0.0000E+00  0.0000E+00  0.0000E+00  0.0000E+00
 3.0331E+02  0.0000E+00  0.0000E+00  0.0000E+00  0.0000E+00  0.0000E+00
 3.0563E+02  0.0000E+00  0.0000E+00  0.0000E+00  0.0000E+00  0.0000E+00
 3.0797E+02  0.0000E+00  0.0000E+00  0.0000E+00  0.0000E+00  0.0000E+00
 3.1033E+02  0.0000E+00  0.0000E+00  0.0000E+00  0.0000E+00  0.0000E+00
 3.1271E+02  0.0000E+00  0.0000E+00  0.0000E+00  0.0000E+00  0.0000E+00
 3.1510E+02  0.0000E+00  0.0000E+00  0.0000E+00  0.0000E+00  0.0000E+00
 3.1751E+02  0.0000E+00  0.0000E+00  0.0000E+00  0.0000E+00  0.0000E+00
 3.1994E+02  0.0000E+00  0.0000E+00  0.0000E+00  0.0000E+00  0.0000E+00
 3.2240E+02  0.0000E+00  0.0000E+00  0.0000E+00  0.0000E+00  0.0000E+00
 3.2486E+02  0.0000E+00  0.0000E+00  0.0000E+00  0.0000E+00  0.0000E+00
 3.2735E+02  0.0000E+00  0.0000E+00  0.0000E+00  0.0000E+00  0.0000E+00
 3.2986E+02  0.0000E+00  0.0000E+00  0.0000E+00  0.0000E+00  0.0000E+00
 3.3239E+02  0.0000E+00  0.0000E+00  0.0000E+00  0.0000E+00  0.0000E+00
 3.3493E+02  0.0000E+00  0.0000E+00  0.0000E+00  0.0000E+00  0.0000E+00
 3.3750E+02  0.0000E+00  0.0000E+00  0.0000E+00  0.0000E+00  0.0000E+00
 3.4008E+02  0.0000E+00  0.0000E+00  0.0000E+00  0.0000E+00  0.0000E+00
 3.4268E+02  0.0000E+00  0.0000E+00  0.0000E+00  0.0000E+00  0.0000E+00
 3.4531E+02  0.0000E+00  0.0000E+00  0.0000E+00  0.0000E+00  0.0000E+00
 3.4795E+02  0.0000E+00  0.0000E+00  0.0000E+00  0.0000E+00  0.0000E+00
 3.5062E+02  0.0000E+00  0.0000E+00  0.0000E+00  0.0000E+00  0.0000E+00
 3.5330E+02  0.0000E+00  0.0000E+00  0.0000E+00  0.0000E+00  0.0000E+00
 3.5601E+02  0.0000E+00  0.0000E+00  0.0000E+00  0.0000E+00  0.0000E+00
 3.5874E+02  0.0000E+00  0.0000E+00  0.0000E+00  0.0000E+00  0.0000E+00
 3.6148E+02  0.0000E+00  0.0000E+00  0.0000E+00  0.0000E+00  0.0000E+00
 3.6425E+02  0.0000E+00  0.0000E+00  0.0000E+00  0.0000E+00  0.0000E+00
 3.6704E+02  0.0000E+00  0.0000E+00  0.0000E+00  0.0000E+00  0.0000E+00
 3.6985E+02  0.0000E+00  0.0000E+00  0.0000E+00  0.0000E+00  0.0000E+00
 3.7268E+02  0.0000E+00  0.0000E+00  0.0000E+00  0.0000E+00  0.0000E+00
 3.7554E+02  0.0000E+00  0.0000E+00  0.0000E+00  0.0000E+00  0.0000E+00
 3.7841E+02  0.0000E+00  0.0000E+00  0.0000E+00  0.0000E+00  0.0000E+00
 3.8131E+02  0.0000E+00  0.0000E+00  0.0000E+00  0.0000E+00  0.0000E+00
 3.8423E+02  0.0000E+00  0.0000E+00  0.0000E+00  0.0000E+00  0.0000E+00
 3.8718E+02  0.0000E+00  0.0000E+00  0.0000E+00  0.0000E+00  0.0000E+00
 3.9014E+02  0.0000E+00  0.0000E+00  0.0000E+00  0.0000E+00  0.0000E+00
 3.9313E+02  0.0000E+00  0.0000E+00  0.0000E+00  0.0000E+00  0.0000E+00
 3.9614E+02  0.0000E+00  0.0000E+00  0.0000E+00  0.0000E+00  0.0000E+00
 3.9917E+02  0.0000E+00  0.0000E+00  0.0000E+00  0.0000E+00  0.0000E+00
 4.0223E+02  0.0000E+00  0.0000E+00  0.0000E+00  0.0000E+00  0.0000E+00
 4.0531E+02  0.0000E+00  0.0000E+00  0.0000E+00  0.0000E+00  0.0000E+00
 4.0841E+02  0.0000E+00  0.0000E+00  0.0000E+00  0.0000E+00  0.0000E+00
 4.1154E+02  0.0000E+00  0.0000E+00  0.0000E+00  0.0000E+00  0.0000E+00
 4.1469E+02  0.0000E+00  0.0000E+00  0.0000E+00  0.0000E+00  0.0000E+00
 4.1787E+02  0.0000E+00  0.0000E+00  0.0000E+00  0.0000E+00  0.0000E+00
 4.2107E+02  0.0000E+00  0.0000E+00  0.0000E+00  0.0000E+00  0.0000E+00
 4.2429E+02  0.0000E+00  0.0000E+00  0.0000E+00  0.0000E+00  0.0000E+00
 4.2754E+02  0.0000E+00  0.0000E+00  0.0000E+00  0.0000E+00  0.0000E+00
 4.3082E+02  0.0000E+00  0.0000E+00  0.0000E+00  0.0000E+00  0.0000E+00
 4.3412E+02  0.0000E+00  0.0000E+00  0.0000E+00  0.0000E+00  0.0000E+00
 4.3744E+02  0.0000E+00  0.0000E+00  0.0000E+00  0.0000E+00  0.0000E+00
 4.4079E+02  0.0000E+00  0.0000E+00  0.0000E+00  0.0000E+00  0.0000E+00
 4.4417E+02  0.0000E+00  0.0000E+00  0.0000E+00  0.0000E+00  0.0000E+00
 4.4757E+02  0.0000E+00  0.0000E+00  0.0000E+00  0.0000E+00  0.0000E+00
 4.5100E+02  0.0000E+00  0.0000E+00  0.0000E+00  0.0000E+00  0.0000E+00
 4.5445E+02  0.0000E+00  0.0000E+00  0.0000E+00  0.0000E+00  0.0000E+00
 4.5793E+02  0.0000E+00  0.0000E+00  0.0000E+00  0.0000E+00  0.0000E+00
 4.6144E+02  0.0000E+00  0.0000E+00  0.0000E+00  0.0000E+00  0.0000E+00
 4.6497E+02  0.0000E+00  0.0000E+00  0.0000E+00  0.0000E+00  0.0000E+00
 4.6853E+02  0.0000E+00  0.0000E+00  0.0000E+00  0.0000E+00  0.0000E+00
 4.7212E+02  0.0000E+00  0.0000E+00  0.0000E+00  0.0000E+00  0.0000E+00
 4.7574E+02  0.0000E+00  0.0000E+00  0.0000E+00  0.0000E+00  0.0000E+00
 4.7938E+02  0.0000E+00  0.0000E+00  0.0000E+00  0.0000E+00  0.0000E+00
 4.8305E+02  0.0000E+00  0.0000E+00  0.0000E+00  0.0000E+00  0.0000E+00
 4.8675E+02  0.0000E+00  0.0000E+00  0.0000E+00  0.0000E+00  0.0000E+00
 4.9048E+02  0.0000E+00  0.0000E+00  0.0000E+00  0.0000E+00  0.0000E+00
 4.9424E+02  0.0000E+00  0.0000E+00  0.0000E+00  0.0000E+00  0.0000E+00
 4.9802E+02  0.0000E+00  0.0000E+00  0.0000E+00  0.0000E+00  0.0000E+00
 5.0183E+02  0.0000E+00  0.0000E+00  0.0000E+00  0.0000E+00  0.0000E+00
 5.0568E+02  0.0000E+00  0.0000E+00  0.0000E+00  0.0000E+00  0.0000E+00
 5.0955E+02  0.0000E+00  0.0000E+00  0.0000E+00  0.0000E+00  0.0000E+00
 5.1345E+02  0.0000E+00  0.0000E+00  0.0000E+00  0.0000E+00  0.0000E+00
 5.1738E+02  0.0000E+00  0.0000E+00  0.0000E+00  0.0000E+00  0.0000E+00
 5.2135E+02  0.0000E+00  0.0000E+00  0.0000E+00  0.0000E+00  0.0000E+00
 5.2534E+02  0.0000E+00  0.0000E+00  0.0000E+00  0.0000E+00  0.0000E+00
 5.2936E+02  0.0000E+00  0.0000E+00  0.0000E+00  0.0000E+00  0.0000E+00
 5.3342E+02  0.0000E+00  0.0000E+00  0.0000E+00  0.0000E+00  0.0000E+00
 5.3750E+02  0.0000E+00  0.0000E+00  0.0000E+00  0.0000E+00  0.0000E+00
 5.4162E+02  0.0000E+00  0.0000E+00  0.0000E+00  0.0000E+00  0.0000E+00
 5.4577E+02  0.0000E+00  0.0000E+00  0.0000E+00  0.0000E+00  0.0000E+00
 5.4995E+02  0.0000E+00  0.0000E+00  0.0000E+00  0.0000E+00  0.0000E+00
 5.5416E+02  0.0000E+00  0.0000E+00  0.0000E+00  0.0000E+00  0.0000E+00
 5.5840E+02  0.0000E+00  0.0000E+00  0.0000E+00  0.0000E+00  0.0000E+00
 5.6268E+02  0.0000E+00  0.0000E+00  0.0000E+00  0.0000E+00  0.0000E+00
 5.6699E+02  0.0000E+00  0.0000E+00  0.0000E+00  0.0000E+00  0.0000E+00
 5.7133E+02  0.0000E+00  0.0000E+00  0.0000E+00  0.0000E+00  0.0000E+00
 5.7571E+02  0.0000E+00  0.0000E+00  0.0000E+00  0.0000E+00  0.0000E+00
 5.8011E+02  3.3735E-03  3.4783E-01 -2.2847E-02 -4.7140E+00  1.0000E+00
 5.8456E+02  3.3989E-03  3.4778E-01 -2.2701E-02 -4.6482E+00  1.0000E+00
 5.8903E+02  3.4246E-03  3.4774E-01 -2.2555E-02 -4.5832E+00  1.0000E+00
 5.9354E+02  3.4504E-03  3.4770E-01 -2.2409E-02 -4.5189E+00  1.0000E+00
 5.9809E+02  3.4764E-03  3.4766E-01 -2.2262E-02 -4.4553E+00  1.0000E+00
 6.0267E+02  3.5026E-03  3.4761E-01 -2.2116E-02 -4.3924E+00  1.0000E+00
 6.0729E+02  3.5290E-03  3.4757E-01 -2.1970E-02 -4.3302E+00  1.0000E+00
 6.1194E+02  3.5556E-03  3.4753E-01 -2.1824E-02 -4.2687E+00  1.0000E+00
 6.1662E+02  3.5824E-03  3.4748E-01 -2.1678E-02 -4.2079E+00  1.0000E+00
 6.2135E+02  3.6094E-03  3.4744E-01 -2.1532E-02 -4.1477E+00  1.0000E+00
 6.2610E+02  3.6367E-03  3.4740E-01 -2.1385E-02 -4.0883E+00  1.0000E+00
 6.3090E+02  3.6641E-03  3.4736E-01 -2.1239E-02 -4.0294E+00  1.0000E+00
 6.3573E+02  3.6918E-03  3.4733E-01 -2.1093E-02 -3.9713E+00  1.0000E+00
 6.4060E+02  3.7197E-03  3.4729E-01 -2.0947E-02 -3.9138E+00  1.0000E+00
 6.4551E+02  3.7478E-03  3.4725E-01 -2.0801E-02 -3.8569E+00  1.0000E+00
 6.5045E+02  3.7761E-03  3.4722E-01 -2.0654E-02 -3.8007E+00  1.0000E+00
 6.5543E+02  3.8047E-03  3.4718E-01 -2.0508E-02 -3.7452E+00  1.0000E+00
 6.6045E+02  3.8335E-03  3.4715E-01 -2.0362E-02 -3.6902E+00  1.0000E+00
 6.6551E+02  3.8625E-03  3.4712E-01 -2.0216E-02 -3.6359E+00  1.0000E+00
 6.7060E+02  3.8918E-03  3.4709E-01 -2.0070E-02 -3.5821E+00  1.0000E+00
 6.7574E+02  3.9212E-03  3.4706E-01 -1.9923E-02 -3.5290E+00  1.0000E+00
 6.8092E+02  3.9509E-03  3.4703E-01 -1.9777E-02 -3.4765E+00  1.0000E+00
 6.8613E+02  3.9809E-03  3.4700E-01 -1.9631E-02 -3.4246E+00  1.0000E+00
 6.9138E+02  4.0111E-03  3.4697E-01 -1.9485E-02 -3.3732E+00  1.0000E+00
 6.9668E+02  4.0415E-03  3.4694E-01 -1.9339E-02 -3.3225E+00  1.0000E+00
 7.0201E+02  4.0722E-03  3.4691E-01 -1.9192E-02 -3.2723E+00  1.0000E+00
 7.0739E+02  4.1031E-03  3.4689E-01 -1.9046E-02 -3.2227E+00  1.0000E+00
 7.1281E+02  4.1342E-03  3.4686E-01 -1.8900E-02 -3.1736E+00  1.0000E+00
 7.1827E+02  4.1656E-03  3.4684E-01 -1.8754E-02 -3.1252E+00  1.0000E+00
 7.2377E+02  4.1972E-03  3.4681E-01 -1.8608E-02 -3.0772E+00  1.0000E+00
 7.2931E+02  4.2291E-03  3.4679E-01 -1.8461E-02 -3.0298E+00  1.0000E+00
 7.3490E+02  4.2612E-03  3.4677E-01 -1.8315E-02 -2.9830E+00  1.0000E+00
 7.4052E+02  4.2936E-03  3.4675E-01 -1.8169E-02 -2.9367E+00  1.0000E+00
 7.4620E+02  4.3263E-03  3.4673E-01 -1.8023E-02 -2.8909E+00  1.0000E+00
 7.5191E+02  4.3592E-03  3.4671E-01 -1.7877E-02 -2.8457E+00  1.0000E+00
 7.5767E+02  4.3923E-03  3.4669E-01 -1.7730E-02 -2.8010E+00  1.0000E+00
 7.6347E+02  4.4258E-03  3.4667E-01 -1.7584E-02 -2.7567E+00  1.0000E+00
 7.6932E+02  4.4594E-03  3.4665E-01 -1.7438E-02 -2.7130E+00  1.0000E+00
 7.7521E+02  4.4934E-03  3.4663E-01 -1.7292E-02 -2.6699E+00  1.0000E+00
 7.8115E+02  4.5276E-03  3.4661E-01 -1.7145E-02 -2.6272E+00  1.0000E+00
 7.8713E+02  4.5621E-03  3.4660E-01 -1.6999E-02 -2.5850E+00  1.0000E+00
 7.9316E+02  4.5968E-03  3.4658E-01 -1.6853E-02 -2.5432E+00  1.0000E+00
 7.9923E+02  4.6318E-03  3.4656E-01 -1.6707E-02 -2.5020E+00  1.0000E+00
 8.0535E+02  4.6671E-03  3.4655E-01 -1.6561E-02 -2.4613E+00  1.0000E+00
 8.1152E+02  4.7027E-03  3.4653E-01 -1.6414E-02 -2.4210E+00  1.0000E+00
 8.1774E+02  4.7385E-03  3.4652E-01 -1.6268E-02 -2.3812E+00  1.0000E+00
 8.2400E+02  4.7747E-03  3.4651E-01 -1.6122E-02 -2.3419E+00  1.0000E+00
 8.3031E+02  4.8111E-03  3.4649E-01 -1.5976E-02 -2.3030E+00  1.0000E+00
 8.3667E+02  4.8478E-03  3.4648E-01 -1.5830E-02 -2.2646E+00  1.0000E+00
 8.4307E+02  4.8847E-03  3.4647E-01 -1.5683E-02 -2.2266E+00  1.0000E+00
 8.4953E+02  4.9220E-03  3.4645E-01 -1.5537E-02 -2.1891E+00  1.0000E+00
 8.5604E+02  4.9596E-03  3.4644E-01 -1.5391E-02 -2.1520E+00  1.0000E+00
 8.6259E+02  4.9974E-03  3.4643E-01 -1.5245E-02 -2.1153E+00  1.0000E+00
 8.6920E+02  5.0355E-03  3.4642E-01 -1.5098E-02 -2.0791E+00  1.0000E+00
 8.7586E+02  5.0740E-03  3.4641E-01 -1.4952E-02 -2.0433E+00  1.0000E+00
 8.8256E+02  5.1127E-03  3.4640E-01 -1.4806E-02 -2.0080E+00  1.0000E+00
 8.8932E+02  5.1517E-03  3.4639E-01 -1.4660E-02 -1.9730E+00  1.0000E+00
 8.9613E+02  5.1911E-03  3.4638E-01 -1.4513E-02 -1.9385E+00  1.0000E+00
 9.0300E+02  5.2307E-03  3.4637E-01 -1.4367E-02 -1.9044E+00  1.0000E+00
 9.0991E+02  5.2707E-03  3.4636E-01 -1.4221E-02 -1.8707E+00  1.0000E+00
 9.1688E+02  5.3109E-03  3.4635E-01 -1.4075E-02 -1.8374E+00  1.0000E+00
 9.2390E+02  5.3515E-03  3.4634E-01 -1.3928E-02 -1.8044E+00  1.0000E+00
 9.3098E+02  5.3924E-03  3.4633E-01 -1.3782E-02 -1.7719E+00  1.0000E+00
 9.3811E+02  5.4336E-03  3.4632E-01 -1.3636E-02 -1.7398E+00  1.0000E+00
 9.4529E+02  5.4751E-03  3.4631E-01 -1.3490E-02 -1.7081E+00  1.0000E+00
 9.5253E+02  5.5169E-03  3.4630E-01 -1.3343E-02 -1.6767E+00  1.0000E+00
 9.5983E+02  5.5591E-03  3.4629E-01 -1.3197E-02 -1.6457E+00  1.0000E+00
 9.6718E+02  5.6015E-03  3.4629E-01 -1.3051E-02 -1.6151E+00  1.0000E+00
 9.7458E+02  5.6443E-03  3.4628E-01 -1.2905E-02 -1.5849E+00  1.0000E+00
 9.8205E+02  5.6875E-03  3.4627E-01 -1.2758E-02 -1.5550E+00  1.0000E+00
 9.8957E+02  5.7309E-03  3.4626E-01 -1.2612E-02 -1.5255E+00  1.0000E+00
 9.9715E+02  5.7747E-03  3.4625E-01 -1.2466E-02 -1.4963E+00  1.0000E+00
 1.0048E+03  5.8189E-03  3.4624E-01 -1.2320E-02 -1.4675E+00  1.0000E+00
 1.0125E+03  5.8633E-03  3.4624E-01 -1.2173E-02 -1.4391E+00  1.0000E+00
 1.0202E+03  5.9082E-03  3.4623E-01 -1.2027E-02 -1.4110E+00  1.0000E+00
 1.0280E+03  5.9533E-03  3.4622E-01 -1.1881E-02 -1.3832E+00  1.0000E+00
 1.0359E+03  5.9988E-03  3.4621E-01 -1.1734E-02 -1.3558E+00  1.0000E+00
 1.0439E+03  6.0447E-03  3.4620E-01 -1.1588E-02 -1.3287E+00  1.0000E+00
 1.0518E+03  6.0909E-03  3.4620E-01 -1.1442E-02 -1.3020E+00  1.0000E+00
 1.0599E+03  6.1374E-03  3.4619E-01 -1.1295E-02 -1.2756E+00  1.0000E+00
 1.0680E+03  6.1843E-03  3.4618E-01 -1.1149E-02 -1.2495E+00  1.0000E+00
 1.0762E+03  6.2316E-03  3.4617E-01 -1.1003E-02 -1.2237E+00  1.0000E+00
 1.0844E+03  6.2792E-03  3.4616E-01 -1.0857E-02 -1.1983E+00  1.0000E+00
 1.0927E+03  6.3272E-03  3.4615E-01 -1.0710E-02 -1.1731E+00  1.0000E+00
 1.1011E+03  6.3755E-03  3.4615E-01 -1.0564E-02 -1.1483E+00  1.0000E+00
 1.1095E+03  6.4242E-03  3.4614E-01 -1.0418E-02 -1.1238E+00  1.0000E+00
 1.1180E+03  6.4733E-03  3.4613E-01 -1.0271E-02 -1.0996E+00  1.0000E+00
 1.1266E+03  6.5228E-03  3.4612E-01 -1.0125E-02 -1.0757E+00  1.0000E+00
 1.1352E+03  6.5726E-03  3.4611E-01 -9.9787E-03 -1.0521E+00  1.0000E+00
 1.1439E+03  6.6228E-03  3.4610E-01 -9.8323E-03 -1.0288E+00  1.0000E+00
 1.1527E+03  6.6734E-03  3.4609E-01 -9.6860E-03 -1.0058E+00  1.0000E+00
 1.1615E+03  6.7243E-03  3.4608E-01 -9.5397E-03 -9.8305E-01  1.0000E+00
 1.1704E+03  6.7757E-03  3.4607E-01 -9.3933E-03 -9.6062E-01  1.0000E+00
 1.1794E+03  6.8274E-03  3.4606E-01 -9.2470E-03 -9.3846E-01  1.0000E+00
 1.1884E+03  6.8796E-03  3.4605E-01 -9.1006E-03 -9.1659E-01  1.0000E+00
 1.1975E+03  6.9321E-03  3.4603E-01 -8.9543E-03 -8.9500E-01  1.0000E+00
 1.2067E+03  6.9850E-03  3.4602E-01 -8.8079E-03 -8.7368E-01  1.0000E+00
 1.2159E+03  7.0383E-03  3.4601E-01 -8.6616E-03 -8.5263E-01  1.0000E+00
 1.2252E+03  7.0920E-03  3.4600E-01 -8.5152E-03 -8.3185E-01  1.0000E+00
 1.2346E+03  7.1461E-03  3.4598E-01 -8.3688E-03 -8.1134E-01  1.0000E+00
 1.2441E+03  7.2006E-03  3.4597E-01 -8.2224E-03 -7.9109E-01  1.0000E+00
 1.2536E+03  7.2556E-03  3.4596E-01 -8.0761E-03 -7.7110E-01  1.0000E+00
 1.2632E+03  7.3109E-03  3.4594E-01 -7.9297E-03 -7.5137E-01  1.0000E+00
 1.2729E+03  7.3666E-03  3.4593E-01 -7.7833E-03 -7.3189E-01  1.0000E+00
 1.2826E+03  7.4228E-03  3.4591E-01 -7.6369E-03 -7.1267E-01  1.0000E+00
 1.2924E+03  7.4794E-03  3.4590E-01 -7.4905E-03 -6.9369E-01  1.0000E+00
 1.3023E+03  7.5364E-03  3.4588E-01 -7.3441E-03 -6.7497E-01  1.0000E+00
 1.3123E+03  7.5938E-03  3.4587E-01 -7.1977E-03 -6.5648E-01  1.0000E+00
 1.3224E+03  7.6517E-03  3.4585E-01 -7.0513E-03 -6.3824E-01  1.0000E+00
 1.3325E+03  7.7099E-03  3.4583E-01 -6.9049E-03 -6.2024E-01  1.0000E+00
 1.3427E+03  7.7686E-03  3.4581E-01 -6.7584E-03 -6.0247E-01  1.0000E+00
 1.3530E+03  7.8278E-03  3.4579E-01 -6.6120E-03 -5.8494E-01  1.0000E+00
 1.3633E+03  7.8873E-03  3.4577E-01 -6.4656E-03 -5.6764E-01  1.0000E+00
 1.3738E+03  7.9473E-03  3.4575E-01 -6.3191E-03 -5.5056E-01  1.0000E+00
 1.3843E+03  8.0076E-03  3.4572E-01 -6.1727E-03 -5.3372E-01  1.0000E+00
 1.3949E+03  8.0682E-03  3.4569E-01 -6.0262E-03 -5.1709E-01  1.0000E+00
 1.4056E+03  8.1293E-03  3.4565E-01 -5.8798E-03 -5.0069E-01  1.0000E+00
 1.4164E+03  8.1907E-03  3.4561E-01 -5.7333E-03 -4.8451E-01  1.0000E+00
 1.4272E+03  8.2525E-03  3.4557E-01 -5.5868E-03 -4.6854E-01  1.0000E+00
 1.4381E+03  8.3147E-03  3.4553E-01 -5.4404E-03 -4.5279E-01  1.0000E+00
 1.4491E+03  8.3772E-03  3.4548E-01 -5.2939E-03 -4.3725E-01  1.0000E+00
 1.4602E+03  8.4402E-03  3.4542E-01 -5.1474E-03 -4.2192E-01  1.0000E+00
 1.4714E+03  8.5035E-03  3.4536E-01 -5.0009E-03 -4.0680E-01  1.0000E+00
 1.4827E+03  8.5672E-03  3.4530E-01 -4.8544E-03 -3.9188E-01  1.0000E+00
 1.4940E+03  8.6313E-03  3.4524E-01 -4.7079E-03 -3.7717E-01  1.0000E+00
 1.5055E+03  8.6958E-03  3.4517E-01 -4.5614E-03 -3.6265E-01  1.0000E+00
 1.5170E+03  8.7606E-03  3.4510E-01 -4.4149E-03 -3.4833E-01  1.0000E+00
 1.5286E+03  8.8259E-03  3.4502E-01 -4.2683E-03 -3.3421E-01  1.0000E+00
 1.5403E+03  8.8915E-03  3.4494E-01 -4.1218E-03 -3.2029E-01  1.0000E+00
 1.5521E+03  8.9575E-03  3.4486E-01 -3.9753E-03 -3.0655E-01  1.0000E+00
 1.5640E+03  9.0239E-03  3.4477E-01 -3.8287E-03 -2.9301E-01  1.0000E+00
 1.5760E+03  9.0907E-03  3.4468E-01 -3.6822E-03 -2.7965E-01  1.0000E+00
 1.5881E+03  9.1579E-03  3.4458E-01 -3.5356E-03 -2.6648E-01  1.0000E+00
 1.6002E+03  9.2255E-03  3.4448E-01 -3.3890E-03 -2.5349E-01  1.0000E+00
 1.6125E+03  9.2934E-03  3.4438E-01 -3.2424E-03 -2.4068E-01  1.0000E+00
 1.6248E+03  9.3618E-03  3.4427E-01 -3.0959E-03 -2.2806E-01  1.0000E+00
 1.6373E+03  9.4305E-03  3.4416E-01 -2.9493E-03 -2.1561E-01  1.0000E+00
 1.6498E+03  9.4996E-03  3.4404E-01 -2.8027E-03 -2.0333E-01  1.0000E+00
 1.6625E+03  9.5692E-03  3.4392E-01 -2.6561E-03 -1.9123E-01  1.0000E+00
 1.6752E+03  9.6391E-03  3.4380E-01 -2.5094E-03 -1.7930E-01  1.0000E+00
 1.6880E+03  9.7094E-03  3.4367E-01 -2.3628E-03 -1.6754E-01  1.0000E+00
 1.7009E+03  9.7801E-03  3.4354E-01 -2.2162E-03 -1.5595E-01  1.0000E+00
 1.7140E+03  9.8512E-03  3.4340E-01 -2.0695E-03 -1.4452E-01  1.0000E+00
 1.7271E+03  9.9226E-03  3.4326E-01 -1.9229E-03 -1.3326E-01  1.0000E+00
 1.7403E+03  9.9945E-03  3.4311E-01 -1.7762E-03 -1.2216E-01  1.0000E+00
 1.7537E+03  1.0067E-02  3.4296E-01 -1.6296E-03 -1.1122E-01  1.0000E+00
 1.7671E+03  1.0139E-02  3.4281E-01 -1.4829E-03 -1.0044E-01  1.0000E+00
 1.7806E+03  1.0213E-02  3.4265E-01 -1.3362E-03 -8.9819E-02  1.0000E+00
 1.7943E+03  1.0286E-02  3.4249E-01 -1.1895E-03 -7.9350E-02  1.0000E+00
 1.8080E+03  1.0360E-02  3.4232E-01 -1.0428E-03 -6.9035E-02  1.0000E+00
 1.8218E+03  1.0434E-02  3.4215E-01 -8.9608E-04 -5.8871E-02  1.0000E+00
 1.8358E+03  1.0509E-02  3.4197E-01 -7.4935E-04 -4.8858E-02  1.0000E+00
 1.8499E+03  1.0584E-02  3.4179E-01 -6.0262E-04 -3.8992E-02  1.0000E+00
 1.8640E+03  1.0659E-02  3.4160E-01 -4.5587E-04 -2.9273E-02  1.0000E+00
 1.8783E+03  1.0735E-02  3.4142E-01 -3.0912E-04 -1.9698E-02  1.0000E+00
 1.8927E+03  1.0811E-02  3.4122E-01 -1.6235E-04 -1.0267E-02  1.0000E+00
 1.9072E+03  1.0888E-02  3.4102E-01 -1.5578E-05 -9.7767E-04  1.0000E+00
 1.9218E+03  1.0965E-02  3.4082E-01  1.3121E-04  8.1719E-03  1.0000E+00
 1.9365E+03  1.1042E-02  3.4061E-01  2.7800E-04  1.7183E-02  1.0000E+00
 1.9513E+03  1.1120E-02  3.4040E-01  4.2481E-04  2.6058E-02  1.0000E+00
 1.9663E+03  1.1198E-02  3.4018E-01  5.7163E-04  3.4797E-02  1.0000E+00
 1.9813E+03  1.1277E-02  3.3996E-01  7.1846E-04  4.3402E-02  1.0000E+00
 1.9965E+03  1.1356E-02  3.3973E-01  8.6530E-04  5.1876E-02  1.0000E+00
 2.0118E+03  1.1435E-02  3.3950E-01  1.0122E-03  6.0219E-02  1.0000E+00
 2.0272E+03  1.1515E-02  3.3927E-01  1.1590E-03  6.8432E-02  1.0000E+00
 2.0427E+03  1.1595E-02  3.3903E-01  1.3059E-03  7.6518E-02  1.0000E+00
 2.0584E+03  1.1675E-02  3.3878E-01  1.4528E-03  8.4478E-02  1.0000E+00
 2.0741E+03  1.1756E-02  3.3853E-01  1.5997E-03  9.2313E-02  1.0000E+00
 2.0900E+03  1.1838E-02  3.3828E-01  1.7466E-03  1.0003E-01  1.0000E+00
 2.1060E+03  1.1919E-02  3.3802E-01  1.8935E-03  1.0762E-01  1.0000E+00
 2.1222E+03  1.2001E-02  3.3775E-01  2.0405E-03  1.1508E-01  1.0000E+00
 2.1384E+03  1.2084E-02  3.3749E-01  2.1874E-03  1.2244E-01  1.0000E+00
 2.1548E+03  1.2167E-02  3.3721E-01  2.3344E-03  1.2967E-01  1.0000E+00
 2.1713E+03  1.2250E-02  3.3693E-01  2.4813E-03  1.3678E-01  1.0000E+00
 2.1879E+03  1.2334E-02  3.3665E-01  2.6283E-03  1.4379E-01  1.0000E+00
 2.2047E+03  1.2418E-02  3.3636E-01  2.7753E-03  1.5067E-01  1.0000E+00
 2.2216E+03  1.2502E-02  3.3607E-01  2.9223E-03  1.5745E-01  1.0000E+00
 2.2386E+03  1.2587E-02  3.3577E-01  3.0694E-03  1.6412E-01  1.0000E+00
 2.2557E+03  1.2672E-02  3.3547E-01  3.2164E-03  1.7067E-01  1.0000E+00
 2.2730E+03  1.2758E-02  3.3516E-01  3.3635E-03  1.7712E-01  1.0000E+00
 2.2904E+03  1.2844E-02  3.3485E-01  3.5105E-03  1.8346E-01  1.0000E+00
 2.3079E+03  1.2930E-02  3.3453E-01  3.6576E-03  1.8969E-01  1.0000E+00
 2.3256E+03  1.3016E-02  3.3420E-01  3.8047E-03  1.9582E-01  1.0000E+00
 2.3434E+03  1.3104E-02  3.3388E-01  3.9519E-03  2.0185E-01  1.0000E+00
 2.3614E+03  1.3191E-02  3.3354E-01  4.0990E-03  2.0777E-01  1.0000E+00
 2.3794E+03  1.3279E-02  3.3321E-01  4.2461E-03  2.1359E-01  1.0000E+00
 2.3977E+03  1.3367E-02  3.3286E-01  4.3933E-03  2.1932E-01  1.0000E+00
 2.4160E+03  1.3455E-02  3.3252E-01  4.5405E-03  2.2494E-01  1.0000E+00
 2.4345E+03  1.3544E-02  3.3216E-01  4.6877E-03  2.3047E-01  1.0000E+00
 2.4532E+03  1.3634E-02  3.3180E-01  4.8349E-03  2.3590E-01  1.0000E+00
 2.4720E+03  1.3723E-02  3.3144E-01  4.9821E-03  2.4123E-01  1.0000E+00
 2.4909E+03  1.3813E-02  3.3107E-01  5.1293E-03  2.4648E-01  1.0000E+00
 2.5100E+03  1.3904E-02  3.3070E-01  5.2766E-03  2.5162E-01  1.0000E+00
 2.5292E+03  1.3994E-02  3.3032E-01  5.4239E-03  2.5668E-01  1.0000E+00
 2.5486E+03  1.4085E-02  3.2994E-01  5.5712E-03  2.6165E-01  1.0000E+00
 2.5681E+03  1.4177E-02  3.2955E-01  5.7185E-03  2.6653E-01  1.0000E+00
 2.5878E+03  1.4269E-02  3.2916E-01  5.8658E-03  2.7131E-01  1.0000E+00
 2.6076E+03  1.4361E-02  3.2876E-01  6.0131E-03  2.7602E-01  1.0000E+00
 2.6275E+03  1.4453E-02  3.2835E-01  6.1605E-03  2.8063E-01  1.0000E+00
 2.6477E+03  1.4546E-02  3.2795E-01  6.3079E-03  2.8516E-01  1.0000E+00
 2.6679E+03  1.4639E-02  3.2753E-01  6.4553E-03  2.8961E-01  1.0000E+00
 2.6884E+03  1.4733E-02  3.2711E-01  6.6027E-03  2.9397E-01  1.0000E+00
 2.7090E+03  1.4827E-02  3.2669E-01  6.7501E-03  2.9825E-01  1.0000E+00
 2.7297E+03  1.4921E-02  3.2626E-01  6.8976E-03  3.0245E-01  1.0000E+00
 2.7506E+03  1.5015E-02  3.2582E-01  7.0451E-03  3.0657E-01  1.0000E+00
 2.7717E+03  1.5110E-02  3.2538E-01  7.1926E-03  3.1061E-01  1.0000E+00
 2.7929E+03  1.5205E-02  3.2494E-01  7.3401E-03  3.1457E-01  1.0000E+00
 2.8143E+03  1.5301E-02  3.2449E-01  7.4876E-03  3.1845E-01  1.0000E+00
 2.8358E+03  1.5397E-02  3.2403E-01  7.6352E-03  3.2226E-01  1.0000E+00
 2.8576E+03  1.5493E-02  3.2357E-01  7.7828E-03  3.2599E-01  1.0000E+00
 2.8794E+03  1.5589E-02  3.2310E-01  7.9304E-03  3.2965E-01  1.0000E+00
 2.9015E+03  1.5686E-02  3.2263E-01  8.0780E-03  3.3323E-01  1.0000E+00
 2.9237E+03  1.5783E-02  3.2215E-01  8.2256E-03  3.3675E-01  1.0000E+00
 2.9461E+03  1.5880E-02  3.2167E-01  8.3733E-03  3.4019E-01  1.0000E+00
 2.9687E+03  1.5978E-02  3.2118E-01  8.5210E-03  3.4355E-01  1.0000E+00
 2.9914E+03  1.6076E-02  3.2068E-01  8.6687E-03  3.4685E-01  1.0000E+00
 3.0143E+03  1.6174E-02  3.2018E-01  8.8164E-03  3.5008E-01  1.0000E+00
 3.0374E+03  1.6272E-02  3.1967E-01  8.9642E-03  3.5325E-01  1.0000E+00
 3.0607E+03  1.6371E-02  3.1915E-01  9.1119E-03  3.5634E-01  1.0000E+00
 3.0841E+03  1.6470E-02  3.1863E-01  9.2597E-03  3.5937E-01  1.0000E+00
 3.1077E+03  1.6569E-02  3.1811E-01  9.4076E-03  3.6233E-01  1.0000E+00
 3.1315E+03  1.6668E-02  3.1758E-01  9.5554E-03  3.6523E-01  1.0000E+00
 3.1555E+03  1.6768E-02  3.1704E-01  9.7033E-03  3.6806E-01  1.0000E+00
 3.1797E+03  1.6868E-02  3.1650E-01  9.8512E-03  3.7083E-01  1.0000E+00
 3.2040E+03  1.6968E-02  3.1595E-01  9.9991E-03  3.7354E-01  1.0000E+00
 3.2286E+03  1.7069E-02  3.1540E-01  1.0147E-02  3.7618E-01  1.0000E+00
 3.2533E+03  1.7169E-02  3.1485E-01  1.0295E-02  3.7877E-01  1.0000E+00
 3.2782E+03  1.7270E-02  3.1428E-01  1.0443E-02  3.8129E-01  1.0000E+00
 3.3033E+03  1.7372E-02  3.1372E-01  1.0591E-02  3.8376E-01  1.0000E+00
 3.3286E+03  1.7473E-02  3.1314E-01  1.0739E-02  3.8617E-01  1.0000E+00
 3.3541E+03  1.7575E-02  3.1257E-01  1.0887E-02  3.8851E-01  1.0000E+00
 3.3798E+03  1.7677E-02  3.1198E-01  1.1035E-02  3.9081E-01  1.0000E+00
 3.4057E+03  1.7779E-02  3.1140E-01  1.1183E-02  3.9304E-01  1.0000E+00
 3.4317E+03  1.7882E-02  3.1080E-01  1.1332E-02  3.9522E-01  1.0000E+00
 3.4580E+03  1.7985E-02  3.1021E-01  1.1480E-02  3.9735E-01  1.0000E+00
 3.4845E+03  1.8088E-02  3.0960E-01  1.1628E-02  3.9942E-01  1.0000E+00
 3.5112E+03  1.8191E-02  3.0900E-01  1.1776E-02  4.0144E-01  1.0000E+00
 3.5381E+03  1.8295E-02  3.0839E-01  1.1924E-02  4.0340E-01  1.0000E+00
 3.5652E+03  1.8398E-02  3.0777E-01  1.2073E-02  4.0532E-01  1.0000E+00
 3.5925E+03  1.8502E-02  3.0715E-01  1.2221E-02  4.0718E-01  1.0000E+00
 3.6200E+03  1.8607E-02  3.0653E-01  1.2369E-02  4.0899E-01  1.0000E+00
 3.6477E+03  1.8711E-02  3.0590E-01  1.2518E-02  4.1075E-01  1.0000E+00
 3.6757E+03  1.8816E-02  3.0526E-01  1.2666E-02  4.1246E-01  1.0000E+00
 3.7038E+03  1.8921E-02  3.0463E-01  1.2815E-02  4.1412E-01  1.0000E+00
 3.7322E+03  1.9026E-02  3.0398E-01  1.2963E-02  4.1574E-01  1.0000E+00
 3.7608E+03  1.9132E-02  3.0334E-01  1.3112E-02  4.1730E-01  1.0000E+00
 3.7896E+03  1.9237E-02  3.0269E-01  1.3260E-02  4.1882E-01  1.0000E+00
 3.8186E+03  1.9343E-02  3.0203E-01  1.3409E-02  4.2030E-01  1.0000E+00
 3.8478E+03  1.9450E-02  3.0137E-01  1.3557E-02  4.2173E-01  1.0000E+00
 3.8773E+03  1.9556E-02  3.0071E-01  1.3706E-02  4.2311E-01  1.0000E+00
 3.9070E+03  1.9663E-02  3.0005E-01  1.3855E-02  4.2445E-01  1.0000E+00
 3.9369E+03  1.9770E-02  2.9937E-01  1.4003E-02  4.2575E-01  1.0000E+00
 3.9671E+03  1.9877E-02  2.9870E-01  1.4152E-02  4.2700E-01  1.0000E+00
 3.9974E+03  1.9984E-02  2.9802E-01  1.4301E-02  4.2821E-01  1.0000E+00
 4.0281E+03  2.0092E-02  2.9734E-01  1.4450E-02  4.2937E-01  1.0000E+00
 4.0589E+03  2.0199E-02  2.9666E-01  1.4599E-02  4.3050E-01  1.0000E+00
 4.0900E+03  2.0307E-02  2.9597E-01  1.4748E-02  4.3159E-01  1.0000E+00
 4.1213E+03  2.0416E-02  2.9527E-01  1.4896E-02  4.3263E-01  1.0000E+00
 4.1529E+03  2.0524E-02  2.9458E-01  1.5045E-02  4.3364E-01  1.0000E+00
 4.1847E+03  2.0633E-02  2.9388E-01  1.5194E-02  4.3460E-01  1.0000E+00
 4.2167E+03  2.0742E-02  2.9317E-01  1.5343E-02  4.3553E-01  1.0000E+00
 4.2490E+03  2.0851E-02  2.9247E-01  1.5493E-02  4.3642E-01  1.0000E+00
 4.2816E+03  2.0960E-02  2.9176E-01  1.5642E-02  4.3727E-01  1.0000E+00
 4.3143E+03  2.1070E-02  2.9104E-01  1.5791E-02  4.3809E-01  1.0000E+00
 4.3474E+03  2.1180E-02  2.9033E-01  1.5940E-02  4.3886E-01  1.0000E+00
 4.3807E+03  2.1290E-02  2.8961E-01  1.6089E-02  4.3961E-01  1.0000E+00
 4.4142E+03  2.1400E-02  2.8889E-01  1.6239E-02  4.4031E-01  1.0000E+00
 4.4480E+03  2.1510E-02  2.8816E-01  1.6388E-02  4.4098E-01  1.0000E+00
 4.4821E+03  2.1621E-02  2.8743E-01  1.6537E-02  4.4162E-01  1.0000E+00
 4.5164E+03  2.1732E-02  2.8670E-01  1.6687E-02  4.4222E-01  1.0000E+00
 4.5510E+03  2.1843E-02  2.8597E-01  1.6836E-02  4.4279E-01  1.0000E+00
 4.5859E+03  2.1954E-02  2.8523E-01  1.6986E-02  4.4333E-01  1.0000E+00
 4.6210E+03  2.2066E-02  2.8449E-01  1.7135E-02  4.4383E-01  1.0000E+00
 4.6564E+03  2.2177E-02  2.8375E-01  1.7285E-02  4.4431E-01  1.0000E+00
 4.6920E+03  2.2289E-02  2.8300E-01  1.7434E-02  4.4475E-01  1.0000E+00
 4.7280E+03  2.2401E-02  2.8225E-01  1.7584E-02  4.4515E-01  1.0000E+00
 4.7642E+03  2.2514E-02  2.8150E-01  1.7734E-02  4.4553E-01  1.0000E+00
 4.8007E+03  2.2626E-02  2.8075E-01  1.7883E-02  4.4588E-01  1.0000E+00
 4.8374E+03  2.2739E-02  2.7999E-01  1.8033E-02  4.4620E-01  1.0000E+00
 4.8745E+03  2.2852E-02  2.7923E-01  1.8183E-02  4.4649E-01  1.0000E+00
 4.9118E+03  2.2965E-02  2.7847E-01  1.8333E-02  4.4675E-01  1.0000E+00
 4.9494E+03  2.3078E-02  2.7771E-01  1.8483E-02  4.4698E-01  1.0000E+00
 4.9873E+03  2.3192E-02  2.7695E-01  1.8633E-02  4.4718E-01  1.0000E+00
 5.0255E+03  2.3305E-02  2.7618E-01  1.8783E-02  4.4735E-01  1.0000E+00
 5.0640E+03  2.3419E-02  2.7541E-01  1.8933E-02  4.4750E-01  1.0000E+00
 5.1028E+03  2.3533E-02  2.7464E-01  1.9083E-02  4.4762E-01  1.0000E+00
 5.1419E+03  2.3648E-02  2.7386E-01  1.9233E-02  4.4772E-01  1.0000E+00
 5.1812E+03  2.3762E-02  2.7309E-01  1.9384E-02  4.4778E-01  1.0000E+00
 5.2209E+03  2.3877E-02  2.7231E-01  1.9534E-02  4.4783E-01  1.0000E+00
 5.2609E+03  2.3992E-02  2.7153E-01  1.9684E-02  4.4784E-01  1.0000E+00
 5.3012E+03  2.4107E-02  2.7075E-01  1.9835E-02  4.4784E-01  1.0000E+00
 5.3418E+03  2.4222E-02  2.6996E-01  1.9985E-02  4.4780E-01  1.0000E+00
 5.3827E+03  2.4338E-02  2.6918E-01  2.0136E-02  4.4775E-01  1.0000E+00
 5.4239E+03  2.4453E-02  2.6839E-01  2.0286E-02  4.4767E-01  1.0000E+00
 5.4655E+03  2.4569E-02  2.6760E-01  2.0437E-02  4.4756E-01  1.0000E+00
 5.5073E+03  2.4685E-02  2.6681E-01  2.0587E-02  4.4744E-01  1.0000E+00
 5.5495E+03  2.4802E-02  2.6602E-01  2.0738E-02  4.4729E-01  1.0000E+00
 5.5920E+03  2.4918E-02  2.6523E-01  2.0889E-02  4.4711E-01  1.0000E+00
 5.6348E+03  2.5035E-02  2.6444E-01  2.1040E-02  4.4692E-01  1.0000E+00
 5.6780E+03  2.5152E-02  2.6364E-01  2.1191E-02  4.4671E-01  1.0000E+00
 5.7215E+03  2.5269E-02  2.6285E-01  2.1342E-02  4.4647E-01  1.0000E+00
 5.7653E+03  2.5387E-02  2.6205E-01  2.1493E-02  4.4621E-01  1.0000E+00
 5.8094E+03  2.5504E-02  2.6125E-01  2.1644E-02  4.4593E-01  1.0000E+00
 5.8539E+03  2.5622E-02  2.6046E-01  2.1795E-02  4.4563E-01  1.0000E+00
 5.8988E+03  2.5741E-02  2.5966E-01  2.1946E-02  4.4531E-01  1.0000E+00
 5.9439E+03  2.5859E-02  2.5886E-01  2.2097E-02  4.4498E-01  1.0000E+00
 5.9895E+03  2.5978E-02  2.5806E-01  2.2249E-02  4.4462E-01  1.0000E+00
 6.0353E+03  2.6097E-02  2.5726E-01  2.2400E-02  4.4424E-01  1.0000E+00
 6.0815E+03  2.6216E-02  2.5646E-01  2.2552E-02  4.4385E-01  1.0000E+00
 6.1281E+03  2.6335E-02  2.5566E-01  2.2703E-02  4.4343E-01  1.0000E+00
 6.1751E+03  2.6455E-02  2.5486E-01  2.2855E-02  4.4300E-01  1.0000E+00
 6.2223E+03  2.6575E-02  2.5405E-01  2.3006E-02  4.4255E-01  1.0000E+00
 6.2700E+03  2.6695E-02  2.5325E-01  2.3158E-02  4.4209E-01  1.0000E+00
 6.3180E+03  2.6815E-02  2.5245E-01  2.3310E-02  4.4160E-01  1.0000E+00
 6.3664E+03  2.6936E-02  2.5164E-01  2.3462E-02  4.4110E-01  1.0000E+00
 6.4152E+03  2.7057E-02  2.5084E-01  2.3614E-02  4.4058E-01  1.0000E+00
 6.4643E+03  2.7178E-02  2.5004E-01  2.3766E-02  4.4005E-01  1.0000E+00
 6.5138E+03  2.7299E-02  2.4923E-01  2.3918E-02  4.3950E-01  1.0000E+00
 6.5637E+03  2.7421E-02  2.4843E-01  2.4070E-02  4.3893E-01  1.0000E+00
 6.6139E+03  2.7543E-02  2.4762E-01  2.4222E-02  4.3835E-01  1.0000E+00
 6.6646E+03  2.7665E-02  2.4682E-01  2.4375E-02  4.3776E-01  1.0000E+00
 6.7156E+03  2.7787E-02  2.4601E-01  2.4527E-02  4.3714E-01  1.0000E+00
 6.7671E+03  2.7910E-02  2.4521E-01  2.4679E-02  4.3652E-01  1.0000E+00
 6.8189E+03  2.8033E-02  2.4440E-01  2.4832E-02  4.3588E-01  1.0000E+00
 6.8711E+03  2.8156E-02  2.4360E-01  2.4984E-02  4.3522E-01  1.0000E+00
 6.9237E+03  2.8279E-02  2.4279E-01  2.5137E-02  4.3456E-01  1.0000E+00
 6.9768E+03  2.8402E-02  2.4199E-01  2.5290E-02  4.3387E-01  1.0000E+00
 7.0302E+03  2.8526E-02  2.4118E-01  2.5443E-02  4.3318E-01  1.0000E+00
 7.0840E+03  2.8650E-02  2.4038E-01  2.5596E-02  4.3247E-01  1.0000E+00
 7.1383E+03  2.8775E-02  2.3957E-01  2.5749E-02  4.3175E-01  1.0000E+00
 7.1929E+03  2.8899E-02  2.3877E-01  2.5902E-02  4.3101E-01  1.0000E+00
 7.2480E+03  2.9024E-02  2.3796E-01  2.6055E-02  4.3027E-01  1.0000E+00
 7.3035E+03  2.9149E-02  2.3716E-01  2.6208E-02  4.2951E-01  1.0000E+00
 7.3595E+03  2.9274E-02  2.3636E-01  2.6362E-02  4.2874E-01  1.0000E+00
 7.4158E+03  2.9400E-02  2.3555E-01  2.6515E-02  4.2796E-01  1.0000E+00
 7.4726E+03  2.9526E-02  2.3475E-01  2.6668E-02  4.2716E-01  1.0000E+00
 7.5299E+03  2.9652E-02  2.3395E-01  2.6822E-02  4.2636E-01  1.0000E+00
 7.5875E+03  2.9778E-02  2.3315E-01  2.6976E-02  4.2554E-01  1.0000E+00
 7.6456E+03  2.9905E-02  2.3234E-01  2.7129E-02  4.2472E-01  1.0000E+00
 7.7042E+03  3.0032E-02  2.3154E-01  2.7283E-02  4.2388E-01  1.0000E+00
 7.7632E+03  3.0159E-02  2.3074E-01  2.7437E-02  4.2303E-01  1.0000E+00
 7.8226E+03  3.0286E-02  2.2994E-01  2.7591E-02  4.2217E-01  1.0000E+00
 7.8825E+03  3.0414E-02  2.2914E-01  2.7746E-02  4.2130E-01  1.0000E+00
 7.9429E+03  3.0542E-02  2.2835E-01  2.7900E-02  4.2043E-01  1.0000E+00
 8.0037E+03  3.0670E-02  2.2755E-01  2.8054E-02  4.1954E-01  1.0000E+00
 8.0650E+03  3.0798E-02  2.2675E-01  2.8209E-02  4.1864E-01  1.0000E+00
 8.1268E+03  3.0927E-02  2.2595E-01  2.8363E-02  4.1774E-01  1.0000E+00
 8.1890E+03  3.1056E-02  2.2516E-01  2.8518E-02  4.1682E-01  1.0000E+00
 8.2518E+03  3.1185E-02  2.2436E-01  2.8672E-02  4.1590E-01  1.0000E+00
 8.3150E+03  3.1315E-02  2.2357E-01  2.8827E-02  4.1497E-01  1.0000E+00
 8.3786E+03  3.1445E-02  2.2278E-01  2.8982E-02  4.1403E-01  1.0000E+00
 8.4428E+03  3.1575E-02  2.2198E-01  2.9137E-02  4.1308E-01  1.0000E+00
 8.5075E+03  3.1705E-02  2.2119E-01  2.9292E-02  4.1212E-01  1.0000E+00
 8.5726E+03  3.1836E-02  2.2040E-01  2.9448E-02  4.1116E-01  1.0000E+00
 8.6383E+03  3.1967E-02  2.1961E-01  2.9603E-02  4.1018E-01  1.0000E+00
 8.7044E+03  3.2098E-02  2.1882E-01  2.9758E-02  4.0920E-01  1.0000E+00
 8.7711E+03  3.2229E-02  2.1804E-01  2.9914E-02  4.0822E-01  1.0000E+00
 8.8383E+03  3.2361E-02  2.1725E-01  3.0070E-02  4.0722E-01  1.0000E+00
 8.9059E+03  3.2493E-02  2.1646E-01  3.0225E-02  4.0622E-01  1.0000E+00
 8.9741E+03  3.2625E-02  2.1568E-01  3.0381E-02  4.0521E-01  1.0000E+00
 9.0429E+03  3.2758E-02  2.1490E-01  3.0537E-02  4.0420E-01  1.0000E+00
 9.1121E+03  3.2891E-02  2.1411E-01  3.0693E-02  4.0318E-01  1.0000E+00
 9.1819E+03  3.3024E-02  2.1333E-01  3.0850E-02  4.0215E-01  1.0000E+00
 9.2522E+03  3.3158E-02  2.1255E-01  3.1006E-02  4.0112E-01  1.0000E+00
 9.3231E+03  3.3291E-02  2.1177E-01  3.1163E-02  4.0008E-01  1.0000E+00
 9.3945E+03  3.3425E-02  2.1100E-01  3.1319E-02  3.9903E-01  1.0000E+00
 9.4664E+03  3.3560E-02  2.1022E-01  3.1476E-02  3.9798E-01  1.0000E+00
 9.5389E+03  3.3695E-02  2.0945E-01  3.1633E-02  3.9692E-01  1.0000E+00
 9.6120E+03  3.3830E-02  2.0867E-01  3.1790E-02  3.9586E-01  1.0000E+00
 9.6856E+03  3.3966E-02  2.0790E-01  3.1947E-02  3.9479E-01  1.0000E+00
 9.7598E+03  3.4101E-02  2.0713E-01  3.2104E-02  3.9372E-01  1.0000E+00
 9.8345E+03  3.4238E-02  2.0636E-01  3.2261E-02  3.9264E-01  1.0000E+00
 9.9098E+03  3.4374E-02  2.0560E-01  3.2419E-02  3.9156E-01  1.0000E+00
 9.9857E+03  3.4511E-02  2.0483E-01  3.2576E-02  3.9048E-01  1.0000E+00
 1.0062E+04  3.4649E-02  2.0407E-01  3.2734E-02  3.8938E-01  1.0000E+00
 1.0139E+04  3.4787E-02  2.0331E-01  3.2892E-02  3.8829E-01  1.0000E+00
 1.0217E+04  3.4925E-02  2.0255E-01  3.3050E-02  3.8719E-01  1.0000E+00
 1.0295E+04  3.5063E-02  2.0180E-01  3.3208E-02  3.8608E-01  1.0000E+00
 1.0374E+04  3.5202E-02  2.0104E-01  3.3366E-02  3.8498E-01  1.0000E+00
 1.0453E+04  3.5342E-02  2.0029E-01  3.3525E-02  3.8386E-01  1.0000E+00
 1.0533E+04  3.5481E-02  1.9953E-01  3.3683E-02  3.8275E-01  1.0000E+00
 1.0614E+04  3.5622E-02  1.9878E-01  3.3842E-02  3.8163E-01  1.0000E+00
 1.0695E+04  3.5762E-02  1.9804E-01  3.4001E-02  3.8051E-01  1.0000E+00
 1.0777E+04  3.5903E-02  1.9729E-01  3.4160E-02  3.7938E-01  1.0000E+00
 1.0860E+04  3.6044E-02  1.9655E-01  3.4319E-02  3.7825E-01  1.0000E+00
 1.0943E+04  3.6186E-02  1.9580E-01  3.4478E-02  3.7712E-01  1.0000E+00
 1.1027E+04  3.6328E-02  1.9506E-01  3.4638E-02  3.7598E-01  1.0000E+00
 1.1111E+04  3.6471E-02  1.9433E-01  3.4797E-02  3.7484E-01  1.0000E+00
 1.1196E+04  3.6614E-02  1.9359E-01  3.4957E-02  3.7370E-01  1.0000E+00
 1.1282E+04  3.6758E-02  1.9285E-01  3.5117E-02  3.7256E-01  1.0000E+00
 1.1369E+04  3.6901E-02  1.9212E-01  3.5277E-02  3.7141E-01  1.0000E+00
 1.1456E+04  3.7046E-02  1.9139E-01  3.5437E-02  3.7026E-01  1.0000E+00
 1.1543E+04  3.7191E-02  1.9066E-01  3.5597E-02  3.6911E-01  1.0000E+00
 1.1632E+04  3.7336E-02  1.8994E-01  3.5758E-02  3.6796E-01  1.0000E+00
 1.1721E+04  3.7481E-02  1.8921E-01  3.5919E-02  3.6680E-01  1.0000E+00
 1.1811E+04  3.7628E-02  1.8849E-01  3.6079E-02  3.6564E-01  1.0000E+00
 1.1901E+04  3.7774E-02  1.8777E-01  3.6240E-02  3.6448E-01  1.0000E+00
 1.1992E+04  3.7921E-02  1.8705E-01  3.6402E-02  3.6332E-01  1.0000E+00
 1.2084E+04  3.8069E-02  1.8633E-01  3.6563E-02  3.6216E-01  1.0000E+00
 1.2177E+04  3.8217E-02  1.8562E-01  3.6724E-02  3.6099E-01  1.0000E+00
 1.2270E+04  3.8365E-02  1.8491E-01  3.6886E-02  3.5983E-01  1.0000E+00
 1.2364E+04  3.8514E-02  1.8420E-01  3.7048E-02  3.5866E-01  1.0000E+00
 1.2458E+04  3.8663E-02  1.8349E-01  3.7210E-02  3.5749E-01  1.0000E+00
 1.2554E+04  3.8813E-02  1.8278E-01  3.7372E-02  3.5632E-01  1.0000E+00
 1.2650E+04  3.8963E-02  1.8208E-01  3.7535E-02  3.5515E-01  1.0000E+00
 1.2747E+04  3.9114E-02  1.8138E-01  3.7697E-02  3.5398E-01  1.0000E+00
 1.2845E+04  3.9266E-02  1.8068E-01  3.7860E-02  3.5280E-01  1.0000E+00
 1.2943E+04  3.9417E-02  1.7998E-01  3.8023E-02  3.5163E-01  1.0000E+00
 1.3042E+04  3.9570E-02  1.7929E-01  3.8186E-02  3.5045E-01  1.0000E+00
 1.3142E+04  3.9723E-02  1.7860E-01  3.8349E-02  3.4928E-01  1.0000E+00
 1.3243E+04  3.9876E-02  1.7791E-01  3.8513E-02  3.4810E-01  1.0000E+00
 1.3344E+04  4.0030E-02  1.7722E-01  3.8677E-02  3.4692E-01  1.0000E+00
 1.3446E+04  4.0184E-02  1.7653E-01  3.8841E-02  3.4575E-01  1.0000E+00
 1.3549E+04  4.0339E-02  1.7585E-01  3.9005E-02  3.4457E-01  1.0000E+00
 1.3653E+04  4.0495E-02  1.7517E-01  3.9169E-02  3.4339E-01  1.0000E+00
 1.3757E+04  4.0651E-02  1.7449E-01  3.9333E-02  3.4221E-01  1.0000E+00
 1.3863E+04  4.0807E-02  1.7381E-01  3.9498E-02  3.4103E-01  1.0000E+00
 1.3969E+04  4.0964E-02  1.7314E-01  3.9663E-02  3.3985E-01  1.0000E+00
 1.4076E+04  4.1122E-02  1.7246E-01  3.9828E-02  3.3867E-01  1.0000E+00
 1.4184E+04  4.1280E-02  1.7179E-01  3.9993E-02  3.3750E-01  1.0000E+00
 1.4292E+04  4.1439E-02  1.7113E-01  4.0159E-02  3.3632E-01  1.0000E+00
 1.4402E+04  4.1598E-02  1.7046E-01  4.0325E-02  3.3514E-01  1.0000E+00
 1.4512E+04  4.1758E-02  1.6979E-01  4.0491E-02  3.3396E-01  1.0000E+00
 1.4623E+04  4.1915E-02  1.6912E-01  4.0657E-02  3.3278E-01  1.0000E+00
 1.4735E+04  4.2072E-02  1.6845E-01  4.0823E-02  3.3160E-01  1.0000E+00
 1.4848E+04  4.2230E-02  1.6777E-01  4.0990E-02  3.3043E-01  1.0000E+00
 1.4962E+04  4.2388E-02  1.6710E-01  4.1157E-02  3.2925E-01  1.0000E+00
 1.5076E+04  4.2546E-02  1.6643E-01  4.1324E-02  3.2808E-01  1.0000E+00
 1.5192E+04  4.2705E-02  1.6577E-01  4.1491E-02  3.2690E-01  1.0000E+00
 1.5308E+04  4.2864E-02  1.6510E-01  4.1659E-02  3.2573E-01  1.0000E+00
 1.5425E+04  4.3023E-02  1.6444E-01  4.1827E-02  3.2455E-01  1.0000E+00
 1.5544E+04  4.3182E-02  1.6377E-01  4.1995E-02  3.2338E-01  1.0000E+00
 1.5663E+04  4.3342E-02  1.6311E-01  4.2163E-02  3.2221E-01  1.0000E+00
 1.5783E+04  4.3502E-02  1.6245E-01  4.2331E-02  3.2104E-01  1.0000E+00
 1.5903E+04  4.3662E-02  1.6179E-01  4.2500E-02  3.1987E-01  1.0000E+00
 1.6025E+04  4.3823E-02  1.6113E-01  4.2669E-02  3.1870E-01  1.0000E+00
 1.6148E+04  4.3984E-02  1.6048E-01  4.2838E-02  3.1753E-01  1.0000E+00
 1.6272E+04  4.4145E-02  1.5982E-01  4.3008E-02  3.1636E-01  1.0000E+00
 1.6396E+04  4.4307E-02  1.5917E-01  4.3178E-02  3.1520E-01  1.0000E+00
 1.6522E+04  4.4469E-02  1.5852E-01  4.3348E-02  3.1404E-01  1.0000E+00
 1.6648E+04  4.4631E-02  1.5787E-01  4.3518E-02  3.1287E-01  1.0000E+00
 1.6776E+04  4.4794E-02  1.5722E-01  4.3688E-02  3.1171E-01  1.0000E+00
 1.6904E+04  4.4957E-02  1.5657E-01  4.3859E-02  3.1055E-01  1.0000E+00
 1.7034E+04  4.5120E-02  1.5593E-01  4.4030E-02  3.0939E-01  1.0000E+00
 1.7164E+04  4.5284E-02  1.5528E-01  4.4202E-02  3.0824E-01  1.0000E+00
 1.7296E+04  4.5448E-02  1.5464E-01  4.4373E-02  3.0708E-01  1.0000E+00
 1.7428E+04  4.5612E-02  1.5400E-01  4.4545E-02  3.0593E-01  1.0000E+00
 1.7562E+04  4.5777E-02  1.5336E-01  4.4717E-02  3.0478E-01  1.0000E+00
 1.7696E+04  4.5942E-02  1.5273E-01  4.4890E-02  3.0363E-01  1.0000E+00
 1.7832E+04  4.6107E-02  1.5209E-01  4.5063E-02  3.0248E-01  1.0000E+00
 1.7968E+04  4.6273E-02  1.5146E-01  4.5236E-02  3.0133E-01  1.0000E+00
 1.8106E+04  4.6438E-02  1.5083E-01  4.5409E-02  3.0019E-01  1.0000E+00
 1.8244E+04  4.6605E-02  1.5020E-01  4.5583E-02  2.9905E-01  1.0000E+00
 1.8384E+04  4.6772E-02  1.4957E-01  4.5757E-02  2.9791E-01  1.0000E+00
 1.8525E+04  4.6939E-02  1.4894E-01  4.5931E-02  2.9677E-01  1.0000E+00
 1.8667E+04  4.7106E-02  1.4832E-01  4.6105E-02  2.9563E-01  1.0000E+00
 1.8810E+04  4.7274E-02  1.4769E-01  4.6280E-02  2.9450E-01  1.0000E+00
 1.8954E+04  4.7442E-02  1.4707E-01  4.6455E-02  2.9337E-01  1.0000E+00
 1.9099E+04  4.7610E-02  1.4645E-01  4.6631E-02  2.9224E-01  1.0000E+00
 1.9245E+04  4.7779E-02  1.4583E-01  4.6807E-02  2.9111E-01  1.0000E+00
 1.9393E+04  4.7949E-02  1.4522E-01  4.6983E-02  2.8998E-01  1.0000E+00
 1.9541E+04  4.8118E-02  1.4460E-01  4.7159E-02  2.8886E-01  1.0000E+00
 1.9691E+04  4.8288E-02  1.4399E-01  4.7336E-02  2.8774E-01  1.0000E+00
 1.9842E+04  4.8459E-02  1.4338E-01  4.7513E-02  2.8662E-01  1.0000E+00
 1.9994E+04  4.8629E-02  1.4277E-01  4.7690E-02  2.8550E-01  1.0000E+00
 2.0147E+04  4.8801E-02  1.4216E-01  4.7868E-02  2.8439E-01  1.0000E+00
 2.0301E+04  4.8972E-02  1.4156E-01  4.8046E-02  2.8328E-01  1.0000E+00
 2.0456E+04  4.9144E-02  1.4095E-01  4.8225E-02  2.8217E-01  1.0000E+00
 2.0613E+04  4.9316E-02  1.4035E-01  4.8404E-02  2.8106E-01  1.0000E+00
 2.0771E+04  4.9489E-02  1.3975E-01  4.8583E-02  2.7996E-01  1.0000E+00
 2.0930E+04  4.9662E-02  1.3915E-01  4.8762E-02  2.7886E-01  1.0000E+00
 2.1090E+04  4.9836E-02  1.3856E-01  4.8942E-02  2.7776E-01  1.0000E+00
 2.1252E+04  5.0010E-02  1.3796E-01  4.9122E-02  2.7666E-01  1.0000E+00
 2.1415E+04  5.0184E-02  1.3737E-01  4.9303E-02  2.7557E-01  1.0000E+00
 2.1579E+04  5.0359E-02  1.3678E-01  4.9484E-02  2.7448E-01  1.0000E+00
 2.1744E+04  5.0534E-02  1.3619E-01  4.9665E-02  2.7339E-01  1.0000E+00
 2.1910E+04  5.0710E-02  1.3560E-01  4.9847E-02  2.7231E-01  1.0000E+00
 2.2078E+04  5.0886E-02  1.3502E-01  5.0029E-02  2.7122E-01  1.0000E+00
 2.2247E+04  5.1062E-02  1.3444E-01  5.0211E-02  2.7014E-01  1.0000E+00
 2.2418E+04  5.1239E-02  1.3385E-01  5.0394E-02  2.6907E-01  1.0000E+00
 2.2589E+04  5.1417E-02  1.3328E-01  5.0578E-02  2.6799E-01  1.0000E+00
 2.2762E+04  5.1595E-02  1.3270E-01  5.0761E-02  2.6692E-01  1.0000E+00
 2.2937E+04  5.1773E-02  1.3212E-01  5.0945E-02  2.6585E-01  1.0000E+00
 2.3112E+04  5.1952E-02  1.3155E-01  5.1130E-02  2.6479E-01  1.0000E+00
 2.3289E+04  5.2131E-02  1.3098E-01  5.1315E-02  2.6373E-01  1.0000E+00
 2.3468E+04  5.2310E-02  1.3041E-01  5.1500E-02  2.6267E-01  1.0000E+00
 2.3647E+04  5.2490E-02  1.2984E-01  5.1686E-02  2.6161E-01  1.0000E+00
 2.3829E+04  5.2671E-02  1.2927E-01  5.1872E-02  2.6056E-01  1.0000E+00
 2.4011E+04  5.2852E-02  1.2871E-01  5.2058E-02  2.5951E-01  1.0000E+00
 2.4195E+04  5.3034E-02  1.2815E-01  5.2245E-02  2.5846E-01  1.0000E+00
 2.4380E+04  5.3216E-02  1.2759E-01  5.2433E-02  2.5742E-01  1.0000E+00
 2.4567E+04  5.3398E-02  1.2703E-01  5.2621E-02  2.5638E-01  1.0000E+00
 2.4755E+04  5.3581E-02  1.2647E-01  5.2809E-02  2.5534E-01  1.0000E+00
 2.4945E+04  5.3764E-02  1.2592E-01  5.2998E-02  2.5430E-01  1.0000E+00
 2.5136E+04  5.3948E-02  1.2537E-01  5.3187E-02  2.5327E-01  1.0000E+00
 2.5328E+04  5.4133E-02  1.2482E-01  5.3377E-02  2.5224E-01  1.0000E+00
 2.5522E+04  5.4318E-02  1.2427E-01  5.3567E-02  2.5122E-01  1.0000E+00
 2.5718E+04  5.4503E-02  1.2372E-01  5.3757E-02  2.5020E-01  1.0000E+00
 2.5915E+04  5.4689E-02  1.2318E-01  5.3948E-02  2.4918E-01  1.0000E+00
 2.6113E+04  5.4876E-02  1.2263E-01  5.4140E-02  2.4816E-01  1.0000E+00
 2.6313E+04  5.5063E-02  1.2209E-01  5.4332E-02  2.4715E-01  1.0000E+00
 2.6515E+04  5.5250E-02  1.2155E-01  5.4525E-02  2.4614E-01  1.0000E+00
 2.6718E+04  5.5438E-02  1.2102E-01  5.4718E-02  2.4513E-01  1.0000E+00
 2.6922E+04  5.5627E-02  1.2048E-01  5.4911E-02  2.4413E-01  1.0000E+00
 2.7128E+04  5.5816E-02  1.1995E-01  5.5105E-02  2.4313E-01  1.0000E+00
 2.7336E+04  5.6006E-02  1.1942E-01  5.5300E-02  2.4214E-01  1.0000E+00
 2.7545E+04  5.6196E-02  1.1889E-01  5.5495E-02  2.4114E-01  1.0000E+00
 2.7756E+04  5.6387E-02  1.1836E-01  5.5690E-02  2.4015E-01  1.0000E+00
 2.7969E+04  5.6578E-02  1.1784E-01  5.5886E-02  2.3917E-01  1.0000E+00
 2.8183E+04  5.6770E-02  1.1732E-01  5.6083E-02  2.3818E-01  1.0000E+00
 2.8399E+04  5.6962E-02  1.1680E-01  5.6280E-02  2.3721E-01  1.0000E+00
 2.8617E+04  5.7155E-02  1.1628E-01  5.6478E-02  2.3623E-01  1.0000E+00
 2.8836E+04  5.7349E-02  1.1576E-01  5.6676E-02  2.3526E-01  1.0000E+00
 2.9056E+04  5.7543E-02  1.1524E-01  5.6875E-02  2.3429E-01  1.0000E+00
 2.9279E+04  5.7738E-02  1.1473E-01  5.7074E-02  2.3332E-01  1.0000E+00
 2.9503E+04  5.7934E-02  1.1422E-01  5.7274E-02  2.3236E-01  1.0000E+00
 2.9729E+04  5.8130E-02  1.1371E-01  5.7475E-02  2.3140E-01  1.0000E+00
 2.9957E+04  5.8326E-02  1.1320E-01  5.7676E-02  2.3045E-01  1.0000E+00
 3.0186E+04  5.8524E-02  1.1270E-01  5.7878E-02  2.2949E-01  1.0000E+00
 3.0417E+04  5.8721E-02  1.1220E-01  5.8080E-02  2.2855E-01  1.0000E+00
 3.0650E+04  5.8920E-02  1.1170E-01  5.8283E-02  2.2760E-01  1.0000E+00
 3.0885E+04  5.9119E-02  1.1120E-01  5.8486E-02  2.2666E-01  1.0000E+00
 3.1122E+04  5.9319E-02  1.1070E-01  5.8690E-02  2.2572E-01  1.0000E+00
 3.1360E+04  5.9519E-02  1.1020E-01  5.8895E-02  2.2479E-01  1.0000E+00
 3.1600E+04  5.9720E-02  1.0971E-01  5.9100E-02  2.2386E-01  1.0000E+00
 3.1842E+04  5.9922E-02  1.0922E-01  5.9306E-02  2.2293E-01  1.0000E+00
 3.2086E+04  6.0125E-02  1.0873E-01  5.9512E-02  2.2201E-01  1.0000E+00
 3.2332E+04  6.0328E-02  1.0824E-01  5.9720E-02  2.2109E-01  1.0000E+00
 3.2579E+04  6.0531E-02  1.0776E-01  5.9927E-02  2.2017E-01  1.0000E+00
 3.2829E+04  6.0736E-02  1.0728E-01  6.0136E-02  2.1926E-01  1.0000E+00
 3.3080E+04  6.0941E-02  1.0679E-01  6.0345E-02  2.1835E-01  1.0000E+00
 3.3334E+04  6.1147E-02  1.0631E-01  6.0555E-02  2.1744E-01  1.0000E+00
 3.3589E+04  6.1353E-02  1.0584E-01  6.0765E-02  2.1654E-01  1.0000E+00
 3.3846E+04  6.1560E-02  1.0536E-01  6.0976E-02  2.1564E-01  1.0000E+00
 3.4105E+04  6.1768E-02  1.0489E-01  6.1188E-02  2.1474E-01  1.0000E+00
 3.4367E+04  6.1977E-02  1.0442E-01  6.1401E-02  2.1385E-01  1.0000E+00
 3.4630E+04  6.2186E-02  1.0395E-01  6.1614E-02  2.1296E-01  1.0000E+00
 3.4895E+04  6.2397E-02  1.0348E-01  6.1828E-02  2.1208E-01  1.0000E+00
 3.5162E+04  6.2607E-02  1.0302E-01  6.2043E-02  2.1120E-01  1.0000E+00
 3.5431E+04  6.2819E-02  1.0255E-01  6.2258E-02  2.1032E-01  1.0000E+00
 3.5703E+04  6.3031E-02  1.0209E-01  6.2474E-02  2.0944E-01  1.0000E+00
 3.5976E+04  6.3245E-02  1.0163E-01  6.2691E-02  2.0857E-01  1.0000E+00
 3.6252E+04  6.3459E-02  1.0117E-01  6.2909E-02  2.0771E-01  1.0000E+00
 3.6529E+04  6.3673E-02  1.0072E-01  6.3127E-02  2.0684E-01  1.0000E+00
 3.6809E+04  6.3889E-02  1.0026E-01  6.3346E-02  2.0598E-01  1.0000E+00
 3.7091E+04  6.4105E-02  9.9812E-02  6.3566E-02  2.0513E-01  1.0000E+00
 3.7375E+04  6.4322E-02  9.9362E-02  6.3786E-02  2.0428E-01  1.0000E+00
 3.7661E+04  6.4540E-02  9.8915E-02  6.4008E-02  2.0343E-01  1.0000E+00
 3.7950E+04  6.4759E-02  9.8469E-02  6.4230E-02  2.0258E-01  1.0000E+00
 3.8240E+04  6.4978E-02  9.8025E-02  6.4453E-02  2.0174E-01  1.0000E+00
 3.8533E+04  6.5199E-02  9.7583E-02  6.4677E-02  2.0090E-01  1.0000E+00
 3.8828E+04  6.5420E-02  9.7143E-02  6.4902E-02  2.0007E-01  1.0000E+00
 3.9126E+04  6.5642E-02  9.6705E-02  6.5127E-02  1.9924E-01  1.0000E+00
 3.9425E+04  6.5865E-02  9.6268E-02  6.5353E-02  1.9841E-01  1.0000E+00
 3.9727E+04  6.6089E-02  9.5834E-02  6.5581E-02  1.9759E-01  1.0000E+00
 4.0032E+04  6.6314E-02  9.5402E-02  6.5809E-02  1.9677E-01  1.0000E+00
 4.0338E+04  6.6539E-02  9.4971E-02  6.6037E-02  1.9595E-01  1.0000E+00
 4.0647E+04  6.6766E-02  9.4543E-02  6.6267E-02  1.9514E-01  1.0000E+00
 4.0958E+04  6.6993E-02  9.4116E-02  6.6498E-02  1.9433E-01  1.0000E+00
 4.1272E+04  6.7221E-02  9.3692E-02  6.6729E-02  1.9352E-01  1.0000E+00
 4.1588E+04  6.7451E-02  9.3269E-02  6.6962E-02  1.9272E-01  1.0000E+00
 4.1907E+04  6.7681E-02  9.2848E-02  6.7195E-02  1.9192E-01  1.0000E+00
 4.2228E+04  6.7912E-02  9.2429E-02  6.7429E-02  1.9113E-01  1.0000E+00
 4.2551E+04  6.8144E-02  9.2012E-02  6.7664E-02  1.9034E-01  1.0000E+00
 4.2877E+04  6.8377E-02  9.1597E-02  6.7900E-02  1.8955E-01  1.0000E+00
 4.3205E+04  6.8611E-02  9.1184E-02  6.8138E-02  1.8877E-01  1.0000E+00
 4.3536E+04  6.8846E-02  9.0773E-02  6.8376E-02  1.8799E-01  1.0000E+00
 4.3869E+04  6.9082E-02  9.0363E-02  6.8615E-02  1.8721E-01  1.0000E+00
 4.4205E+04  6.9319E-02  8.9956E-02  6.8854E-02  1.8644E-01  1.0000E+00
 4.4544E+04  6.9557E-02  8.9550E-02  6.9095E-02  1.8567E-01  1.0000E+00
 4.4885E+04  6.9796E-02  8.9146E-02  6.9337E-02  1.8490E-01  1.0000E+00
 4.5229E+04  7.0036E-02  8.8744E-02  6.9580E-02  1.8414E-01  1.0000E+00
 4.5575E+04  7.0277E-02  8.8344E-02  6.9824E-02  1.8338E-01  1.0000E+00
 4.5924E+04  7.0519E-02  8.7946E-02  7.0069E-02  1.8262E-01  1.0000E+00
 4.6276E+04  7.0762E-02  8.7550E-02  7.0315E-02  1.8187E-01  1.0000E+00
 4.6630E+04  7.1006E-02  8.7155E-02  7.0562E-02  1.8112E-01  1.0000E+00
 4.6987E+04  7.1252E-02  8.6763E-02  7.0810E-02  1.8038E-01  1.0000E+00
 4.7347E+04  7.1498E-02  8.6372E-02  7.1060E-02  1.7964E-01  1.0000E+00
 4.7710E+04  7.1746E-02  8.5983E-02  7.1310E-02  1.7890E-01  1.0000E+00
 4.8075E+04  7.1994E-02  8.5596E-02  7.1561E-02  1.7817E-01  1.0000E+00
 4.8443E+04  7.2244E-02  8.5211E-02  7.1814E-02  1.7744E-01  1.0000E+00
 4.8814E+04  7.2495E-02  8.4828E-02  7.2067E-02  1.7671E-01  1.0000E+00
 4.9188E+04  7.2747E-02  8.4446E-02  7.2322E-02  1.7599E-01  1.0000E+00
 4.9565E+04  7.3000E-02  8.4067E-02  7.2578E-02  1.7527E-01  1.0000E+00
 4.9945E+04  7.3255E-02  8.3689E-02  7.2835E-02  1.7455E-01  1.0000E+00
 5.0327E+04  7.3510E-02  8.3313E-02  7.3093E-02  1.7384E-01  1.0000E+00
 5.0713E+04  7.3767E-02  8.2939E-02  7.3353E-02  1.7313E-01  1.0000E+00
 5.1101E+04  7.4025E-02  8.2566E-02  7.3613E-02  1.7242E-01  1.0000E+00
 5.1492E+04  7.4284E-02  8.2196E-02  7.3875E-02  1.7172E-01  1.0000E+00
 5.1887E+04  7.4545E-02  8.1827E-02  7.4138E-02  1.7102E-01  1.0000E+00
 5.2284E+04  7.4806E-02  8.1460E-02  7.4402E-02  1.7033E-01  1.0000E+00
 5.2684E+04  7.5069E-02  8.1095E-02  7.4668E-02  1.6964E-01  1.0000E+00
 5.3088E+04  7.5334E-02  8.0732E-02  7.4935E-02  1.6895E-01  1.0000E+00
 5.3494E+04  7.5599E-02  8.0370E-02  7.5203E-02  1.6827E-01  1.0000E+00
 5.3904E+04  7.5866E-02  8.0010E-02  7.5472E-02  1.6758E-01  1.0000E+00
 5.4317E+04  7.6134E-02  7.9652E-02  7.5742E-02  1.6691E-01  1.0000E+00
 5.4733E+04  7.6404E-02  7.9296E-02  7.6014E-02  1.6623E-01  1.0000E+00
 5.5152E+04  7.6674E-02  7.8942E-02  7.6288E-02  1.6556E-01  1.0000E+00
 5.5574E+04  7.6947E-02  7.8589E-02  7.6562E-02  1.6490E-01  1.0000E+00
 5.6000E+04  7.7220E-02  7.8238E-02  7.6838E-02  1.6423E-01  1.0000E+00
 5.6429E+04  7.7495E-02  7.7889E-02  7.7115E-02  1.6357E-01  1.0000E+00
 5.6861E+04  7.7772E-02  7.7541E-02  7.7394E-02  1.6292E-01  1.0000E+00
 5.7297E+04  7.8049E-02  7.7196E-02  7.7674E-02  1.6226E-01  1.0000E+00
 5.7735E+04  7.8328E-02  7.6852E-02  7.7955E-02  1.6161E-01  1.0000E+00
 5.8177E+04  7.8609E-02  7.6510E-02  7.8238E-02  1.6097E-01  1.0000E+00
 5.8623E+04  7.8891E-02  7.6169E-02  7.8523E-02  1.6032E-01  1.0000E+00
 5.9072E+04  7.9175E-02  7.5831E-02  7.8809E-02  1.5968E-01  1.0000E+00
 5.9524E+04  7.9460E-02  7.5494E-02  7.9096E-02  1.5905E-01  1.0000E+00
 5.9980E+04  7.9746E-02  7.5158E-02  7.9385E-02  1.5842E-01  1.0000E+00
 6.0440E+04  8.0035E-02  7.4825E-02  7.9675E-02  1.5779E-01  1.0000E+00
 6.0902E+04  8.0324E-02  7.4493E-02  7.9967E-02  1.5716E-01  1.0000E+00
 6.1369E+04  8.0615E-02  7.4163E-02  8.0260E-02  1.5654E-01  1.0000E+00
 6.1839E+04  8.0908E-02  7.3835E-02  8.0555E-02  1.5592E-01  1.0000E+00
 6.2312E+04  8.1202E-02  7.3508E-02  8.0851E-02  1.5530E-01  1.0000E+00
 6.2790E+04  8.1498E-02  7.3183E-02  8.1149E-02  1.5469E-01  1.0000E+00
 6.3270E+04  8.1796E-02  7.2860E-02  8.1449E-02  1.5408E-01  1.0000E+00
 6.3755E+04  8.2095E-02  7.2538E-02  8.1750E-02  1.5348E-01  1.0000E+00
 6.4243E+04  8.2396E-02  7.2218E-02  8.2053E-02  1.5288E-01  1.0000E+00
 6.4735E+04  8.2699E-02  7.1900E-02  8.2358E-02  1.5228E-01  1.0000E+00
 6.5231E+04  8.3003E-02  7.1583E-02  8.2664E-02  1.5168E-01  1.0000E+00
 6.5731E+04  8.3309E-02  7.1268E-02  8.2972E-02  1.5109E-01  1.0000E+00
 6.6234E+04  8.3616E-02  7.0955E-02  8.3282E-02  1.5050E-01  1.0000E+00
 6.6741E+04  8.3926E-02  7.0643E-02  8.3593E-02  1.4992E-01  1.0000E+00
 6.7252E+04  8.4237E-02  7.0333E-02  8.3906E-02  1.4933E-01  1.0000E+00
 6.7767E+04  8.4550E-02  7.0025E-02  8.4221E-02  1.4875E-01  1.0000E+00
 6.8286E+04  8.4865E-02  6.9718E-02  8.4538E-02  1.4818E-01  1.0000E+00
 6.8809E+04  8.5181E-02  6.9413E-02  8.4856E-02  1.4761E-01  1.0000E+00
 6.9336E+04  8.5500E-02  6.9110E-02  8.5176E-02  1.4704E-01  1.0000E+00
 6.9867E+04  8.5820E-02  6.8808E-02  8.5499E-02  1.4647E-01  1.0000E+00
 7.0402E+04  8.6142E-02  6.8508E-02  8.5823E-02  1.4591E-01  1.0000E+00
 7.0942E+04  8.6466E-02  6.8209E-02  8.6148E-02  1.4535E-01  1.0000E+00
 7.1485E+04  8.6792E-02  6.7912E-02  8.6476E-02  1.4480E-01  1.0000E+00
 7.2032E+04  8.7120E-02  6.7617E-02  8.6806E-02  1.4424E-01  1.0000E+00
 7.2584E+04  8.7450E-02  6.7323E-02  8.7138E-02  1.4369E-01  1.0000E+00
 7.3140E+04  8.7782E-02  6.7031E-02  8.7471E-02  1.4315E-01  1.0000E+00
 7.3700E+04  8.8116E-02  6.6740E-02  8.7807E-02  1.4260E-01  1.0000E+00
 7.4264E+04  8.8452E-02  6.6451E-02  8.8145E-02  1.4207E-01  1.0000E+00
 7.4833E+04  8.8790E-02  6.6164E-02  8.8484E-02  1.4153E-01  1.0000E+00
 7.5406E+04  8.9130E-02  6.5878E-02  8.8826E-02  1.4100E-01  1.0000E+00
 7.5984E+04  8.9472E-02  6.5594E-02  8.9170E-02  1.4047E-01  1.0000E+00
 7.6566E+04  8.9816E-02  6.5311E-02  8.9516E-02  1.3994E-01  1.0000E+00
 7.7152E+04  9.0163E-02  6.5030E-02  8.9864E-02  1.3942E-01  1.0000E+00
 7.7743E+04  9.0511E-02  6.4751E-02  9.0214E-02  1.3889E-01  1.0000E+00
 7.8338E+04  9.0862E-02  6.4473E-02  9.0567E-02  1.3838E-01  1.0000E+00
 7.8938E+04  9.1215E-02  6.4196E-02  9.0921E-02  1.3786E-01  1.0000E+00
 7.9543E+04  9.1570E-02  6.3921E-02  9.1278E-02  1.3735E-01  1.0000E+00
 8.0152E+04  9.1927E-02  6.3648E-02  9.1637E-02  1.3685E-01  1.0000E+00
 8.0766E+04  9.2287E-02  6.3376E-02  9.1998E-02  1.3634E-01  1.0000E+00
 8.1384E+04  9.2649E-02  6.3106E-02  9.2362E-02  1.3584E-01  1.0000E+00
 8.2008E+04  9.3013E-02  6.2837E-02  9.2728E-02  1.3534E-01  1.0000E+00
 8.2636E+04  9.3380E-02  6.2569E-02  9.3096E-02  1.3485E-01  1.0000E+00
 8.3268E+04  9.3749E-02  6.2304E-02  9.3467E-02  1.3435E-01  1.0000E+00
 8.3906E+04  9.4121E-02  6.2039E-02  9.3840E-02  1.3386E-01  1.0000E+00
 8.4549E+04  9.4495E-02  6.1776E-02  9.4215E-02  1.3338E-01  1.0000E+00
 8.5196E+04  9.4871E-02  6.1515E-02  9.4593E-02  1.3290E-01  1.0000E+00
 8.5849E+04  9.5250E-02  6.1255E-02  9.4974E-02  1.3242E-01  1.0000E+00
 8.6506E+04  9.5631E-02  6.0997E-02  9.5357E-02  1.3194E-01  1.0000E+00
 8.7169E+04  9.6015E-02  6.0740E-02  9.5742E-02  1.3147E-01  1.0000E+00
 8.7836E+04  9.6402E-02  6.0485E-02  9.6130E-02  1.3100E-01  1.0000E+00
 8.8509E+04  9.6791E-02  6.0231E-02  9.6521E-02  1.3053E-01  1.0000E+00
 8.9187E+04  9.7183E-02  5.9978E-02  9.6914E-02  1.3006E-01  1.0000E+00
 8.9870E+04  9.7577E-02  5.9727E-02  9.7310E-02  1.2960E-01  1.0000E+00
 9.0558E+04  9.7974E-02  5.9478E-02  9.7708E-02  1.2914E-01  1.0000E+00
 9.1252E+04  9.8374E-02  5.9230E-02  9.8109E-02  1.2869E-01  1.0000E+00
 9.1950E+04  9.8777E-02  5.8983E-02  9.8513E-02  1.2824E-01  1.0000E+00
 9.2655E+04  9.9182E-02  5.8738E-02  9.8920E-02  1.2779E-01  1.0000E+00
 9.3364E+04  9.9590E-02  5.8494E-02  9.9330E-02  1.2734E-01  1.0000E+00
 9.4079E+04  1.0000E-01  5.8252E-02  9.9742E-02  1.2690E-01  1.0000E+00
 9.4800E+04  1.0041E-01  5.8011E-02  1.0016E-01  1.2646E-01  1.0000E+00
 9.5526E+04  1.0083E-01  5.7771E-02  1.0058E-01  1.2602E-01  1.0000E+00
 9.6257E+04  1.0125E-01  5.7533E-02  1.0100E-01  1.2559E-01  1.0000E+00
 9.6994E+04  1.0167E-01  5.7297E-02  1.0142E-01  1.2516E-01  1.0000E+00
 9.7737E+04  1.0210E-01  5.7061E-02  1.0185E-01  1.2473E-01  1.0000E+00
 9.8486E+04  1.0253E-01  5.6828E-02  1.0228E-01  1.2430E-01  1.0000E+00
 9.9240E+04  1.0296E-01  5.6595E-02  1.0271E-01  1.2388E-01  1.0000E+00
 1.0000E+05  1.0340E-01  5.6364E-02  1.0315E-01  1.2346E-01  1.0000E+00


