#     0	 1	    1	 3	 1.4457E+02	 1000	1
 4.8978E+01  0.0000E+00  0.0000E+00  0.0000E+00  0.0000E+00  0.0000E+00
 4.9353E+01  0.0000E+00  0.0000E+00  0.0000E+00  0.0000E+00  0.0000E+00
 4.9731E+01  0.0000E+00  0.0000E+00  0.0000E+00  0.0000E+00  0.0000E+00
 5.0112E+01  0.0000E+00  0.0000E+00  0.0000E+00  0.0000E+00  0.0000E+00
 5.0496E+01  0.0000E+00  0.0000E+00  0.0000E+00  0.0000E+00  0.0000E+00
 5.0882E+01  0.0000E+00  0.0000E+00  0.0000E+00  0.0000E+00  0.0000E+00
 5.1272E+01  0.0000E+00  0.0000E+00  0.0000E+00  0.0000E+00  0.0000E+00
 5.1665E+01  0.0000E+00  0.0000E+00  0.0000E+00  0.0000E+00  0.0000E+00
 5.2060E+01  0.0000E+00  0.0000E+00  0.0000E+00  0.0000E+00  0.0000E+00
 5.2459E+01  0.0000E+00  0.0000E+00  0.0000E+00  0.0000E+00  0.0000E+00
 5.2861E+01  0.0000E+00  0.0000E+00  0.0000E+00  0.0000E+00  0.0000E+00
 5.3266E+01  0.0000E+00  0.0000E+00  0.0000E+00  0.0000E+00  0.0000E+00
 5.3673E+01  0.0000E+00  0.0000E+00  0.0000E+00  0.0000E+00  0.0000E+00
 5.4085E+01  0.0000E+00  0.0000E+00  0.0000E+00  0.0000E+00  0.0000E+00
 5.4499E+01  0.0000E+00  0.0000E+00  0.0000E+00  0.0000E+00  0.0000E+00
 5.4916E+01  0.0000E+00  0.0000E+00  0.0000E+00  0.0000E+00  0.0000E+00
 5.5337E+01  0.0000E+00  0.0000E+00  0.0000E+00  0.0000E+00  0.0000E+00
 5.5760E+01  0.0000E+00  0.0000E+00  0.0000E+00  0.0000E+00  0.0000E+00
 5.6187E+01  0.0000E+00  0.0000E+00  0.0000E+00  0.0000E+00  0.0000E+00
 5.6618E+01  0.0000E+00  0.0000E+00  0.0000E+00  0.0000E+00  0.0000E+00
 5.7051E+01  0.0000E+00  0.0000E+00  0.0000E+00  0.0000E+00  0.0000E+00
 5.7488E+01  0.0000E+00  0.0000E+00  0.0000E+00  0.0000E+00  0.0000E+00
 5.7929E+01  0.0000E+00  0.0000E+00  0.0000E+00  0.0000E+00  0.0000E+00
 5.8372E+01  0.0000E+00  0.0000E+00  0.0000E+00  0.0000E+00  0.0000E+00
 5.8819E+01  0.0000E+00  0.0000E+00  0.0000E+00  0.0000E+00  0.0000E+00
 5.9270E+01  0.0000E+00  0.0000E+00  0.0000E+00  0.0000E+00  0.0000E+00
 5.9724E+01  0.0000E+00  0.0000E+00  0.0000E+00  0.0000E+00  0.0000E+00
 6.0181E+01  0.0000E+00  0.0000E+00  0.0000E+00  0.0000E+00  0.0000E+00
 6.0642E+01  0.0000E+00  0.0000E+00  0.0000E+00  0.0000E+00  0.0000E+00
 6.1106E+01  0.0000E+00  0.0000E+00  0.0000E+00  0.0000E+00  0.0000E+00
 6.1574E+01  0.0000E+00  0.0000E+00  0.0000E+00  0.0000E+00  0.0000E+00
 6.2046E+01  0.0000E+00  0.0000E+00  0.0000E+00  0.0000E+00  0.0000E+00
 6.2521E+01  0.0000E+00  0.0000E+00  0.0000E+00  0.0000E+00  0.0000E+00
 6.3000E+01  0.0000E+00  0.0000E+00  0.0000E+00  0.0000E+00  0.0000E+00
 6.3482E+01  0.0000E+00  0.0000E+00  0.0000E+00  0.0000E+00  0.0000E+00
 6.3968E+01  0.0000E+00  0.0000E+00  0.0000E+00  0.0000E+00  0.0000E+00
 6.4458E+01  0.0000E+00  0.0000E+00  0.0000E+00  0.0000E+00  0.0000E+00
 6.4952E+01  0.0000E+00  0.0000E+00  0.0000E+00  0.0000E+00  0.0000E+00
 6.5449E+01  0.0000E+00  0.0000E+00  0.0000E+00  0.0000E+00  0.0000E+00
 6.5951E+01  0.0000E+00  0.0000E+00  0.0000E+00  0.0000E+00  0.0000E+00
 6.6456E+01  0.0000E+00  0.0000E+00  0.0000E+00  0.0000E+00  0.0000E+00
 6.6965E+01  0.0000E+00  0.0000E+00  0.0000E+00  0.0000E+00  0.0000E+00
 6.7478E+01  0.0000E+00  0.0000E+00  0.0000E+00  0.0000E+00  0.0000E+00
 6.7994E+01  0.0000E+00  0.0000E+00  0.0000E+00  0.0000E+00  0.0000E+00
 6.8515E+01  0.0000E+00  0.0000E+00  0.0000E+00  0.0000E+00  0.0000E+00
 6.9040E+01  0.0000E+00  0.0000E+00  0.0000E+00  0.0000E+00  0.0000E+00
 6.9568E+01  0.0000E+00  0.0000E+00  0.0000E+00  0.0000E+00  0.0000E+00
 7.0101E+01  0.0000E+00  0.0000E+00  0.0000E+00  0.0000E+00  0.0000E+00
 7.0638E+01  0.0000E+00  0.0000E+00  0.0000E+00  0.0000E+00  0.0000E+00
 7.1179E+01  0.0000E+00  0.0000E+00  0.0000E+00  0.0000E+00  0.0000E+00
 7.1724E+01  0.0000E+00  0.0000E+00  0.0000E+00  0.0000E+00  0.0000E+00
 7.2273E+01  0.0000E+00  0.0000E+00  0.0000E+00  0.0000E+00  0.0000E+00
 7.2827E+01  0.0000E+00  0.0000E+00  0.0000E+00  0.0000E+00  0.0000E+00
 7.3385E+01  0.0000E+00  0.0000E+00  0.0000E+00  0.0000E+00  0.0000E+00
 7.3947E+01  0.0000E+00  0.0000E+00  0.0000E+00  0.0000E+00  0.0000E+00
 7.4513E+01  0.0000E+00  0.0000E+00  0.0000E+00  0.0000E+00  0.0000E+00
 7.5084E+01  0.0000E+00  0.0000E+00  0.0000E+00  0.0000E+00  0.0000E+00
 7.5659E+01  0.0000E+00  0.0000E+00  0.0000E+00  0.0000E+00  0.0000E+00
 7.6238E+01  0.0000E+00  0.0000E+00  0.0000E+00  0.0000E+00  0.0000E+00
 7.6822E+01  0.0000E+00  0.0000E+00  0.0000E+00  0.0000E+00  0.0000E+00
 7.7410E+01  0.0000E+00  0.0000E+00  0.0000E+00  0.0000E+00  0.0000E+00
 7.8003E+01  0.0000E+00  0.0000E+00  0.0000E+00  0.0000E+00  0.0000E+00
 7.8601E+01  0.0000E+00  0.0000E+00  0.0000E+00  0.0000E+00  0.0000E+00
 7.9202E+01  0.0000E+00  0.0000E+00  0.0000E+00  0.0000E+00  0.0000E+00
 7.9809E+01  0.0000E+00  0.0000E+00  0.0000E+00  0.0000E+00  0.0000E+00
 8.0420E+01  0.0000E+00  0.0000E+00  0.0000E+00  0.0000E+00  0.0000E+00
 8.1036E+01  0.0000E+00  0.0000E+00  0.0000E+00  0.0000E+00  0.0000E+00
 8.1657E+01  0.0000E+00  0.0000E+00  0.0000E+00  0.0000E+00  0.0000E+00
 8.2282E+01  0.0000E+00  0.0000E+00  0.0000E+00  0.0000E+00  0.0000E+00
 8.2912E+01  0.0000E+00  0.0000E+00  0.0000E+00  0.0000E+00  0.0000E+00
 8.3547E+01  0.0000E+00  0.0000E+00  0.0000E+00  0.0000E+00  0.0000E+00
 8.4187E+01  0.0000E+00  0.0000E+00  0.0000E+00  0.0000E+00  0.0000E+00
 8.4832E+01  0.0000E+00  0.0000E+00  0.0000E+00  0.0000E+00  0.0000E+00
 8.5481E+01  0.0000E+00  0.0000E+00  0.0000E+00  0.0000E+00  0.0000E+00
 8.6136E+01  0.0000E+00  0.0000E+00  0.0000E+00  0.0000E+00  0.0000E+00
 8.6796E+01  0.0000E+00  0.0000E+00  0.0000E+00  0.0000E+00  0.0000E+00
 8.7460E+01  0.0000E+00  0.0000E+00  0.0000E+00  0.0000E+00  0.0000E+00
 8.8130E+01  0.0000E+00  0.0000E+00  0.0000E+00  0.0000E+00  0.0000E+00
 8.8805E+01  0.0000E+00  0.0000E+00  0.0000E+00  0.0000E+00  0.0000E+00
 8.9485E+01  0.0000E+00  0.0000E+00  0.0000E+00  0.0000E+00  0.0000E+00
 9.0171E+01  0.0000E+00  0.0000E+00  0.0000E+00  0.0000E+00  0.0000E+00
 9.0861E+01  0.0000E+00  0.0000E+00  0.0000E+00  0.0000E+00  0.0000E+00
 9.1557E+01  0.0000E+00  0.0000E+00  0.0000E+00  0.0000E+00  0.0000E+00
 9.2258E+01  0.0000E+00  0.0000E+00  0.0000E+00  0.0000E+00  0.0000E+00
 9.2965E+01  0.0000E+00  0.0000E+00  0.0000E+00  0.0000E+00  0.0000E+00
 9.3677E+01  0.0000E+00  0.0000E+00  0.0000E+00  0.0000E+00  0.0000E+00
 9.4394E+01  0.0000E+00  0.0000E+00  0.0000E+00  0.0000E+00  0.0000E+00
 9.5117E+01  0.0000E+00  0.0000E+00  0.0000E+00  0.0000E+00  0.0000E+00
 9.5845E+01  0.0000E+00  0.0000E+00  0.0000E+00  0.0000E+00  0.0000E+00
 9.6579E+01  0.0000E+00  0.0000E+00  0.0000E+00  0.0000E+00  0.0000E+00
 9.7319E+01  0.0000E+00  0.0000E+00  0.0000E+00  0.0000E+00  0.0000E+00
 9.8064E+01  0.0000E+00  0.0000E+00  0.0000E+00  0.0000E+00  0.0000E+00
 9.8815E+01  0.0000E+00  0.0000E+00  0.0000E+00  0.0000E+00  0.0000E+00
 9.9572E+01  0.0000E+00  0.0000E+00  0.0000E+00  0.0000E+00  0.0000E+00
 1.0033E+02  0.0000E+00  0.0000E+00  0.0000E+00  0.0000E+00  0.0000E+00
 1.0110E+02  0.0000E+00  0.0000E+00  0.0000E+00  0.0000E+00  0.0000E+00
 1.0188E+02  0.0000E+00  0.0000E+00  0.0000E+00  0.0000E+00  0.0000E+00
 1.0266E+02  0.0000E+00  0.0000E+00  0.0000E+00  0.0000E+00  0.0000E+00
 1.0344E+02  0.0000E+00  0.0000E+00  0.0000E+00  0.0000E+00  0.0000E+00
 1.0424E+02  0.0000E+00  0.0000E+00  0.0000E+00  0.0000E+00  0.0000E+00
 1.0503E+02  0.0000E+00  0.0000E+00  0.0000E+00  0.0000E+00  0.0000E+00
 1.0584E+02  0.0000E+00  0.0000E+00  0.0000E+00  0.0000E+00  0.0000E+00
 1.0665E+02  0.0000E+00  0.0000E+00  0.0000E+00  0.0000E+00  0.0000E+00
 1.0747E+02  0.0000E+00  0.0000E+00  0.0000E+00  0.0000E+00  0.0000E+00
 1.0829E+02  0.0000E+00  0.0000E+00  0.0000E+00  0.0000E+00  0.0000E+00
 1.0912E+02  0.0000E+00  0.0000E+00  0.0000E+00  0.0000E+00  0.0000E+00
 1.0995E+02  0.0000E+00  0.0000E+00  0.0000E+00  0.0000E+00  0.0000E+00
 1.1080E+02  0.0000E+00  0.0000E+00  0.0000E+00  0.0000E+00  0.0000E+00
 1.1164E+02  0.0000E+00  0.0000E+00  0.0000E+00  0.0000E+00  0.0000E+00
 1.1250E+02  0.0000E+00  0.0000E+00  0.0000E+00  0.0000E+00  0.0000E+00
 1.1336E+02  0.0000E+00  0.0000E+00  0.0000E+00  0.0000E+00  0.0000E+00
 1.1423E+02  0.0000E+00  0.0000E+00  0.0000E+00  0.0000E+00  0.0000E+00
 1.1510E+02  0.0000E+00  0.0000E+00  0.0000E+00  0.0000E+00  0.0000E+00
 1.1599E+02  0.0000E+00  0.0000E+00  0.0000E+00  0.0000E+00  0.0000E+00
 1.1687E+02  0.0000E+00  0.0000E+00  0.0000E+00  0.0000E+00  0.0000E+00
 1.1777E+02  0.0000E+00  0.0000E+00  0.0000E+00  0.0000E+00  0.0000E+00
 1.1867E+02  0.0000E+00  0.0000E+00  0.0000E+00  0.0000E+00  0.0000E+00
 1.1958E+02  0.0000E+00  0.0000E+00  0.0000E+00  0.0000E+00  0.0000E+00
 1.2050E+02  0.0000E+00  0.0000E+00  0.0000E+00  0.0000E+00  0.0000E+00
 1.2142E+02  0.0000E+00  0.0000E+00  0.0000E+00  0.0000E+00  0.0000E+00
 1.2235E+02  0.0000E+00  0.0000E+00  0.0000E+00  0.0000E+00  0.0000E+00
 1.2329E+02  0.0000E+00  0.0000E+00  0.0000E+00  0.0000E+00  0.0000E+00
 1.2423E+02  0.0000E+00  0.0000E+00  0.0000E+00  0.0000E+00  0.0000E+00
 1.2518E+02  0.0000E+00  0.0000E+00  0.0000E+00  0.0000E+00  0.0000E+00
 1.2614E+02  0.0000E+00  0.0000E+00  0.0000E+00  0.0000E+00  0.0000E+00
 1.2711E+02  0.0000E+00  0.0000E+00  0.0000E+00  0.0000E+00  0.0000E+00
 1.2808E+02  0.0000E+00  0.0000E+00  0.0000E+00  0.0000E+00  0.0000E+00
 1.2906E+02  0.0000E+00  0.0000E+00  0.0000E+00  0.0000E+00  0.0000E+00
 1.3005E+02  0.0000E+00  0.0000E+00  0.0000E+00  0.0000E+00  0.0000E+00
 1.3104E+02  0.0000E+00  0.0000E+00  0.0000E+00  0.0000E+00  0.0000E+00
 1.3205E+02  0.0000E+00  0.0000E+00  0.0000E+00  0.0000E+00  0.0000E+00
 1.3306E+02  0.0000E+00  0.0000E+00  0.0000E+00  0.0000E+00  0.0000E+00
 1.3408E+02  0.0000E+00  0.0000E+00  0.0000E+00  0.0000E+00  0.0000E+00
 1.3510E+02  0.0000E+00  0.0000E+00  0.0000E+00  0.0000E+00  0.0000E+00
 1.3614E+02  0.0000E+00  0.0000E+00  0.0000E+00  0.0000E+00  0.0000E+00
 1.3718E+02  0.0000E+00  0.0000E+00  0.0000E+00  0.0000E+00  0.0000E+00
 1.3823E+02  0.0000E+00  0.0000E+00  0.0000E+00  0.0000E+00  0.0000E+00
 1.3929E+02  0.0000E+00  0.0000E+00  0.0000E+00  0.0000E+00  0.0000E+00
 1.4036E+02  0.0000E+00  0.0000E+00  0.0000E+00  0.0000E+00  0.0000E+00
 1.4143E+02  0.0000E+00  0.0000E+00  0.0000E+00  0.0000E+00  0.0000E+00
 1.4252E+02  0.0000E+00  0.0000E+00  0.0000E+00  0.0000E+00  0.0000E+00
 1.4361E+02  0.0000E+00  0.0000E+00  0.0000E+00  0.0000E+00  0.0000E+00
 1.4471E+02  5.1490E-02  2.1292E+01  5.6413E-02  4.6635E+01  1.0000E+00
 1.4582E+02  5.1498E-02  2.1133E+01  5.6413E-02  4.6281E+01  1.0000E+00
 1.4693E+02  5.1506E-02  2.0976E+01  5.6413E-02  4.5930E+01  1.0000E+00
 1.4806E+02  5.1514E-02  2.0820E+01  5.6414E-02  4.5581E+01  1.0000E+00
 1.4919E+02  5.1522E-02  2.0665E+01  5.6414E-02  4.5235E+01  1.0000E+00
 1.5033E+02  5.1530E-02  2.0511E+01  5.6414E-02  4.4892E+01  1.0000E+00
 1.5149E+02  5.1538E-02  2.0358E+01  5.6414E-02  4.4551E+01  1.0000E+00
 1.5265E+02  5.1546E-02  2.0206E+01  5.6415E-02  4.4213E+01  1.0000E+00
 1.5381E+02  5.1554E-02  2.0056E+01  5.6415E-02  4.3877E+01  1.0000E+00
 1.5499E+02  5.1562E-02  1.9907E+01  5.6415E-02  4.3544E+01  1.0000E+00
 1.5618E+02  5.1570E-02  1.9758E+01  5.6415E-02  4.3213E+01  1.0000E+00
 1.5738E+02  5.1579E-02  1.9611E+01  5.6416E-02  4.2885E+01  1.0000E+00
 1.5858E+02  5.1587E-02  1.9465E+01  5.6416E-02  4.2560E+01  1.0000E+00
 1.5980E+02  5.1595E-02  1.9321E+01  5.6416E-02  4.2237E+01  1.0000E+00
 1.6102E+02  5.1604E-02  1.9177E+01  5.6416E-02  4.1916E+01  1.0000E+00
 1.6225E+02  5.1612E-02  1.9034E+01  5.6417E-02  4.1598E+01  1.0000E+00
 1.6349E+02  5.1621E-02  1.8893E+01  5.6417E-02  4.1282E+01  1.0000E+00
 1.6475E+02  5.1629E-02  1.8752E+01  5.6417E-02  4.0969E+01  1.0000E+00
 1.6601E+02  5.1638E-02  1.8613E+01  5.6418E-02  4.0658E+01  1.0000E+00
 1.6728E+02  5.1646E-02  1.8474E+01  5.6418E-02  4.0349E+01  1.0000E+00
 1.6856E+02  5.1655E-02  1.8337E+01  5.6418E-02  4.0043E+01  1.0000E+00
 1.6985E+02  5.1664E-02  1.8201E+01  5.6418E-02  3.9739E+01  1.0000E+00
 1.7115E+02  5.1673E-02  1.8065E+01  5.6419E-02  3.9437E+01  1.0000E+00
 1.7246E+02  5.1682E-02  1.7931E+01  5.6419E-02  3.9138E+01  1.0000E+00
 1.7378E+02  5.1691E-02  1.7798E+01  5.6419E-02  3.8840E+01  1.0000E+00
 1.7511E+02  5.1700E-02  1.7666E+01  5.6420E-02  3.8546E+01  1.0000E+00
 1.7646E+02  5.1709E-02  1.7535E+01  5.6420E-02  3.8253E+01  1.0000E+00
 1.7781E+02  5.1718E-02  1.7404E+01  5.6420E-02  3.7963E+01  1.0000E+00
 1.7917E+02  5.1727E-02  1.7275E+01  5.6420E-02  3.7674E+01  1.0000E+00
 1.8054E+02  5.1736E-02  1.7147E+01  5.6421E-02  3.7388E+01  1.0000E+00
 1.8192E+02  5.1745E-02  1.7020E+01  5.6421E-02  3.7105E+01  1.0000E+00
 1.8332E+02  5.1755E-02  1.6893E+01  5.6421E-02  3.6823E+01  1.0000E+00
 1.8472E+02  5.1764E-02  1.6768E+01  5.6422E-02  3.6543E+01  1.0000E+00
 1.8614E+02  5.1774E-02  1.6643E+01  5.6422E-02  3.6266E+01  1.0000E+00
 1.8756E+02  5.1783E-02  1.6520E+01  5.6422E-02  3.5991E+01  1.0000E+00
 1.8900E+02  5.1793E-02  1.6397E+01  5.6423E-02  3.5717E+01  1.0000E+00
 1.9045E+02  5.1802E-02  1.6276E+01  5.6423E-02  3.5446E+01  1.0000E+00
 1.9190E+02  5.1812E-02  1.6155E+01  5.6423E-02  3.5177E+01  1.0000E+00
 1.9337E+02  5.1821E-02  1.6035E+01  5.6424E-02  3.4910E+01  1.0000E+00
 1.9485E+02  5.1831E-02  1.5916E+01  5.6424E-02  3.4645E+01  1.0000E+00
 1.9635E+02  5.1841E-02  1.5798E+01  5.6424E-02  3.4382E+01  1.0000E+00
 1.9785E+02  5.1851E-02  1.5681E+01  5.6425E-02  3.4121E+01  1.0000E+00
 1.9937E+02  5.1861E-02  1.5565E+01  5.6425E-02  3.3862E+01  1.0000E+00
 2.0089E+02  5.1871E-02  1.5450E+01  5.6425E-02  3.3605E+01  1.0000E+00
 2.0243E+02  5.1881E-02  1.5335E+01  5.6426E-02  3.3350E+01  1.0000E+00
 2.0398E+02  5.1891E-02  1.5221E+01  5.6426E-02  3.3097E+01  1.0000E+00
 2.0554E+02  5.1901E-02  1.5109E+01  5.6426E-02  3.2846E+01  1.0000E+00
 2.0712E+02  5.1911E-02  1.4997E+01  5.6427E-02  3.2596E+01  1.0000E+00
 2.0870E+02  5.1921E-02  1.4886E+01  5.6427E-02  3.2349E+01  1.0000E+00
 2.1030E+02  5.1931E-02  1.4775E+01  5.6427E-02  3.2103E+01  1.0000E+00
 2.1191E+02  5.1941E-02  1.4666E+01  5.6428E-02  3.1860E+01  1.0000E+00
 2.1354E+02  5.1952E-02  1.4557E+01  5.6428E-02  3.1618E+01  1.0000E+00
 2.1517E+02  5.1962E-02  1.4450E+01  5.6428E-02  3.1378E+01  1.0000E+00
 2.1682E+02  5.1973E-02  1.4343E+01  5.6429E-02  3.1139E+01  1.0000E+00
 2.1848E+02  5.1983E-02  1.4236E+01  5.6429E-02  3.0903E+01  1.0000E+00
 2.2015E+02  5.1994E-02  1.4131E+01  5.6429E-02  3.0669E+01  1.0000E+00
 2.2184E+02  5.2004E-02  1.4027E+01  5.6430E-02  3.0436E+01  1.0000E+00
 2.2354E+02  5.2015E-02  1.3923E+01  5.6430E-02  3.0205E+01  1.0000E+00
 2.2525E+02  5.2025E-02  1.3820E+01  5.6431E-02  2.9975E+01  1.0000E+00
 2.2697E+02  5.2036E-02  1.3717E+01  5.6431E-02  2.9748E+01  1.0000E+00
 2.2871E+02  5.2047E-02  1.3616E+01  5.6431E-02  2.9522E+01  1.0000E+00
 2.3046E+02  5.2058E-02  1.3515E+01  5.6432E-02  2.9298E+01  1.0000E+00
 2.3223E+02  5.2068E-02  1.3415E+01  5.6432E-02  2.9076E+01  1.0000E+00
 2.3401E+02  5.2079E-02  1.3316E+01  5.6433E-02  2.8855E+01  1.0000E+00
 2.3580E+02  5.2090E-02  1.3218E+01  5.6433E-02  2.8636E+01  1.0000E+00
 2.3761E+02  5.2101E-02  1.3120E+01  5.6433E-02  2.8418E+01  1.0000E+00
 2.3942E+02  5.2112E-02  1.3023E+01  5.6434E-02  2.8203E+01  1.0000E+00
 2.4126E+02  5.2123E-02  1.2927E+01  5.6434E-02  2.7989E+01  1.0000E+00
 2.4311E+02  5.2134E-02  1.2831E+01  5.6435E-02  2.7776E+01  1.0000E+00
 2.4497E+02  5.2145E-02  1.2736E+01  5.6435E-02  2.7565E+01  1.0000E+00
 2.4684E+02  5.2157E-02  1.2642E+01  5.6435E-02  2.7356E+01  1.0000E+00
 2.4873E+02  5.2168E-02  1.2549E+01  5.6436E-02  2.7149E+01  1.0000E+00
 2.5064E+02  5.2179E-02  1.2456E+01  5.6436E-02  2.6942E+01  1.0000E+00
 2.5256E+02  5.2190E-02  1.2364E+01  5.6437E-02  2.6738E+01  1.0000E+00
 2.5449E+02  5.2202E-02  1.2273E+01  5.6437E-02  2.6535E+01  1.0000E+00
 2.5644E+02  5.2213E-02  1.2182E+01  5.6437E-02  2.6334E+01  1.0000E+00
 2.5841E+02  5.2225E-02  1.2092E+01  5.6438E-02  2.6134E+01  1.0000E+00
 2.6038E+02  5.2236E-02  1.2003E+01  5.6438E-02  2.5935E+01  1.0000E+00
 2.6238E+02  5.2248E-02  1.1914E+01  5.6439E-02  2.5739E+01  1.0000E+00
 2.6439E+02  5.2259E-02  1.1826E+01  5.6439E-02  2.5543E+01  1.0000E+00
 2.6641E+02  5.2271E-02  1.1739E+01  5.6440E-02  2.5349E+01  1.0000E+00
 2.6845E+02  5.2283E-02  1.1652E+01  5.6440E-02  2.5157E+01  1.0000E+00
 2.7051E+02  5.2294E-02  1.1566E+01  5.6441E-02  2.4966E+01  1.0000E+00
 2.7258E+02  5.2306E-02  1.1481E+01  5.6441E-02  2.4776E+01  1.0000E+00
 2.7467E+02  5.2318E-02  1.1396E+01  5.6441E-02  2.4588E+01  1.0000E+00
 2.7677E+02  5.2330E-02  1.1312E+01  5.6442E-02  2.4402E+01  1.0000E+00
 2.7889E+02  5.2341E-02  1.1229E+01  5.6442E-02  2.4217E+01  1.0000E+00
 2.8103E+02  5.2353E-02  1.1146E+01  5.6443E-02  2.4033E+01  1.0000E+00
 2.8318E+02  5.2365E-02  1.1064E+01  5.6443E-02  2.3850E+01  1.0000E+00
 2.8535E+02  5.2377E-02  1.0982E+01  5.6444E-02  2.3669E+01  1.0000E+00
 2.8753E+02  5.2389E-02  1.0901E+01  5.6444E-02  2.3490E+01  1.0000E+00
 2.8974E+02  5.2401E-02  1.0821E+01  5.6445E-02  2.3311E+01  1.0000E+00
 2.9195E+02  5.2413E-02  1.0741E+01  5.6445E-02  2.3135E+01  1.0000E+00
 2.9419E+02  5.2426E-02  1.0662E+01  5.6446E-02  2.2959E+01  1.0000E+00
 2.9644E+02  5.2438E-02  1.0583E+01  5.6446E-02  2.2785E+01  1.0000E+00
 2.9871E+02  5.2450E-02  1.0505E+01  5.6447E-02  2.2612E+01  1.0000E+00
 3.0100E+02  5.2462E-02  1.0428E+01  5.6447E-02  2.2440E+01  1.0000E+00
 3.0331E+02  5.2474E-02  1.0351E+01  5.6448E-02  2.2270E+01  1.0000E+00
 3.0563E+02  5.2487E-02  1.0275E+01  5.6448E-02  2.2101E+01  1.0000E+00
 3.0797E+02  5.2499E-02  1.0199E+01  5.6449E-02  2.1933E+01  1.0000E+00
 3.1033E+02  5.2511E-02  1.0124E+01  5.6449E-02  2.1767E+01  1.0000E+00
 3.1271E+02  5.2524E-02  1.0049E+01  5.6450E-02  2.1602E+01  1.0000E+00
 3.1510E+02  5.2536E-02  9.9751E+00  5.6450E-02  2.1438E+01  1.0000E+00
 3.1751E+02  5.2549E-02  9.9016E+00  5.6451E-02  2.1275E+01  1.0000E+00
 3.1994E+02  5.2561E-02  9.8287E+00  5.6451E-02  2.1113E+01  1.0000E+00
 3.2240E+02  5.2573E-02  9.7563E+00  5.6452E-02  2.0953E+01  1.0000E+00
 3.2486E+02  5.2586E-02  9.6844E+00  5.6453E-02  2.0794E+01  1.0000E+00
 3.2735E+02  5.2598E-02  9.6131E+00  5.6453E-02  2.0636E+01  1.0000E+00
 3.2986E+02  5.2611E-02  9.5422E+00  5.6454E-02  2.0480E+01  1.0000E+00
 3.3239E+02  5.2623E-02  9.4720E+00  5.6454E-02  2.0324E+01  1.0000E+00
 3.3493E+02  5.2636E-02  9.4022E+00  5.6455E-02  2.0170E+01  1.0000E+00
 3.3750E+02  5.2649E-02  9.3329E+00  5.6455E-02  2.0017E+01  1.0000E+00
 3.4008E+02  5.2661E-02  9.2642E+00  5.6456E-02  1.9865E+01  1.0000E+00
 3.4268E+02  5.2674E-02  9.1960E+00  5.6457E-02  1.9714E+01  1.0000E+00
 3.4531E+02  5.2686E-02  9.1282E+00  5.6457E-02  1.9565E+01  1.0000E+00
 3.4795E+02  5.2699E-02  9.0610E+00  5.6458E-02  1.9416E+01  1.0000E+00
 3.5062E+02  5.2712E-02  8.9943E+00  5.6458E-02  1.9269E+01  1.0000E+00
 3.5330E+02  5.2725E-02  8.9281E+00  5.6459E-02  1.9123E+01  1.0000E+00
 3.5601E+02  5.2737E-02  8.8623E+00  5.6459E-02  1.8978E+01  1.0000E+00
 3.5874E+02  5.2750E-02  8.7971E+00  5.6460E-02  1.8834E+01  1.0000E+00
 3.6148E+02  5.2763E-02  8.7323E+00  5.6461E-02  1.8691E+01  1.0000E+00
 3.6425E+02  5.2776E-02  8.6680E+00  5.6461E-02  1.8549E+01  1.0000E+00
 3.6704E+02  5.2788E-02  8.6042E+00  5.6462E-02  1.8408E+01  1.0000E+00
 3.6985E+02  5.2801E-02  8.5408E+00  5.6463E-02  1.8269E+01  1.0000E+00
 3.7268E+02  5.2814E-02  8.4780E+00  5.6463E-02  1.8130E+01  1.0000E+00
 3.7554E+02  5.2827E-02  8.4156E+00  5.6464E-02  1.7992E+01  1.0000E+00
 3.7841E+02  5.2840E-02  8.3536E+00  5.6464E-02  1.7856E+01  1.0000E+00
 3.8131E+02  5.2853E-02  8.2921E+00  5.6465E-02  1.7720E+01  1.0000E+00
 3.8423E+02  5.2865E-02  8.2311E+00  5.6466E-02  1.7586E+01  1.0000E+00
 3.8718E+02  5.2878E-02  8.1705E+00  5.6466E-02  1.7453E+01  1.0000E+00
 3.9014E+02  5.2891E-02  8.1104E+00  5.6467E-02  1.7320E+01  1.0000E+00
 3.9313E+02  5.2904E-02  8.0507E+00  5.6468E-02  1.7189E+01  1.0000E+00
 3.9614E+02  5.2917E-02  7.9914E+00  5.6468E-02  1.7058E+01  1.0000E+00
 3.9917E+02  5.2930E-02  7.9326E+00  5.6469E-02  1.6929E+01  1.0000E+00
 4.0223E+02  5.2943E-02  7.8742E+00  5.6470E-02  1.6801E+01  1.0000E+00
 4.0531E+02  5.2956E-02  7.8163E+00  5.6470E-02  1.6673E+01  1.0000E+00
 4.0841E+02  5.2969E-02  7.7588E+00  5.6471E-02  1.6547E+01  1.0000E+00
 4.1154E+02  5.2982E-02  7.7017E+00  5.6472E-02  1.6421E+01  1.0000E+00
 4.1469E+02  5.2996E-02  7.6450E+00  5.6472E-02  1.6296E+01  1.0000E+00
 4.1787E+02  5.3009E-02  7.5888E+00  5.6473E-02  1.6173E+01  1.0000E+00
 4.2107E+02  5.3022E-02  7.5329E+00  5.6474E-02  1.6050E+01  1.0000E+00
 4.2429E+02  5.3035E-02  7.4775E+00  5.6475E-02  1.5928E+01  1.0000E+00
 4.2754E+02  5.3048E-02  7.4225E+00  5.6475E-02  1.5808E+01  1.0000E+00
 4.3082E+02  5.3061E-02  7.3679E+00  5.6476E-02  1.5688E+01  1.0000E+00
 4.3412E+02  5.3074E-02  7.3137E+00  5.6477E-02  1.5569E+01  1.0000E+00
 4.3744E+02  5.3088E-02  7.2599E+00  5.6477E-02  1.5451E+01  1.0000E+00
 4.4079E+02  5.3101E-02  7.2065E+00  5.6478E-02  1.5333E+01  1.0000E+00
 4.4417E+02  5.3114E-02  7.1535E+00  5.6479E-02  1.5217E+01  1.0000E+00
 4.4757E+02  5.3127E-02  7.1008E+00  5.6480E-02  1.5102E+01  1.0000E+00
 4.5100E+02  5.3141E-02  7.0486E+00  5.6480E-02  1.4987E+01  1.0000E+00
 4.5445E+02  5.3154E-02  6.9968E+00  5.6481E-02  1.4873E+01  1.0000E+00
 4.5793E+02  5.3167E-02  6.9453E+00  5.6482E-02  1.4761E+01  1.0000E+00
 4.6144E+02  5.3180E-02  6.8942E+00  5.6483E-02  1.4649E+01  1.0000E+00
 4.6497E+02  5.3194E-02  6.8435E+00  5.6484E-02  1.4537E+01  1.0000E+00
 4.6853E+02  5.3207E-02  6.7932E+00  5.6484E-02  1.4427E+01  1.0000E+00
 4.7212E+02  5.3220E-02  6.7432E+00  5.6485E-02  1.4318E+01  1.0000E+00
 4.7574E+02  5.3234E-02  6.6936E+00  5.6486E-02  1.4209E+01  1.0000E+00
 4.7938E+02  5.3247E-02  6.6444E+00  5.6487E-02  1.4101E+01  1.0000E+00
 4.8305E+02  5.3260E-02  6.5955E+00  5.6488E-02  1.3994E+01  1.0000E+00
 4.8675E+02  5.3274E-02  6.5470E+00  5.6488E-02  1.3888E+01  1.0000E+00
 4.9048E+02  5.3287E-02  6.4989E+00  5.6489E-02  1.3783E+01  1.0000E+00
 4.9424E+02  5.3301E-02  6.4511E+00  5.6490E-02  1.3678E+01  1.0000E+00
 4.9802E+02  5.3314E-02  6.4036E+00  5.6491E-02  1.3575E+01  1.0000E+00
 5.0183E+02  5.3328E-02  6.3565E+00  5.6492E-02  1.3472E+01  1.0000E+00
 5.0568E+02  5.3341E-02  6.3098E+00  5.6493E-02  1.3370E+01  1.0000E+00
 5.0955E+02  5.3354E-02  6.2634E+00  5.6493E-02  1.3268E+01  1.0000E+00
 5.1345E+02  5.3368E-02  6.2173E+00  5.6494E-02  1.3168E+01  1.0000E+00
 5.1738E+02  5.3381E-02  6.1716E+00  5.6495E-02  1.3068E+01  1.0000E+00
 5.2135E+02  5.3395E-02  6.1262E+00  5.6496E-02  1.2969E+01  1.0000E+00
 5.2534E+02  5.3408E-02  6.0812E+00  5.6497E-02  1.2870E+01  1.0000E+00
 5.2936E+02  5.3422E-02  6.0365E+00  5.6498E-02  1.2773E+01  1.0000E+00
 5.3342E+02  5.3435E-02  5.9921E+00  5.6499E-02  1.2676E+01  1.0000E+00
 5.3750E+02  5.3449E-02  5.9480E+00  5.6500E-02  1.2580E+01  1.0000E+00
 5.4162E+02  5.3463E-02  5.9043E+00  5.6500E-02  1.2484E+01  1.0000E+00
 5.4577E+02  5.3476E-02  5.8609E+00  5.6501E-02  1.2390E+01  1.0000E+00
 5.4995E+02  5.3490E-02  5.8178E+00  5.6502E-02  1.2296E+01  1.0000E+00
 5.5416E+02  5.3503E-02  5.7750E+00  5.6503E-02  1.2202E+01  1.0000E+00
 5.5840E+02  5.3517E-02  5.7326E+00  5.6504E-02  1.2110E+01  1.0000E+00
 5.6268E+02  5.3530E-02  5.6904E+00  5.6505E-02  1.2018E+01  1.0000E+00
 5.6699E+02  5.3544E-02  5.6486E+00  5.6506E-02  1.1927E+01  1.0000E+00
 5.7133E+02  5.3558E-02  5.6071E+00  5.6507E-02  1.1837E+01  1.0000E+00
 5.7571E+02  5.3571E-02  5.5658E+00  5.6508E-02  1.1747E+01  1.0000E+00
 5.8011E+02  5.3585E-02  5.5249E+00  5.6509E-02  1.1658E+01  1.0000E+00
 5.8456E+02  5.3599E-02  5.4843E+00  5.6510E-02  1.1569E+01  1.0000E+00
 5.8903E+02  5.3612E-02  5.4440E+00  5.6511E-02  1.1482E+01  1.0000E+00
 5.9354E+02  5.3626E-02  5.4040E+00  5.6512E-02  1.1395E+01  1.0000E+00
 5.9809E+02  5.3639E-02  5.3642E+00  5.6513E-02  1.1308E+01  1.0000E+00
 6.0267E+02  5.3653E-02  5.3248E+00  5.6514E-02  1.1222E+01  1.0000E+00
 6.0729E+02  5.3667E-02  5.2856E+00  5.6515E-02  1.1137E+01  1.0000E+00
 6.1194E+02  5.3680E-02  5.2468E+00  5.6516E-02  1.1053E+01  1.0000E+00
 6.1662E+02  5.3694E-02  5.2082E+00  5.6517E-02  1.0969E+01  1.0000E+00
 6.2135E+02  5.3708E-02  5.1699E+00  5.6518E-02  1.0886E+01  1.0000E+00
 6.2610E+02  5.3721E-02  5.1319E+00  5.6519E-02  1.0803E+01  1.0000E+00
 6.3090E+02  5.3735E-02  5.0941E+00  5.6520E-02  1.0722E+01  1.0000E+00
 6.3573E+02  5.3748E-02  5.0567E+00  5.6521E-02  1.0640E+01  1.0000E+00
 6.4060E+02  5.3762E-02  5.0195E+00  5.6522E-02  1.0560E+01  1.0000E+00
 6.4551E+02  5.3775E-02  4.9826E+00  5.6523E-02  1.0480E+01  1.0000E+00
 6.5045E+02  5.3789E-02  4.9459E+00  5.6524E-02  1.0400E+01  1.0000E+00
 6.5543E+02  5.3803E-02  4.9095E+00  5.6526E-02  1.0321E+01  1.0000E+00
 6.6045E+02  5.3816E-02  4.8734E+00  5.6527E-02  1.0243E+01  1.0000E+00
 6.6551E+02  5.3830E-02  4.8376E+00  5.6528E-02  1.0165E+01  1.0000E+00
 6.7060E+02  5.3843E-02  4.8020E+00  5.6529E-02  1.0088E+01  1.0000E+00
 6.7574E+02  5.3857E-02  4.7667E+00  5.6530E-02  1.0012E+01  1.0000E+00
 6.8092E+02  5.3870E-02  4.7316E+00  5.6531E-02  9.9360E+00  1.0000E+00
 6.8613E+02  5.3884E-02  4.6968E+00  5.6532E-02  9.8607E+00  1.0000E+00
 6.9138E+02  5.3897E-02  4.6623E+00  5.6534E-02  9.7860E+00  1.0000E+00
 6.9668E+02  5.3911E-02  4.6280E+00  5.6535E-02  9.7118E+00  1.0000E+00
 7.0201E+02  5.3924E-02  4.5939E+00  5.6536E-02  9.6382E+00  1.0000E+00
 7.0739E+02  5.3938E-02  4.5601E+00  5.6537E-02  9.5652E+00  1.0000E+00
 7.1281E+02  5.3951E-02  4.5266E+00  5.6538E-02  9.4927E+00  1.0000E+00
 7.1827E+02  5.3965E-02  4.4932E+00  5.6539E-02  9.4208E+00  1.0000E+00
 7.2377E+02  5.3978E-02  4.4602E+00  5.6541E-02  9.3494E+00  1.0000E+00
 7.2931E+02  5.3991E-02  4.4274E+00  5.6542E-02  9.2785E+00  1.0000E+00
 7.3490E+02  5.4005E-02  4.3948E+00  5.6543E-02  9.2082E+00  1.0000E+00
 7.4052E+02  5.4018E-02  4.3624E+00  5.6544E-02  9.1384E+00  1.0000E+00
 7.4620E+02  5.4032E-02  4.3303E+00  5.6546E-02  9.0692E+00  1.0000E+00
 7.5191E+02  5.4045E-02  4.2985E+00  5.6547E-02  9.0005E+00  1.0000E+00
 7.5767E+02  5.4058E-02  4.2668E+00  5.6548E-02  8.9323E+00  1.0000E+00
 7.6347E+02  5.4072E-02  4.2354E+00  5.6549E-02  8.8646E+00  1.0000E+00
 7.6932E+02  5.4085E-02  4.2042E+00  5.6551E-02  8.7974E+00  1.0000E+00
 7.7521E+02  5.4098E-02  4.1733E+00  5.6552E-02  8.7308E+00  1.0000E+00
 7.8115E+02  5.4112E-02  4.1426E+00  5.6553E-02  8.6646E+00  1.0000E+00
 7.8713E+02  5.4125E-02  4.1121E+00  5.6555E-02  8.5990E+00  1.0000E+00
 7.9316E+02  5.4138E-02  4.0818E+00  5.6556E-02  8.5339E+00  1.0000E+00
 7.9923E+02  5.4151E-02  4.0517E+00  5.6557E-02  8.4692E+00  1.0000E+00
 8.0535E+02  5.4165E-02  4.0219E+00  5.6559E-02  8.4050E+00  1.0000E+00
 8.1152E+02  5.4178E-02  3.9923E+00  5.6560E-02  8.3414E+00  1.0000E+00
 8.1774E+02  5.4191E-02  3.9629E+00  5.6561E-02  8.2782E+00  1.0000E+00
 8.2400E+02  5.4204E-02  3.9337E+00  5.6563E-02  8.2155E+00  1.0000E+00
 8.3031E+02  5.4218E-02  3.9047E+00  5.6564E-02  8.1532E+00  1.0000E+00
 8.3667E+02  5.4231E-02  3.8760E+00  5.6566E-02  8.0915E+00  1.0000E+00
 8.4307E+02  5.4244E-02  3.8474E+00  5.6567E-02  8.0302E+00  1.0000E+00
 8.4953E+02  5.4257E-02  3.8191E+00  5.6568E-02  7.9694E+00  1.0000E+00
 8.5604E+02  5.4270E-02  3.7909E+00  5.6570E-02  7.9090E+00  1.0000E+00
 8.6259E+02  5.4283E-02  3.7630E+00  5.6571E-02  7.8491E+00  1.0000E+00
 8.6920E+02  5.4296E-02  3.7353E+00  5.6573E-02  7.7897E+00  1.0000E+00
 8.7586E+02  5.4309E-02  3.7078E+00  5.6574E-02  7.7307E+00  1.0000E+00
 8.8256E+02  5.4322E-02  3.6805E+00  5.6576E-02  7.6721E+00  1.0000E+00
 8.8932E+02  5.4335E-02  3.6533E+00  5.6577E-02  7.6140E+00  1.0000E+00
 8.9613E+02  5.4348E-02  3.6264E+00  5.6579E-02  7.5564E+00  1.0000E+00
 9.0300E+02  5.4361E-02  3.5997E+00  5.6580E-02  7.4991E+00  1.0000E+00
 9.0991E+02  5.4374E-02  3.5732E+00  5.6582E-02  7.4423E+00  1.0000E+00
 9.1688E+02  5.4387E-02  3.5468E+00  5.6583E-02  7.3860E+00  1.0000E+00
 9.2390E+02  5.4400E-02  3.5207E+00  5.6585E-02  7.3301E+00  1.0000E+00
 9.3098E+02  5.4413E-02  3.4947E+00  5.6586E-02  7.2746E+00  1.0000E+00
 9.3811E+02  5.4426E-02  3.4690E+00  5.6588E-02  7.2195E+00  1.0000E+00
 9.4529E+02  5.4439E-02  3.4434E+00  5.6590E-02  7.1648E+00  1.0000E+00
 9.5253E+02  5.4452E-02  3.4180E+00  5.6591E-02  7.1106E+00  1.0000E+00
 9.5983E+02  5.4465E-02  3.3928E+00  5.6593E-02  7.0567E+00  1.0000E+00
 9.6718E+02  5.4478E-02  3.3678E+00  5.6594E-02  7.0033E+00  1.0000E+00
 9.7458E+02  5.4490E-02  3.3429E+00  5.6596E-02  6.9503E+00  1.0000E+00
 9.8205E+02  5.4503E-02  3.3183E+00  5.6598E-02  6.8977E+00  1.0000E+00
 9.8957E+02  5.4516E-02  3.2938E+00  5.6599E-02  6.8454E+00  1.0000E+00
 9.9715E+02  5.4529E-02  3.2695E+00  5.6601E-02  6.7936E+00  1.0000E+00
 1.0048E+03  5.4541E-02  3.2454E+00  5.6603E-02  6.7422E+00  1.0000E+00
 1.0125E+03  5.4554E-02  3.2215E+00  5.6605E-02  6.6912E+00  1.0000E+00
 1.0202E+03  5.4567E-02  3.1977E+00  5.6606E-02  6.6405E+00  1.0000E+00
 1.0280E+03  5.4579E-02  3.1741E+00  5.6608E-02  6.5902E+00  1.0000E+00
 1.0359E+03  5.4592E-02  3.1507E+00  5.6610E-02  6.5404E+00  1.0000E+00
 1.0439E+03  5.4604E-02  3.1274E+00  5.6611E-02  6.4909E+00  1.0000E+00
 1.0518E+03  5.4617E-02  3.1044E+00  5.6613E-02  6.4417E+00  1.0000E+00
 1.0599E+03  5.4630E-02  3.0815E+00  5.6615E-02  6.3930E+00  1.0000E+00
 1.0680E+03  5.4642E-02  3.0587E+00  5.6617E-02  6.3446E+00  1.0000E+00
 1.0762E+03  5.4655E-02  3.0361E+00  5.6619E-02  6.2966E+00  1.0000E+00
 1.0844E+03  5.4667E-02  3.0137E+00  5.6620E-02  6.2489E+00  1.0000E+00
 1.0927E+03  5.4680E-02  2.9915E+00  5.6622E-02  6.2016E+00  1.0000E+00
 1.1011E+03  5.4692E-02  2.9694E+00  5.6624E-02  6.1547E+00  1.0000E+00
 1.1095E+03  5.4704E-02  2.9475E+00  5.6626E-02  6.1081E+00  1.0000E+00
 1.1180E+03  5.4717E-02  2.9257E+00  5.6628E-02  6.0619E+00  1.0000E+00
 1.1266E+03  5.4729E-02  2.9041E+00  5.6630E-02  6.0161E+00  1.0000E+00
 1.1352E+03  5.4741E-02  2.8826E+00  5.6632E-02  5.9705E+00  1.0000E+00
 1.1439E+03  5.4754E-02  2.8614E+00  5.6634E-02  5.9254E+00  1.0000E+00
 1.1527E+03  5.4766E-02  2.8402E+00  5.6636E-02  5.8805E+00  1.0000E+00
 1.1615E+03  5.4778E-02  2.8192E+00  5.6637E-02  5.8361E+00  1.0000E+00
 1.1704E+03  5.4790E-02  2.7984E+00  5.6639E-02  5.7919E+00  1.0000E+00
 1.1794E+03  5.4803E-02  2.7777E+00  5.6641E-02  5.7481E+00  1.0000E+00
 1.1884E+03  5.4815E-02  2.7572E+00  5.6643E-02  5.7046E+00  1.0000E+00
 1.1975E+03  5.4827E-02  2.7368E+00  5.6645E-02  5.6615E+00  1.0000E+00
 1.2067E+03  5.4839E-02  2.7166E+00  5.6647E-02  5.6186E+00  1.0000E+00
 1.2159E+03  5.4851E-02  2.6965E+00  5.6650E-02  5.5761E+00  1.0000E+00
 1.2252E+03  5.4863E-02  2.6766E+00  5.6652E-02  5.5340E+00  1.0000E+00
 1.2346E+03  5.4875E-02  2.6568E+00  5.6654E-02  5.4921E+00  1.0000E+00
 1.2441E+03  5.4887E-02  2.6372E+00  5.6656E-02  5.4506E+00  1.0000E+00
 1.2536E+03  5.4899E-02  2.6177E+00  5.6658E-02  5.4093E+00  1.0000E+00
 1.2632E+03  5.4911E-02  2.5983E+00  5.6660E-02  5.3684E+00  1.0000E+00
 1.2729E+03  5.4923E-02  2.5791E+00  5.6662E-02  5.3278E+00  1.0000E+00
 1.2826E+03  5.4935E-02  2.5601E+00  5.6664E-02  5.2875E+00  1.0000E+00
 1.2924E+03  5.4947E-02  2.5411E+00  5.6666E-02  5.2476E+00  1.0000E+00
 1.3023E+03  5.4959E-02  2.5223E+00  5.6669E-02  5.2079E+00  1.0000E+00
 1.3123E+03  5.4971E-02  2.5037E+00  5.6671E-02  5.1685E+00  1.0000E+00
 1.3224E+03  5.4983E-02  2.4852E+00  5.6673E-02  5.1294E+00  1.0000E+00
 1.3325E+03  5.4995E-02  2.4668E+00  5.6675E-02  5.0907E+00  1.0000E+00
 1.3427E+03  5.5006E-02  2.4485E+00  5.6678E-02  5.0522E+00  1.0000E+00
 1.3530E+03  5.5018E-02  2.4304E+00  5.6680E-02  5.0140E+00  1.0000E+00
 1.3633E+03  5.5030E-02  2.4125E+00  5.6682E-02  4.9761E+00  1.0000E+00
 1.3738E+03  5.5042E-02  2.3946E+00  5.6684E-02  4.9385E+00  1.0000E+00
 1.3843E+03  5.5053E-02  2.3769E+00  5.6687E-02  4.9011E+00  1.0000E+00
 1.3949E+03  5.5065E-02  2.3593E+00  5.6689E-02  4.8641E+00  1.0000E+00
 1.4056E+03  5.5077E-02  2.3418E+00  5.6691E-02  4.8273E+00  1.0000E+00
 1.4164E+03  5.5089E-02  2.3245E+00  5.6694E-02  4.7908E+00  1.0000E+00
 1.4272E+03  5.5100E-02  2.3073E+00  5.6696E-02  4.7546E+00  1.0000E+00
 1.4381E+03  5.5112E-02  2.2902E+00  5.6699E-02  4.7187E+00  1.0000E+00
 1.4491E+03  5.5123E-02  2.2733E+00  5.6701E-02  4.6830E+00  1.0000E+00
 1.4602E+03  5.5135E-02  2.2565E+00  5.6704E-02  4.6476E+00  1.0000E+00
 1.4714E+03  5.5147E-02  2.2397E+00  5.6706E-02  4.6125E+00  1.0000E+00
 1.4827E+03  5.5158E-02  2.2232E+00  5.6709E-02  4.5777E+00  1.0000E+00
 1.4940E+03  5.5170E-02  2.2067E+00  5.6711E-02  4.5431E+00  1.0000E+00
 1.5055E+03  5.5181E-02  2.1904E+00  5.6714E-02  4.5088E+00  1.0000E+00
 1.5170E+03  5.5193E-02  2.1741E+00  5.6716E-02  4.4747E+00  1.0000E+00
 1.5286E+03  5.5204E-02  2.1580E+00  5.6719E-02  4.4409E+00  1.0000E+00
 1.5403E+03  5.5216E-02  2.1421E+00  5.6721E-02  4.4073E+00  1.0000E+00
 1.5521E+03  5.5227E-02  2.1262E+00  5.6724E-02  4.3740E+00  1.0000E+00
 1.5640E+03  5.5238E-02  2.1105E+00  5.6727E-02  4.3410E+00  1.0000E+00
 1.5760E+03  5.5250E-02  2.0948E+00  5.6729E-02  4.3082E+00  1.0000E+00
 1.5881E+03  5.5261E-02  2.0793E+00  5.6732E-02  4.2757E+00  1.0000E+00
 1.6002E+03  5.5272E-02  2.0639E+00  5.6735E-02  4.2434E+00  1.0000E+00
 1.6125E+03  5.5284E-02  2.0486E+00  5.6737E-02  4.2113E+00  1.0000E+00
 1.6248E+03  5.5295E-02  2.0334E+00  5.6740E-02  4.1795E+00  1.0000E+00
 1.6373E+03  5.5306E-02  2.0184E+00  5.6743E-02  4.1480E+00  1.0000E+00
 1.6498E+03  5.5318E-02  2.0034E+00  5.6746E-02  4.1166E+00  1.0000E+00
 1.6625E+03  5.5329E-02  1.9886E+00  5.6748E-02  4.0856E+00  1.0000E+00
 1.6752E+03  5.5340E-02  1.9738E+00  5.6751E-02  4.0547E+00  1.0000E+00
 1.6880E+03  5.5351E-02  1.9592E+00  5.6754E-02  4.0241E+00  1.0000E+00
 1.7009E+03  5.5363E-02  1.9447E+00  5.6757E-02  3.9937E+00  1.0000E+00
 1.7140E+03  5.5374E-02  1.9303E+00  5.6760E-02  3.9636E+00  1.0000E+00
 1.7271E+03  5.5385E-02  1.9159E+00  5.6763E-02  3.9337E+00  1.0000E+00
 1.7403E+03  5.5396E-02  1.9017E+00  5.6766E-02  3.9040E+00  1.0000E+00
 1.7537E+03  5.5407E-02  1.8876E+00  5.6769E-02  3.8745E+00  1.0000E+00
 1.7671E+03  5.5418E-02  1.8737E+00  5.6771E-02  3.8452E+00  1.0000E+00
 1.7806E+03  5.5429E-02  1.8598E+00  5.6774E-02  3.8162E+00  1.0000E+00
 1.7943E+03  5.5440E-02  1.8460E+00  5.6778E-02  3.7874E+00  1.0000E+00
 1.8080E+03  5.5452E-02  1.8323E+00  5.6781E-02  3.7588E+00  1.0000E+00
 1.8218E+03  5.5463E-02  1.8187E+00  5.6784E-02  3.7305E+00  1.0000E+00
 1.8358E+03  5.5474E-02  1.8052E+00  5.6787E-02  3.7023E+00  1.0000E+00
 1.8499E+03  5.5485E-02  1.7918E+00  5.6790E-02  3.6744E+00  1.0000E+00
 1.8640E+03  5.5496E-02  1.7785E+00  5.6793E-02  3.6467E+00  1.0000E+00
 1.8783E+03  5.5507E-02  1.7653E+00  5.6796E-02  3.6192E+00  1.0000E+00
 1.8927E+03  5.5518E-02  1.7522E+00  5.6799E-02  3.5919E+00  1.0000E+00
 1.9072E+03  5.5528E-02  1.7392E+00  5.6803E-02  3.5648E+00  1.0000E+00
 1.9218E+03  5.5539E-02  1.7263E+00  5.6806E-02  3.5379E+00  1.0000E+00
 1.9365E+03  5.5550E-02  1.7135E+00  5.6809E-02  3.5112E+00  1.0000E+00
 1.9513E+03  5.5561E-02  1.7008E+00  5.6812E-02  3.4847E+00  1.0000E+00
 1.9663E+03  5.5572E-02  1.6882E+00  5.6816E-02  3.4584E+00  1.0000E+00
 1.9813E+03  5.5583E-02  1.6757E+00  5.6819E-02  3.4323E+00  1.0000E+00
 1.9965E+03  5.5594E-02  1.6632E+00  5.6822E-02  3.4065E+00  1.0000E+00
 2.0118E+03  5.5605E-02  1.6509E+00  5.6826E-02  3.3808E+00  1.0000E+00
 2.0272E+03  5.5615E-02  1.6386E+00  5.6829E-02  3.3553E+00  1.0000E+00
 2.0427E+03  5.5626E-02  1.6265E+00  5.6833E-02  3.3300E+00  1.0000E+00
 2.0584E+03  5.5637E-02  1.6144E+00  5.6836E-02  3.3049E+00  1.0000E+00
 2.0741E+03  5.5648E-02  1.6024E+00  5.6839E-02  3.2800E+00  1.0000E+00
 2.0900E+03  5.5659E-02  1.5905E+00  5.6843E-02  3.2552E+00  1.0000E+00
 2.1060E+03  5.5669E-02  1.5787E+00  5.6847E-02  3.2307E+00  1.0000E+00
 2.1222E+03  5.5680E-02  1.5670E+00  5.6850E-02  3.2063E+00  1.0000E+00
 2.1384E+03  5.5691E-02  1.5554E+00  5.6854E-02  3.1822E+00  1.0000E+00
 2.1548E+03  5.5702E-02  1.5438E+00  5.6857E-02  3.1582E+00  1.0000E+00
 2.1713E+03  5.5713E-02  1.5324E+00  5.6861E-02  3.1344E+00  1.0000E+00
 2.1879E+03  5.5724E-02  1.5210E+00  5.6865E-02  3.1108E+00  1.0000E+00
 2.2047E+03  5.5735E-02  1.5097E+00  5.6868E-02  3.0873E+00  1.0000E+00
 2.2216E+03  5.5745E-02  1.4985E+00  5.6872E-02  3.0641E+00  1.0000E+00
 2.2386E+03  5.5756E-02  1.4874E+00  5.6876E-02  3.0410E+00  1.0000E+00
 2.2557E+03  5.5767E-02  1.4763E+00  5.6880E-02  3.0181E+00  1.0000E+00
 2.2730E+03  5.5778E-02  1.4654E+00  5.6884E-02  2.9953E+00  1.0000E+00
 2.2904E+03  5.5789E-02  1.4545E+00  5.6887E-02  2.9728E+00  1.0000E+00
 2.3079E+03  5.5800E-02  1.4437E+00  5.6891E-02  2.9504E+00  1.0000E+00
 2.3256E+03  5.5811E-02  1.4330E+00  5.6895E-02  2.9282E+00  1.0000E+00
 2.3434E+03  5.5822E-02  1.4223E+00  5.6899E-02  2.9061E+00  1.0000E+00
 2.3614E+03  5.5833E-02  1.4118E+00  5.6903E-02  2.8842E+00  1.0000E+00
 2.3794E+03  5.5844E-02  1.4013E+00  5.6907E-02  2.8625E+00  1.0000E+00
 2.3977E+03  5.5855E-02  1.3909E+00  5.6911E-02  2.8410E+00  1.0000E+00
 2.4160E+03  5.5866E-02  1.3806E+00  5.6915E-02  2.8196E+00  1.0000E+00
 2.4345E+03  5.5877E-02  1.3703E+00  5.6919E-02  2.7983E+00  1.0000E+00
 2.4532E+03  5.5888E-02  1.3602E+00  5.6924E-02  2.7773E+00  1.0000E+00
 2.4720E+03  5.5899E-02  1.3501E+00  5.6928E-02  2.7564E+00  1.0000E+00
 2.4909E+03  5.5910E-02  1.3401E+00  5.6932E-02  2.7356E+00  1.0000E+00
 2.5100E+03  5.5921E-02  1.3301E+00  5.6936E-02  2.7150E+00  1.0000E+00
 2.5292E+03  5.5932E-02  1.3202E+00  5.6940E-02  2.6946E+00  1.0000E+00
 2.5486E+03  5.5944E-02  1.3104E+00  5.6945E-02  2.6743E+00  1.0000E+00
 2.5681E+03  5.5955E-02  1.3007E+00  5.6949E-02  2.6542E+00  1.0000E+00
 2.5878E+03  5.5966E-02  1.2911E+00  5.6953E-02  2.6342E+00  1.0000E+00
 2.6076E+03  5.5977E-02  1.2815E+00  5.6958E-02  2.6144E+00  1.0000E+00
 2.6275E+03  5.5988E-02  1.2720E+00  5.6962E-02  2.5947E+00  1.0000E+00
 2.6477E+03  5.5999E-02  1.2625E+00  5.6967E-02  2.5752E+00  1.0000E+00
 2.6679E+03  5.6010E-02  1.2531E+00  5.6971E-02  2.5559E+00  1.0000E+00
 2.6884E+03  5.6021E-02  1.2438E+00  5.6976E-02  2.5366E+00  1.0000E+00
 2.7090E+03  5.6033E-02  1.2346E+00  5.6980E-02  2.5176E+00  1.0000E+00
 2.7297E+03  5.6044E-02  1.2254E+00  5.6985E-02  2.4986E+00  1.0000E+00
 2.7506E+03  5.6055E-02  1.2164E+00  5.6989E-02  2.4798E+00  1.0000E+00
 2.7717E+03  5.6066E-02  1.2073E+00  5.6994E-02  2.4612E+00  1.0000E+00
 2.7929E+03  5.6077E-02  1.1984E+00  5.6999E-02  2.4427E+00  1.0000E+00
 2.8143E+03  5.6088E-02  1.1895E+00  5.7004E-02  2.4243E+00  1.0000E+00
 2.8358E+03  5.6100E-02  1.1806E+00  5.7008E-02  2.4061E+00  1.0000E+00
 2.8576E+03  5.6111E-02  1.1719E+00  5.7013E-02  2.3880E+00  1.0000E+00
 2.8794E+03  5.6122E-02  1.1632E+00  5.7018E-02  2.3701E+00  1.0000E+00
 2.9015E+03  5.6133E-02  1.1545E+00  5.7023E-02  2.3523E+00  1.0000E+00
 2.9237E+03  5.6144E-02  1.1460E+00  5.7028E-02  2.3346E+00  1.0000E+00
 2.9461E+03  5.6156E-02  1.1375E+00  5.7033E-02  2.3171E+00  1.0000E+00
 2.9687E+03  5.6167E-02  1.1290E+00  5.7038E-02  2.2996E+00  1.0000E+00
 2.9914E+03  5.6178E-02  1.1206E+00  5.7043E-02  2.2824E+00  1.0000E+00
 3.0143E+03  5.6189E-02  1.1123E+00  5.7048E-02  2.2652E+00  1.0000E+00
 3.0374E+03  5.6201E-02  1.1041E+00  5.7053E-02  2.2482E+00  1.0000E+00
 3.0607E+03  5.6212E-02  1.0959E+00  5.7058E-02  2.2313E+00  1.0000E+00
 3.0841E+03  5.6223E-02  1.0877E+00  5.7063E-02  2.2146E+00  1.0000E+00
 3.1077E+03  5.6234E-02  1.0797E+00  5.7069E-02  2.1979E+00  1.0000E+00
 3.1315E+03  5.6246E-02  1.0716E+00  5.7074E-02  2.1814E+00  1.0000E+00
 3.1555E+03  5.6257E-02  1.0637E+00  5.7079E-02  2.1651E+00  1.0000E+00
 3.1797E+03  5.6268E-02  1.0558E+00  5.7085E-02  2.1488E+00  1.0000E+00
 3.2040E+03  5.6279E-02  1.0479E+00  5.7090E-02  2.1327E+00  1.0000E+00
 3.2286E+03  5.6291E-02  1.0402E+00  5.7096E-02  2.1167E+00  1.0000E+00
 3.2533E+03  5.6302E-02  1.0324E+00  5.7101E-02  2.1008E+00  1.0000E+00
 3.2782E+03  5.6313E-02  1.0248E+00  5.7107E-02  2.0850E+00  1.0000E+00
 3.3033E+03  5.6325E-02  1.0172E+00  5.7112E-02  2.0694E+00  1.0000E+00
 3.3286E+03  5.6336E-02  1.0096E+00  5.7118E-02  2.0539E+00  1.0000E+00
 3.3541E+03  5.6347E-02  1.0021E+00  5.7123E-02  2.0385E+00  1.0000E+00
 3.3798E+03  5.6358E-02  9.9467E-01  5.7129E-02  2.0232E+00  1.0000E+00
 3.4057E+03  5.6370E-02  9.8728E-01  5.7135E-02  2.0080E+00  1.0000E+00
 3.4317E+03  5.6381E-02  9.7995E-01  5.7141E-02  1.9929E+00  1.0000E+00
 3.4580E+03  5.6392E-02  9.7267E-01  5.7147E-02  1.9780E+00  1.0000E+00
 3.4845E+03  5.6404E-02  9.6545E-01  5.7152E-02  1.9632E+00  1.0000E+00
 3.5112E+03  5.6415E-02  9.5828E-01  5.7158E-02  1.9484E+00  1.0000E+00
 3.5381E+03  5.6426E-02  9.5116E-01  5.7164E-02  1.9338E+00  1.0000E+00
 3.5652E+03  5.6438E-02  9.4410E-01  5.7170E-02  1.9193E+00  1.0000E+00
 3.5925E+03  5.6449E-02  9.3709E-01  5.7176E-02  1.9049E+00  1.0000E+00
 3.6200E+03  5.6460E-02  9.3013E-01  5.7183E-02  1.8907E+00  1.0000E+00
 3.6477E+03  5.6472E-02  9.2322E-01  5.7189E-02  1.8765E+00  1.0000E+00
 3.6757E+03  5.6483E-02  9.1637E-01  5.7195E-02  1.8624E+00  1.0000E+00
 3.7038E+03  5.6495E-02  9.0956E-01  5.7201E-02  1.8485E+00  1.0000E+00
 3.7322E+03  5.6507E-02  9.0281E-01  5.7207E-02  1.8346E+00  1.0000E+00
 3.7608E+03  5.6518E-02  8.9611E-01  5.7214E-02  1.8209E+00  1.0000E+00
 3.7896E+03  5.6530E-02  8.8946E-01  5.7220E-02  1.8073E+00  1.0000E+00
 3.8186E+03  5.6541E-02  8.8285E-01  5.7227E-02  1.7937E+00  1.0000E+00
 3.8478E+03  5.6553E-02  8.7630E-01  5.7233E-02  1.7803E+00  1.0000E+00
 3.8773E+03  5.6565E-02  8.6979E-01  5.7240E-02  1.7670E+00  1.0000E+00
 3.9070E+03  5.6576E-02  8.6333E-01  5.7246E-02  1.7538E+00  1.0000E+00
 3.9369E+03  5.6588E-02  8.5692E-01  5.7253E-02  1.7406E+00  1.0000E+00
 3.9671E+03  5.6600E-02  8.5056E-01  5.7260E-02  1.7276E+00  1.0000E+00
 3.9974E+03  5.6611E-02  8.4425E-01  5.7266E-02  1.7147E+00  1.0000E+00
 4.0281E+03  5.6623E-02  8.3798E-01  5.7273E-02  1.7018E+00  1.0000E+00
 4.0589E+03  5.6635E-02  8.3176E-01  5.7280E-02  1.6891E+00  1.0000E+00
 4.0900E+03  5.6647E-02  8.2558E-01  5.7287E-02  1.6765E+00  1.0000E+00
 4.1213E+03  5.6658E-02  8.1945E-01  5.7294E-02  1.6639E+00  1.0000E+00
 4.1529E+03  5.6670E-02  8.1337E-01  5.7301E-02  1.6515E+00  1.0000E+00
 4.1847E+03  5.6682E-02  8.0733E-01  5.7308E-02  1.6391E+00  1.0000E+00
 4.2167E+03  5.6694E-02  8.0134E-01  5.7315E-02  1.6269E+00  1.0000E+00
 4.2490E+03  5.6706E-02  7.9539E-01  5.7322E-02  1.6147E+00  1.0000E+00
 4.2816E+03  5.6717E-02  7.8948E-01  5.7330E-02  1.6027E+00  1.0000E+00
 4.3143E+03  5.6729E-02  7.8362E-01  5.7337E-02  1.5907E+00  1.0000E+00
 4.3474E+03  5.6741E-02  7.7780E-01  5.7344E-02  1.5788E+00  1.0000E+00
 4.3807E+03  5.6753E-02  7.7203E-01  5.7352E-02  1.5670E+00  1.0000E+00
 4.4142E+03  5.6765E-02  7.6630E-01  5.7359E-02  1.5553E+00  1.0000E+00
 4.4480E+03  5.6777E-02  7.6061E-01  5.7367E-02  1.5437E+00  1.0000E+00
 4.4821E+03  5.6789E-02  7.5496E-01  5.7374E-02  1.5321E+00  1.0000E+00
 4.5164E+03  5.6801E-02  7.4936E-01  5.7382E-02  1.5207E+00  1.0000E+00
 4.5510E+03  5.6813E-02  7.4379E-01  5.7390E-02  1.5093E+00  1.0000E+00
 4.5859E+03  5.6825E-02  7.3827E-01  5.7397E-02  1.4981E+00  1.0000E+00
 4.6210E+03  5.6837E-02  7.3279E-01  5.7405E-02  1.4869E+00  1.0000E+00
 4.6564E+03  5.6849E-02  7.2735E-01  5.7413E-02  1.4758E+00  1.0000E+00
 4.6920E+03  5.6861E-02  7.2196E-01  5.7421E-02  1.4648E+00  1.0000E+00
 4.7280E+03  5.6874E-02  7.1660E-01  5.7429E-02  1.4539E+00  1.0000E+00
 4.7642E+03  5.6886E-02  7.1128E-01  5.7437E-02  1.4430E+00  1.0000E+00
 4.8007E+03  5.6898E-02  7.0600E-01  5.7445E-02  1.4322E+00  1.0000E+00
 4.8374E+03  5.6910E-02  7.0076E-01  5.7453E-02  1.4216E+00  1.0000E+00
 4.8745E+03  5.6923E-02  6.9556E-01  5.7462E-02  1.4110E+00  1.0000E+00
 4.9118E+03  5.6935E-02  6.9040E-01  5.7470E-02  1.4004E+00  1.0000E+00
 4.9494E+03  5.6947E-02  6.8527E-01  5.7478E-02  1.3900E+00  1.0000E+00
 4.9873E+03  5.6960E-02  6.8019E-01  5.7487E-02  1.3796E+00  1.0000E+00
 5.0255E+03  5.6972E-02  6.7514E-01  5.7495E-02  1.3694E+00  1.0000E+00
 5.0640E+03  5.6985E-02  6.7013E-01  5.7504E-02  1.3592E+00  1.0000E+00
 5.1028E+03  5.6997E-02  6.6516E-01  5.7513E-02  1.3490E+00  1.0000E+00
 5.1419E+03  5.7010E-02  6.6022E-01  5.7521E-02  1.3390E+00  1.0000E+00
 5.1812E+03  5.7022E-02  6.5533E-01  5.7530E-02  1.3290E+00  1.0000E+00
 5.2209E+03  5.7035E-02  6.5046E-01  5.7539E-02  1.3191E+00  1.0000E+00
 5.2609E+03  5.7048E-02  6.4564E-01  5.7548E-02  1.3093E+00  1.0000E+00
 5.3012E+03  5.7060E-02  6.4085E-01  5.7557E-02  1.2995E+00  1.0000E+00
 5.3418E+03  5.7073E-02  6.3610E-01  5.7566E-02  1.2899E+00  1.0000E+00
 5.3827E+03  5.7086E-02  6.3138E-01  5.7575E-02  1.2803E+00  1.0000E+00
 5.4239E+03  5.7099E-02  6.2669E-01  5.7584E-02  1.2707E+00  1.0000E+00
 5.4655E+03  5.7112E-02  6.2205E-01  5.7593E-02  1.2613E+00  1.0000E+00
 5.5073E+03  5.7124E-02  6.1743E-01  5.7603E-02  1.2519E+00  1.0000E+00
 5.5495E+03  5.7137E-02  6.1285E-01  5.7612E-02  1.2426E+00  1.0000E+00
 5.5920E+03  5.7150E-02  6.0831E-01  5.7622E-02  1.2333E+00  1.0000E+00
 5.6348E+03  5.7164E-02  6.0380E-01  5.7631E-02  1.2242E+00  1.0000E+00
 5.6780E+03  5.7177E-02  5.9932E-01  5.7641E-02  1.2151E+00  1.0000E+00
 5.7215E+03  5.7190E-02  5.9488E-01  5.7650E-02  1.2060E+00  1.0000E+00
 5.7653E+03  5.7203E-02  5.9047E-01  5.7660E-02  1.1971E+00  1.0000E+00
 5.8094E+03  5.7216E-02  5.8609E-01  5.7670E-02  1.1882E+00  1.0000E+00
 5.8539E+03  5.7230E-02  5.8175E-01  5.7680E-02  1.1794E+00  1.0000E+00
 5.8988E+03  5.7243E-02  5.7744E-01  5.7690E-02  1.1706E+00  1.0000E+00
 5.9439E+03  5.7256E-02  5.7316E-01  5.7700E-02  1.1619E+00  1.0000E+00
 5.9895E+03  5.7270E-02  5.6891E-01  5.7710E-02  1.1533E+00  1.0000E+00
 6.0353E+03  5.7283E-02  5.6469E-01  5.7721E-02  1.1447E+00  1.0000E+00
 6.0815E+03  5.7297E-02  5.6051E-01  5.7731E-02  1.1362E+00  1.0000E+00
 6.1281E+03  5.7310E-02  5.5636E-01  5.7741E-02  1.1278E+00  1.0000E+00
 6.1751E+03  5.7324E-02  5.5223E-01  5.7752E-02  1.1194E+00  1.0000E+00
 6.2223E+03  5.7338E-02  5.4814E-01  5.7762E-02  1.1111E+00  1.0000E+00
 6.2700E+03  5.7352E-02  5.4408E-01  5.7773E-02  1.1029E+00  1.0000E+00
 6.3180E+03  5.7366E-02  5.4005E-01  5.7784E-02  1.0947E+00  1.0000E+00
 6.3664E+03  5.7379E-02  5.3605E-01  5.7794E-02  1.0866E+00  1.0000E+00
 6.4152E+03  5.7393E-02  5.3208E-01  5.7805E-02  1.0785E+00  1.0000E+00
 6.4643E+03  5.7407E-02  5.2814E-01  5.7816E-02  1.0705E+00  1.0000E+00
 6.5138E+03  5.7422E-02  5.2423E-01  5.7827E-02  1.0626E+00  1.0000E+00
 6.5637E+03  5.7436E-02  5.2035E-01  5.7839E-02  1.0547E+00  1.0000E+00
 6.6139E+03  5.7450E-02  5.1650E-01  5.7850E-02  1.0469E+00  1.0000E+00
 6.6646E+03  5.7464E-02  5.1268E-01  5.7861E-02  1.0392E+00  1.0000E+00
 6.7156E+03  5.7479E-02  5.0888E-01  5.7873E-02  1.0315E+00  1.0000E+00
 6.7671E+03  5.7493E-02  5.0512E-01  5.7884E-02  1.0238E+00  1.0000E+00
 6.8189E+03  5.7507E-02  5.0138E-01  5.7896E-02  1.0162E+00  1.0000E+00
 6.8711E+03  5.7522E-02  4.9767E-01  5.7907E-02  1.0087E+00  1.0000E+00
 6.9237E+03  5.7537E-02  4.9399E-01  5.7919E-02  1.0013E+00  1.0000E+00
 6.9768E+03  5.7551E-02  4.9033E-01  5.7931E-02  9.9386E-01  1.0000E+00
 7.0302E+03  5.7566E-02  4.8670E-01  5.7943E-02  9.8651E-01  1.0000E+00
 7.0840E+03  5.7581E-02  4.8310E-01  5.7955E-02  9.7921E-01  1.0000E+00
 7.1383E+03  5.7596E-02  4.7953E-01  5.7967E-02  9.7198E-01  1.0000E+00
 7.1929E+03  5.7611E-02  4.7599E-01  5.7979E-02  9.6479E-01  1.0000E+00
 7.2480E+03  5.7626E-02  4.7247E-01  5.7992E-02  9.5766E-01  1.0000E+00
 7.3035E+03  5.7641E-02  4.6897E-01  5.8004E-02  9.5059E-01  1.0000E+00
 7.3595E+03  5.7656E-02  4.6551E-01  5.8017E-02  9.4357E-01  1.0000E+00
 7.4158E+03  5.7671E-02  4.6207E-01  5.8029E-02  9.3660E-01  1.0000E+00
 7.4726E+03  5.7687E-02  4.5865E-01  5.8042E-02  9.2968E-01  1.0000E+00
 7.5299E+03  5.7702E-02  4.5526E-01  5.8055E-02  9.2282E-01  1.0000E+00
 7.5875E+03  5.7718E-02  4.5190E-01  5.8068E-02  9.1601E-01  1.0000E+00
 7.6456E+03  5.7733E-02  4.4856E-01  5.8081E-02  9.0926E-01  1.0000E+00
 7.7042E+03  5.7749E-02  4.4524E-01  5.8094E-02  9.0255E-01  1.0000E+00
 7.7632E+03  5.7765E-02  4.4196E-01  5.8107E-02  8.9589E-01  1.0000E+00
 7.8226E+03  5.7781E-02  4.3869E-01  5.8120E-02  8.8929E-01  1.0000E+00
 7.8825E+03  5.7797E-02  4.3545E-01  5.8134E-02  8.8273E-01  1.0000E+00
 7.9429E+03  5.7813E-02  4.3224E-01  5.8147E-02  8.7623E-01  1.0000E+00
 8.0037E+03  5.7829E-02  4.2905E-01  5.8161E-02  8.6977E-01  1.0000E+00
 8.0650E+03  5.7845E-02  4.2588E-01  5.8175E-02  8.6337E-01  1.0000E+00
 8.1268E+03  5.7861E-02  4.2274E-01  5.8188E-02  8.5701E-01  1.0000E+00
 8.1890E+03  5.7877E-02  4.1962E-01  5.8202E-02  8.5070E-01  1.0000E+00
 8.2518E+03  5.7894E-02  4.1652E-01  5.8216E-02  8.4444E-01  1.0000E+00
 8.3150E+03  5.7910E-02  4.1345E-01  5.8231E-02  8.3822E-01  1.0000E+00
 8.3786E+03  5.7927E-02  4.1040E-01  5.8245E-02  8.3206E-01  1.0000E+00
 8.4428E+03  5.7944E-02  4.0737E-01  5.8259E-02  8.2594E-01  1.0000E+00
 8.5075E+03  5.7961E-02  4.0437E-01  5.8274E-02  8.1986E-01  1.0000E+00
 8.5726E+03  5.7978E-02  4.0139E-01  5.8288E-02  8.1384E-01  1.0000E+00
 8.6383E+03  5.7995E-02  3.9843E-01  5.8303E-02  8.0786E-01  1.0000E+00
 8.7044E+03  5.8012E-02  3.9549E-01  5.8318E-02  8.0192E-01  1.0000E+00
 8.7711E+03  5.8029E-02  3.9258E-01  5.8333E-02  7.9603E-01  1.0000E+00
 8.8383E+03  5.8046E-02  3.8968E-01  5.8348E-02  7.9018E-01  1.0000E+00
 8.9059E+03  5.8064E-02  3.8681E-01  5.8363E-02  7.8438E-01  1.0000E+00
 8.9741E+03  5.8081E-02  3.8396E-01  5.8379E-02  7.7863E-01  1.0000E+00
 9.0429E+03  5.8099E-02  3.8113E-01  5.8394E-02  7.7291E-01  1.0000E+00
 9.1121E+03  5.8116E-02  3.7833E-01  5.8410E-02  7.6724E-01  1.0000E+00
 9.1819E+03  5.8134E-02  3.7554E-01  5.8425E-02  7.6162E-01  1.0000E+00
 9.2522E+03  5.8152E-02  3.7278E-01  5.8441E-02  7.5603E-01  1.0000E+00
 9.3231E+03  5.8170E-02  3.7003E-01  5.8457E-02  7.5049E-01  1.0000E+00
 9.3945E+03  5.8188E-02  3.6731E-01  5.8473E-02  7.4499E-01  1.0000E+00
 9.4664E+03  5.8207E-02  3.6461E-01  5.8489E-02  7.3953E-01  1.0000E+00
 9.5389E+03  5.8225E-02  3.6192E-01  5.8505E-02  7.3412E-01  1.0000E+00
 9.6120E+03  5.8244E-02  3.5926E-01  5.8522E-02  7.2874E-01  1.0000E+00
 9.6856E+03  5.8262E-02  3.5662E-01  5.8538E-02  7.2341E-01  1.0000E+00
 9.7598E+03  5.8281E-02  3.5400E-01  5.8555E-02  7.1812E-01  1.0000E+00
 9.8345E+03  5.8300E-02  3.5140E-01  5.8572E-02  7.1286E-01  1.0000E+00
 9.9098E+03  5.8319E-02  3.4881E-01  5.8589E-02  7.0765E-01  1.0000E+00
 9.9857E+03  5.8338E-02  3.4625E-01  5.8606E-02  7.0248E-01  1.0000E+00
 1.0062E+04  5.8357E-02  3.4371E-01  5.8623E-02  6.9734E-01  1.0000E+00
 1.0139E+04  5.8376E-02  3.4118E-01  5.8640E-02  6.9225E-01  1.0000E+00
 1.0217E+04  5.8395E-02  3.3867E-01  5.8658E-02  6.8719E-01  1.0000E+00
 1.0295E+04  5.8415E-02  3.3619E-01  5.8676E-02  6.8217E-01  1.0000E+00
 1.0374E+04  5.8435E-02  3.3372E-01  5.8693E-02  6.7719E-01  1.0000E+00
 1.0453E+04  5.8454E-02  3.3127E-01  5.8711E-02  6.7225E-01  1.0000E+00
 1.0533E+04  5.8474E-02  3.2884E-01  5.8729E-02  6.6735E-01  1.0000E+00
 1.0614E+04  5.8494E-02  3.2643E-01  5.8747E-02  6.6248E-01  1.0000E+00
 1.0695E+04  5.8515E-02  3.2403E-01  5.8766E-02  6.5765E-01  1.0000E+00
 1.0777E+04  5.8535E-02  3.2165E-01  5.8784E-02  6.5286E-01  1.0000E+00
 1.0860E+04  5.8555E-02  3.1929E-01  5.8803E-02  6.4810E-01  1.0000E+00
 1.0943E+04  5.8576E-02  3.1695E-01  5.8822E-02  6.4338E-01  1.0000E+00
 1.1027E+04  5.8596E-02  3.1463E-01  5.8840E-02  6.3869E-01  1.0000E+00
 1.1111E+04  5.8617E-02  3.1232E-01  5.8859E-02  6.3404E-01  1.0000E+00
 1.1196E+04  5.8638E-02  3.1004E-01  5.8879E-02  6.2943E-01  1.0000E+00
 1.1282E+04  5.8659E-02  3.0776E-01  5.8898E-02  6.2485E-01  1.0000E+00
 1.1369E+04  5.8681E-02  3.0551E-01  5.8917E-02  6.2031E-01  1.0000E+00
 1.1456E+04  5.8702E-02  3.0327E-01  5.8937E-02  6.1580E-01  1.0000E+00
 1.1543E+04  5.8723E-02  3.0105E-01  5.8957E-02  6.1132E-01  1.0000E+00
 1.1632E+04  5.8745E-02  2.9885E-01  5.8977E-02  6.0688E-01  1.0000E+00
 1.1721E+04  5.8767E-02  2.9666E-01  5.8997E-02  6.0248E-01  1.0000E+00
 1.1811E+04  5.8789E-02  2.9449E-01  5.9017E-02  5.9810E-01  1.0000E+00
 1.1901E+04  5.8811E-02  2.9234E-01  5.9038E-02  5.9376E-01  1.0000E+00
 1.1992E+04  5.8833E-02  2.9020E-01  5.9058E-02  5.8946E-01  1.0000E+00
 1.2084E+04  5.8855E-02  2.8808E-01  5.9079E-02  5.8518E-01  1.0000E+00
 1.2177E+04  5.8878E-02  2.8597E-01  5.9100E-02  5.8094E-01  1.0000E+00
 1.2270E+04  5.8901E-02  2.8388E-01  5.9121E-02  5.7673E-01  1.0000E+00
 1.2364E+04  5.8923E-02  2.8181E-01  5.9142E-02  5.7255E-01  1.0000E+00
 1.2458E+04  5.8946E-02  2.7975E-01  5.9164E-02  5.6841E-01  1.0000E+00
 1.2554E+04  5.8970E-02  2.7771E-01  5.9185E-02  5.6429E-01  1.0000E+00
 1.2650E+04  5.8993E-02  2.7568E-01  5.9207E-02  5.6021E-01  1.0000E+00
 1.2747E+04  5.9016E-02  2.7367E-01  5.9229E-02  5.5616E-01  1.0000E+00
 1.2845E+04  5.9040E-02  2.7167E-01  5.9251E-02  5.5214E-01  1.0000E+00
 1.2943E+04  5.9064E-02  2.6969E-01  5.9273E-02  5.4815E-01  1.0000E+00
 1.3042E+04  5.9088E-02  2.6772E-01  5.9296E-02  5.4419E-01  1.0000E+00
 1.3142E+04  5.9112E-02  2.6577E-01  5.9318E-02  5.4026E-01  1.0000E+00
 1.3243E+04  5.9136E-02  2.6383E-01  5.9341E-02  5.3636E-01  1.0000E+00
 1.3344E+04  5.9161E-02  2.6191E-01  5.9364E-02  5.3248E-01  1.0000E+00
 1.3446E+04  5.9185E-02  2.6000E-01  5.9387E-02  5.2864E-01  1.0000E+00
 1.3549E+04  5.9210E-02  2.5811E-01  5.9410E-02  5.2483E-01  1.0000E+00
 1.3653E+04  5.9235E-02  2.5623E-01  5.9434E-02  5.2105E-01  1.0000E+00
 1.3757E+04  5.9260E-02  2.5437E-01  5.9458E-02  5.1730E-01  1.0000E+00
 1.3863E+04  5.9285E-02  2.5251E-01  5.9481E-02  5.1357E-01  1.0000E+00
 1.3969E+04  5.9311E-02  2.5068E-01  5.9506E-02  5.0987E-01  1.0000E+00
 1.4076E+04  5.9336E-02  2.4885E-01  5.9530E-02  5.0620E-01  1.0000E+00
 1.4184E+04  5.9362E-02  2.4704E-01  5.9554E-02  5.0256E-01  1.0000E+00
 1.4292E+04  5.9388E-02  2.4525E-01  5.9579E-02  4.9895E-01  1.0000E+00
 1.4402E+04  5.9414E-02  2.4347E-01  5.9604E-02  4.9536E-01  1.0000E+00
 1.4512E+04  5.9441E-02  2.4170E-01  5.9629E-02  4.9181E-01  1.0000E+00
 1.4623E+04  5.9467E-02  2.3994E-01  5.9654E-02  4.8827E-01  1.0000E+00
 1.4735E+04  5.9494E-02  2.3820E-01  5.9679E-02  4.8477E-01  1.0000E+00
 1.4848E+04  5.9521E-02  2.3647E-01  5.9705E-02  4.8129E-01  1.0000E+00
 1.4962E+04  5.9548E-02  2.3476E-01  5.9731E-02  4.7784E-01  1.0000E+00
 1.5076E+04  5.9576E-02  2.3305E-01  5.9757E-02  4.7442E-01  1.0000E+00
 1.5192E+04  5.9603E-02  2.3136E-01  5.9783E-02  4.7102E-01  1.0000E+00
 1.5308E+04  5.9631E-02  2.2968E-01  5.9810E-02  4.6764E-01  1.0000E+00
 1.5425E+04  5.9659E-02  2.2802E-01  5.9836E-02  4.6430E-01  1.0000E+00
 1.5544E+04  5.9687E-02  2.2637E-01  5.9863E-02  4.6098E-01  1.0000E+00
 1.5663E+04  5.9715E-02  2.2473E-01  5.9890E-02  4.5768E-01  1.0000E+00
 1.5783E+04  5.9744E-02  2.2310E-01  5.9917E-02  4.5441E-01  1.0000E+00
 1.5903E+04  5.9773E-02  2.2149E-01  5.9945E-02  4.5116E-01  1.0000E+00
 1.6025E+04  5.9801E-02  2.1988E-01  5.9973E-02  4.4794E-01  1.0000E+00
 1.6148E+04  5.9831E-02  2.1829E-01  6.0001E-02  4.4474E-01  1.0000E+00
 1.6272E+04  5.9860E-02  2.1671E-01  6.0029E-02  4.4157E-01  1.0000E+00
 1.6396E+04  5.9890E-02  2.1515E-01  6.0057E-02  4.3842E-01  1.0000E+00
 1.6522E+04  5.9919E-02  2.1359E-01  6.0086E-02  4.3529E-01  1.0000E+00
 1.6648E+04  5.9949E-02  2.1205E-01  6.0114E-02  4.3219E-01  1.0000E+00
 1.6776E+04  5.9980E-02  2.1052E-01  6.0144E-02  4.2912E-01  1.0000E+00
 1.6904E+04  6.0010E-02  2.0900E-01  6.0173E-02  4.2606E-01  1.0000E+00
 1.7034E+04  6.0041E-02  2.0749E-01  6.0202E-02  4.2303E-01  1.0000E+00
 1.7164E+04  6.0072E-02  2.0599E-01  6.0232E-02  4.2002E-01  1.0000E+00
 1.7296E+04  6.0103E-02  2.0451E-01  6.0262E-02  4.1704E-01  1.0000E+00
 1.7428E+04  6.0134E-02  2.0303E-01  6.0292E-02  4.1408E-01  1.0000E+00
 1.7562E+04  6.0166E-02  2.0157E-01  6.0323E-02  4.1114E-01  1.0000E+00
 1.7696E+04  6.0198E-02  2.0012E-01  6.0353E-02  4.0822E-01  1.0000E+00
 1.7832E+04  6.0230E-02  1.9868E-01  6.0384E-02  4.0533E-01  1.0000E+00
 1.7968E+04  6.0262E-02  1.9725E-01  6.0416E-02  4.0245E-01  1.0000E+00
 1.8106E+04  6.0294E-02  1.9583E-01  6.0447E-02  3.9960E-01  1.0000E+00
 1.8244E+04  6.0327E-02  1.9442E-01  6.0479E-02  3.9677E-01  1.0000E+00
 1.8384E+04  6.0360E-02  1.9302E-01  6.0511E-02  3.9397E-01  1.0000E+00
 1.8525E+04  6.0393E-02  1.9163E-01  6.0543E-02  3.9118E-01  1.0000E+00
 1.8667E+04  6.0427E-02  1.9026E-01  6.0575E-02  3.8841E-01  1.0000E+00
 1.8810E+04  6.0461E-02  1.8889E-01  6.0608E-02  3.8567E-01  1.0000E+00
 1.8954E+04  6.0495E-02  1.8753E-01  6.0641E-02  3.8295E-01  1.0000E+00
 1.9099E+04  6.0529E-02  1.8619E-01  6.0674E-02  3.8025E-01  1.0000E+00
 1.9245E+04  6.0563E-02  1.8485E-01  6.0708E-02  3.7756E-01  1.0000E+00
 1.9393E+04  6.0598E-02  1.8353E-01  6.0741E-02  3.7490E-01  1.0000E+00
 1.9541E+04  6.0633E-02  1.8221E-01  6.0775E-02  3.7226E-01  1.0000E+00
 1.9691E+04  6.0669E-02  1.8091E-01  6.0810E-02  3.6964E-01  1.0000E+00
 1.9842E+04  6.0704E-02  1.7961E-01  6.0844E-02  3.6704E-01  1.0000E+00
 1.9994E+04  6.0740E-02  1.7832E-01  6.0879E-02  3.6446E-01  1.0000E+00
 2.0147E+04  6.0776E-02  1.7705E-01  6.0914E-02  3.6190E-01  1.0000E+00
 2.0301E+04  6.0812E-02  1.7578E-01  6.0950E-02  3.5936E-01  1.0000E+00
 2.0456E+04  6.0849E-02  1.7453E-01  6.0985E-02  3.5683E-01  1.0000E+00
 2.0613E+04  6.0886E-02  1.7328E-01  6.1021E-02  3.5433E-01  1.0000E+00
 2.0771E+04  6.0923E-02  1.7204E-01  6.1058E-02  3.5185E-01  1.0000E+00
 2.0930E+04  6.0961E-02  1.7081E-01  6.1094E-02  3.4938E-01  1.0000E+00
 2.1090E+04  6.0998E-02  1.6959E-01  6.1131E-02  3.4693E-01  1.0000E+00
 2.1252E+04  6.1036E-02  1.6838E-01  6.1168E-02  3.4451E-01  1.0000E+00
 2.1415E+04  6.1075E-02  1.6718E-01  6.1205E-02  3.4210E-01  1.0000E+00
 2.1579E+04  6.1113E-02  1.6599E-01  6.1243E-02  3.3971E-01  1.0000E+00
 2.1744E+04  6.1152E-02  1.6481E-01  6.1281E-02  3.3733E-01  1.0000E+00
 2.1910E+04  6.1192E-02  1.6363E-01  6.1319E-02  3.3498E-01  1.0000E+00
 2.2078E+04  6.1231E-02  1.6247E-01  6.1358E-02  3.3264E-01  1.0000E+00
 2.2247E+04  6.1271E-02  1.6131E-01  6.1397E-02  3.3032E-01  1.0000E+00
 2.2418E+04  6.1311E-02  1.6016E-01  6.1436E-02  3.2802E-01  1.0000E+00
 2.2589E+04  6.1351E-02  1.5903E-01  6.1476E-02  3.2574E-01  1.0000E+00
 2.2762E+04  6.1392E-02  1.5790E-01  6.1516E-02  3.2347E-01  1.0000E+00
 2.2937E+04  6.1433E-02  1.5677E-01  6.1556E-02  3.2123E-01  1.0000E+00
 2.3112E+04  6.1475E-02  1.5566E-01  6.1596E-02  3.1899E-01  1.0000E+00
 2.3289E+04  6.1516E-02  1.5456E-01  6.1637E-02  3.1678E-01  1.0000E+00
 2.3468E+04  6.1558E-02  1.5346E-01  6.1678E-02  3.1458E-01  1.0000E+00
 2.3647E+04  6.1601E-02  1.5237E-01  6.1720E-02  3.1240E-01  1.0000E+00
 2.3829E+04  6.1643E-02  1.5129E-01  6.1762E-02  3.1024E-01  1.0000E+00
 2.4011E+04  6.1686E-02  1.5022E-01  6.1804E-02  3.0809E-01  1.0000E+00
 2.4195E+04  6.1729E-02  1.4916E-01  6.1846E-02  3.0596E-01  1.0000E+00
 2.4380E+04  6.1773E-02  1.4810E-01  6.1889E-02  3.0384E-01  1.0000E+00
 2.4567E+04  6.1817E-02  1.4706E-01  6.1932E-02  3.0174E-01  1.0000E+00
 2.4755E+04  6.1861E-02  1.4602E-01  6.1976E-02  2.9966E-01  1.0000E+00
 2.4945E+04  6.1906E-02  1.4499E-01  6.2020E-02  2.9759E-01  1.0000E+00
 2.5136E+04  6.1951E-02  1.4396E-01  6.2064E-02  2.9554E-01  1.0000E+00
 2.5328E+04  6.1996E-02  1.4295E-01  6.2109E-02  2.9351E-01  1.0000E+00
 2.5522E+04  6.2042E-02  1.4194E-01  6.2153E-02  2.9149E-01  1.0000E+00
 2.5718E+04  6.2088E-02  1.4094E-01  6.2199E-02  2.8948E-01  1.0000E+00
 2.5915E+04  6.2135E-02  1.3995E-01  6.2244E-02  2.8749E-01  1.0000E+00
 2.6113E+04  6.2181E-02  1.3896E-01  6.2290E-02  2.8552E-01  1.0000E+00
 2.6313E+04  6.2229E-02  1.3798E-01  6.2337E-02  2.8356E-01  1.0000E+00
 2.6515E+04  6.2276E-02  1.3701E-01  6.2384E-02  2.8162E-01  1.0000E+00
 2.6718E+04  6.2324E-02  1.3605E-01  6.2431E-02  2.7969E-01  1.0000E+00
 2.6922E+04  6.2372E-02  1.3509E-01  6.2478E-02  2.7777E-01  1.0000E+00
 2.7128E+04  6.2421E-02  1.3414E-01  6.2526E-02  2.7587E-01  1.0000E+00
 2.7336E+04  6.2470E-02  1.3320E-01  6.2574E-02  2.7399E-01  1.0000E+00
 2.7545E+04  6.2519E-02  1.3227E-01  6.2623E-02  2.7212E-01  1.0000E+00
 2.7756E+04  6.2569E-02  1.3134E-01  6.2672E-02  2.7026E-01  1.0000E+00
 2.7969E+04  6.2619E-02  1.3042E-01  6.2722E-02  2.6842E-01  1.0000E+00
 2.8183E+04  6.2670E-02  1.2951E-01  6.2772E-02  2.6659E-01  1.0000E+00
 2.8399E+04  6.2721E-02  1.2860E-01  6.2822E-02  2.6478E-01  1.0000E+00
 2.8617E+04  6.2772E-02  1.2770E-01  6.2872E-02  2.6298E-01  1.0000E+00
 2.8836E+04  6.2824E-02  1.2681E-01  6.2924E-02  2.6119E-01  1.0000E+00
 2.9056E+04  6.2876E-02  1.2592E-01  6.2975E-02  2.5942E-01  1.0000E+00
 2.9279E+04  6.2929E-02  1.2505E-01  6.3027E-02  2.5766E-01  1.0000E+00
 2.9503E+04  6.2982E-02  1.2417E-01  6.3079E-02  2.5591E-01  1.0000E+00
 2.9729E+04  6.3035E-02  1.2331E-01  6.3132E-02  2.5418E-01  1.0000E+00
 2.9957E+04  6.3089E-02  1.2245E-01  6.3185E-02  2.5246E-01  1.0000E+00
 3.0186E+04  6.3143E-02  1.2160E-01  6.3239E-02  2.5075E-01  1.0000E+00
 3.0417E+04  6.3198E-02  1.2075E-01  6.3293E-02  2.4906E-01  1.0000E+00
 3.0650E+04  6.3253E-02  1.1991E-01  6.3347E-02  2.4738E-01  1.0000E+00
 3.0885E+04  6.3308E-02  1.1908E-01  6.3402E-02  2.4571E-01  1.0000E+00
 3.1122E+04  6.3364E-02  1.1825E-01  6.3458E-02  2.4406E-01  1.0000E+00
 3.1360E+04  6.3421E-02  1.1743E-01  6.3513E-02  2.4242E-01  1.0000E+00
 3.1600E+04  6.3478E-02  1.1661E-01  6.3570E-02  2.4079E-01  1.0000E+00
 3.1842E+04  6.3535E-02  1.1581E-01  6.3626E-02  2.3917E-01  1.0000E+00
 3.2086E+04  6.3593E-02  1.1500E-01  6.3684E-02  2.3757E-01  1.0000E+00
 3.2332E+04  6.3651E-02  1.1421E-01  6.3741E-02  2.3597E-01  1.0000E+00
 3.2579E+04  6.3710E-02  1.1342E-01  6.3799E-02  2.3439E-01  1.0000E+00
 3.2829E+04  6.3769E-02  1.1263E-01  6.3858E-02  2.3283E-01  1.0000E+00
 3.3080E+04  6.3829E-02  1.1185E-01  6.3917E-02  2.3127E-01  1.0000E+00
 3.3334E+04  6.3889E-02  1.1108E-01  6.3976E-02  2.2973E-01  1.0000E+00
 3.3589E+04  6.3949E-02  1.1032E-01  6.4037E-02  2.2819E-01  1.0000E+00
 3.3846E+04  6.4010E-02  1.0956E-01  6.4097E-02  2.2667E-01  1.0000E+00
 3.4105E+04  6.4072E-02  1.0880E-01  6.4158E-02  2.2516E-01  1.0000E+00
 3.4367E+04  6.4134E-02  1.0805E-01  6.4220E-02  2.2367E-01  1.0000E+00
 3.4630E+04  6.4197E-02  1.0731E-01  6.4282E-02  2.2218E-01  1.0000E+00
 3.4895E+04  6.4260E-02  1.0657E-01  6.4344E-02  2.2071E-01  1.0000E+00
 3.5162E+04  6.4323E-02  1.0584E-01  6.4407E-02  2.1924E-01  1.0000E+00
 3.5431E+04  6.4387E-02  1.0511E-01  6.4471E-02  2.1779E-01  1.0000E+00
 3.5703E+04  6.4452E-02  1.0439E-01  6.4535E-02  2.1635E-01  1.0000E+00
 3.5976E+04  6.4517E-02  1.0368E-01  6.4599E-02  2.1492E-01  1.0000E+00
 3.6252E+04  6.4583E-02  1.0297E-01  6.4664E-02  2.1350E-01  1.0000E+00
 3.6529E+04  6.4649E-02  1.0226E-01  6.4730E-02  2.1210E-01  1.0000E+00
 3.6809E+04  6.4716E-02  1.0156E-01  6.4796E-02  2.1070E-01  1.0000E+00
 3.7091E+04  6.4783E-02  1.0087E-01  6.4863E-02  2.0931E-01  1.0000E+00
 3.7375E+04  6.4851E-02  1.0018E-01  6.4930E-02  2.0794E-01  1.0000E+00
 3.7661E+04  6.4919E-02  9.9495E-02  6.4998E-02  2.0657E-01  1.0000E+00
 3.7950E+04  6.4988E-02  9.8817E-02  6.5066E-02  2.0522E-01  1.0000E+00
 3.8240E+04  6.5057E-02  9.8144E-02  6.5135E-02  2.0388E-01  1.0000E+00
 3.8533E+04  6.5127E-02  9.7476E-02  6.5205E-02  2.0254E-01  1.0000E+00
 3.8828E+04  6.5198E-02  9.6813E-02  6.5275E-02  2.0122E-01  1.0000E+00
 3.9126E+04  6.5269E-02  9.6155E-02  6.5345E-02  1.9990E-01  1.0000E+00
 3.9425E+04  6.5341E-02  9.5502E-02  6.5416E-02  1.9860E-01  1.0000E+00
 3.9727E+04  6.5413E-02  9.4854E-02  6.5488E-02  1.9731E-01  1.0000E+00
 4.0032E+04  6.5486E-02  9.4211E-02  6.5561E-02  1.9603E-01  1.0000E+00
 4.0338E+04  6.5559E-02  9.3573E-02  6.5634E-02  1.9475E-01  1.0000E+00
 4.0647E+04  6.5633E-02  9.2939E-02  6.5707E-02  1.9349E-01  1.0000E+00
 4.0958E+04  6.5708E-02  9.2311E-02  6.5781E-02  1.9223E-01  1.0000E+00
 4.1272E+04  6.5783E-02  9.1687E-02  6.5856E-02  1.9099E-01  1.0000E+00
 4.1588E+04  6.5859E-02  9.1068E-02  6.5932E-02  1.8976E-01  1.0000E+00
 4.1907E+04  6.5936E-02  9.0454E-02  6.6008E-02  1.8853E-01  1.0000E+00
 4.2228E+04  6.6013E-02  8.9844E-02  6.6084E-02  1.8732E-01  1.0000E+00
 4.2551E+04  6.6090E-02  8.9239E-02  6.6161E-02  1.8611E-01  1.0000E+00
 4.2877E+04  6.6169E-02  8.8639E-02  6.6239E-02  1.8491E-01  1.0000E+00
 4.3205E+04  6.6248E-02  8.8043E-02  6.6318E-02  1.8372E-01  1.0000E+00
 4.3536E+04  6.6327E-02  8.7452E-02  6.6397E-02  1.8255E-01  1.0000E+00
 4.3869E+04  6.6408E-02  8.6865E-02  6.6477E-02  1.8138E-01  1.0000E+00
 4.4205E+04  6.6489E-02  8.6283E-02  6.6558E-02  1.8022E-01  1.0000E+00
 4.4544E+04  6.6570E-02  8.5705E-02  6.6639E-02  1.7906E-01  1.0000E+00
 4.4885E+04  6.6653E-02  8.5132E-02  6.6721E-02  1.7792E-01  1.0000E+00
 4.5229E+04  6.6736E-02  8.4563E-02  6.6803E-02  1.7679E-01  1.0000E+00
 4.5575E+04  6.6819E-02  8.3998E-02  6.6886E-02  1.7566E-01  1.0000E+00
 4.5924E+04  6.6904E-02  8.3437E-02  6.6970E-02  1.7455E-01  1.0000E+00
 4.6276E+04  6.6989E-02  8.2881E-02  6.7055E-02  1.7344E-01  1.0000E+00
 4.6630E+04  6.7074E-02  8.2329E-02  6.7140E-02  1.7234E-01  1.0000E+00
 4.6987E+04  6.7161E-02  8.1782E-02  6.7226E-02  1.7125E-01  1.0000E+00
 4.7347E+04  6.7248E-02  8.1238E-02  6.7313E-02  1.7017E-01  1.0000E+00
 4.7710E+04  6.7336E-02  8.0699E-02  6.7400E-02  1.6909E-01  1.0000E+00
 4.8075E+04  6.7424E-02  8.0163E-02  6.7489E-02  1.6803E-01  1.0000E+00
 4.8443E+04  6.7514E-02  7.9632E-02  6.7578E-02  1.6697E-01  1.0000E+00
 4.8814E+04  6.7604E-02  7.9105E-02  6.7667E-02  1.6592E-01  1.0000E+00
 4.9188E+04  6.7695E-02  7.8582E-02  6.7758E-02  1.6488E-01  1.0000E+00
 4.9565E+04  6.7786E-02  7.8062E-02  6.7849E-02  1.6385E-01  1.0000E+00
 4.9945E+04  6.7879E-02  7.7547E-02  6.7941E-02  1.6282E-01  1.0000E+00
 5.0327E+04  6.7972E-02  7.7036E-02  6.8033E-02  1.6181E-01  1.0000E+00
 5.0713E+04  6.8065E-02  7.6528E-02  6.8127E-02  1.6080E-01  1.0000E+00
 5.1101E+04  6.8160E-02  7.6025E-02  6.8221E-02  1.5979E-01  1.0000E+00
 5.1492E+04  6.8255E-02  7.5525E-02  6.8316E-02  1.5880E-01  1.0000E+00
 5.1887E+04  6.8352E-02  7.5029E-02  6.8412E-02  1.5782E-01  1.0000E+00
 5.2284E+04  6.8449E-02  7.4537E-02  6.8509E-02  1.5684E-01  1.0000E+00
 5.2684E+04  6.8546E-02  7.4048E-02  6.8606E-02  1.5587E-01  1.0000E+00
 5.3088E+04  6.8645E-02  7.3564E-02  6.8704E-02  1.5490E-01  1.0000E+00
 5.3494E+04  6.8745E-02  7.3083E-02  6.8803E-02  1.5395E-01  1.0000E+00
 5.3904E+04  6.8845E-02  7.2606E-02  6.8903E-02  1.5300E-01  1.0000E+00
 5.4317E+04  6.8946E-02  7.2132E-02  6.9004E-02  1.5206E-01  1.0000E+00
 5.4733E+04  6.9048E-02  7.1662E-02  6.9106E-02  1.5113E-01  1.0000E+00
 5.5152E+04  6.9151E-02  7.1195E-02  6.9208E-02  1.5020E-01  1.0000E+00
 5.5574E+04  6.9254E-02  7.0732E-02  6.9311E-02  1.4928E-01  1.0000E+00
 5.6000E+04  6.9359E-02  7.0273E-02  6.9415E-02  1.4837E-01  1.0000E+00
 5.6429E+04  6.9464E-02  6.9817E-02  6.9521E-02  1.4746E-01  1.0000E+00
 5.6861E+04  6.9570E-02  6.9365E-02  6.9626E-02  1.4657E-01  1.0000E+00
 5.7297E+04  6.9678E-02  6.8916E-02  6.9733E-02  1.4567E-01  1.0000E+00
 5.7735E+04  6.9786E-02  6.8470E-02  6.9841E-02  1.4479E-01  1.0000E+00
 5.8177E+04  6.9895E-02  6.8028E-02  6.9950E-02  1.4391E-01  1.0000E+00
 5.8623E+04  7.0005E-02  6.7589E-02  7.0059E-02  1.4304E-01  1.0000E+00
 5.9072E+04  7.0115E-02  6.7154E-02  7.0170E-02  1.4218E-01  1.0000E+00
 5.9524E+04  7.0227E-02  6.6722E-02  7.0281E-02  1.4132E-01  1.0000E+00
 5.9980E+04  7.0340E-02  6.6293E-02  7.0393E-02  1.4047E-01  1.0000E+00
 6.0440E+04  7.0453E-02  6.5867E-02  7.0507E-02  1.3963E-01  1.0000E+00
 6.0902E+04  7.0568E-02  6.5445E-02  7.0621E-02  1.3879E-01  1.0000E+00
 6.1369E+04  7.0684E-02  6.5026E-02  7.0736E-02  1.3796E-01  1.0000E+00
 6.1839E+04  7.0800E-02  6.4610E-02  7.0852E-02  1.3714E-01  1.0000E+00
 6.2312E+04  7.0918E-02  6.4198E-02  7.0970E-02  1.3632E-01  1.0000E+00
 6.2790E+04  7.1036E-02  6.3788E-02  7.1088E-02  1.3551E-01  1.0000E+00
 6.3270E+04  7.1156E-02  6.3382E-02  7.1207E-02  1.3471E-01  1.0000E+00
 6.3755E+04  7.1276E-02  6.2978E-02  7.1327E-02  1.3391E-01  1.0000E+00
 6.4243E+04  7.1398E-02  6.2578E-02  7.1449E-02  1.3312E-01  1.0000E+00
 6.4735E+04  7.1520E-02  6.2181E-02  7.1571E-02  1.3233E-01  1.0000E+00
 6.5231E+04  7.1644E-02  6.1787E-02  7.1694E-02  1.3155E-01  1.0000E+00
 6.5731E+04  7.1769E-02  6.1396E-02  7.1818E-02  1.3078E-01  1.0000E+00
 6.6234E+04  7.1894E-02  6.1008E-02  7.1944E-02  1.3001E-01  1.0000E+00
 6.6741E+04  7.2021E-02  6.0623E-02  7.2070E-02  1.2925E-01  1.0000E+00
 6.7252E+04  7.2149E-02  6.0240E-02  7.2198E-02  1.2850E-01  1.0000E+00
 6.7767E+04  7.2278E-02  5.9861E-02  7.2327E-02  1.2775E-01  1.0000E+00
 6.8286E+04  7.2408E-02  5.9485E-02  7.2456E-02  1.2700E-01  1.0000E+00
 6.8809E+04  7.2539E-02  5.9111E-02  7.2587E-02  1.2627E-01  1.0000E+00
 6.9336E+04  7.2671E-02  5.8740E-02  7.2719E-02  1.2553E-01  1.0000E+00
 6.9867E+04  7.2805E-02  5.8373E-02  7.2852E-02  1.2481E-01  1.0000E+00
 7.0402E+04  7.2939E-02  5.8008E-02  7.2987E-02  1.2409E-01  1.0000E+00
 7.0942E+04  7.3075E-02  5.7645E-02  7.3122E-02  1.2337E-01  1.0000E+00
 7.1485E+04  7.3212E-02  5.7286E-02  7.3259E-02  1.2266E-01  1.0000E+00
 7.2032E+04  7.3350E-02  5.6929E-02  7.3397E-02  1.2196E-01  1.0000E+00
 7.2584E+04  7.3489E-02  5.6575E-02  7.3535E-02  1.2126E-01  1.0000E+00
 7.3140E+04  7.3630E-02  5.6224E-02  7.3676E-02  1.2057E-01  1.0000E+00
 7.3700E+04  7.3771E-02  5.5876E-02  7.3817E-02  1.1988E-01  1.0000E+00
 7.4264E+04  7.3914E-02  5.5530E-02  7.3960E-02  1.1920E-01  1.0000E+00
 7.4833E+04  7.4058E-02  5.5186E-02  7.4103E-02  1.1853E-01  1.0000E+00
 7.5406E+04  7.4203E-02  5.4846E-02  7.4248E-02  1.1786E-01  1.0000E+00
 7.5984E+04  7.4350E-02  5.4508E-02  7.4395E-02  1.1719E-01  1.0000E+00
 7.6566E+04  7.4498E-02  5.4172E-02  7.4542E-02  1.1653E-01  1.0000E+00
 7.7152E+04  7.4647E-02  5.3839E-02  7.4691E-02  1.1588E-01  1.0000E+00
 7.7743E+04  7.4797E-02  5.3509E-02  7.4841E-02  1.1523E-01  1.0000E+00
 7.8338E+04  7.4949E-02  5.3181E-02  7.4993E-02  1.1458E-01  1.0000E+00
 7.8938E+04  7.5102E-02  5.2856E-02  7.5146E-02  1.1394E-01  1.0000E+00
 7.9543E+04  7.5256E-02  5.2533E-02  7.5300E-02  1.1331E-01  1.0000E+00
 8.0152E+04  7.5412E-02  5.2213E-02  7.5455E-02  1.1268E-01  1.0000E+00
 8.0766E+04  7.5569E-02  5.1895E-02  7.5612E-02  1.1206E-01  1.0000E+00
 8.1384E+04  7.5727E-02  5.1580E-02  7.5770E-02  1.1144E-01  1.0000E+00
 8.2008E+04  7.5887E-02  5.1267E-02  7.5930E-02  1.1082E-01  1.0000E+00
 8.2636E+04  7.6048E-02  5.0956E-02  7.6090E-02  1.1021E-01  1.0000E+00
 8.3268E+04  7.6211E-02  5.0648E-02  7.6253E-02  1.0961E-01  1.0000E+00
 8.3906E+04  7.6375E-02  5.0342E-02  7.6417E-02  1.0901E-01  1.0000E+00
 8.4549E+04  7.6540E-02  5.0039E-02  7.6582E-02  1.0842E-01  1.0000E+00
 8.5196E+04  7.6707E-02  4.9738E-02  7.6748E-02  1.0783E-01  1.0000E+00
 8.5849E+04  7.6875E-02  4.9439E-02  7.6916E-02  1.0724E-01  1.0000E+00
 8.6506E+04  7.7045E-02  4.9142E-02  7.7086E-02  1.0666E-01  1.0000E+00
 8.7169E+04  7.7216E-02  4.8848E-02  7.7257E-02  1.0608E-01  1.0000E+00
 8.7836E+04  7.7389E-02  4.8556E-02  7.7429E-02  1.0551E-01  1.0000E+00
 8.8509E+04  7.7563E-02  4.8266E-02  7.7604E-02  1.0495E-01  1.0000E+00
 8.9187E+04  7.7739E-02  4.7979E-02  7.7779E-02  1.0438E-01  1.0000E+00
 8.9870E+04  7.7917E-02  4.7693E-02  7.7956E-02  1.0383E-01  1.0000E+00
 9.0558E+04  7.8095E-02  4.7410E-02  7.8135E-02  1.0327E-01  1.0000E+00
 9.1252E+04  7.8276E-02  4.7129E-02  7.8315E-02  1.0273E-01  1.0000E+00
 9.1950E+04  7.8458E-02  4.6850E-02  7.8497E-02  1.0218E-01  1.0000E+00
 9.2655E+04  7.8642E-02  4.6574E-02  7.8681E-02  1.0164E-01  1.0000E+00
 9.3364E+04  7.8827E-02  4.6299E-02  7.8866E-02  1.0111E-01  1.0000E+00
 9.4079E+04  7.9014E-02  4.6027E-02  7.9052E-02  1.0058E-01  1.0000E+00
 9.4800E+04  7.9202E-02  4.5756E-02  7.9241E-02  1.0005E-01  1.0000E+00
 9.5526E+04  7.9393E-02  4.5488E-02  7.9431E-02  9.9527E-02  1.0000E+00
 9.6257E+04  7.9585E-02  4.5222E-02  7.9622E-02  9.9009E-02  1.0000E+00
 9.6994E+04  7.9778E-02  4.4958E-02  7.9816E-02  9.8495E-02  1.0000E+00
 9.7737E+04  7.9974E-02  4.4696E-02  8.0011E-02  9.7986E-02  1.0000E+00
 9.8486E+04  8.0171E-02  4.4435E-02  8.0208E-02  9.7480E-02  1.0000E+00
 9.9240E+04  8.0370E-02  4.4177E-02  8.0407E-02  9.6979E-02  1.0000E+00
 1.0000E+05  8.0570E-02  4.3921E-02  8.0607E-02  9.6482E-02  1.0000E+00


