 4.8978E+01  0.0000E+00  0.0000E+00  0.0000E+00  0.0000E+00  0.0000E+00
 4.9353E+01  0.0000E+00  0.0000E+00  0.0000E+00  0.0000E+00  0.0000E+00
 4.9731E+01  0.0000E+00  0.0000E+00  0.0000E+00  0.0000E+00  0.0000E+00
 5.0112E+01  0.0000E+00  0.0000E+00  0.0000E+00  0.0000E+00  0.0000E+00
 5.0496E+01  0.0000E+00  0.0000E+00  0.0000E+00  0.0000E+00  0.0000E+00
 5.0882E+01  0.0000E+00  0.0000E+00  0.0000E+00  0.0000E+00  0.0000E+00
 5.1272E+01  0.0000E+00  0.0000E+00  0.0000E+00  0.0000E+00  0.0000E+00
 5.1665E+01  0.0000E+00  0.0000E+00  0.0000E+00  0.0000E+00  0.0000E+00
 5.2060E+01  0.0000E+00  0.0000E+00  0.0000E+00  0.0000E+00  0.0000E+00
 5.2459E+01  0.0000E+00  0.0000E+00  0.0000E+00  0.0000E+00  0.0000E+00
 5.2861E+01  0.0000E+00  0.0000E+00  0.0000E+00  0.0000E+00  0.0000E+00
 5.3266E+01  0.0000E+00  0.0000E+00  0.0000E+00  0.0000E+00  0.0000E+00
 5.3673E+01  0.0000E+00  0.0000E+00  0.0000E+00  0.0000E+00  0.0000E+00
 5.4085E+01  0.0000E+00  0.0000E+00  0.0000E+00  0.0000E+00  0.0000E+00
 5.4499E+01  0.0000E+00  0.0000E+00  0.0000E+00  0.0000E+00  0.0000E+00
 5.4916E+01  0.0000E+00  0.0000E+00  0.0000E+00  0.0000E+00  0.0000E+00
 5.5337E+01  0.0000E+00  0.0000E+00  0.0000E+00  0.0000E+00  0.0000E+00
 5.5760E+01  0.0000E+00  0.0000E+00  0.0000E+00  0.0000E+00  0.0000E+00
 5.6187E+01  0.0000E+00  0.0000E+00  0.0000E+00  0.0000E+00  0.0000E+00
 5.6618E+01  5.4978E-01  5.8111E+02  3.6734E-01  7.6475E+02  1.0000E+00
 5.7051E+01  5.4995E-01  5.7686E+02  3.6859E-01  7.6161E+02  1.0000E+00
 5.7488E+01  5.5011E-01  5.7265E+02  3.6985E-01  7.5848E+02  1.0000E+00
 5.7929E+01  5.5028E-01  5.6847E+02  3.7110E-01  7.5535E+02  1.0000E+00
 5.8372E+01  5.5044E-01  5.6432E+02  3.7235E-01  7.5222E+02  1.0000E+00
 5.8819E+01  5.5061E-01  5.6020E+02  3.7361E-01  7.4910E+02  1.0000E+00
 5.9270E+01  5.5078E-01  5.5611E+02  3.7486E-01  7.4598E+02  1.0000E+00
 5.9724E+01  5.5094E-01  5.5205E+02  3.7612E-01  7.4287E+02  1.0000E+00
 6.0181E+01  5.5111E-01  5.4802E+02  3.7737E-01  7.3976E+02  1.0000E+00
 6.0642E+01  5.5128E-01  5.4402E+02  3.7862E-01  7.3665E+02  1.0000E+00
 6.1106E+01  5.5145E-01  5.4005E+02  3.7988E-01  7.3355E+02  1.0000E+00
 6.1574E+01  5.5162E-01  5.3612E+02  3.8113E-01  7.3045E+02  1.0000E+00
 6.2046E+01  5.5180E-01  5.3221E+02  3.8239E-01  7.2736E+02  1.0000E+00
 6.2521E+01  5.5197E-01  5.2833E+02  3.8364E-01  7.2427E+02  1.0000E+00
 6.3000E+01  5.5215E-01  5.2448E+02  3.8489E-01  7.2119E+02  1.0000E+00
 6.3482E+01  5.5233E-01  5.2066E+02  3.8615E-01  7.1812E+02  1.0000E+00
 6.3968E+01  5.5250E-01  5.1688E+02  3.8740E-01  7.1504E+02  1.0000E+00
 6.4458E+01  5.5269E-01  5.1311E+02  3.8866E-01  7.1198E+02  1.0000E+00
 6.4952E+01  5.5287E-01  5.0938E+02  3.8991E-01  7.0891E+02  1.0000E+00
 6.5449E+01  5.5305E-01  5.0568E+02  3.9116E-01  7.0586E+02  1.0000E+00
 6.5951E+01  5.5324E-01  5.0201E+02  3.9242E-01  7.0281E+02  1.0000E+00
 6.6456E+01  5.5343E-01  4.9836E+02  3.9367E-01  6.9976E+02  1.0000E+00
 6.6965E+01  5.5362E-01  4.9474E+02  3.9493E-01  6.9672E+02  1.0000E+00
 6.7478E+01  5.5381E-01  4.9115E+02  3.9618E-01  6.9369E+02  1.0000E+00
 6.7994E+01  5.5400E-01  4.8758E+02  3.9743E-01  6.9066E+02  1.0000E+00
 6.8515E+01  5.5419E-01  4.8405E+02  3.9869E-01  6.8764E+02  1.0000E+00
 6.9040E+01  5.5439E-01  4.8054E+02  3.9994E-01  6.8462E+02  1.0000E+00
 6.9568E+01  5.5458E-01  4.7705E+02  4.0120E-01  6.8161E+02  1.0000E+00
 7.0101E+01  5.5478E-01  4.7360E+02  4.0245E-01  6.7860E+02  1.0000E+00
 7.0638E+01  5.5498E-01  4.7017E+02  4.0370E-01  6.7561E+02  1.0000E+00
 7.1179E+01  5.5518E-01  4.6676E+02  4.0496E-01  6.7261E+02  1.0000E+00
 7.1724E+01  5.5539E-01  4.6338E+02  4.0621E-01  6.6963E+02  1.0000E+00
 7.2273E+01  5.5559E-01  4.6003E+02  4.0747E-01  6.6665E+02  1.0000E+00
 7.2827E+01  5.5580E-01  4.5671E+02  4.0872E-01  6.6368E+02  1.0000E+00
 7.3385E+01  5.5601E-01  4.5340E+02  4.0997E-01  6.6071E+02  1.0000E+00
 7.3947E+01  5.5622E-01  4.5013E+02  4.1123E-01  6.5775E+02  1.0000E+00
 7.4513E+01  5.5643E-01  4.4688E+02  4.1248E-01  6.5480E+02  1.0000E+00
 7.5084E+01  5.5664E-01  4.4365E+02  4.1374E-01  6.5186E+02  1.0000E+00
 7.5659E+01  5.5685E-01  4.4045E+02  4.1499E-01  6.4892E+02  1.0000E+00
 7.6238E+01  5.5707E-01  4.3727E+02  4.1625E-01  6.4599E+02  1.0000E+00
 7.6822E+01  5.5729E-01  4.3412E+02  4.1750E-01  6.4306E+02  1.0000E+00
 7.7410E+01  5.5751E-01  4.3099E+02  4.1875E-01  6.4014E+02  1.0000E+00
 7.8003E+01  5.5773E-01  4.2788E+02  4.2001E-01  6.3723E+02  1.0000E+00
 7.8601E+01  5.5795E-01  4.2480E+02  4.2126E-01  6.3433E+02  1.0000E+00
 7.9202E+01  5.5818E-01  4.2174E+02  4.2252E-01  6.3143E+02  1.0000E+00
 7.9809E+01  5.5841E-01  4.1870E+02  4.2377E-01  6.2855E+02  1.0000E+00
 8.0420E+01  5.5863E-01  4.1569E+02  4.2502E-01  6.2566E+02  1.0000E+00
 8.1036E+01  5.5886E-01  4.1270E+02  4.2628E-01  6.2279E+02  1.0000E+00
 8.1657E+01  5.5910E-01  4.0973E+02  4.2753E-01  6.1992E+02  1.0000E+00
 8.2282E+01  5.5933E-01  4.0679E+02  4.2879E-01  6.1707E+02  1.0000E+00
 8.2912E+01  5.5956E-01  4.0387E+02  4.3004E-01  6.1421E+02  1.0000E+00
 8.3547E+01  5.5980E-01  4.0097E+02  4.3130E-01  6.1137E+02  1.0000E+00
 8.4187E+01  5.6004E-01  3.9809E+02  4.3255E-01  6.0853E+02  1.0000E+00
 8.4832E+01  5.6028E-01  3.9523E+02  4.3380E-01  6.0571E+02  1.0000E+00
 8.5481E+01  5.6052E-01  3.9240E+02  4.3506E-01  6.0289E+02  1.0000E+00
 8.6136E+01  5.6077E-01  3.8959E+02  4.3631E-01  6.0007E+02  1.0000E+00
 8.6796E+01  5.6101E-01  3.8679E+02  4.3757E-01  5.9727E+02  1.0000E+00
 8.7460E+01  5.6126E-01  3.8402E+02  4.3882E-01  5.9447E+02  1.0000E+00
 8.8130E+01  5.6151E-01  3.8127E+02  4.4008E-01  5.9168E+02  1.0000E+00
 8.8805E+01  5.6176E-01  3.7855E+02  4.4133E-01  5.8890E+02  1.0000E+00
 8.9485E+01  5.6201E-01  3.7584E+02  4.4259E-01  5.8613E+02  1.0000E+00
 9.0171E+01  5.6227E-01  3.7315E+02  4.4384E-01  5.8337E+02  1.0000E+00
 9.0861E+01  5.6253E-01  3.7048E+02  4.4509E-01  5.8061E+02  1.0000E+00
 9.1557E+01  5.6279E-01  3.6784E+02  4.4635E-01  5.7786E+02  1.0000E+00
 9.2258E+01  5.6305E-01  3.6521E+02  4.4760E-01  5.7512E+02  1.0000E+00
 9.2965E+01  5.6331E-01  3.6260E+02  4.4886E-01  5.7239E+02  1.0000E+00
 9.3677E+01  5.6357E-01  3.6002E+02  4.5011E-01  5.6966E+02  1.0000E+00
 9.4394E+01  5.6384E-01  3.5745E+02  4.5137E-01  5.6695E+02  1.0000E+00
 9.5117E+01  5.6411E-01  3.5490E+02  4.5262E-01  5.6424E+02  1.0000E+00
 9.5845E+01  5.6438E-01  3.5237E+02  4.5388E-01  5.6154E+02  1.0000E+00
 9.6579E+01  5.6465E-01  3.4986E+02  4.5513E-01  5.5885E+02  1.0000E+00
 9.7319E+01  5.6492E-01  3.4737E+02  4.5639E-01  5.5617E+02  1.0000E+00
 9.8064E+01  5.6520E-01  3.4490E+02  4.5764E-01  5.5350E+02  1.0000E+00
 9.8815E+01  5.6548E-01  3.4244E+02  4.5889E-01  5.5083E+02  1.0000E+00
 9.9572E+01  5.6576E-01  3.4001E+02  4.6015E-01  5.4818E+02  1.0000E+00
 1.0033E+02  5.6604E-01  3.3759E+02  4.6140E-01  5.4553E+02  1.0000E+00
 1.0110E+02  5.6632E-01  3.3520E+02  4.6266E-01  5.4289E+02  1.0000E+00
 1.0188E+02  5.6661E-01  3.3282E+02  4.6391E-01  5.4026E+02  1.0000E+00
 1.0266E+02  5.6689E-01  3.3045E+02  4.6517E-01  5.3763E+02  1.0000E+00
 1.0344E+02  5.6718E-01  3.2811E+02  4.6642E-01  5.3502E+02  1.0000E+00
 1.0424E+02  5.6747E-01  3.2578E+02  4.6768E-01  5.3242E+02  1.0000E+00
 1.0503E+02  5.6777E-01  3.2347E+02  4.6893E-01  5.2982E+02  1.0000E+00
 1.0584E+02  5.6806E-01  3.2118E+02  4.7019E-01  5.2723E+02  1.0000E+00
 1.0665E+02  5.6836E-01  3.1891E+02  4.7144E-01  5.2465E+02  1.0000E+00
 1.0747E+02  5.6866E-01  3.1665E+02  4.7270E-01  5.2208E+02  1.0000E+00
 1.0829E+02  5.6896E-01  3.1441E+02  4.7395E-01  5.1952E+02  1.0000E+00
 1.0912E+02  5.6927E-01  3.1219E+02  4.7521E-01  5.1697E+02  1.0000E+00
 1.0995E+02  5.6957E-01  3.0998E+02  4.7646E-01  5.1442E+02  1.0000E+00
 1.1080E+02  5.6988E-01  3.0779E+02  4.7772E-01  5.1189E+02  1.0000E+00
 1.1164E+02  5.7019E-01  3.0562E+02  4.7897E-01  5.0936E+02  1.0000E+00
 1.1250E+02  5.7050E-01  3.0346E+02  4.8023E-01  5.0684E+02  1.0000E+00
 1.1336E+02  5.7081E-01  3.0132E+02  4.8148E-01  5.0433E+02  1.0000E+00
 1.1423E+02  5.7113E-01  2.9919E+02  4.8274E-01  5.0183E+02  1.0000E+00
 1.1510E+02  5.7145E-01  2.9708E+02  4.8399E-01  4.9934E+02  1.0000E+00
 1.1599E+02  5.7177E-01  2.9499E+02  4.8525E-01  4.9686E+02  1.0000E+00
 1.1687E+02  5.7209E-01  2.9291E+02  4.8650E-01  4.9438E+02  1.0000E+00
 1.1777E+02  5.7242E-01  2.9085E+02  4.8776E-01  4.9192E+02  1.0000E+00
 1.1867E+02  5.7274E-01  2.8881E+02  4.8901E-01  4.8946E+02  1.0000E+00
 1.1958E+02  5.7307E-01  2.8678E+02  4.9027E-01  4.8702E+02  1.0000E+00
 1.2050E+02  5.7340E-01  2.8476E+02  4.9152E-01  4.8458E+02  1.0000E+00
 1.2142E+02  5.7374E-01  2.8276E+02  4.9278E-01  4.8215E+02  1.0000E+00
 1.2235E+02  5.7408E-01  2.8078E+02  4.9403E-01  4.7973E+02  1.0000E+00
 1.2329E+02  5.7441E-01  2.7881E+02  4.9529E-01  4.7732E+02  1.0000E+00
 1.2423E+02  5.7475E-01  2.7685E+02  4.9654E-01  4.7491E+02  1.0000E+00
 1.2518E+02  5.7510E-01  2.7491E+02  4.9780E-01  4.7252E+02  1.0000E+00
 1.2614E+02  5.7544E-01  2.7299E+02  4.9905E-01  4.7013E+02  1.0000E+00
 1.2711E+02  5.7579E-01  2.7108E+02  5.0031E-01  4.6776E+02  1.0000E+00
 1.2808E+02  5.7614E-01  2.6918E+02  5.0156E-01  4.6539E+02  1.0000E+00
 1.2906E+02  5.7649E-01  2.6730E+02  5.0282E-01  4.6303E+02  1.0000E+00
 1.3005E+02  5.7685E-01  2.6543E+02  5.0407E-01  4.6068E+02  1.0000E+00
 1.3104E+02  5.7721E-01  2.6357E+02  5.0533E-01  4.5834E+02  1.0000E+00
 1.3205E+02  5.7756E-01  2.6173E+02  5.0658E-01  4.5601E+02  1.0000E+00
 1.3306E+02  5.7793E-01  2.5991E+02  5.0784E-01  4.5369E+02  1.0000E+00
 1.3408E+02  5.7829E-01  2.5809E+02  5.0909E-01  4.5138E+02  1.0000E+00
 1.3510E+02  5.7866E-01  2.5629E+02  5.1035E-01  4.4907E+02  1.0000E+00
 1.3614E+02  5.7902E-01  2.5451E+02  5.1160E-01  4.4678E+02  1.0000E+00
 1.3718E+02  5.7940E-01  2.5273E+02  5.1286E-01  4.4449E+02  1.0000E+00
 1.3823E+02  5.7977E-01  2.5097E+02  5.1412E-01  4.4221E+02  1.0000E+00
 1.3929E+02  5.8014E-01  2.4923E+02  5.1537E-01  4.3994E+02  1.0000E+00
 1.4036E+02  5.8052E-01  2.4749E+02  5.1663E-01  4.3768E+02  1.0000E+00
 1.4143E+02  5.8090E-01  2.4577E+02  5.1788E-01  4.3543E+02  1.0000E+00
 1.4252E+02  5.8128E-01  2.4407E+02  5.1914E-01  4.3319E+02  1.0000E+00
 1.4361E+02  5.8167E-01  2.4237E+02  5.2039E-01  4.3096E+02  1.0000E+00
 1.4471E+02  5.8206E-01  2.4069E+02  5.2165E-01  4.2873E+02  1.0000E+00
 1.4582E+02  5.8244E-01  2.3902E+02  5.2290E-01  4.2652E+02  1.0000E+00
 1.4693E+02  5.8284E-01  2.3736E+02  5.2416E-01  4.2431E+02  1.0000E+00
 1.4806E+02  5.8323E-01  2.3572E+02  5.2541E-01  4.2211E+02  1.0000E+00
 1.4919E+02  5.8363E-01  2.3408E+02  5.2667E-01  4.1992E+02  1.0000E+00
 1.5033E+02  5.8402E-01  2.3246E+02  5.2793E-01  4.1774E+02  1.0000E+00
 1.5149E+02  5.8443E-01  2.3085E+02  5.2918E-01  4.1557E+02  1.0000E+00
 1.5265E+02  5.8483E-01  2.2926E+02  5.3044E-01  4.1341E+02  1.0000E+00
 1.5381E+02  5.8523E-01  2.2767E+02  5.3169E-01  4.1126E+02  1.0000E+00
 1.5499E+02  5.8564E-01  2.2610E+02  5.3295E-01  4.0911E+02  1.0000E+00
 1.5618E+02  5.8605E-01  2.2454E+02  5.3421E-01  4.0698E+02  1.0000E+00
 1.5738E+02  5.8646E-01  2.2299E+02  5.3546E-01  4.0485E+02  1.0000E+00
 1.5858E+02  5.8688E-01  2.2145E+02  5.3672E-01  4.0273E+02  1.0000E+00
 1.5980E+02  5.8730E-01  2.1992E+02  5.3797E-01  4.0062E+02  1.0000E+00
 1.6102E+02  5.8772E-01  2.1841E+02  5.3923E-01  3.9852E+02  1.0000E+00
 1.6225E+02  5.8814E-01  2.1690E+02  5.4048E-01  3.9643E+02  1.0000E+00
 1.6349E+02  5.8856E-01  2.1541E+02  5.4174E-01  3.9435E+02  1.0000E+00
 1.6475E+02  5.8899E-01  2.1393E+02  5.4300E-01  3.9227E+02  1.0000E+00
 1.6601E+02  5.8942E-01  2.1245E+02  5.4425E-01  3.9021E+02  1.0000E+00
 1.6728E+02  5.8985E-01  2.1099E+02  5.4551E-01  3.8815E+02  1.0000E+00
 1.6856E+02  5.9028E-01  2.0954E+02  5.4676E-01  3.8610E+02  1.0000E+00
 1.6985E+02  5.9072E-01  2.0810E+02  5.4802E-01  3.8406E+02  1.0000E+00
 1.7115E+02  5.9115E-01  2.0668E+02  5.4928E-01  3.8203E+02  1.0000E+00
 1.7246E+02  5.9160E-01  2.0526E+02  5.5053E-01  3.8001E+02  1.0000E+00
 1.7378E+02  5.9204E-01  2.0385E+02  5.5179E-01  3.7799E+02  1.0000E+00
 1.7511E+02  5.9248E-01  2.0245E+02  5.5305E-01  3.7599E+02  1.0000E+00
 1.7646E+02  5.9293E-01  2.0106E+02  5.5430E-01  3.7399E+02  1.0000E+00
 1.7781E+02  5.9338E-01  1.9969E+02  5.5556E-01  3.7201E+02  1.0000E+00
 1.7917E+02  5.9383E-01  1.9832E+02  5.5681E-01  3.7003E+02  1.0000E+00
 1.8054E+02  5.9429E-01  1.9696E+02  5.5807E-01  3.6806E+02  1.0000E+00
 1.8192E+02  5.9474E-01  1.9562E+02  5.5933E-01  3.6609E+02  1.0000E+00
 1.8332E+02  5.9520E-01  1.9428E+02  5.6058E-01  3.6414E+02  1.0000E+00
 1.8472E+02  5.9567E-01  1.9295E+02  5.6184E-01  3.6220E+02  1.0000E+00
 1.8614E+02  5.9613E-01  1.9164E+02  5.6310E-01  3.6026E+02  1.0000E+00
 1.8756E+02  5.9660E-01  1.9033E+02  5.6435E-01  3.5833E+02  1.0000E+00
 1.8900E+02  5.9707E-01  1.8903E+02  5.6561E-01  3.5641E+02  1.0000E+00
 1.9045E+02  5.9754E-01  1.8774E+02  5.6687E-01  3.5450E+02  1.0000E+00
 1.9190E+02  5.9801E-01  1.8646E+02  5.6812E-01  3.5260E+02  1.0000E+00
 1.9337E+02  5.9849E-01  1.8519E+02  5.6938E-01  3.5071E+02  1.0000E+00
 1.9485E+02  5.9896E-01  1.8393E+02  5.7064E-01  3.4882E+02  1.0000E+00
 1.9635E+02  5.9945E-01  1.8268E+02  5.7189E-01  3.4694E+02  1.0000E+00
 1.9785E+02  5.9993E-01  1.8144E+02  5.7315E-01  3.4507E+02  1.0000E+00
 1.9937E+02  6.0041E-01  1.8020E+02  5.7441E-01  3.4321E+02  1.0000E+00
 2.0089E+02  6.0090E-01  1.7898E+02  5.7566E-01  3.4136E+02  1.0000E+00
 2.0243E+02  6.0139E-01  1.7776E+02  5.7692E-01  3.3952E+02  1.0000E+00
 2.0398E+02  6.0189E-01  1.7656E+02  5.7818E-01  3.3768E+02  1.0000E+00
 2.0554E+02  6.0238E-01  1.7536E+02  5.7943E-01  3.3585E+02  1.0000E+00
 2.0712E+02  6.0288E-01  1.7417E+02  5.8069E-01  3.3404E+02  1.0000E+00
 2.0870E+02  6.0338E-01  1.7299E+02  5.8195E-01  3.3222E+02  1.0000E+00
 2.1030E+02  6.0388E-01  1.7182E+02  5.8321E-01  3.3042E+02  1.0000E+00
 2.1191E+02  6.0438E-01  1.7065E+02  5.8446E-01  3.2863E+02  1.0000E+00
 2.1354E+02  6.0489E-01  1.6950E+02  5.8572E-01  3.2684E+02  1.0000E+00
 2.1517E+02  6.0540E-01  1.6835E+02  5.8698E-01  3.2506E+02  1.0000E+00
 2.1682E+02  6.0591E-01  1.6721E+02  5.8823E-01  3.2329E+02  1.0000E+00
 2.1848E+02  6.0643E-01  1.6608E+02  5.8949E-01  3.2153E+02  1.0000E+00
 2.2015E+02  6.0695E-01  1.6496E+02  5.9075E-01  3.1978E+02  1.0000E+00
 2.2184E+02  6.0747E-01  1.6385E+02  5.9201E-01  3.1803E+02  1.0000E+00
 2.2354E+02  6.0799E-01  1.6274E+02  5.9326E-01  3.1630E+02  1.0000E+00
 2.2525E+02  6.0852E-01  1.6164E+02  5.9452E-01  3.1457E+02  1.0000E+00
 2.2697E+02  6.0905E-01  1.6055E+02  5.9578E-01  3.1284E+02  1.0000E+00
 2.2871E+02  6.0958E-01  1.5947E+02  5.9704E-01  3.1113E+02  1.0000E+00
 2.3046E+02  6.1012E-01  1.5840E+02  5.9829E-01  3.0943E+02  1.0000E+00
 2.3223E+02  6.1066E-01  1.5734E+02  5.9955E-01  3.0773E+02  1.0000E+00
 2.3401E+02  6.1120E-01  1.5628E+02  6.0081E-01  3.0604E+02  1.0000E+00
 2.3580E+02  6.1175E-01  1.5523E+02  6.0207E-01  3.0436E+02  1.0000E+00
 2.3761E+02  6.1230E-01  1.5419E+02  6.0332E-01  3.0268E+02  1.0000E+00
 2.3942E+02  6.1285E-01  1.5315E+02  6.0458E-01  3.0102E+02  1.0000E+00
 2.4126E+02  6.1340E-01  1.5213E+02  6.0584E-01  2.9936E+02  1.0000E+00
 2.4311E+02  6.1396E-01  1.5111E+02  6.0710E-01  2.9771E+02  1.0000E+00
 2.4497E+02  6.1453E-01  1.5010E+02  6.0835E-01  2.9607E+02  1.0000E+00
 2.4684E+02  6.1509E-01  1.4909E+02  6.0961E-01  2.9443E+02  1.0000E+00
 2.4873E+02  6.1566E-01  1.4810E+02  6.1087E-01  2.9280E+02  1.0000E+00
 2.5064E+02  6.1623E-01  1.4711E+02  6.1213E-01  2.9118E+02  1.0000E+00
 2.5256E+02  6.1681E-01  1.4612E+02  6.1339E-01  2.8957E+02  1.0000E+00
 2.5449E+02  6.1739E-01  1.4515E+02  6.1464E-01  2.8797E+02  1.0000E+00
 2.5644E+02  6.1797E-01  1.4418E+02  6.1590E-01  2.8637E+02  1.0000E+00
 2.5841E+02  6.1856E-01  1.4322E+02  6.1716E-01  2.8478E+02  1.0000E+00
 2.6038E+02  6.1914E-01  1.4227E+02  6.1842E-01  2.8320E+02  1.0000E+00
 2.6238E+02  6.1974E-01  1.4132E+02  6.1968E-01  2.8163E+02  1.0000E+00
 2.6439E+02  6.2033E-01  1.4038E+02  6.2094E-01  2.8006E+02  1.0000E+00
 2.6641E+02  6.2093E-01  1.3945E+02  6.2219E-01  2.7851E+02  1.0000E+00
 2.6845E+02  6.2154E-01  1.3852E+02  6.2345E-01  2.7695E+02  1.0000E+00
 2.7051E+02  6.2214E-01  1.3761E+02  6.2471E-01  2.7541E+02  1.0000E+00
 2.7258E+02  6.2275E-01  1.3669E+02  6.2597E-01  2.7388E+02  1.0000E+00
 2.7467E+02  6.2337E-01  1.3579E+02  6.2723E-01  2.7235E+02  1.0000E+00
 2.7677E+02  6.2398E-01  1.3489E+02  6.2849E-01  2.7083E+02  1.0000E+00
 2.7889E+02  6.2461E-01  1.3400E+02  6.2975E-01  2.6931E+02  1.0000E+00
 2.8103E+02  6.2523E-01  1.3311E+02  6.3100E-01  2.6781E+02  1.0000E+00
 2.8318E+02  6.2586E-01  1.3223E+02  6.3226E-01  2.6631E+02  1.0000E+00
 2.8535E+02  6.2649E-01  1.3136E+02  6.3352E-01  2.6482E+02  1.0000E+00
 2.8753E+02  6.2713E-01  1.3049E+02  6.3478E-01  2.6333E+02  1.0000E+00
 2.8974E+02  6.2776E-01  1.2963E+02  6.3604E-01  2.6185E+02  1.0000E+00
 2.9195E+02  6.2841E-01  1.2878E+02  6.3730E-01  2.6038E+02  1.0000E+00
 2.9419E+02  6.2905E-01  1.2793E+02  6.3856E-01  2.5892E+02  1.0000E+00
 2.9644E+02  6.2970E-01  1.2709E+02  6.3982E-01  2.5747E+02  1.0000E+00
 2.9871E+02  6.3036E-01  1.2625E+02  6.4108E-01  2.5602E+02  1.0000E+00
 3.0100E+02  6.3102E-01  1.2543E+02  6.4234E-01  2.5458E+02  1.0000E+00
 3.0331E+02  6.3168E-01  1.2460E+02  6.4360E-01  2.5314E+02  1.0000E+00
 3.0563E+02  6.3234E-01  1.2379E+02  6.4485E-01  2.5172E+02  1.0000E+00
 3.0797E+02  6.3301E-01  1.2297E+02  6.4611E-01  2.5030E+02  1.0000E+00
 3.1033E+02  6.3368E-01  1.2217E+02  6.4737E-01  2.4888E+02  1.0000E+00
 3.1271E+02  6.3436E-01  1.2137E+02  6.4863E-01  2.4748E+02  1.0000E+00
 3.1510E+02  6.3504E-01  1.2058E+02  6.4989E-01  2.4608E+02  1.0000E+00
 3.1751E+02  6.3572E-01  1.1979E+02  6.5115E-01  2.4469E+02  1.0000E+00
 3.1994E+02  6.3641E-01  1.1901E+02  6.5241E-01  2.4330E+02  1.0000E+00
 3.2240E+02  6.3711E-01  1.1823E+02  6.5367E-01  2.4192E+02  1.0000E+00
 3.2486E+02  6.3780E-01  1.1746E+02  6.5493E-01  2.4055E+02  1.0000E+00
 3.2735E+02  6.3850E-01  1.1669E+02  6.5619E-01  2.3919E+02  1.0000E+00
 3.2986E+02  6.3921E-01  1.1594E+02  6.5745E-01  2.3783E+02  1.0000E+00
 3.3239E+02  6.3991E-01  1.1518E+02  6.5871E-01  2.3648E+02  1.0000E+00
 3.3493E+02  6.4063E-01  1.1443E+02  6.5997E-01  2.3514E+02  1.0000E+00
 3.3750E+02  6.4134E-01  1.1369E+02  6.6123E-01  2.3380E+02  1.0000E+00
 3.4008E+02  6.4206E-01  1.1295E+02  6.6249E-01  2.3247E+02  1.0000E+00
 3.4268E+02  6.4279E-01  1.1222E+02  6.6375E-01  2.3115E+02  1.0000E+00
 3.4531E+02  6.4351E-01  1.1149E+02  6.6501E-01  2.2983E+02  1.0000E+00
 3.4795E+02  6.4425E-01  1.1077E+02  6.6627E-01  2.2852E+02  1.0000E+00
 3.5062E+02  6.4498E-01  1.1005E+02  6.6753E-01  2.2722E+02  1.0000E+00
 3.5330E+02  6.4572E-01  1.0934E+02  6.6880E-01  2.2592E+02  1.0000E+00
 3.5601E+02  6.4647E-01  1.0864E+02  6.7006E-01  2.2463E+02  1.0000E+00
 3.5874E+02  6.4722E-01  1.0794E+02  6.7132E-01  2.2335E+02  1.0000E+00
 3.6148E+02  6.4797E-01  1.0724E+02  6.7258E-01  2.2207E+02  1.0000E+00
 3.6425E+02  6.4873E-01  1.0655E+02  6.7384E-01  2.2080E+02  1.0000E+00
 3.6704E+02  6.4949E-01  1.0586E+02  6.7510E-01  2.1953E+02  1.0000E+00
 3.6985E+02  6.5026E-01  1.0518E+02  6.7636E-01  2.1828E+02  1.0000E+00
 3.7268E+02  6.5103E-01  1.0451E+02  6.7762E-01  2.1703E+02  1.0000E+00
 3.7554E+02  6.5180E-01  1.0384E+02  6.7888E-01  2.1578E+02  1.0000E+00
 3.7841E+02  6.5258E-01  1.0317E+02  6.8014E-01  2.1454E+02  1.0000E+00
 3.8131E+02  6.5336E-01  1.0251E+02  6.8141E-01  2.1331E+02  1.0000E+00
 3.8423E+02  6.5415E-01  1.0185E+02  6.8267E-01  2.1209E+02  1.0000E+00
 3.8718E+02  6.5494E-01  1.0120E+02  6.8393E-01  2.1087E+02  1.0000E+00
 3.9014E+02  6.5574E-01  1.0055E+02  6.8519E-01  2.0965E+02  1.0000E+00
 3.9313E+02  6.5654E-01  9.9909E+01  6.8645E-01  2.0845E+02  1.0000E+00
 3.9614E+02  6.5735E-01  9.9271E+01  6.8771E-01  2.0725E+02  1.0000E+00
 3.9917E+02  6.5816E-01  9.8637E+01  6.8897E-01  2.0605E+02  1.0000E+00
 4.0223E+02  6.5897E-01  9.8009E+01  6.9024E-01  2.0486E+02  1.0000E+00
 4.0531E+02  6.5979E-01  9.7384E+01  6.9150E-01  2.0368E+02  1.0000E+00
 4.0841E+02  6.6061E-01  9.6764E+01  6.9276E-01  2.0251E+02  1.0000E+00
 4.1154E+02  6.6144E-01  9.6149E+01  6.9402E-01  2.0134E+02  1.0000E+00
 4.1469E+02  6.6227E-01  9.5538E+01  6.9529E-01  2.0017E+02  1.0000E+00
 4.1787E+02  6.6311E-01  9.4932E+01  6.9655E-01  1.9902E+02  1.0000E+00
 4.2107E+02  6.6395E-01  9.4330E+01  6.9781E-01  1.9786E+02  1.0000E+00
 4.2429E+02  6.6480E-01  9.3732E+01  6.9907E-01  1.9672E+02  1.0000E+00
 4.2754E+02  6.6565E-01  9.3138E+01  7.0033E-01  1.9558E+02  1.0000E+00
 4.3082E+02  6.6651E-01  9.2549E+01  7.0160E-01  1.9445E+02  1.0000E+00
 4.3412E+02  6.6737E-01  9.1964E+01  7.0286E-01  1.9332E+02  1.0000E+00
 4.3744E+02  6.6823E-01  9.1383E+01  7.0412E-01  1.9220E+02  1.0000E+00
 4.4079E+02  6.6910E-01  9.0806E+01  7.0539E-01  1.9108E+02  1.0000E+00
 4.4417E+02  6.6998E-01  9.0233E+01  7.0665E-01  1.8997E+02  1.0000E+00
 4.4757E+02  6.7086E-01  8.9665E+01  7.0791E-01  1.8887E+02  1.0000E+00
 4.5100E+02  6.7174E-01  8.9100E+01  7.0918E-01  1.8777E+02  1.0000E+00
 4.5445E+02  6.7263E-01  8.8540E+01  7.1044E-01  1.8668E+02  1.0000E+00
 4.5793E+02  6.7352E-01  8.7983E+01  7.1170E-01  1.8559E+02  1.0000E+00
 4.6144E+02  6.7442E-01  8.7431E+01  7.1297E-01  1.8451E+02  1.0000E+00
 4.6497E+02  6.7532E-01  8.6882E+01  7.1423E-01  1.8343E+02  1.0000E+00
 4.6853E+02  6.7623E-01  8.6337E+01  7.1549E-01  1.8236E+02  1.0000E+00
 4.7212E+02  6.7714E-01  8.5796E+01  7.1676E-01  1.8130E+02  1.0000E+00
 4.7574E+02  6.7806E-01  8.5259E+01  7.1802E-01  1.8024E+02  1.0000E+00
 4.7938E+02  6.7898E-01  8.4726E+01  7.1928E-01  1.7919E+02  1.0000E+00
 4.8305E+02  6.7990E-01  8.4196E+01  7.2055E-01  1.7814E+02  1.0000E+00
 4.8675E+02  6.8083E-01  8.3670E+01  7.2181E-01  1.7710E+02  1.0000E+00
 4.9048E+02  6.8177E-01  8.3148E+01  7.2308E-01  1.7607E+02  1.0000E+00
 4.9424E+02  6.8271E-01  8.2629E+01  7.2434E-01  1.7504E+02  1.0000E+00
 4.9802E+02  6.8365E-01  8.2114E+01  7.2561E-01  1.7401E+02  1.0000E+00
 5.0183E+02  6.8460E-01  8.1603E+01  7.2687E-01  1.7299E+02  1.0000E+00
 5.0568E+02  6.8555E-01  8.1095E+01  7.2814E-01  1.7198E+02  1.0000E+00
 5.0955E+02  6.8651E-01  8.0591E+01  7.2940E-01  1.7097E+02  1.0000E+00
 5.1345E+02  6.8747E-01  8.0090E+01  7.3066E-01  1.6997E+02  1.0000E+00
 5.1738E+02  6.8844E-01  7.9593E+01  7.3193E-01  1.6897E+02  1.0000E+00
 5.2135E+02  6.8941E-01  7.9099E+01  7.3320E-01  1.6798E+02  1.0000E+00
 5.2534E+02  6.9039E-01  7.8609E+01  7.3446E-01  1.6699E+02  1.0000E+00
 5.2936E+02  6.9137E-01  7.8122E+01  7.3573E-01  1.6601E+02  1.0000E+00
 5.3342E+02  6.9235E-01  7.7638E+01  7.3699E-01  1.6503E+02  1.0000E+00
 5.3750E+02  6.9334E-01  7.7158E+01  7.3826E-01  1.6406E+02  1.0000E+00
 5.4162E+02  6.9434E-01  7.6681E+01  7.3952E-01  1.6310E+02  1.0000E+00
 5.4577E+02  6.9534E-01  7.6208E+01  7.4079E-01  1.6214E+02  1.0000E+00
 5.4995E+02  6.9634E-01  7.5737E+01  7.4205E-01  1.6118E+02  1.0000E+00
 5.5416E+02  6.9735E-01  7.5270E+01  7.4332E-01  1.6023E+02  1.0000E+00
 5.5840E+02  6.9836E-01  7.4806E+01  7.4459E-01  1.5929E+02  1.0000E+00
 5.6268E+02  6.9938E-01  7.4346E+01  7.4585E-01  1.5835E+02  1.0000E+00
 5.6699E+02  7.0040E-01  7.3888E+01  7.4712E-01  1.5741E+02  1.0000E+00
 5.7133E+02  7.0143E-01  7.3434E+01  7.4839E-01  1.5648E+02  1.0000E+00
 5.7571E+02  7.0246E-01  7.2982E+01  7.4965E-01  1.5556E+02  1.0000E+00
 5.8011E+02  7.0349E-01  7.2534E+01  7.5092E-01  1.5464E+02  1.0000E+00
 5.8456E+02  7.0453E-01  7.2089E+01  7.5219E-01  1.5372E+02  1.0000E+00
 5.8903E+02  7.0558E-01  7.1647E+01  7.5345E-01  1.5281E+02  1.0000E+00
 5.9354E+02  7.0663E-01  7.1208E+01  7.5472E-01  1.5191E+02  1.0000E+00
 5.9809E+02  7.0768E-01  7.0771E+01  7.5599E-01  1.5101E+02  1.0000E+00
 6.0267E+02  7.0874E-01  7.0338E+01  7.5726E-01  1.5011E+02  1.0000E+00
 6.0729E+02  7.0980E-01  6.9908E+01  7.5852E-01  1.4922E+02  1.0000E+00
 6.1194E+02  7.1087E-01  6.9481E+01  7.5979E-01  1.4834E+02  1.0000E+00
 6.1662E+02  7.1194E-01  6.9056E+01  7.6106E-01  1.4746E+02  1.0000E+00
 6.2135E+02  7.1301E-01  6.8635E+01  7.6233E-01  1.4658E+02  1.0000E+00
 6.2610E+02  7.1409E-01  6.8216E+01  7.6359E-01  1.4571E+02  1.0000E+00
 6.3090E+02  7.1518E-01  6.7800E+01  7.6486E-01  1.4485E+02  1.0000E+00
 6.3573E+02  7.1627E-01  6.7387E+01  7.6613E-01  1.4399E+02  1.0000E+00
 6.4060E+02  7.1736E-01  6.6977E+01  7.6740E-01  1.4313E+02  1.0000E+00
 6.4551E+02  7.1846E-01  6.6569E+01  7.6867E-01  1.4228E+02  1.0000E+00
 6.5045E+02  7.1957E-01  6.6164E+01  7.6994E-01  1.4143E+02  1.0000E+00
 6.5543E+02  7.2067E-01  6.5762E+01  7.7121E-01  1.4059E+02  1.0000E+00
 6.6045E+02  7.2179E-01  6.5363E+01  7.7248E-01  1.3975E+02  1.0000E+00
 6.6551E+02  7.2290E-01  6.4966E+01  7.7374E-01  1.3892E+02  1.0000E+00
 6.7060E+02  7.2402E-01  6.4572E+01  7.7501E-01  1.3809E+02  1.0000E+00
 6.7574E+02  7.2515E-01  6.4181E+01  7.7628E-01  1.3727E+02  1.0000E+00
 6.8092E+02  7.2628E-01  6.3792E+01  7.7755E-01  1.3645E+02  1.0000E+00
 6.8613E+02  7.2742E-01  6.3406E+01  7.7882E-01  1.3564E+02  1.0000E+00
 6.9138E+02  7.2855E-01  6.3022E+01  7.8009E-01  1.3483E+02  1.0000E+00
 6.9668E+02  7.2970E-01  6.2641E+01  7.8136E-01  1.3402E+02  1.0000E+00
 7.0201E+02  7.3085E-01  6.2262E+01  7.8263E-01  1.3322E+02  1.0000E+00
 7.0739E+02  7.3200E-01  6.1886E+01  7.8390E-01  1.3242E+02  1.0000E+00
 7.1281E+02  7.3316E-01  6.1512E+01  7.8517E-01  1.3163E+02  1.0000E+00
 7.1827E+02  7.3432E-01  6.1141E+01  7.8645E-01  1.3084E+02  1.0000E+00
 7.2377E+02  7.3548E-01  6.0773E+01  7.8772E-01  1.3006E+02  1.0000E+00
 7.2931E+02  7.3665E-01  6.0406E+01  7.8899E-01  1.2928E+02  1.0000E+00
 7.3490E+02  7.3783E-01  6.0043E+01  7.9026E-01  1.2851E+02  1.0000E+00
 7.4052E+02  7.3901E-01  5.9681E+01  7.9153E-01  1.2774E+02  1.0000E+00
 7.4620E+02  7.4019E-01  5.9322E+01  7.9280E-01  1.2697E+02  1.0000E+00
 7.5191E+02  7.4138E-01  5.8966E+01  7.9407E-01  1.2621E+02  1.0000E+00
 7.5767E+02  7.4257E-01  5.8611E+01  7.9535E-01  1.2545E+02  1.0000E+00
 7.6347E+02  7.4377E-01  5.8259E+01  7.9662E-01  1.2470E+02  1.0000E+00
 7.6932E+02  7.4497E-01  5.7909E+01  7.9789E-01  1.2395E+02  1.0000E+00
 7.7521E+02  7.4618E-01  5.7562E+01  7.9916E-01  1.2320E+02  1.0000E+00
 7.8115E+02  7.4739E-01  5.7217E+01  8.0044E-01  1.2246E+02  1.0000E+00
 7.8713E+02  7.4860E-01  5.6874E+01  8.0171E-01  1.2173E+02  1.0000E+00
 7.9316E+02  7.4982E-01  5.6533E+01  8.0298E-01  1.2099E+02  1.0000E+00
 7.9923E+02  7.5104E-01  5.6194E+01  8.0425E-01  1.2027E+02  1.0000E+00
 8.0535E+02  7.5226E-01  5.5858E+01  8.0553E-01  1.1954E+02  1.0000E+00
 8.1152E+02  7.5349E-01  5.5523E+01  8.0680E-01  1.1882E+02  1.0000E+00
 8.1774E+02  7.5472E-01  5.5191E+01  8.0808E-01  1.1811E+02  1.0000E+00
 8.2400E+02  7.5595E-01  5.4861E+01  8.0935E-01  1.1739E+02  1.0000E+00
 8.3031E+02  7.5719E-01  5.4532E+01  8.1062E-01  1.1669E+02  1.0000E+00
 8.3667E+02  7.5843E-01  5.4206E+01  8.1190E-01  1.1598E+02  1.0000E+00
 8.4307E+02  7.5967E-01  5.3882E+01  8.1317E-01  1.1528E+02  1.0000E+00
 8.4953E+02  7.6092E-01  5.3560E+01  8.1445E-01  1.1459E+02  1.0000E+00
 8.5604E+02  7.6217E-01  5.3240E+01  8.1572E-01  1.1390E+02  1.0000E+00
 8.6259E+02  7.6343E-01  5.2922E+01  8.1700E-01  1.1321E+02  1.0000E+00
 8.6920E+02  7.6469E-01  5.2606E+01  8.1827E-01  1.1252E+02  1.0000E+00
 8.7586E+02  7.6595E-01  5.2292E+01  8.1955E-01  1.1184E+02  1.0000E+00
 8.8256E+02  7.6721E-01  5.1980E+01  8.2082E-01  1.1117E+02  1.0000E+00
 8.8932E+02  7.6848E-01  5.1670E+01  8.2210E-01  1.1049E+02  1.0000E+00
 8.9613E+02  7.6976E-01  5.1362E+01  8.2338E-01  1.0983E+02  1.0000E+00
 9.0300E+02  7.7103E-01  5.1056E+01  8.2465E-01  1.0916E+02  1.0000E+00
 9.0991E+02  7.7231E-01  5.0752E+01  8.2593E-01  1.0850E+02  1.0000E+00
 9.1688E+02  7.7360E-01  5.0449E+01  8.2721E-01  1.0784E+02  1.0000E+00
 9.2390E+02  7.7489E-01  5.0149E+01  8.2848E-01  1.0719E+02  1.0000E+00
 9.3098E+02  7.7618E-01  4.9850E+01  8.2976E-01  1.0654E+02  1.0000E+00
 9.3811E+02  7.7747E-01  4.9554E+01  8.3104E-01  1.0589E+02  1.0000E+00
 9.4529E+02  7.7877E-01  4.9259E+01  8.3231E-01  1.0525E+02  1.0000E+00
 9.5253E+02  7.8007E-01  4.8966E+01  8.3359E-01  1.0461E+02  1.0000E+00
 9.5983E+02  7.8138E-01  4.8675E+01  8.3487E-01  1.0398E+02  1.0000E+00
 9.6718E+02  7.8269E-01  4.8385E+01  8.3615E-01  1.0335E+02  1.0000E+00
 9.7458E+02  7.8400E-01  4.8098E+01  8.3743E-01  1.0272E+02  1.0000E+00
 9.8205E+02  7.8532E-01  4.7812E+01  8.3871E-01  1.0209E+02  1.0000E+00
 9.8957E+02  7.8664E-01  4.7528E+01  8.3999E-01  1.0147E+02  1.0000E+00
 9.9715E+02  7.8796E-01  4.7246E+01  8.4126E-01  1.0086E+02  1.0000E+00
 1.0048E+03  7.8929E-01  4.6966E+01  8.4254E-01  1.0024E+02  1.0000E+00
 1.0125E+03  7.9062E-01  4.6687E+01  8.4382E-01  9.9632E+01  1.0000E+00
 1.0202E+03  7.9195E-01  4.6410E+01  8.4510E-01  9.9026E+01  1.0000E+00
 1.0280E+03  7.9329E-01  4.6135E+01  8.4638E-01  9.8423E+01  1.0000E+00
 1.0359E+03  7.9464E-01  4.5861E+01  8.4766E-01  9.7823E+01  1.0000E+00
 1.0439E+03  7.9598E-01  4.5589E+01  8.4895E-01  9.7227E+01  1.0000E+00
 1.0518E+03  7.9733E-01  4.5319E+01  8.5023E-01  9.6634E+01  1.0000E+00
 1.0599E+03  7.9868E-01  4.5051E+01  8.5151E-01  9.6045E+01  1.0000E+00
 1.0680E+03  8.0004E-01  4.4784E+01  8.5279E-01  9.5459E+01  1.0000E+00
 1.0762E+03  8.0140E-01  4.4519E+01  8.5407E-01  9.4877E+01  1.0000E+00
 1.0844E+03  8.0277E-01  4.4255E+01  8.5535E-01  9.4298E+01  1.0000E+00
 1.0927E+03  8.0414E-01  4.3994E+01  8.5664E-01  9.3722E+01  1.0000E+00
 1.1011E+03  8.0551E-01  4.3733E+01  8.5792E-01  9.3150E+01  1.0000E+00
 1.1095E+03  8.0688E-01  4.3475E+01  8.5920E-01  9.2581E+01  1.0000E+00
 1.1180E+03  8.0826E-01  4.3218E+01  8.6048E-01  9.2015E+01  1.0000E+00
 1.1266E+03  8.0965E-01  4.2962E+01  8.6177E-01  9.1452E+01  1.0000E+00
 1.1352E+03  8.1104E-01  4.2709E+01  8.6305E-01  9.0893E+01  1.0000E+00
 1.1439E+03  8.1243E-01  4.2456E+01  8.6433E-01  9.0337E+01  1.0000E+00
 1.1527E+03  8.1382E-01  4.2206E+01  8.6562E-01  8.9784E+01  1.0000E+00
 1.1615E+03  8.1522E-01  4.1956E+01  8.6690E-01  8.9235E+01  1.0000E+00
 1.1704E+03  8.1662E-01  4.1709E+01  8.6819E-01  8.8688E+01  1.0000E+00
 1.1794E+03  8.1803E-01  4.1463E+01  8.6947E-01  8.8145E+01  1.0000E+00
 1.1884E+03  8.1944E-01  4.1218E+01  8.7076E-01  8.7605E+01  1.0000E+00
 1.1975E+03  8.2085E-01  4.0975E+01  8.7204E-01  8.7068E+01  1.0000E+00
 1.2067E+03  8.2227E-01  4.0734E+01  8.7333E-01  8.6534E+01  1.0000E+00
 1.2159E+03  8.2369E-01  4.0494E+01  8.7462E-01  8.6004E+01  1.0000E+00
 1.2252E+03  8.2512E-01  4.0255E+01  8.7590E-01  8.5476E+01  1.0000E+00
 1.2346E+03  8.2655E-01  4.0018E+01  8.7719E-01  8.4952E+01  1.0000E+00
 1.2441E+03  8.2798E-01  3.9782E+01  8.7848E-01  8.4430E+01  1.0000E+00
 1.2536E+03  8.2942E-01  3.9548E+01  8.7976E-01  8.3912E+01  1.0000E+00
 1.2632E+03  8.3086E-01  3.9315E+01  8.8105E-01  8.3397E+01  1.0000E+00
 1.2729E+03  8.3230E-01  3.9084E+01  8.8234E-01  8.2884E+01  1.0000E+00
 1.2826E+03  8.3375E-01  3.8854E+01  8.8363E-01  8.2375E+01  1.0000E+00
 1.2924E+03  8.3520E-01  3.8626E+01  8.8492E-01  8.1869E+01  1.0000E+00
 1.3023E+03  8.3666E-01  3.8398E+01  8.8621E-01  8.1365E+01  1.0000E+00
 1.3123E+03  8.3812E-01  3.8173E+01  8.8749E-01  8.0865E+01  1.0000E+00
 1.3224E+03  8.3958E-01  3.7948E+01  8.8878E-01  8.0367E+01  1.0000E+00
 1.3325E+03  8.4105E-01  3.7725E+01  8.9007E-01  7.9873E+01  1.0000E+00
 1.3427E+03  8.4252E-01  3.7504E+01  8.9136E-01  7.9381E+01  1.0000E+00
 1.3530E+03  8.4400E-01  3.7284E+01  8.9266E-01  7.8892E+01  1.0000E+00
 1.3633E+03  8.4548E-01  3.7065E+01  8.9395E-01  7.8406E+01  1.0000E+00
 1.3738E+03  8.4696E-01  3.6847E+01  8.9524E-01  7.7923E+01  1.0000E+00
 1.3843E+03  8.4845E-01  3.6631E+01  8.9653E-01  7.7443E+01  1.0000E+00
 1.3949E+03  8.4994E-01  3.6416E+01  8.9782E-01  7.6966E+01  1.0000E+00
 1.4056E+03  8.5144E-01  3.6203E+01  8.9911E-01  7.6491E+01  1.0000E+00
 1.4164E+03  8.5300E-01  3.5993E+01  9.0041E-01  7.6019E+01  1.0000E+00
 1.4272E+03  8.5465E-01  3.5788E+01  9.0170E-01  7.5550E+01  1.0000E+00
 1.4381E+03  8.5630E-01  3.5584E+01  9.0299E-01  7.5084E+01  1.0000E+00
 1.4491E+03  8.5795E-01  3.5382E+01  9.0429E-01  7.4621E+01  1.0000E+00
 1.4602E+03  8.5959E-01  3.5180E+01  9.0558E-01  7.4160E+01  1.0000E+00
 1.4714E+03  8.6123E-01  3.4978E+01  9.0688E-01  7.3702E+01  1.0000E+00
 1.4827E+03  8.6287E-01  3.4778E+01  9.0817E-01  7.3247E+01  1.0000E+00
 1.4940E+03  8.6451E-01  3.4579E+01  9.0947E-01  7.2794E+01  1.0000E+00
 1.5055E+03  8.6615E-01  3.4381E+01  9.1076E-01  7.2344E+01  1.0000E+00
 1.5170E+03  8.6778E-01  3.4184E+01  9.1206E-01  7.1897E+01  1.0000E+00
 1.5286E+03  8.6941E-01  3.3987E+01  9.1335E-01  7.1452E+01  1.0000E+00
 1.5403E+03  8.7104E-01  3.3792E+01  9.1465E-01  7.1010E+01  1.0000E+00
 1.5521E+03  8.7267E-01  3.3597E+01  9.1595E-01  7.0571E+01  1.0000E+00
 1.5640E+03  8.7429E-01  3.3403E+01  9.1725E-01  7.0134E+01  1.0000E+00
 1.5760E+03  8.7591E-01  3.3211E+01  9.1854E-01  6.9700E+01  1.0000E+00
 1.5881E+03  8.7753E-01  3.3019E+01  9.1984E-01  6.9268E+01  1.0000E+00
 1.6002E+03  8.7915E-01  3.2828E+01  9.2114E-01  6.8839E+01  1.0000E+00
 1.6125E+03  8.8077E-01  3.2638E+01  9.2244E-01  6.8413E+01  1.0000E+00
 1.6248E+03  8.8238E-01  3.2449E+01  9.2374E-01  6.7989E+01  1.0000E+00
 1.6373E+03  8.8399E-01  3.2261E+01  9.2504E-01  6.7567E+01  1.0000E+00
 1.6498E+03  8.8560E-01  3.2073E+01  9.2634E-01  6.7148E+01  1.0000E+00
 1.6625E+03  8.8721E-01  3.1887E+01  9.2764E-01  6.6732E+01  1.0000E+00
 1.6752E+03  8.8882E-01  3.1702E+01  9.2894E-01  6.6318E+01  1.0000E+00
 1.6880E+03  8.9042E-01  3.1517E+01  9.3024E-01  6.5907E+01  1.0000E+00
 1.7009E+03  8.9203E-01  3.1333E+01  9.3155E-01  6.5497E+01  1.0000E+00
 1.7140E+03  8.9363E-01  3.1151E+01  9.3285E-01  6.5091E+01  1.0000E+00
 1.7271E+03  8.9523E-01  3.0969E+01  9.3415E-01  6.4687E+01  1.0000E+00
 1.7403E+03  8.9683E-01  3.0788E+01  9.3546E-01  6.4285E+01  1.0000E+00
 1.7537E+03  8.9842E-01  3.0608E+01  9.3676E-01  6.3886E+01  1.0000E+00
 1.7671E+03  9.0001E-01  3.0429E+01  9.3806E-01  6.3489E+01  1.0000E+00
 1.7806E+03  9.0161E-01  3.0251E+01  9.3937E-01  6.3094E+01  1.0000E+00
 1.7943E+03  9.0320E-01  3.0073E+01  9.4067E-01  6.2702E+01  1.0000E+00
 1.8080E+03  9.0479E-01  2.9897E+01  9.4198E-01  6.2312E+01  1.0000E+00
 1.8218E+03  9.0637E-01  2.9721E+01  9.4329E-01  6.1925E+01  1.0000E+00
 1.8358E+03  9.0796E-01  2.9546E+01  9.4459E-01  6.1539E+01  1.0000E+00
 1.8499E+03  9.0954E-01  2.9373E+01  9.4590E-01  6.1156E+01  1.0000E+00
 1.8640E+03  9.1112E-01  2.9200E+01  9.4721E-01  6.0776E+01  1.0000E+00
 1.8783E+03  9.1270E-01  2.9028E+01  9.4852E-01  6.0397E+01  1.0000E+00
 1.8927E+03  9.1428E-01  2.8856E+01  9.4983E-01  6.0021E+01  1.0000E+00
 1.9072E+03  9.1586E-01  2.8686E+01  9.5114E-01  5.9648E+01  1.0000E+00
 1.9218E+03  9.1744E-01  2.8517E+01  9.5244E-01  5.9276E+01  1.0000E+00
 1.9365E+03  9.1901E-01  2.8348E+01  9.5376E-01  5.8907E+01  1.0000E+00
 1.9513E+03  9.2058E-01  2.8180E+01  9.5507E-01  5.8540E+01  1.0000E+00
 1.9663E+03  9.2216E-01  2.8014E+01  9.5638E-01  5.8175E+01  1.0000E+00
 1.9813E+03  9.2373E-01  2.7848E+01  9.5769E-01  5.7812E+01  1.0000E+00
 1.9965E+03  9.2529E-01  2.7682E+01  9.5900E-01  5.7452E+01  1.0000E+00
 2.0118E+03  9.2686E-01  2.7518E+01  9.6031E-01  5.7093E+01  1.0000E+00
 2.0272E+03  9.2843E-01  2.7355E+01  9.6163E-01  5.6737E+01  1.0000E+00
 2.0427E+03  9.2999E-01  2.7192E+01  9.6294E-01  5.6383E+01  1.0000E+00
 2.0584E+03  9.3155E-01  2.7030E+01  9.6426E-01  5.6031E+01  1.0000E+00
 2.0741E+03  9.3312E-01  2.6870E+01  9.6557E-01  5.5681E+01  1.0000E+00
 2.0900E+03  9.3468E-01  2.6710E+01  9.6689E-01  5.5334E+01  1.0000E+00
 2.1060E+03  9.3623E-01  2.6550E+01  9.6820E-01  5.4988E+01  1.0000E+00
 2.1222E+03  9.3779E-01  2.6392E+01  9.6952E-01  5.4645E+01  1.0000E+00
 2.1384E+03  9.3935E-01  2.6234E+01  9.7084E-01  5.4303E+01  1.0000E+00
 2.1548E+03  9.4090E-01  2.6078E+01  9.7216E-01  5.3964E+01  1.0000E+00
 2.1713E+03  9.4246E-01  2.5922E+01  9.7347E-01  5.3627E+01  1.0000E+00
 2.1879E+03  9.4401E-01  2.5767E+01  9.7479E-01  5.3291E+01  1.0000E+00
 2.2047E+03  9.4556E-01  2.5613E+01  9.7611E-01  5.2958E+01  1.0000E+00
 2.2216E+03  9.4711E-01  2.5459E+01  9.7743E-01  5.2627E+01  1.0000E+00
 2.2386E+03  9.4866E-01  2.5307E+01  9.7875E-01  5.2298E+01  1.0000E+00
 2.2557E+03  9.5021E-01  2.5155E+01  9.8007E-01  5.1971E+01  1.0000E+00
 2.2730E+03  9.5176E-01  2.5004E+01  9.8140E-01  5.1645E+01  1.0000E+00
 2.2904E+03  9.5330E-01  2.4854E+01  9.8272E-01  5.1322E+01  1.0000E+00
 2.3079E+03  9.5485E-01  2.4704E+01  9.8404E-01  5.1001E+01  1.0000E+00
 2.3256E+03  9.5639E-01  2.4556E+01  9.8537E-01  5.0682E+01  1.0000E+00
 2.3434E+03  9.5793E-01  2.4408E+01  9.8669E-01  5.0364E+01  1.0000E+00
 2.3614E+03  9.5948E-01  2.4261E+01  9.8802E-01  5.0049E+01  1.0000E+00
 2.3794E+03  9.6102E-01  2.4115E+01  9.8934E-01  4.9735E+01  1.0000E+00
 2.3977E+03  9.6256E-01  2.3970E+01  9.9067E-01  4.9424E+01  1.0000E+00
 2.4160E+03  9.6410E-01  2.3825E+01  9.9200E-01  4.9114E+01  1.0000E+00
 2.4345E+03  9.6563E-01  2.3681E+01  9.9332E-01  4.8806E+01  1.0000E+00
 2.4532E+03  9.6717E-01  2.3538E+01  9.9465E-01  4.8500E+01  1.0000E+00
 2.4720E+03  9.6871E-01  2.3396E+01  9.9598E-01  4.8196E+01  1.0000E+00
 2.4909E+03  9.7024E-01  2.3255E+01  9.9731E-01  4.7894E+01  1.0000E+00
 2.5100E+03  9.7178E-01  2.3114E+01  9.9864E-01  4.7593E+01  1.0000E+00
 2.5292E+03  9.7331E-01  2.2974E+01  9.9997E-01  4.7295E+01  1.0000E+00
 2.5486E+03  9.7484E-01  2.2835E+01  1.0013E+00  4.6998E+01  1.0000E+00
 2.5681E+03  9.7637E-01  2.2697E+01  1.0026E+00  4.6703E+01  1.0000E+00
 2.5878E+03  9.7790E-01  2.2559E+01  1.0040E+00  4.6410E+01  1.0000E+00
 2.6076E+03  9.7943E-01  2.2422E+01  1.0053E+00  4.6118E+01  1.0000E+00
 2.6275E+03  9.8096E-01  2.2286E+01  1.0066E+00  4.5829E+01  1.0000E+00
 2.6477E+03  9.8249E-01  2.2151E+01  1.0080E+00  4.5541E+01  1.0000E+00
 2.6679E+03  9.8402E-01  2.2016E+01  1.0093E+00  4.5255E+01  1.0000E+00
 2.6884E+03  9.8555E-01  2.1882E+01  1.0106E+00  4.4971E+01  1.0000E+00
 2.7090E+03  9.8707E-01  2.1749E+01  1.0120E+00  4.4688E+01  1.0000E+00
 2.7297E+03  9.8860E-01  2.1617E+01  1.0133E+00  4.4407E+01  1.0000E+00
 2.7506E+03  9.9012E-01  2.1485E+01  1.0147E+00  4.4128E+01  1.0000E+00
 2.7717E+03  9.9165E-01  2.1354E+01  1.0160E+00  4.3851E+01  1.0000E+00
 2.7929E+03  9.9317E-01  2.1224E+01  1.0173E+00  4.3575E+01  1.0000E+00
 2.8143E+03  9.9470E-01  2.1095E+01  1.0187E+00  4.3301E+01  1.0000E+00
 2.8358E+03  9.9622E-01  2.0966E+01  1.0200E+00  4.3029E+01  1.0000E+00
 2.8576E+03  9.9774E-01  2.0838E+01  1.0214E+00  4.2758E+01  1.0000E+00
 2.8794E+03  9.9926E-01  2.0711E+01  1.0227E+00  4.2489E+01  1.0000E+00
 2.9015E+03  1.0008E+00  2.0584E+01  1.0241E+00  4.2222E+01  1.0000E+00
 2.9237E+03  1.0023E+00  2.0458E+01  1.0254E+00  4.1956E+01  1.0000E+00
 2.9461E+03  1.0038E+00  2.0333E+01  1.0268E+00  4.1692E+01  1.0000E+00
 2.9687E+03  1.0053E+00  2.0209E+01  1.0281E+00  4.1430E+01  1.0000E+00
 2.9914E+03  1.0069E+00  2.0085E+01  1.0294E+00  4.1169E+01  1.0000E+00
 3.0143E+03  1.0084E+00  1.9962E+01  1.0308E+00  4.0910E+01  1.0000E+00
 3.0374E+03  1.0099E+00  1.9839E+01  1.0321E+00  4.0652E+01  1.0000E+00
 3.0607E+03  1.0114E+00  1.9718E+01  1.0335E+00  4.0396E+01  1.0000E+00
 3.0841E+03  1.0129E+00  1.9597E+01  1.0348E+00  4.0141E+01  1.0000E+00
 3.1077E+03  1.0144E+00  1.9477E+01  1.0362E+00  3.9889E+01  1.0000E+00
 3.1315E+03  1.0160E+00  1.9357E+01  1.0376E+00  3.9637E+01  1.0000E+00
 3.1555E+03  1.0175E+00  1.9238E+01  1.0389E+00  3.9387E+01  1.0000E+00
 3.1797E+03  1.0190E+00  1.9120E+01  1.0403E+00  3.9139E+01  1.0000E+00
 3.2040E+03  1.0205E+00  1.9002E+01  1.0416E+00  3.8892E+01  1.0000E+00
 3.2286E+03  1.0220E+00  1.8885E+01  1.0430E+00  3.8647E+01  1.0000E+00
 3.2533E+03  1.0235E+00  1.8769E+01  1.0443E+00  3.8404E+01  1.0000E+00
 3.2782E+03  1.0251E+00  1.8654E+01  1.0457E+00  3.8161E+01  1.0000E+00
 3.3033E+03  1.0266E+00  1.8539E+01  1.0470E+00  3.7921E+01  1.0000E+00
 3.3286E+03  1.0281E+00  1.8425E+01  1.0484E+00  3.7682E+01  1.0000E+00
 3.3541E+03  1.0296E+00  1.8311E+01  1.0498E+00  3.7444E+01  1.0000E+00
 3.3798E+03  1.0311E+00  1.8198E+01  1.0511E+00  3.7208E+01  1.0000E+00
 3.4057E+03  1.0326E+00  1.8086E+01  1.0525E+00  3.6973E+01  1.0000E+00
 3.4317E+03  1.0341E+00  1.7974E+01  1.0539E+00  3.6739E+01  1.0000E+00
 3.4580E+03  1.0357E+00  1.7863E+01  1.0552E+00  3.6508E+01  1.0000E+00
 3.4845E+03  1.0372E+00  1.7753E+01  1.0566E+00  3.6277E+01  1.0000E+00
 3.5112E+03  1.0387E+00  1.7643E+01  1.0580E+00  3.6048E+01  1.0000E+00
 3.5381E+03  1.0402E+00  1.7534E+01  1.0593E+00  3.5821E+01  1.0000E+00
 3.5652E+03  1.0417E+00  1.7426E+01  1.0607E+00  3.5594E+01  1.0000E+00
 3.5925E+03  1.0432E+00  1.7318E+01  1.0621E+00  3.5370E+01  1.0000E+00
 3.6200E+03  1.0447E+00  1.7211E+01  1.0634E+00  3.5146E+01  1.0000E+00
 3.6477E+03  1.0462E+00  1.7104E+01  1.0648E+00  3.4924E+01  1.0000E+00
 3.6757E+03  1.0478E+00  1.6998E+01  1.0662E+00  3.4704E+01  1.0000E+00
 3.7038E+03  1.0493E+00  1.6893E+01  1.0676E+00  3.4484E+01  1.0000E+00
 3.7322E+03  1.0508E+00  1.6788E+01  1.0689E+00  3.4266E+01  1.0000E+00
 3.7608E+03  1.0523E+00  1.6684E+01  1.0703E+00  3.4050E+01  1.0000E+00
 3.7896E+03  1.0538E+00  1.6581E+01  1.0717E+00  3.3835E+01  1.0000E+00
 3.8186E+03  1.0553E+00  1.6478E+01  1.0731E+00  3.3621E+01  1.0000E+00
 3.8478E+03  1.0568E+00  1.6376E+01  1.0744E+00  3.3408E+01  1.0000E+00
 3.8773E+03  1.0583E+00  1.6274E+01  1.0758E+00  3.3197E+01  1.0000E+00
 3.9070E+03  1.0599E+00  1.6173E+01  1.0772E+00  3.2987E+01  1.0000E+00
 3.9369E+03  1.0614E+00  1.6073E+01  1.0786E+00  3.2779E+01  1.0000E+00
 3.9671E+03  1.0629E+00  1.5973E+01  1.0800E+00  3.2571E+01  1.0000E+00
 3.9974E+03  1.0644E+00  1.5873E+01  1.0814E+00  3.2365E+01  1.0000E+00
 4.0281E+03  1.0659E+00  1.5775E+01  1.0828E+00  3.2161E+01  1.0000E+00
 4.0589E+03  1.0674E+00  1.5677E+01  1.0841E+00  3.1957E+01  1.0000E+00
 4.0900E+03  1.0689E+00  1.5579E+01  1.0855E+00  3.1755E+01  1.0000E+00
 4.1213E+03  1.0705E+00  1.5482E+01  1.0869E+00  3.1554E+01  1.0000E+00
 4.1529E+03  1.0720E+00  1.5386E+01  1.0883E+00  3.1355E+01  1.0000E+00
 4.1847E+03  1.0735E+00  1.5290E+01  1.0897E+00  3.1156E+01  1.0000E+00
 4.2167E+03  1.0750E+00  1.5195E+01  1.0911E+00  3.0959E+01  1.0000E+00
 4.2490E+03  1.0765E+00  1.5100E+01  1.0925E+00  3.0763E+01  1.0000E+00
 4.2816E+03  1.0780E+00  1.5006E+01  1.0939E+00  3.0568E+01  1.0000E+00
 4.3143E+03  1.0796E+00  1.4912E+01  1.0953E+00  3.0375E+01  1.0000E+00
 4.3474E+03  1.0811E+00  1.4819E+01  1.0967E+00  3.0183E+01  1.0000E+00
 4.3807E+03  1.0826E+00  1.4727E+01  1.0981E+00  2.9992E+01  1.0000E+00
 4.4142E+03  1.0841E+00  1.4635E+01  1.0995E+00  2.9802E+01  1.0000E+00
 4.4480E+03  1.0856E+00  1.4543E+01  1.1009E+00  2.9613E+01  1.0000E+00
 4.4821E+03  1.0871E+00  1.4453E+01  1.1023E+00  2.9426E+01  1.0000E+00
 4.5164E+03  1.0887E+00  1.4362E+01  1.1037E+00  2.9239E+01  1.0000E+00
 4.5510E+03  1.0902E+00  1.4273E+01  1.1051E+00  2.9054E+01  1.0000E+00
 4.5859E+03  1.0917E+00  1.4183E+01  1.1065E+00  2.8870E+01  1.0000E+00
 4.6210E+03  1.0932E+00  1.4095E+01  1.1079E+00  2.8687E+01  1.0000E+00
 4.6564E+03  1.0947E+00  1.4007E+01  1.1093E+00  2.8506E+01  1.0000E+00
 4.6920E+03  1.0963E+00  1.3919E+01  1.1108E+00  2.8325E+01  1.0000E+00
 4.7280E+03  1.0978E+00  1.3832E+01  1.1122E+00  2.8146E+01  1.0000E+00
 4.7642E+03  1.0993E+00  1.3745E+01  1.1136E+00  2.7967E+01  1.0000E+00
 4.8007E+03  1.1008E+00  1.3659E+01  1.1150E+00  2.7790E+01  1.0000E+00
 4.8374E+03  1.1024E+00  1.3574E+01  1.1164E+00  2.7614E+01  1.0000E+00
 4.8745E+03  1.1039E+00  1.3489E+01  1.1178E+00  2.7439E+01  1.0000E+00
 4.9118E+03  1.1054E+00  1.3404E+01  1.1193E+00  2.7265E+01  1.0000E+00
 4.9494E+03  1.1069E+00  1.3320E+01  1.1207E+00  2.7092E+01  1.0000E+00
 4.9873E+03  1.1085E+00  1.3237E+01  1.1221E+00  2.6921E+01  1.0000E+00
 5.0255E+03  1.1100E+00  1.3154E+01  1.1235E+00  2.6750E+01  1.0000E+00
 5.0640E+03  1.1115E+00  1.3071E+01  1.1250E+00  2.6581E+01  1.0000E+00
 5.1028E+03  1.1130E+00  1.2989E+01  1.1264E+00  2.6412E+01  1.0000E+00
 5.1419E+03  1.1146E+00  1.2908E+01  1.1278E+00  2.6245E+01  1.0000E+00
 5.1812E+03  1.1161E+00  1.2827E+01  1.1293E+00  2.6079E+01  1.0000E+00
 5.2209E+03  1.1176E+00  1.2746E+01  1.1307E+00  2.5913E+01  1.0000E+00
 5.2609E+03  1.1192E+00  1.2666E+01  1.1321E+00  2.5749E+01  1.0000E+00
 5.3012E+03  1.1207E+00  1.2587E+01  1.1336E+00  2.5586E+01  1.0000E+00
 5.3418E+03  1.1222E+00  1.2508E+01  1.1350E+00  2.5424E+01  1.0000E+00
 5.3827E+03  1.1238E+00  1.2429E+01  1.1364E+00  2.5262E+01  1.0000E+00
 5.4239E+03  1.1253E+00  1.2351E+01  1.1379E+00  2.5102E+01  1.0000E+00
 5.4655E+03  1.1268E+00  1.2273E+01  1.1393E+00  2.4943E+01  1.0000E+00
 5.5073E+03  1.1284E+00  1.2196E+01  1.1408E+00  2.4785E+01  1.0000E+00
 5.5495E+03  1.1299E+00  1.2120E+01  1.1422E+00  2.4628E+01  1.0000E+00
 5.5920E+03  1.1315E+00  1.2043E+01  1.1437E+00  2.4472E+01  1.0000E+00
 5.6348E+03  1.1330E+00  1.1968E+01  1.1451E+00  2.4317E+01  1.0000E+00
 5.6780E+03  1.1345E+00  1.1892E+01  1.1466E+00  2.4163E+01  1.0000E+00
 5.7215E+03  1.1361E+00  1.1817E+01  1.1480E+00  2.4009E+01  1.0000E+00
 5.7653E+03  1.1376E+00  1.1743E+01  1.1495E+00  2.3857E+01  1.0000E+00
 5.8094E+03  1.1392E+00  1.1669E+01  1.1509E+00  2.3706E+01  1.0000E+00
 5.8539E+03  1.1407E+00  1.1596E+01  1.1524E+00  2.3556E+01  1.0000E+00
 5.8988E+03  1.1423E+00  1.1523E+01  1.1539E+00  2.3406E+01  1.0000E+00
 5.9439E+03  1.1438E+00  1.1450E+01  1.1553E+00  2.3258E+01  1.0000E+00
 5.9895E+03  1.1454E+00  1.1378E+01  1.1568E+00  2.3110E+01  1.0000E+00
 6.0353E+03  1.1469E+00  1.1306E+01  1.1583E+00  2.2964E+01  1.0000E+00
 6.0815E+03  1.1485E+00  1.1235E+01  1.1597E+00  2.2818E+01  1.0000E+00
 6.1281E+03  1.1500E+00  1.1164E+01  1.1612E+00  2.2674E+01  1.0000E+00
 6.1751E+03  1.1516E+00  1.1094E+01  1.1627E+00  2.2530E+01  1.0000E+00
 6.2223E+03  1.1531E+00  1.1024E+01  1.1641E+00  2.2387E+01  1.0000E+00
 6.2700E+03  1.1547E+00  1.0954E+01  1.1656E+00  2.2245E+01  1.0000E+00
 6.3180E+03  1.1563E+00  1.0885E+01  1.1671E+00  2.2104E+01  1.0000E+00
 6.3664E+03  1.1578E+00  1.0817E+01  1.1686E+00  2.1964E+01  1.0000E+00
 6.4152E+03  1.1594E+00  1.0748E+01  1.1701E+00  2.1825E+01  1.0000E+00
 6.4643E+03  1.1609E+00  1.0681E+01  1.1715E+00  2.1686E+01  1.0000E+00
 6.5138E+03  1.1625E+00  1.0613E+01  1.1730E+00  2.1549E+01  1.0000E+00
 6.5637E+03  1.1641E+00  1.0546E+01  1.1745E+00  2.1412E+01  1.0000E+00
 6.6139E+03  1.1656E+00  1.0480E+01  1.1760E+00  2.1276E+01  1.0000E+00
 6.6646E+03  1.1672E+00  1.0413E+01  1.1775E+00  2.1142E+01  1.0000E+00
 6.7156E+03  1.1688E+00  1.0348E+01  1.1790E+00  2.1008E+01  1.0000E+00
 6.7671E+03  1.1704E+00  1.0282E+01  1.1805E+00  2.0874E+01  1.0000E+00
 6.8189E+03  1.1719E+00  1.0217E+01  1.1820E+00  2.0742E+01  1.0000E+00
 6.8711E+03  1.1735E+00  1.0153E+01  1.1835E+00  2.0611E+01  1.0000E+00
 6.9237E+03  1.1751E+00  1.0089E+01  1.1850E+00  2.0480E+01  1.0000E+00
 6.9768E+03  1.1767E+00  1.0025E+01  1.1865E+00  2.0350E+01  1.0000E+00
 7.0302E+03  1.1782E+00  9.9617E+00  1.1880E+00  2.0221E+01  1.0000E+00
 7.0840E+03  1.1798E+00  9.8987E+00  1.1895E+00  2.0093E+01  1.0000E+00
 7.1383E+03  1.1814E+00  9.8362E+00  1.1910E+00  1.9966E+01  1.0000E+00
 7.1929E+03  1.1830E+00  9.7740E+00  1.1925E+00  1.9839E+01  1.0000E+00
 7.2480E+03  1.1846E+00  9.7122E+00  1.1941E+00  1.9714E+01  1.0000E+00
 7.3035E+03  1.1862E+00  9.6508E+00  1.1956E+00  1.9589E+01  1.0000E+00
 7.3595E+03  1.1878E+00  9.5898E+00  1.1971E+00  1.9465E+01  1.0000E+00
 7.4158E+03  1.1894E+00  9.5291E+00  1.1986E+00  1.9341E+01  1.0000E+00
 7.4726E+03  1.1909E+00  9.4688E+00  1.2001E+00  1.9219E+01  1.0000E+00
 7.5299E+03  1.1925E+00  9.4090E+00  1.2017E+00  1.9097E+01  1.0000E+00
 7.5875E+03  1.1941E+00  9.3494E+00  1.2032E+00  1.8976E+01  1.0000E+00
 7.6456E+03  1.1957E+00  9.2903E+00  1.2047E+00  1.8856E+01  1.0000E+00
 7.7042E+03  1.1973E+00  9.2315E+00  1.2063E+00  1.8736E+01  1.0000E+00
 7.7632E+03  1.1989E+00  9.1731E+00  1.2078E+00  1.8618E+01  1.0000E+00
 7.8226E+03  1.2006E+00  9.1150E+00  1.2094E+00  1.8500E+01  1.0000E+00
 7.8825E+03  1.2022E+00  9.0574E+00  1.2109E+00  1.8383E+01  1.0000E+00
 7.9429E+03  1.2038E+00  9.0000E+00  1.2124E+00  1.8266E+01  1.0000E+00
 8.0037E+03  1.2054E+00  8.9431E+00  1.2140E+00  1.8151E+01  1.0000E+00
 8.0650E+03  1.2070E+00  8.8865E+00  1.2155E+00  1.8036E+01  1.0000E+00
 8.1268E+03  1.2086E+00  8.8302E+00  1.2171E+00  1.7922E+01  1.0000E+00
 8.1890E+03  1.2102E+00  8.7743E+00  1.2187E+00  1.7808E+01  1.0000E+00
 8.2518E+03  1.2119E+00  8.7187E+00  1.2202E+00  1.7695E+01  1.0000E+00
 8.3150E+03  1.2135E+00  8.6635E+00  1.2218E+00  1.7583E+01  1.0000E+00
 8.3786E+03  1.2151E+00  8.6087E+00  1.2233E+00  1.7472E+01  1.0000E+00
 8.4428E+03  1.2167E+00  8.5542E+00  1.2249E+00  1.7362E+01  1.0000E+00
 8.5075E+03  1.2184E+00  8.5000E+00  1.2265E+00  1.7252E+01  1.0000E+00
 8.5726E+03  1.2200E+00  8.4462E+00  1.2280E+00  1.7143E+01  1.0000E+00
 8.6383E+03  1.2216E+00  8.3927E+00  1.2296E+00  1.7034E+01  1.0000E+00
 8.7044E+03  1.2233E+00  8.3395E+00  1.2312E+00  1.6926E+01  1.0000E+00
 8.7711E+03  1.2249E+00  8.2867E+00  1.2328E+00  1.6819E+01  1.0000E+00
 8.8383E+03  1.2265E+00  8.2342E+00  1.2344E+00  1.6713E+01  1.0000E+00
 8.9059E+03  1.2282E+00  8.1820E+00  1.2360E+00  1.6607E+01  1.0000E+00
 8.9741E+03  1.2298E+00  8.1302E+00  1.2375E+00  1.6502E+01  1.0000E+00
 9.0429E+03  1.2315E+00  8.0787E+00  1.2391E+00  1.6398E+01  1.0000E+00
 9.1121E+03  1.2331E+00  8.0275E+00  1.2407E+00  1.6294E+01  1.0000E+00
 9.1819E+03  1.2348E+00  7.9766E+00  1.2423E+00  1.6191E+01  1.0000E+00
 9.2522E+03  1.2365E+00  7.9261E+00  1.2439E+00  1.6089E+01  1.0000E+00
 9.3231E+03  1.2381E+00  7.8759E+00  1.2455E+00  1.5987E+01  1.0000E+00
 9.3945E+03  1.2398E+00  7.8260E+00  1.2471E+00  1.5886E+01  1.0000E+00
 9.4664E+03  1.2414E+00  7.7764E+00  1.2488E+00  1.5786E+01  1.0000E+00
 9.5389E+03  1.2431E+00  7.7271E+00  1.2504E+00  1.5686E+01  1.0000E+00
 9.6120E+03  1.2448E+00  7.6781E+00  1.2520E+00  1.5587E+01  1.0000E+00
 9.6856E+03  1.2465E+00  7.6295E+00  1.2536E+00  1.5489E+01  1.0000E+00
 9.7598E+03  1.2481E+00  7.5811E+00  1.2552E+00  1.5391E+01  1.0000E+00
 9.8345E+03  1.2498E+00  7.5331E+00  1.2569E+00  1.5294E+01  1.0000E+00
 9.9098E+03  1.2515E+00  7.4854E+00  1.2585E+00  1.5197E+01  1.0000E+00
 9.9857E+03  1.2532E+00  7.4379E+00  1.2601E+00  1.5102E+01  1.0000E+00
 1.0062E+04  1.2549E+00  7.3908E+00  1.2618E+00  1.5006E+01  1.0000E+00
 1.0139E+04  1.2566E+00  7.3440E+00  1.2634E+00  1.4912E+01  1.0000E+00
 1.0217E+04  1.2582E+00  7.2974E+00  1.2650E+00  1.4818E+01  1.0000E+00
 1.0295E+04  1.2599E+00  7.2512E+00  1.2667E+00  1.4724E+01  1.0000E+00
 1.0374E+04  1.2616E+00  7.2052E+00  1.2683E+00  1.4631E+01  1.0000E+00
 1.0453E+04  1.2633E+00  7.1596E+00  1.2700E+00  1.4539E+01  1.0000E+00
 1.0533E+04  1.2651E+00  7.1142E+00  1.2717E+00  1.4447E+01  1.0000E+00
 1.0614E+04  1.2668E+00  7.0691E+00  1.2733E+00  1.4356E+01  1.0000E+00
 1.0695E+04  1.2685E+00  7.0243E+00  1.2750E+00  1.4266E+01  1.0000E+00
 1.0777E+04  1.2702E+00  6.9798E+00  1.2767E+00  1.4176E+01  1.0000E+00
 1.0860E+04  1.2719E+00  6.9356E+00  1.2783E+00  1.4087E+01  1.0000E+00
 1.0943E+04  1.2736E+00  6.8917E+00  1.2800E+00  1.3998E+01  1.0000E+00
 1.1027E+04  1.2754E+00  6.8480E+00  1.2817E+00  1.3910E+01  1.0000E+00
 1.1111E+04  1.2771E+00  6.8046E+00  1.2834E+00  1.3822E+01  1.0000E+00
 1.1196E+04  1.2788E+00  6.7615E+00  1.2851E+00  1.3735E+01  1.0000E+00
 1.1282E+04  1.2806E+00  6.7187E+00  1.2867E+00  1.3649E+01  1.0000E+00
 1.1369E+04  1.2823E+00  6.6761E+00  1.2884E+00  1.3563E+01  1.0000E+00
 1.1456E+04  1.2840E+00  6.6338E+00  1.2901E+00  1.3478E+01  1.0000E+00
 1.1543E+04  1.2858E+00  6.5918E+00  1.2918E+00  1.3393E+01  1.0000E+00
 1.1632E+04  1.2875E+00  6.5501E+00  1.2936E+00  1.3309E+01  1.0000E+00
 1.1721E+04  1.2893E+00  6.5086E+00  1.2953E+00  1.3225E+01  1.0000E+00
 1.1811E+04  1.2911E+00  6.4674E+00  1.2970E+00  1.3142E+01  1.0000E+00
 1.1901E+04  1.2928E+00  6.4264E+00  1.2987E+00  1.3059E+01  1.0000E+00
 1.1992E+04  1.2946E+00  6.3857E+00  1.3004E+00  1.2977E+01  1.0000E+00
 1.2084E+04  1.2964E+00  6.3453E+00  1.3021E+00  1.2896E+01  1.0000E+00
 1.2177E+04  1.2981E+00  6.3051E+00  1.3039E+00  1.2815E+01  1.0000E+00
 1.2270E+04  1.2999E+00  6.2652E+00  1.3056E+00  1.2734E+01  1.0000E+00
 1.2364E+04  1.3017E+00  6.2255E+00  1.3074E+00  1.2654E+01  1.0000E+00
 1.2458E+04  1.3035E+00  6.1861E+00  1.3091E+00  1.2575E+01  1.0000E+00
 1.2554E+04  1.3053E+00  6.1470E+00  1.3108E+00  1.2496E+01  1.0000E+00
 1.2650E+04  1.3071E+00  6.1081E+00  1.3126E+00  1.2418E+01  1.0000E+00
 1.2747E+04  1.3089E+00  6.0694E+00  1.3144E+00  1.2340E+01  1.0000E+00
 1.2845E+04  1.3107E+00  6.0310E+00  1.3161E+00  1.2263E+01  1.0000E+00
 1.2943E+04  1.3125E+00  5.9928E+00  1.3179E+00  1.2186E+01  1.0000E+00
 1.3042E+04  1.3143E+00  5.9549E+00  1.3197E+00  1.2109E+01  1.0000E+00
 1.3142E+04  1.3161E+00  5.9173E+00  1.3214E+00  1.2033E+01  1.0000E+00
 1.3243E+04  1.3179E+00  5.8798E+00  1.3232E+00  1.1958E+01  1.0000E+00
 1.3344E+04  1.3197E+00  5.8426E+00  1.3250E+00  1.1883E+01  1.0000E+00
 1.3446E+04  1.3216E+00  5.8057E+00  1.3268E+00  1.1809E+01  1.0000E+00
 1.3549E+04  1.3234E+00  5.7690E+00  1.3286E+00  1.1735E+01  1.0000E+00
 1.3653E+04  1.3252E+00  5.7325E+00  1.3304E+00  1.1662E+01  1.0000E+00
 1.3757E+04  1.3271E+00  5.6963E+00  1.3322E+00  1.1589E+01  1.0000E+00
 1.3863E+04  1.3289E+00  5.6603E+00  1.3340E+00  1.1516E+01  1.0000E+00
 1.3969E+04  1.3308E+00  5.6245E+00  1.3358E+00  1.1444E+01  1.0000E+00
 1.4076E+04  1.3326E+00  5.5889E+00  1.3376E+00  1.1373E+01  1.0000E+00
 1.4184E+04  1.3345E+00  5.5536E+00  1.3395E+00  1.1302E+01  1.0000E+00
 1.4292E+04  1.3363E+00  5.5185E+00  1.3413E+00  1.1231E+01  1.0000E+00
 1.4402E+04  1.3382E+00  5.4837E+00  1.3431E+00  1.1161E+01  1.0000E+00
 1.4512E+04  1.3401E+00  5.4490E+00  1.3450E+00  1.1091E+01  1.0000E+00
 1.4623E+04  1.3420E+00  5.4146E+00  1.3468E+00  1.1022E+01  1.0000E+00
 1.4735E+04  1.3438E+00  5.3804E+00  1.3486E+00  1.0953E+01  1.0000E+00
 1.4848E+04  1.3457E+00  5.3465E+00  1.3505E+00  1.0885E+01  1.0000E+00
 1.4962E+04  1.3476E+00  5.3127E+00  1.3524E+00  1.0817E+01  1.0000E+00
 1.5076E+04  1.3495E+00  5.2792E+00  1.3542E+00  1.0750E+01  1.0000E+00
 1.5192E+04  1.3514E+00  5.2459E+00  1.3561E+00  1.0683E+01  1.0000E+00
 1.5308E+04  1.3533E+00  5.2128E+00  1.3580E+00  1.0616E+01  1.0000E+00
 1.5425E+04  1.3553E+00  5.1799E+00  1.3599E+00  1.0550E+01  1.0000E+00
 1.5544E+04  1.3572E+00  5.1472E+00  1.3617E+00  1.0485E+01  1.0000E+00
 1.5663E+04  1.3591E+00  5.1148E+00  1.3636E+00  1.0419E+01  1.0000E+00
 1.5783E+04  1.3610E+00  5.0825E+00  1.3655E+00  1.0355E+01  1.0000E+00
 1.5903E+04  1.3630E+00  5.0505E+00  1.3674E+00  1.0290E+01  1.0000E+00
 1.6025E+04  1.3649E+00  5.0186E+00  1.3693E+00  1.0226E+01  1.0000E+00
 1.6148E+04  1.3669E+00  4.9870E+00  1.3713E+00  1.0163E+01  1.0000E+00
 1.6272E+04  1.3688E+00  4.9556E+00  1.3732E+00  1.0100E+01  1.0000E+00
 1.6396E+04  1.3708E+00  4.9244E+00  1.3751E+00  1.0037E+01  1.0000E+00
 1.6522E+04  1.3727E+00  4.8934E+00  1.3770E+00  9.9748E+00  1.0000E+00
 1.6648E+04  1.3747E+00  4.8625E+00  1.3790E+00  9.9130E+00  1.0000E+00
 1.6776E+04  1.3767E+00  4.8319E+00  1.3809E+00  9.8515E+00  1.0000E+00
 1.6904E+04  1.3787E+00  4.8015E+00  1.3829E+00  9.7905E+00  1.0000E+00
 1.7034E+04  1.3807E+00  4.7713E+00  1.3848E+00  9.7298E+00  1.0000E+00
 1.7164E+04  1.3826E+00  4.7413E+00  1.3868E+00  9.6696E+00  1.0000E+00
 1.7296E+04  1.3846E+00  4.7115E+00  1.3888E+00  9.6097E+00  1.0000E+00
 1.7428E+04  1.3867E+00  4.6818E+00  1.3907E+00  9.5503E+00  1.0000E+00
 1.7562E+04  1.3887E+00  4.6524E+00  1.3927E+00  9.4912E+00  1.0000E+00
 1.7696E+04  1.3907E+00  4.6231E+00  1.3947E+00  9.4325E+00  1.0000E+00
 1.7832E+04  1.3927E+00  4.5941E+00  1.3967E+00  9.3743E+00  1.0000E+00
 1.7968E+04  1.3947E+00  4.5652E+00  1.3987E+00  9.3164E+00  1.0000E+00
 1.8106E+04  1.3968E+00  4.5365E+00  1.4007E+00  9.2588E+00  1.0000E+00
 1.8244E+04  1.3988E+00  4.5080E+00  1.4027E+00  9.2017E+00  1.0000E+00
 1.8384E+04  1.4009E+00  4.4797E+00  1.4048E+00  9.1449E+00  1.0000E+00
 1.8525E+04  1.4029E+00  4.4516E+00  1.4068E+00  9.0886E+00  1.0000E+00
 1.8667E+04  1.4050E+00  4.4237E+00  1.4088E+00  9.0325E+00  1.0000E+00
 1.8810E+04  1.4071E+00  4.3959E+00  1.4109E+00  8.9769E+00  1.0000E+00
 1.8954E+04  1.4091E+00  4.3684E+00  1.4129E+00  8.9216E+00  1.0000E+00
 1.9099E+04  1.4112E+00  4.3410E+00  1.4150E+00  8.8667E+00  1.0000E+00
 1.9245E+04  1.4133E+00  4.3137E+00  1.4170E+00  8.8122E+00  1.0000E+00
 1.9393E+04  1.4154E+00  4.2867E+00  1.4191E+00  8.7580E+00  1.0000E+00
 1.9541E+04  1.4175E+00  4.2598E+00  1.4212E+00  8.7042E+00  1.0000E+00
 1.9691E+04  1.4196E+00  4.2332E+00  1.4233E+00  8.6507E+00  1.0000E+00
 1.9842E+04  1.4217E+00  4.2067E+00  1.4254E+00  8.5976E+00  1.0000E+00
 1.9994E+04  1.4239E+00  4.1803E+00  1.4275E+00  8.5448E+00  1.0000E+00
 2.0147E+04  1.4260E+00  4.1542E+00  1.4296E+00  8.4924E+00  1.0000E+00
 2.0301E+04  1.4281E+00  4.1282E+00  1.4317E+00  8.4404E+00  1.0000E+00
 2.0456E+04  1.4303E+00  4.1023E+00  1.4338E+00  8.3886E+00  1.0000E+00
 2.0613E+04  1.4325E+00  4.0767E+00  1.4360E+00  8.3373E+00  1.0000E+00
 2.0771E+04  1.4346E+00  4.0512E+00  1.4381E+00  8.2862E+00  1.0000E+00
 2.0930E+04  1.4368E+00  4.0259E+00  1.4402E+00  8.2355E+00  1.0000E+00
 2.1090E+04  1.4390E+00  4.0007E+00  1.4424E+00  8.1852E+00  1.0000E+00
 2.1252E+04  1.4412E+00  3.9757E+00  1.4446E+00  8.1352E+00  1.0000E+00
 2.1415E+04  1.4434E+00  3.9509E+00  1.4467E+00  8.0855E+00  1.0000E+00
 2.1579E+04  1.4456E+00  3.9263E+00  1.4489E+00  8.0361E+00  1.0000E+00
 2.1744E+04  1.4478E+00  3.9018E+00  1.4511E+00  7.9871E+00  1.0000E+00
 2.1910E+04  1.4500E+00  3.8774E+00  1.4533E+00  7.9384E+00  1.0000E+00
 2.2078E+04  1.4522E+00  3.8532E+00  1.4555E+00  7.8900E+00  1.0000E+00
 2.2247E+04  1.4544E+00  3.8292E+00  1.4577E+00  7.8420E+00  1.0000E+00
 2.2418E+04  1.4567E+00  3.8054E+00  1.4599E+00  7.7942E+00  1.0000E+00
 2.2589E+04  1.4589E+00  3.7817E+00  1.4622E+00  7.7468E+00  1.0000E+00
 2.2762E+04  1.4612E+00  3.7581E+00  1.4644E+00  7.6997E+00  1.0000E+00
 2.2937E+04  1.4635E+00  3.7347E+00  1.4667E+00  7.6529E+00  1.0000E+00
 2.3112E+04  1.4658E+00  3.7115E+00  1.4689E+00  7.6064E+00  1.0000E+00
 2.3289E+04  1.4680E+00  3.6884E+00  1.4712E+00  7.5603E+00  1.0000E+00
 2.3468E+04  1.4703E+00  3.6655E+00  1.4734E+00  7.5144E+00  1.0000E+00
 2.3647E+04  1.4726E+00  3.6427E+00  1.4757E+00  7.4689E+00  1.0000E+00
 2.3829E+04  1.4750E+00  3.6201E+00  1.4780E+00  7.4236E+00  1.0000E+00
 2.4011E+04  1.4773E+00  3.5976E+00  1.4803E+00  7.3787E+00  1.0000E+00
 2.4195E+04  1.4796E+00  3.5752E+00  1.4826E+00  7.3340E+00  1.0000E+00
 2.4380E+04  1.4820E+00  3.5531E+00  1.4850E+00  7.2897E+00  1.0000E+00
 2.4567E+04  1.4843E+00  3.5310E+00  1.4873E+00  7.2456E+00  1.0000E+00
 2.4755E+04  1.4867E+00  3.5091E+00  1.4896E+00  7.2019E+00  1.0000E+00
 2.4945E+04  1.4890E+00  3.4874E+00  1.4920E+00  7.1584E+00  1.0000E+00
 2.5136E+04  1.4914E+00  3.4658E+00  1.4943E+00  7.1153E+00  1.0000E+00
 2.5328E+04  1.4938E+00  3.4443E+00  1.4967E+00  7.0724E+00  1.0000E+00
 2.5522E+04  1.4962E+00  3.4230E+00  1.4991E+00  7.0298E+00  1.0000E+00
 2.5718E+04  1.4986E+00  3.4018E+00  1.5015E+00  6.9875E+00  1.0000E+00
 2.5915E+04  1.5010E+00  3.3808E+00  1.5039E+00  6.9455E+00  1.0000E+00
 2.6113E+04  1.5035E+00  3.3599E+00  1.5063E+00  6.9037E+00  1.0000E+00
 2.6313E+04  1.5059E+00  3.3391E+00  1.5087E+00  6.8623E+00  1.0000E+00
 2.6515E+04  1.5083E+00  3.3185E+00  1.5111E+00  6.8211E+00  1.0000E+00
 2.6718E+04  1.5108E+00  3.2980E+00  1.5136E+00  6.7802E+00  1.0000E+00
 2.6922E+04  1.5133E+00  3.2776E+00  1.5160E+00  6.7396E+00  1.0000E+00
 2.7128E+04  1.5158E+00  3.2574E+00  1.5185E+00  6.6992E+00  1.0000E+00
 2.7336E+04  1.5182E+00  3.2373E+00  1.5210E+00  6.6591E+00  1.0000E+00
 2.7545E+04  1.5208E+00  3.2174E+00  1.5234E+00  6.6193E+00  1.0000E+00
 2.7756E+04  1.5233E+00  3.1975E+00  1.5259E+00  6.5798E+00  1.0000E+00
 2.7969E+04  1.5258E+00  3.1779E+00  1.5284E+00  6.5405E+00  1.0000E+00
 2.8183E+04  1.5283E+00  3.1583E+00  1.5310E+00  6.5015E+00  1.0000E+00
 2.8399E+04  1.5309E+00  3.1389E+00  1.5335E+00  6.4627E+00  1.0000E+00
 2.8617E+04  1.5334E+00  3.1196E+00  1.5360E+00  6.4242E+00  1.0000E+00
 2.8836E+04  1.5360E+00  3.1004E+00  1.5386E+00  6.3860E+00  1.0000E+00
 2.9056E+04  1.5386E+00  3.0814E+00  1.5411E+00  6.3480E+00  1.0000E+00
 2.9279E+04  1.5412E+00  3.0625E+00  1.5437E+00  6.3103E+00  1.0000E+00
 2.9503E+04  1.5438E+00  3.0437E+00  1.5463E+00  6.2728E+00  1.0000E+00
 2.9729E+04  1.5464E+00  3.0250E+00  1.5489E+00  6.2356E+00  1.0000E+00
 2.9957E+04  1.5490E+00  3.0065E+00  1.5515E+00  6.1986E+00  1.0000E+00
 3.0186E+04  1.5517E+00  2.9880E+00  1.5541E+00  6.1619E+00  1.0000E+00
 3.0417E+04  1.5543E+00  2.9697E+00  1.5568E+00  6.1255E+00  1.0000E+00
 3.0650E+04  1.5570E+00  2.9516E+00  1.5594E+00  6.0893E+00  1.0000E+00
 3.0885E+04  1.5596E+00  2.9335E+00  1.5621E+00  6.0533E+00  1.0000E+00
 3.1122E+04  1.5623E+00  2.9156E+00  1.5648E+00  6.0176E+00  1.0000E+00
 3.1360E+04  1.5650E+00  2.8978E+00  1.5674E+00  5.9821E+00  1.0000E+00
 3.1600E+04  1.5678E+00  2.8801E+00  1.5701E+00  5.9468E+00  1.0000E+00
 3.1842E+04  1.5705E+00  2.8625E+00  1.5728E+00  5.9118E+00  1.0000E+00
 3.2086E+04  1.5732E+00  2.8451E+00  1.5756E+00  5.8771E+00  1.0000E+00
 3.2332E+04  1.5760E+00  2.8277E+00  1.5783E+00  5.8425E+00  1.0000E+00
 3.2579E+04  1.5787E+00  2.8105E+00  1.5811E+00  5.8082E+00  1.0000E+00
 3.2829E+04  1.5815E+00  2.7934E+00  1.5838E+00  5.7742E+00  1.0000E+00
 3.3080E+04  1.5843E+00  2.7764E+00  1.5866E+00  5.7404E+00  1.0000E+00
 3.3334E+04  1.5871E+00  2.7595E+00  1.5894E+00  5.7068E+00  1.0000E+00
 3.3589E+04  1.5899E+00  2.7427E+00  1.5922E+00  5.6734E+00  1.0000E+00
 3.3846E+04  1.5928E+00  2.7261E+00  1.5950E+00  5.6402E+00  1.0000E+00
 3.4105E+04  1.5956E+00  2.7095E+00  1.5979E+00  5.6073E+00  1.0000E+00
 3.4367E+04  1.5985E+00  2.6931E+00  1.6007E+00  5.5746E+00  1.0000E+00
 3.4630E+04  1.6014E+00  2.6768E+00  1.6036E+00  5.5421E+00  1.0000E+00
 3.4895E+04  1.6043E+00  2.6606E+00  1.6064E+00  5.5099E+00  1.0000E+00
 3.5162E+04  1.6072E+00  2.6444E+00  1.6093E+00  5.4779E+00  1.0000E+00
 3.5431E+04  1.6101E+00  2.6284E+00  1.6122E+00  5.4460E+00  1.0000E+00
 3.5703E+04  1.6130E+00  2.6126E+00  1.6152E+00  5.4144E+00  1.0000E+00
 3.5976E+04  1.6160E+00  2.5968E+00  1.6181E+00  5.3831E+00  1.0000E+00
 3.6252E+04  1.6189E+00  2.5811E+00  1.6210E+00  5.3519E+00  1.0000E+00
 3.6529E+04  1.6219E+00  2.5655E+00  1.6240E+00  5.3209E+00  1.0000E+00
 3.6809E+04  1.6249E+00  2.5500E+00  1.6270E+00  5.2902E+00  1.0000E+00
 3.7091E+04  1.6279E+00  2.5347E+00  1.6300E+00  5.2597E+00  1.0000E+00
 3.7375E+04  1.6309E+00  2.5194E+00  1.6330E+00  5.2294E+00  1.0000E+00
 3.7661E+04  1.6340E+00  2.5043E+00  1.6360E+00  5.1992E+00  1.0000E+00
 3.7950E+04  1.6370E+00  2.4892E+00  1.6391E+00  5.1693E+00  1.0000E+00
 3.8240E+04  1.6401E+00  2.4742E+00  1.6421E+00  5.1396E+00  1.0000E+00
 3.8533E+04  1.6432E+00  2.4594E+00  1.6452E+00  5.1101E+00  1.0000E+00
 3.8828E+04  1.6463E+00  2.4446E+00  1.6483E+00  5.0808E+00  1.0000E+00
 3.9126E+04  1.6494E+00  2.4300E+00  1.6514E+00  5.0517E+00  1.0000E+00
 3.9425E+04  1.6526E+00  2.4154E+00  1.6546E+00  5.0228E+00  1.0000E+00
 3.9727E+04  1.6557E+00  2.4010E+00  1.6577E+00  4.9941E+00  1.0000E+00
 4.0032E+04  1.6589E+00  2.3866E+00  1.6609E+00  4.9656E+00  1.0000E+00
 4.0338E+04  1.6621E+00  2.3723E+00  1.6640E+00  4.9373E+00  1.0000E+00
 4.0647E+04  1.6653E+00  2.3582E+00  1.6672E+00  4.9092E+00  1.0000E+00
 4.0958E+04  1.6686E+00  2.3441E+00  1.6705E+00  4.8813E+00  1.0000E+00
 4.1272E+04  1.6718E+00  2.3301E+00  1.6737E+00  4.8536E+00  1.0000E+00
 4.1588E+04  1.6751E+00  2.3162E+00  1.6769E+00  4.8261E+00  1.0000E+00
 4.1907E+04  1.6783E+00  2.3024E+00  1.6802E+00  4.7987E+00  1.0000E+00
 4.2228E+04  1.6816E+00  2.2887E+00  1.6835E+00  4.7716E+00  1.0000E+00
 4.2551E+04  1.6850E+00  2.2751E+00  1.6868E+00  4.7446E+00  1.0000E+00
 4.2877E+04  1.6883E+00  2.2616E+00  1.6901E+00  4.7178E+00  1.0000E+00
 4.3205E+04  1.6916E+00  2.2482E+00  1.6935E+00  4.6912E+00  1.0000E+00
 4.3536E+04  1.6950E+00  2.2349E+00  1.6968E+00  4.6648E+00  1.0000E+00
 4.3869E+04  1.6984E+00  2.2216E+00  1.7002E+00  4.6386E+00  1.0000E+00
 4.4205E+04  1.7018E+00  2.2085E+00  1.7036E+00  4.6126E+00  1.0000E+00
 4.4544E+04  1.7053E+00  2.1954E+00  1.7070E+00  4.5867E+00  1.0000E+00
 4.4885E+04  1.7087E+00  2.1824E+00  1.7105E+00  4.5610E+00  1.0000E+00
 4.5229E+04  1.7122E+00  2.1696E+00  1.7139E+00  4.5355E+00  1.0000E+00
 4.5575E+04  1.7157E+00  2.1568E+00  1.7174E+00  4.5102E+00  1.0000E+00
 4.5924E+04  1.7192E+00  2.1440E+00  1.7209E+00  4.4850E+00  1.0000E+00
 4.6276E+04  1.7227E+00  2.1314E+00  1.7244E+00  4.4600E+00  1.0000E+00
 4.6630E+04  1.7263E+00  2.1189E+00  1.7280E+00  4.4352E+00  1.0000E+00
 4.6987E+04  1.7298E+00  2.1064E+00  1.7315E+00  4.4106E+00  1.0000E+00
 4.7347E+04  1.7334E+00  2.0941E+00  1.7351E+00  4.3862E+00  1.0000E+00
 4.7710E+04  1.7371E+00  2.0818E+00  1.7387E+00  4.3619E+00  1.0000E+00
 4.8075E+04  1.7407E+00  2.0696E+00  1.7424E+00  4.3377E+00  1.0000E+00
 4.8443E+04  1.7444E+00  2.0575E+00  1.7460E+00  4.3138E+00  1.0000E+00
 4.8814E+04  1.7480E+00  2.0454E+00  1.7497E+00  4.2900E+00  1.0000E+00
 4.9188E+04  1.7517E+00  2.0335E+00  1.7534E+00  4.2664E+00  1.0000E+00
 4.9565E+04  1.7555E+00  2.0216E+00  1.7571E+00  4.2429E+00  1.0000E+00
 4.9945E+04  1.7592E+00  2.0098E+00  1.7608E+00  4.2197E+00  1.0000E+00
 5.0327E+04  1.7630E+00  1.9981E+00  1.7646E+00  4.1965E+00  1.0000E+00
 5.0713E+04  1.7668E+00  1.9864E+00  1.7684E+00  4.1736E+00  1.0000E+00
 5.1101E+04  1.7706E+00  1.9749E+00  1.7722E+00  4.1508E+00  1.0000E+00
 5.1492E+04  1.7744E+00  1.9634E+00  1.7760E+00  4.1281E+00  1.0000E+00
 5.1887E+04  1.7783E+00  1.9520E+00  1.7799E+00  4.1056E+00  1.0000E+00
 5.2284E+04  1.7822E+00  1.9407E+00  1.7837E+00  4.0833E+00  1.0000E+00
 5.2684E+04  1.7861E+00  1.9295E+00  1.7876E+00  4.0612E+00  1.0000E+00
 5.3088E+04  1.7900E+00  1.9183E+00  1.7916E+00  4.0391E+00  1.0000E+00
 5.3494E+04  1.7940E+00  1.9072E+00  1.7955E+00  4.0173E+00  1.0000E+00
 5.3904E+04  1.7980E+00  1.8962E+00  1.7995E+00  3.9956E+00  1.0000E+00
 5.4317E+04  1.8020E+00  1.8853E+00  1.8035E+00  3.9740E+00  1.0000E+00
 5.4733E+04  1.8060E+00  1.8744E+00  1.8075E+00  3.9526E+00  1.0000E+00
 5.5152E+04  1.8101E+00  1.8636E+00  1.8116E+00  3.9314E+00  1.0000E+00
 5.5574E+04  1.8142E+00  1.8529E+00  1.8157E+00  3.9103E+00  1.0000E+00
 5.6000E+04  1.8183E+00  1.8423E+00  1.8198E+00  3.8894E+00  1.0000E+00
 5.6429E+04  1.8224E+00  1.8317E+00  1.8239E+00  3.8686E+00  1.0000E+00
 5.6861E+04  1.8266E+00  1.8212E+00  1.8281E+00  3.8479E+00  1.0000E+00
 5.7297E+04  1.8308E+00  1.8108E+00  1.8322E+00  3.8274E+00  1.0000E+00
 5.7735E+04  1.8350E+00  1.8004E+00  1.8364E+00  3.8071E+00  1.0000E+00
 5.8177E+04  1.8393E+00  1.7901E+00  1.8407E+00  3.7868E+00  1.0000E+00
 5.8623E+04  1.8435E+00  1.7799E+00  1.8450E+00  3.7668E+00  1.0000E+00
 5.9072E+04  1.8478E+00  1.7698E+00  1.8492E+00  3.7469E+00  1.0000E+00
 5.9524E+04  1.8522E+00  1.7597E+00  1.8536E+00  3.7271E+00  1.0000E+00
 5.9980E+04  1.8565E+00  1.7497E+00  1.8579E+00  3.7074E+00  1.0000E+00
 6.0440E+04  1.8609E+00  1.7398E+00  1.8623E+00  3.6879E+00  1.0000E+00
 6.0902E+04  1.8653E+00  1.7299E+00  1.8667E+00  3.6686E+00  1.0000E+00
 6.1369E+04  1.8698E+00  1.7201E+00  1.8712E+00  3.6493E+00  1.0000E+00
 6.1839E+04  1.8743E+00  1.7104E+00  1.8756E+00  3.6303E+00  1.0000E+00
 6.2312E+04  1.8788E+00  1.7007E+00  1.8801E+00  3.6113E+00  1.0000E+00
 6.2790E+04  1.8833E+00  1.6911E+00  1.8846E+00  3.5925E+00  1.0000E+00
 6.3270E+04  1.8879E+00  1.6816E+00  1.8892E+00  3.5738E+00  1.0000E+00
 6.3755E+04  1.8925E+00  1.6722E+00  1.8938E+00  3.5553E+00  1.0000E+00
 6.4243E+04  1.8971E+00  1.6628E+00  1.8984E+00  3.5369E+00  1.0000E+00
 6.4735E+04  1.9018E+00  1.6534E+00  1.9031E+00  3.5186E+00  1.0000E+00
 6.5231E+04  1.9065E+00  1.6442E+00  1.9078E+00  3.5004E+00  1.0000E+00
 6.5731E+04  1.9112E+00  1.6350E+00  1.9125E+00  3.4824E+00  1.0000E+00
 6.6234E+04  1.9159E+00  1.6258E+00  1.9172E+00  3.4645E+00  1.0000E+00
 6.6741E+04  1.9207E+00  1.6167E+00  1.9220E+00  3.4468E+00  1.0000E+00
 6.7252E+04  1.9255E+00  1.6077E+00  1.9268E+00  3.4292E+00  1.0000E+00
 6.7767E+04  1.9304E+00  1.5988E+00  1.9317E+00  3.4117E+00  1.0000E+00
 6.8286E+04  1.9353E+00  1.5899E+00  1.9366E+00  3.3943E+00  1.0000E+00
 6.8809E+04  1.9402E+00  1.5811E+00  1.9415E+00  3.3770E+00  1.0000E+00
 6.9336E+04  1.9452E+00  1.5723E+00  1.9464E+00  3.3599E+00  1.0000E+00
 6.9867E+04  1.9502E+00  1.5636E+00  1.9514E+00  3.3429E+00  1.0000E+00
 7.0402E+04  1.9552E+00  1.5549E+00  1.9564E+00  3.3261E+00  1.0000E+00
 7.0942E+04  1.9603E+00  1.5464E+00  1.9615E+00  3.3093E+00  1.0000E+00
 7.1485E+04  1.9654E+00  1.5378E+00  1.9666E+00  3.2927E+00  1.0000E+00
 7.2032E+04  1.9705E+00  1.5294E+00  1.9717E+00  3.2762E+00  1.0000E+00
 7.2584E+04  1.9757E+00  1.5210E+00  1.9769E+00  3.2598E+00  1.0000E+00
 7.3140E+04  1.9809E+00  1.5126E+00  1.9821E+00  3.2435E+00  1.0000E+00
 7.3700E+04  1.9861E+00  1.5043E+00  1.9873E+00  3.2274E+00  1.0000E+00
 7.4264E+04  1.9914E+00  1.4961E+00  1.9926E+00  3.2114E+00  1.0000E+00
 7.4833E+04  1.9967E+00  1.4879E+00  1.9979E+00  3.1955E+00  1.0000E+00
 7.5406E+04  2.0021E+00  1.4798E+00  2.0032E+00  3.1797E+00  1.0000E+00
 7.5984E+04  2.0075E+00  1.4717E+00  2.0086E+00  3.1640E+00  1.0000E+00
 7.6566E+04  2.0129E+00  1.4637E+00  2.0141E+00  3.1484E+00  1.0000E+00
 7.7152E+04  2.0184E+00  1.4558E+00  2.0195E+00  3.1330E+00  1.0000E+00
 7.7743E+04  2.0239E+00  1.4479E+00  2.0250E+00  3.1177E+00  1.0000E+00
 7.8338E+04  2.0295E+00  1.4400E+00  2.0306E+00  3.1025E+00  1.0000E+00
 7.8938E+04  2.0351E+00  1.4323E+00  2.0362E+00  3.0874E+00  1.0000E+00
 7.9543E+04  2.0407E+00  1.4245E+00  2.0418E+00  3.0724E+00  1.0000E+00
 8.0152E+04  2.0464E+00  1.4169E+00  2.0475E+00  3.0575E+00  1.0000E+00
 8.0766E+04  2.0521E+00  1.4092E+00  2.0532E+00  3.0427E+00  1.0000E+00
 8.1384E+04  2.0579E+00  1.4017E+00  2.0590E+00  3.0281E+00  1.0000E+00
 8.2008E+04  2.0637E+00  1.3941E+00  2.0648E+00  3.0135E+00  1.0000E+00
 8.2636E+04  2.0695E+00  1.3867E+00  2.0706E+00  2.9991E+00  1.0000E+00
 8.3268E+04  2.0754E+00  1.3793E+00  2.0765E+00  2.9848E+00  1.0000E+00
 8.3906E+04  2.0814E+00  1.3719E+00  2.0824E+00  2.9705E+00  1.0000E+00
 8.4549E+04  2.0873E+00  1.3646E+00  2.0884E+00  2.9564E+00  1.0000E+00
 8.5196E+04  2.0934E+00  1.3574E+00  2.0944E+00  2.9424E+00  1.0000E+00
 8.5849E+04  2.0994E+00  1.3502E+00  2.1005E+00  2.9285E+00  1.0000E+00
 8.6506E+04  2.1056E+00  1.3430E+00  2.1066E+00  2.9147E+00  1.0000E+00
 8.7169E+04  2.1117E+00  1.3359E+00  2.1128E+00  2.9010E+00  1.0000E+00
 8.7836E+04  2.1179E+00  1.3289E+00  2.1190E+00  2.8874E+00  1.0000E+00
 8.8509E+04  2.1242E+00  1.3219E+00  2.1252E+00  2.8740E+00  1.0000E+00
 8.9187E+04  2.1305E+00  1.3149E+00  2.1316E+00  2.8606E+00  1.0000E+00
 8.9870E+04  2.1369E+00  1.3080E+00  2.1379E+00  2.8473E+00  1.0000E+00
 9.0558E+04  2.1433E+00  1.3011E+00  2.1443E+00  2.8341E+00  1.0000E+00
 9.1252E+04  2.1497E+00  1.2943E+00  2.1508E+00  2.8210E+00  1.0000E+00
 9.1950E+04  2.1562E+00  1.2876E+00  2.1573E+00  2.8081E+00  1.0000E+00
 9.2655E+04  2.1628E+00  1.2809E+00  2.1638E+00  2.7952E+00  1.0000E+00
 9.3364E+04  2.1694E+00  1.2742E+00  2.1704E+00  2.7824E+00  1.0000E+00
 9.4079E+04  2.1761E+00  1.2676E+00  2.1771E+00  2.7697E+00  1.0000E+00
 9.4800E+04  2.1828E+00  1.2610E+00  2.1838E+00  2.7571E+00  1.0000E+00
 9.5526E+04  2.1895E+00  1.2545E+00  2.1905E+00  2.7447E+00  1.0000E+00
 9.6257E+04  2.1964E+00  1.2480E+00  2.1973E+00  2.7323E+00  1.0000E+00
 9.6994E+04  2.2032E+00  1.2416E+00  2.2042E+00  2.7200E+00  1.0000E+00
 9.7737E+04  2.2102E+00  1.2352E+00  2.2111E+00  2.7078E+00  1.0000E+00
 9.8486E+04  2.2171E+00  1.2289E+00  2.2181E+00  2.6957E+00  1.0000E+00
 9.9240E+04  2.2242E+00  1.2226E+00  2.2251E+00  2.6837E+00  1.0000E+00
 1.0000E+05  2.2313E+00  1.2163E+00  2.2322E+00  2.6718E+00  1.0000E+00


