#     0	 1	    1	 1	 5.5681E+02	 1000	1
 4.8978E+01  0.0000E+00  0.0000E+00  0.0000E+00  0.0000E+00  0.0000E+00
 4.9353E+01  0.0000E+00  0.0000E+00  0.0000E+00  0.0000E+00  0.0000E+00
 4.9731E+01  0.0000E+00  0.0000E+00  0.0000E+00  0.0000E+00  0.0000E+00
 5.0112E+01  0.0000E+00  0.0000E+00  0.0000E+00  0.0000E+00  0.0000E+00
 5.0496E+01  0.0000E+00  0.0000E+00  0.0000E+00  0.0000E+00  0.0000E+00
 5.0882E+01  0.0000E+00  0.0000E+00  0.0000E+00  0.0000E+00  0.0000E+00
 5.1272E+01  0.0000E+00  0.0000E+00  0.0000E+00  0.0000E+00  0.0000E+00
 5.1665E+01  0.0000E+00  0.0000E+00  0.0000E+00  0.0000E+00  0.0000E+00
 5.2060E+01  0.0000E+00  0.0000E+00  0.0000E+00  0.0000E+00  0.0000E+00
 5.2459E+01  0.0000E+00  0.0000E+00  0.0000E+00  0.0000E+00  0.0000E+00
 5.2861E+01  0.0000E+00  0.0000E+00  0.0000E+00  0.0000E+00  0.0000E+00
 5.3266E+01  0.0000E+00  0.0000E+00  0.0000E+00  0.0000E+00  0.0000E+00
 5.3673E+01  0.0000E+00  0.0000E+00  0.0000E+00  0.0000E+00  0.0000E+00
 5.4085E+01  0.0000E+00  0.0000E+00  0.0000E+00  0.0000E+00  0.0000E+00
 5.4499E+01  0.0000E+00  0.0000E+00  0.0000E+00  0.0000E+00  0.0000E+00
 5.4916E+01  0.0000E+00  0.0000E+00  0.0000E+00  0.0000E+00  0.0000E+00
 5.5337E+01  0.0000E+00  0.0000E+00  0.0000E+00  0.0000E+00  0.0000E+00
 5.5760E+01  0.0000E+00  0.0000E+00  0.0000E+00  0.0000E+00  0.0000E+00
 5.6187E+01  0.0000E+00  0.0000E+00  0.0000E+00  0.0000E+00  0.0000E+00
 5.6618E+01  0.0000E+00  0.0000E+00  0.0000E+00  0.0000E+00  0.0000E+00
 5.7051E+01  0.0000E+00  0.0000E+00  0.0000E+00  0.0000E+00  0.0000E+00
 5.7488E+01  0.0000E+00  0.0000E+00  0.0000E+00  0.0000E+00  0.0000E+00
 5.7929E+01  0.0000E+00  0.0000E+00  0.0000E+00  0.0000E+00  0.0000E+00
 5.8372E+01  0.0000E+00  0.0000E+00  0.0000E+00  0.0000E+00  0.0000E+00
 5.8819E+01  0.0000E+00  0.0000E+00  0.0000E+00  0.0000E+00  0.0000E+00
 5.9270E+01  0.0000E+00  0.0000E+00  0.0000E+00  0.0000E+00  0.0000E+00
 5.9724E+01  0.0000E+00  0.0000E+00  0.0000E+00  0.0000E+00  0.0000E+00
 6.0181E+01  0.0000E+00  0.0000E+00  0.0000E+00  0.0000E+00  0.0000E+00
 6.0642E+01  0.0000E+00  0.0000E+00  0.0000E+00  0.0000E+00  0.0000E+00
 6.1106E+01  0.0000E+00  0.0000E+00  0.0000E+00  0.0000E+00  0.0000E+00
 6.1574E+01  0.0000E+00  0.0000E+00  0.0000E+00  0.0000E+00  0.0000E+00
 6.2046E+01  0.0000E+00  0.0000E+00  0.0000E+00  0.0000E+00  0.0000E+00
 6.2521E+01  0.0000E+00  0.0000E+00  0.0000E+00  0.0000E+00  0.0000E+00
 6.3000E+01  0.0000E+00  0.0000E+00  0.0000E+00  0.0000E+00  0.0000E+00
 6.3482E+01  0.0000E+00  0.0000E+00  0.0000E+00  0.0000E+00  0.0000E+00
 6.3968E+01  0.0000E+00  0.0000E+00  0.0000E+00  0.0000E+00  0.0000E+00
 6.4458E+01  0.0000E+00  0.0000E+00  0.0000E+00  0.0000E+00  0.0000E+00
 6.4952E+01  0.0000E+00  0.0000E+00  0.0000E+00  0.0000E+00  0.0000E+00
 6.5449E+01  0.0000E+00  0.0000E+00  0.0000E+00  0.0000E+00  0.0000E+00
 6.5951E+01  0.0000E+00  0.0000E+00  0.0000E+00  0.0000E+00  0.0000E+00
 6.6456E+01  0.0000E+00  0.0000E+00  0.0000E+00  0.0000E+00  0.0000E+00
 6.6965E+01  0.0000E+00  0.0000E+00  0.0000E+00  0.0000E+00  0.0000E+00
 6.7478E+01  0.0000E+00  0.0000E+00  0.0000E+00  0.0000E+00  0.0000E+00
 6.7994E+01  0.0000E+00  0.0000E+00  0.0000E+00  0.0000E+00  0.0000E+00
 6.8515E+01  0.0000E+00  0.0000E+00  0.0000E+00  0.0000E+00  0.0000E+00
 6.9040E+01  0.0000E+00  0.0000E+00  0.0000E+00  0.0000E+00  0.0000E+00
 6.9568E+01  0.0000E+00  0.0000E+00  0.0000E+00  0.0000E+00  0.0000E+00
 7.0101E+01  0.0000E+00  0.0000E+00  0.0000E+00  0.0000E+00  0.0000E+00
 7.0638E+01  0.0000E+00  0.0000E+00  0.0000E+00  0.0000E+00  0.0000E+00
 7.1179E+01  0.0000E+00  0.0000E+00  0.0000E+00  0.0000E+00  0.0000E+00
 7.1724E+01  0.0000E+00  0.0000E+00  0.0000E+00  0.0000E+00  0.0000E+00
 7.2273E+01  0.0000E+00  0.0000E+00  0.0000E+00  0.0000E+00  0.0000E+00
 7.2827E+01  0.0000E+00  0.0000E+00  0.0000E+00  0.0000E+00  0.0000E+00
 7.3385E+01  0.0000E+00  0.0000E+00  0.0000E+00  0.0000E+00  0.0000E+00
 7.3947E+01  0.0000E+00  0.0000E+00  0.0000E+00  0.0000E+00  0.0000E+00
 7.4513E+01  0.0000E+00  0.0000E+00  0.0000E+00  0.0000E+00  0.0000E+00
 7.5084E+01  0.0000E+00  0.0000E+00  0.0000E+00  0.0000E+00  0.0000E+00
 7.5659E+01  0.0000E+00  0.0000E+00  0.0000E+00  0.0000E+00  0.0000E+00
 7.6238E+01  0.0000E+00  0.0000E+00  0.0000E+00  0.0000E+00  0.0000E+00
 7.6822E+01  0.0000E+00  0.0000E+00  0.0000E+00  0.0000E+00  0.0000E+00
 7.7410E+01  0.0000E+00  0.0000E+00  0.0000E+00  0.0000E+00  0.0000E+00
 7.8003E+01  0.0000E+00  0.0000E+00  0.0000E+00  0.0000E+00  0.0000E+00
 7.8601E+01  0.0000E+00  0.0000E+00  0.0000E+00  0.0000E+00  0.0000E+00
 7.9202E+01  0.0000E+00  0.0000E+00  0.0000E+00  0.0000E+00  0.0000E+00
 7.9809E+01  0.0000E+00  0.0000E+00  0.0000E+00  0.0000E+00  0.0000E+00
 8.0420E+01  0.0000E+00  0.0000E+00  0.0000E+00  0.0000E+00  0.0000E+00
 8.1036E+01  0.0000E+00  0.0000E+00  0.0000E+00  0.0000E+00  0.0000E+00
 8.1657E+01  0.0000E+00  0.0000E+00  0.0000E+00  0.0000E+00  0.0000E+00
 8.2282E+01  0.0000E+00  0.0000E+00  0.0000E+00  0.0000E+00  0.0000E+00
 8.2912E+01  0.0000E+00  0.0000E+00  0.0000E+00  0.0000E+00  0.0000E+00
 8.3547E+01  0.0000E+00  0.0000E+00  0.0000E+00  0.0000E+00  0.0000E+00
 8.4187E+01  0.0000E+00  0.0000E+00  0.0000E+00  0.0000E+00  0.0000E+00
 8.4832E+01  0.0000E+00  0.0000E+00  0.0000E+00  0.0000E+00  0.0000E+00
 8.5481E+01  0.0000E+00  0.0000E+00  0.0000E+00  0.0000E+00  0.0000E+00
 8.6136E+01  0.0000E+00  0.0000E+00  0.0000E+00  0.0000E+00  0.0000E+00
 8.6796E+01  0.0000E+00  0.0000E+00  0.0000E+00  0.0000E+00  0.0000E+00
 8.7460E+01  0.0000E+00  0.0000E+00  0.0000E+00  0.0000E+00  0.0000E+00
 8.8130E+01  0.0000E+00  0.0000E+00  0.0000E+00  0.0000E+00  0.0000E+00
 8.8805E+01  0.0000E+00  0.0000E+00  0.0000E+00  0.0000E+00  0.0000E+00
 8.9485E+01  0.0000E+00  0.0000E+00  0.0000E+00  0.0000E+00  0.0000E+00
 9.0171E+01  0.0000E+00  0.0000E+00  0.0000E+00  0.0000E+00  0.0000E+00
 9.0861E+01  0.0000E+00  0.0000E+00  0.0000E+00  0.0000E+00  0.0000E+00
 9.1557E+01  0.0000E+00  0.0000E+00  0.0000E+00  0.0000E+00  0.0000E+00
 9.2258E+01  0.0000E+00  0.0000E+00  0.0000E+00  0.0000E+00  0.0000E+00
 9.2965E+01  0.0000E+00  0.0000E+00  0.0000E+00  0.0000E+00  0.0000E+00
 9.3677E+01  0.0000E+00  0.0000E+00  0.0000E+00  0.0000E+00  0.0000E+00
 9.4394E+01  0.0000E+00  0.0000E+00  0.0000E+00  0.0000E+00  0.0000E+00
 9.5117E+01  0.0000E+00  0.0000E+00  0.0000E+00  0.0000E+00  0.0000E+00
 9.5845E+01  0.0000E+00  0.0000E+00  0.0000E+00  0.0000E+00  0.0000E+00
 9.6579E+01  0.0000E+00  0.0000E+00  0.0000E+00  0.0000E+00  0.0000E+00
 9.7319E+01  0.0000E+00  0.0000E+00  0.0000E+00  0.0000E+00  0.0000E+00
 9.8064E+01  0.0000E+00  0.0000E+00  0.0000E+00  0.0000E+00  0.0000E+00
 9.8815E+01  0.0000E+00  0.0000E+00  0.0000E+00  0.0000E+00  0.0000E+00
 9.9572E+01  0.0000E+00  0.0000E+00  0.0000E+00  0.0000E+00  0.0000E+00
 1.0033E+02  0.0000E+00  0.0000E+00  0.0000E+00  0.0000E+00  0.0000E+00
 1.0110E+02  0.0000E+00  0.0000E+00  0.0000E+00  0.0000E+00  0.0000E+00
 1.0188E+02  0.0000E+00  0.0000E+00  0.0000E+00  0.0000E+00  0.0000E+00
 1.0266E+02  0.0000E+00  0.0000E+00  0.0000E+00  0.0000E+00  0.0000E+00
 1.0344E+02  0.0000E+00  0.0000E+00  0.0000E+00  0.0000E+00  0.0000E+00
 1.0424E+02  0.0000E+00  0.0000E+00  0.0000E+00  0.0000E+00  0.0000E+00
 1.0503E+02  0.0000E+00  0.0000E+00  0.0000E+00  0.0000E+00  0.0000E+00
 1.0584E+02  0.0000E+00  0.0000E+00  0.0000E+00  0.0000E+00  0.0000E+00
 1.0665E+02  0.0000E+00  0.0000E+00  0.0000E+00  0.0000E+00  0.0000E+00
 1.0747E+02  0.0000E+00  0.0000E+00  0.0000E+00  0.0000E+00  0.0000E+00
 1.0829E+02  0.0000E+00  0.0000E+00  0.0000E+00  0.0000E+00  0.0000E+00
 1.0912E+02  0.0000E+00  0.0000E+00  0.0000E+00  0.0000E+00  0.0000E+00
 1.0995E+02  0.0000E+00  0.0000E+00  0.0000E+00  0.0000E+00  0.0000E+00
 1.1080E+02  0.0000E+00  0.0000E+00  0.0000E+00  0.0000E+00  0.0000E+00
 1.1164E+02  0.0000E+00  0.0000E+00  0.0000E+00  0.0000E+00  0.0000E+00
 1.1250E+02  0.0000E+00  0.0000E+00  0.0000E+00  0.0000E+00  0.0000E+00
 1.1336E+02  0.0000E+00  0.0000E+00  0.0000E+00  0.0000E+00  0.0000E+00
 1.1423E+02  0.0000E+00  0.0000E+00  0.0000E+00  0.0000E+00  0.0000E+00
 1.1510E+02  0.0000E+00  0.0000E+00  0.0000E+00  0.0000E+00  0.0000E+00
 1.1599E+02  0.0000E+00  0.0000E+00  0.0000E+00  0.0000E+00  0.0000E+00
 1.1687E+02  0.0000E+00  0.0000E+00  0.0000E+00  0.0000E+00  0.0000E+00
 1.1777E+02  0.0000E+00  0.0000E+00  0.0000E+00  0.0000E+00  0.0000E+00
 1.1867E+02  0.0000E+00  0.0000E+00  0.0000E+00  0.0000E+00  0.0000E+00
 1.1958E+02  0.0000E+00  0.0000E+00  0.0000E+00  0.0000E+00  0.0000E+00
 1.2050E+02  0.0000E+00  0.0000E+00  0.0000E+00  0.0000E+00  0.0000E+00
 1.2142E+02  0.0000E+00  0.0000E+00  0.0000E+00  0.0000E+00  0.0000E+00
 1.2235E+02  0.0000E+00  0.0000E+00  0.0000E+00  0.0000E+00  0.0000E+00
 1.2329E+02  0.0000E+00  0.0000E+00  0.0000E+00  0.0000E+00  0.0000E+00
 1.2423E+02  0.0000E+00  0.0000E+00  0.0000E+00  0.0000E+00  0.0000E+00
 1.2518E+02  0.0000E+00  0.0000E+00  0.0000E+00  0.0000E+00  0.0000E+00
 1.2614E+02  0.0000E+00  0.0000E+00  0.0000E+00  0.0000E+00  0.0000E+00
 1.2711E+02  0.0000E+00  0.0000E+00  0.0000E+00  0.0000E+00  0.0000E+00
 1.2808E+02  0.0000E+00  0.0000E+00  0.0000E+00  0.0000E+00  0.0000E+00
 1.2906E+02  0.0000E+00  0.0000E+00  0.0000E+00  0.0000E+00  0.0000E+00
 1.3005E+02  0.0000E+00  0.0000E+00  0.0000E+00  0.0000E+00  0.0000E+00
 1.3104E+02  0.0000E+00  0.0000E+00  0.0000E+00  0.0000E+00  0.0000E+00
 1.3205E+02  0.0000E+00  0.0000E+00  0.0000E+00  0.0000E+00  0.0000E+00
 1.3306E+02  0.0000E+00  0.0000E+00  0.0000E+00  0.0000E+00  0.0000E+00
 1.3408E+02  0.0000E+00  0.0000E+00  0.0000E+00  0.0000E+00  0.0000E+00
 1.3510E+02  0.0000E+00  0.0000E+00  0.0000E+00  0.0000E+00  0.0000E+00
 1.3614E+02  0.0000E+00  0.0000E+00  0.0000E+00  0.0000E+00  0.0000E+00
 1.3718E+02  0.0000E+00  0.0000E+00  0.0000E+00  0.0000E+00  0.0000E+00
 1.3823E+02  0.0000E+00  0.0000E+00  0.0000E+00  0.0000E+00  0.0000E+00
 1.3929E+02  0.0000E+00  0.0000E+00  0.0000E+00  0.0000E+00  0.0000E+00
 1.4036E+02  0.0000E+00  0.0000E+00  0.0000E+00  0.0000E+00  0.0000E+00
 1.4143E+02  0.0000E+00  0.0000E+00  0.0000E+00  0.0000E+00  0.0000E+00
 1.4252E+02  0.0000E+00  0.0000E+00  0.0000E+00  0.0000E+00  0.0000E+00
 1.4361E+02  0.0000E+00  0.0000E+00  0.0000E+00  0.0000E+00  0.0000E+00
 1.4471E+02  0.0000E+00  0.0000E+00  0.0000E+00  0.0000E+00  0.0000E+00
 1.4582E+02  0.0000E+00  0.0000E+00  0.0000E+00  0.0000E+00  0.0000E+00
 1.4693E+02  0.0000E+00  0.0000E+00  0.0000E+00  0.0000E+00  0.0000E+00
 1.4806E+02  0.0000E+00  0.0000E+00  0.0000E+00  0.0000E+00  0.0000E+00
 1.4919E+02  0.0000E+00  0.0000E+00  0.0000E+00  0.0000E+00  0.0000E+00
 1.5033E+02  0.0000E+00  0.0000E+00  0.0000E+00  0.0000E+00  0.0000E+00
 1.5149E+02  0.0000E+00  0.0000E+00  0.0000E+00  0.0000E+00  0.0000E+00
 1.5265E+02  0.0000E+00  0.0000E+00  0.0000E+00  0.0000E+00  0.0000E+00
 1.5381E+02  0.0000E+00  0.0000E+00  0.0000E+00  0.0000E+00  0.0000E+00
 1.5499E+02  0.0000E+00  0.0000E+00  0.0000E+00  0.0000E+00  0.0000E+00
 1.5618E+02  0.0000E+00  0.0000E+00  0.0000E+00  0.0000E+00  0.0000E+00
 1.5738E+02  0.0000E+00  0.0000E+00  0.0000E+00  0.0000E+00  0.0000E+00
 1.5858E+02  0.0000E+00  0.0000E+00  0.0000E+00  0.0000E+00  0.0000E+00
 1.5980E+02  0.0000E+00  0.0000E+00  0.0000E+00  0.0000E+00  0.0000E+00
 1.6102E+02  0.0000E+00  0.0000E+00  0.0000E+00  0.0000E+00  0.0000E+00
 1.6225E+02  0.0000E+00  0.0000E+00  0.0000E+00  0.0000E+00  0.0000E+00
 1.6349E+02  0.0000E+00  0.0000E+00  0.0000E+00  0.0000E+00  0.0000E+00
 1.6475E+02  0.0000E+00  0.0000E+00  0.0000E+00  0.0000E+00  0.0000E+00
 1.6601E+02  0.0000E+00  0.0000E+00  0.0000E+00  0.0000E+00  0.0000E+00
 1.6728E+02  0.0000E+00  0.0000E+00  0.0000E+00  0.0000E+00  0.0000E+00
 1.6856E+02  0.0000E+00  0.0000E+00  0.0000E+00  0.0000E+00  0.0000E+00
 1.6985E+02  0.0000E+00  0.0000E+00  0.0000E+00  0.0000E+00  0.0000E+00
 1.7115E+02  0.0000E+00  0.0000E+00  0.0000E+00  0.0000E+00  0.0000E+00
 1.7246E+02  0.0000E+00  0.0000E+00  0.0000E+00  0.0000E+00  0.0000E+00
 1.7378E+02  0.0000E+00  0.0000E+00  0.0000E+00  0.0000E+00  0.0000E+00
 1.7511E+02  0.0000E+00  0.0000E+00  0.0000E+00  0.0000E+00  0.0000E+00
 1.7646E+02  0.0000E+00  0.0000E+00  0.0000E+00  0.0000E+00  0.0000E+00
 1.7781E+02  0.0000E+00  0.0000E+00  0.0000E+00  0.0000E+00  0.0000E+00
 1.7917E+02  0.0000E+00  0.0000E+00  0.0000E+00  0.0000E+00  0.0000E+00
 1.8054E+02  0.0000E+00  0.0000E+00  0.0000E+00  0.0000E+00  0.0000E+00
 1.8192E+02  0.0000E+00  0.0000E+00  0.0000E+00  0.0000E+00  0.0000E+00
 1.8332E+02  0.0000E+00  0.0000E+00  0.0000E+00  0.0000E+00  0.0000E+00
 1.8472E+02  0.0000E+00  0.0000E+00  0.0000E+00  0.0000E+00  0.0000E+00
 1.8614E+02  0.0000E+00  0.0000E+00  0.0000E+00  0.0000E+00  0.0000E+00
 1.8756E+02  0.0000E+00  0.0000E+00  0.0000E+00  0.0000E+00  0.0000E+00
 1.8900E+02  0.0000E+00  0.0000E+00  0.0000E+00  0.0000E+00  0.0000E+00
 1.9045E+02  0.0000E+00  0.0000E+00  0.0000E+00  0.0000E+00  0.0000E+00
 1.9190E+02  0.0000E+00  0.0000E+00  0.0000E+00  0.0000E+00  0.0000E+00
 1.9337E+02  0.0000E+00  0.0000E+00  0.0000E+00  0.0000E+00  0.0000E+00
 1.9485E+02  0.0000E+00  0.0000E+00  0.0000E+00  0.0000E+00  0.0000E+00
 1.9635E+02  0.0000E+00  0.0000E+00  0.0000E+00  0.0000E+00  0.0000E+00
 1.9785E+02  0.0000E+00  0.0000E+00  0.0000E+00  0.0000E+00  0.0000E+00
 1.9937E+02  0.0000E+00  0.0000E+00  0.0000E+00  0.0000E+00  0.0000E+00
 2.0089E+02  0.0000E+00  0.0000E+00  0.0000E+00  0.0000E+00  0.0000E+00
 2.0243E+02  0.0000E+00  0.0000E+00  0.0000E+00  0.0000E+00  0.0000E+00
 2.0398E+02  0.0000E+00  0.0000E+00  0.0000E+00  0.0000E+00  0.0000E+00
 2.0554E+02  0.0000E+00  0.0000E+00  0.0000E+00  0.0000E+00  0.0000E+00
 2.0712E+02  0.0000E+00  0.0000E+00  0.0000E+00  0.0000E+00  0.0000E+00
 2.0870E+02  0.0000E+00  0.0000E+00  0.0000E+00  0.0000E+00  0.0000E+00
 2.1030E+02  0.0000E+00  0.0000E+00  0.0000E+00  0.0000E+00  0.0000E+00
 2.1191E+02  0.0000E+00  0.0000E+00  0.0000E+00  0.0000E+00  0.0000E+00
 2.1354E+02  0.0000E+00  0.0000E+00  0.0000E+00  0.0000E+00  0.0000E+00
 2.1517E+02  0.0000E+00  0.0000E+00  0.0000E+00  0.0000E+00  0.0000E+00
 2.1682E+02  0.0000E+00  0.0000E+00  0.0000E+00  0.0000E+00  0.0000E+00
 2.1848E+02  0.0000E+00  0.0000E+00  0.0000E+00  0.0000E+00  0.0000E+00
 2.2015E+02  0.0000E+00  0.0000E+00  0.0000E+00  0.0000E+00  0.0000E+00
 2.2184E+02  0.0000E+00  0.0000E+00  0.0000E+00  0.0000E+00  0.0000E+00
 2.2354E+02  0.0000E+00  0.0000E+00  0.0000E+00  0.0000E+00  0.0000E+00
 2.2525E+02  0.0000E+00  0.0000E+00  0.0000E+00  0.0000E+00  0.0000E+00
 2.2697E+02  0.0000E+00  0.0000E+00  0.0000E+00  0.0000E+00  0.0000E+00
 2.2871E+02  0.0000E+00  0.0000E+00  0.0000E+00  0.0000E+00  0.0000E+00
 2.3046E+02  0.0000E+00  0.0000E+00  0.0000E+00  0.0000E+00  0.0000E+00
 2.3223E+02  0.0000E+00  0.0000E+00  0.0000E+00  0.0000E+00  0.0000E+00
 2.3401E+02  0.0000E+00  0.0000E+00  0.0000E+00  0.0000E+00  0.0000E+00
 2.3580E+02  0.0000E+00  0.0000E+00  0.0000E+00  0.0000E+00  0.0000E+00
 2.3761E+02  0.0000E+00  0.0000E+00  0.0000E+00  0.0000E+00  0.0000E+00
 2.3942E+02  0.0000E+00  0.0000E+00  0.0000E+00  0.0000E+00  0.0000E+00
 2.4126E+02  0.0000E+00  0.0000E+00  0.0000E+00  0.0000E+00  0.0000E+00
 2.4311E+02  0.0000E+00  0.0000E+00  0.0000E+00  0.0000E+00  0.0000E+00
 2.4497E+02  0.0000E+00  0.0000E+00  0.0000E+00  0.0000E+00  0.0000E+00
 2.4684E+02  0.0000E+00  0.0000E+00  0.0000E+00  0.0000E+00  0.0000E+00
 2.4873E+02  0.0000E+00  0.0000E+00  0.0000E+00  0.0000E+00  0.0000E+00
 2.5064E+02  0.0000E+00  0.0000E+00  0.0000E+00  0.0000E+00  0.0000E+00
 2.5256E+02  0.0000E+00  0.0000E+00  0.0000E+00  0.0000E+00  0.0000E+00
 2.5449E+02  0.0000E+00  0.0000E+00  0.0000E+00  0.0000E+00  0.0000E+00
 2.5644E+02  0.0000E+00  0.0000E+00  0.0000E+00  0.0000E+00  0.0000E+00
 2.5841E+02  0.0000E+00  0.0000E+00  0.0000E+00  0.0000E+00  0.0000E+00
 2.6038E+02  0.0000E+00  0.0000E+00  0.0000E+00  0.0000E+00  0.0000E+00
 2.6238E+02  0.0000E+00  0.0000E+00  0.0000E+00  0.0000E+00  0.0000E+00
 2.6439E+02  0.0000E+00  0.0000E+00  0.0000E+00  0.0000E+00  0.0000E+00
 2.6641E+02  0.0000E+00  0.0000E+00  0.0000E+00  0.0000E+00  0.0000E+00
 2.6845E+02  0.0000E+00  0.0000E+00  0.0000E+00  0.0000E+00  0.0000E+00
 2.7051E+02  0.0000E+00  0.0000E+00  0.0000E+00  0.0000E+00  0.0000E+00
 2.7258E+02  0.0000E+00  0.0000E+00  0.0000E+00  0.0000E+00  0.0000E+00
 2.7467E+02  0.0000E+00  0.0000E+00  0.0000E+00  0.0000E+00  0.0000E+00
 2.7677E+02  0.0000E+00  0.0000E+00  0.0000E+00  0.0000E+00  0.0000E+00
 2.7889E+02  0.0000E+00  0.0000E+00  0.0000E+00  0.0000E+00  0.0000E+00
 2.8103E+02  0.0000E+00  0.0000E+00  0.0000E+00  0.0000E+00  0.0000E+00
 2.8318E+02  0.0000E+00  0.0000E+00  0.0000E+00  0.0000E+00  0.0000E+00
 2.8535E+02  0.0000E+00  0.0000E+00  0.0000E+00  0.0000E+00  0.0000E+00
 2.8753E+02  0.0000E+00  0.0000E+00  0.0000E+00  0.0000E+00  0.0000E+00
 2.8974E+02  0.0000E+00  0.0000E+00  0.0000E+00  0.0000E+00  0.0000E+00
 2.9195E+02  0.0000E+00  0.0000E+00  0.0000E+00  0.0000E+00  0.0000E+00
 2.9419E+02  0.0000E+00  0.0000E+00  0.0000E+00  0.0000E+00  0.0000E+00
 2.9644E+02  0.0000E+00  0.0000E+00  0.0000E+00  0.0000E+00  0.0000E+00
 2.9871E+02  0.0000E+00  0.0000E+00  0.0000E+00  0.0000E+00  0.0000E+00
 3.0100E+02  0.0000E+00  0.0000E+00  0.0000E+00  0.0000E+00  0.0000E+00
 3.0331E+02  0.0000E+00  0.0000E+00  0.0000E+00  0.0000E+00  0.0000E+00
 3.0563E+02  0.0000E+00  0.0000E+00  0.0000E+00  0.0000E+00  0.0000E+00
 3.0797E+02  0.0000E+00  0.0000E+00  0.0000E+00  0.0000E+00  0.0000E+00
 3.1033E+02  0.0000E+00  0.0000E+00  0.0000E+00  0.0000E+00  0.0000E+00
 3.1271E+02  0.0000E+00  0.0000E+00  0.0000E+00  0.0000E+00  0.0000E+00
 3.1510E+02  0.0000E+00  0.0000E+00  0.0000E+00  0.0000E+00  0.0000E+00
 3.1751E+02  0.0000E+00  0.0000E+00  0.0000E+00  0.0000E+00  0.0000E+00
 3.1994E+02  0.0000E+00  0.0000E+00  0.0000E+00  0.0000E+00  0.0000E+00
 3.2240E+02  0.0000E+00  0.0000E+00  0.0000E+00  0.0000E+00  0.0000E+00
 3.2486E+02  0.0000E+00  0.0000E+00  0.0000E+00  0.0000E+00  0.0000E+00
 3.2735E+02  0.0000E+00  0.0000E+00  0.0000E+00  0.0000E+00  0.0000E+00
 3.2986E+02  0.0000E+00  0.0000E+00  0.0000E+00  0.0000E+00  0.0000E+00
 3.3239E+02  0.0000E+00  0.0000E+00  0.0000E+00  0.0000E+00  0.0000E+00
 3.3493E+02  0.0000E+00  0.0000E+00  0.0000E+00  0.0000E+00  0.0000E+00
 3.3750E+02  0.0000E+00  0.0000E+00  0.0000E+00  0.0000E+00  0.0000E+00
 3.4008E+02  0.0000E+00  0.0000E+00  0.0000E+00  0.0000E+00  0.0000E+00
 3.4268E+02  0.0000E+00  0.0000E+00  0.0000E+00  0.0000E+00  0.0000E+00
 3.4531E+02  0.0000E+00  0.0000E+00  0.0000E+00  0.0000E+00  0.0000E+00
 3.4795E+02  0.0000E+00  0.0000E+00  0.0000E+00  0.0000E+00  0.0000E+00
 3.5062E+02  0.0000E+00  0.0000E+00  0.0000E+00  0.0000E+00  0.0000E+00
 3.5330E+02  0.0000E+00  0.0000E+00  0.0000E+00  0.0000E+00  0.0000E+00
 3.5601E+02  0.0000E+00  0.0000E+00  0.0000E+00  0.0000E+00  0.0000E+00
 3.5874E+02  0.0000E+00  0.0000E+00  0.0000E+00  0.0000E+00  0.0000E+00
 3.6148E+02  0.0000E+00  0.0000E+00  0.0000E+00  0.0000E+00  0.0000E+00
 3.6425E+02  0.0000E+00  0.0000E+00  0.0000E+00  0.0000E+00  0.0000E+00
 3.6704E+02  0.0000E+00  0.0000E+00  0.0000E+00  0.0000E+00  0.0000E+00
 3.6985E+02  0.0000E+00  0.0000E+00  0.0000E+00  0.0000E+00  0.0000E+00
 3.7268E+02  0.0000E+00  0.0000E+00  0.0000E+00  0.0000E+00  0.0000E+00
 3.7554E+02  0.0000E+00  0.0000E+00  0.0000E+00  0.0000E+00  0.0000E+00
 3.7841E+02  0.0000E+00  0.0000E+00  0.0000E+00  0.0000E+00  0.0000E+00
 3.8131E+02  0.0000E+00  0.0000E+00  0.0000E+00  0.0000E+00  0.0000E+00
 3.8423E+02  0.0000E+00  0.0000E+00  0.0000E+00  0.0000E+00  0.0000E+00
 3.8718E+02  0.0000E+00  0.0000E+00  0.0000E+00  0.0000E+00  0.0000E+00
 3.9014E+02  0.0000E+00  0.0000E+00  0.0000E+00  0.0000E+00  0.0000E+00
 3.9313E+02  0.0000E+00  0.0000E+00  0.0000E+00  0.0000E+00  0.0000E+00
 3.9614E+02  0.0000E+00  0.0000E+00  0.0000E+00  0.0000E+00  0.0000E+00
 3.9917E+02  0.0000E+00  0.0000E+00  0.0000E+00  0.0000E+00  0.0000E+00
 4.0223E+02  0.0000E+00  0.0000E+00  0.0000E+00  0.0000E+00  0.0000E+00
 4.0531E+02  0.0000E+00  0.0000E+00  0.0000E+00  0.0000E+00  0.0000E+00
 4.0841E+02  0.0000E+00  0.0000E+00  0.0000E+00  0.0000E+00  0.0000E+00
 4.1154E+02  0.0000E+00  0.0000E+00  0.0000E+00  0.0000E+00  0.0000E+00
 4.1469E+02  0.0000E+00  0.0000E+00  0.0000E+00  0.0000E+00  0.0000E+00
 4.1787E+02  0.0000E+00  0.0000E+00  0.0000E+00  0.0000E+00  0.0000E+00
 4.2107E+02  0.0000E+00  0.0000E+00  0.0000E+00  0.0000E+00  0.0000E+00
 4.2429E+02  0.0000E+00  0.0000E+00  0.0000E+00  0.0000E+00  0.0000E+00
 4.2754E+02  0.0000E+00  0.0000E+00  0.0000E+00  0.0000E+00  0.0000E+00
 4.3082E+02  0.0000E+00  0.0000E+00  0.0000E+00  0.0000E+00  0.0000E+00
 4.3412E+02  0.0000E+00  0.0000E+00  0.0000E+00  0.0000E+00  0.0000E+00
 4.3744E+02  0.0000E+00  0.0000E+00  0.0000E+00  0.0000E+00  0.0000E+00
 4.4079E+02  0.0000E+00  0.0000E+00  0.0000E+00  0.0000E+00  0.0000E+00
 4.4417E+02  0.0000E+00  0.0000E+00  0.0000E+00  0.0000E+00  0.0000E+00
 4.4757E+02  0.0000E+00  0.0000E+00  0.0000E+00  0.0000E+00  0.0000E+00
 4.5100E+02  0.0000E+00  0.0000E+00  0.0000E+00  0.0000E+00  0.0000E+00
 4.5445E+02  0.0000E+00  0.0000E+00  0.0000E+00  0.0000E+00  0.0000E+00
 4.5793E+02  0.0000E+00  0.0000E+00  0.0000E+00  0.0000E+00  0.0000E+00
 4.6144E+02  0.0000E+00  0.0000E+00  0.0000E+00  0.0000E+00  0.0000E+00
 4.6497E+02  0.0000E+00  0.0000E+00  0.0000E+00  0.0000E+00  0.0000E+00
 4.6853E+02  0.0000E+00  0.0000E+00  0.0000E+00  0.0000E+00  0.0000E+00
 4.7212E+02  0.0000E+00  0.0000E+00  0.0000E+00  0.0000E+00  0.0000E+00
 4.7574E+02  0.0000E+00  0.0000E+00  0.0000E+00  0.0000E+00  0.0000E+00
 4.7938E+02  0.0000E+00  0.0000E+00  0.0000E+00  0.0000E+00  0.0000E+00
 4.8305E+02  0.0000E+00  0.0000E+00  0.0000E+00  0.0000E+00  0.0000E+00
 4.8675E+02  0.0000E+00  0.0000E+00  0.0000E+00  0.0000E+00  0.0000E+00
 4.9048E+02  0.0000E+00  0.0000E+00  0.0000E+00  0.0000E+00  0.0000E+00
 4.9424E+02  0.0000E+00  0.0000E+00  0.0000E+00  0.0000E+00  0.0000E+00
 4.9802E+02  0.0000E+00  0.0000E+00  0.0000E+00  0.0000E+00  0.0000E+00
 5.0183E+02  0.0000E+00  0.0000E+00  0.0000E+00  0.0000E+00  0.0000E+00
 5.0568E+02  0.0000E+00  0.0000E+00  0.0000E+00  0.0000E+00  0.0000E+00
 5.0955E+02  0.0000E+00  0.0000E+00  0.0000E+00  0.0000E+00  0.0000E+00
 5.1345E+02  0.0000E+00  0.0000E+00  0.0000E+00  0.0000E+00  0.0000E+00
 5.1738E+02  0.0000E+00  0.0000E+00  0.0000E+00  0.0000E+00  0.0000E+00
 5.2135E+02  0.0000E+00  0.0000E+00  0.0000E+00  0.0000E+00  0.0000E+00
 5.2534E+02  0.0000E+00  0.0000E+00  0.0000E+00  0.0000E+00  0.0000E+00
 5.2936E+02  0.0000E+00  0.0000E+00  0.0000E+00  0.0000E+00  0.0000E+00
 5.3342E+02  0.0000E+00  0.0000E+00  0.0000E+00  0.0000E+00  0.0000E+00
 5.3750E+02  0.0000E+00  0.0000E+00  0.0000E+00  0.0000E+00  0.0000E+00
 5.4162E+02  0.0000E+00  0.0000E+00  0.0000E+00  0.0000E+00  0.0000E+00
 5.4577E+02  0.0000E+00  0.0000E+00  0.0000E+00  0.0000E+00  0.0000E+00
 5.4995E+02  0.0000E+00  0.0000E+00  0.0000E+00  0.0000E+00  0.0000E+00
 5.5416E+02  0.0000E+00  0.0000E+00  0.0000E+00  0.0000E+00  0.0000E+00
 5.5840E+02  4.3552E-02  4.6652E+00  4.9951E-02  1.0706E+01  1.0000E+00
 5.6268E+02  4.3594E-02  4.6341E+00  4.9951E-02  1.0624E+01  1.0000E+00
 5.6699E+02  4.3635E-02  4.6032E+00  4.9952E-02  1.0544E+01  1.0000E+00
 5.7133E+02  4.3676E-02  4.5725E+00  4.9953E-02  1.0464E+01  1.0000E+00
 5.7571E+02  4.3717E-02  4.5421E+00  4.9954E-02  1.0385E+01  1.0000E+00
 5.8011E+02  4.3759E-02  4.5118E+00  4.9955E-02  1.0306E+01  1.0000E+00
 5.8456E+02  4.3800E-02  4.4817E+00  4.9956E-02  1.0228E+01  1.0000E+00
 5.8903E+02  4.3842E-02  4.4518E+00  4.9957E-02  1.0150E+01  1.0000E+00
 5.9354E+02  4.3883E-02  4.4221E+00  4.9957E-02  1.0073E+01  1.0000E+00
 5.9809E+02  4.3924E-02  4.3926E+00  4.9958E-02  9.9968E+00  1.0000E+00
 6.0267E+02  4.3965E-02  4.3633E+00  4.9959E-02  9.9210E+00  1.0000E+00
 6.0729E+02  4.4006E-02  4.3342E+00  4.9960E-02  9.8458E+00  1.0000E+00
 6.1194E+02  4.4047E-02  4.3052E+00  4.9961E-02  9.7712E+00  1.0000E+00
 6.1662E+02  4.4088E-02  4.2764E+00  4.9962E-02  9.6971E+00  1.0000E+00
 6.2135E+02  4.4128E-02  4.2478E+00  4.9963E-02  9.6236E+00  1.0000E+00
 6.2610E+02  4.4169E-02  4.2193E+00  4.9964E-02  9.5506E+00  1.0000E+00
 6.3090E+02  4.4209E-02  4.1911E+00  4.9965E-02  9.4782E+00  1.0000E+00
 6.3573E+02  4.4249E-02  4.1630E+00  4.9966E-02  9.4064E+00  1.0000E+00
 6.4060E+02  4.4290E-02  4.1351E+00  4.9967E-02  9.3351E+00  1.0000E+00
 6.4551E+02  4.4330E-02  4.1074E+00  4.9968E-02  9.2643E+00  1.0000E+00
 6.5045E+02  4.4370E-02  4.0798E+00  4.9969E-02  9.1941E+00  1.0000E+00
 6.5543E+02  4.4410E-02  4.0524E+00  4.9969E-02  9.1244E+00  1.0000E+00
 6.6045E+02  4.4449E-02  4.0252E+00  4.9970E-02  9.0552E+00  1.0000E+00
 6.6551E+02  4.4489E-02  3.9982E+00  4.9971E-02  8.9866E+00  1.0000E+00
 6.7060E+02  4.4529E-02  3.9713E+00  4.9972E-02  8.9185E+00  1.0000E+00
 6.7574E+02  4.4568E-02  3.9446E+00  4.9973E-02  8.8509E+00  1.0000E+00
 6.8092E+02  4.4608E-02  3.9180E+00  4.9974E-02  8.7838E+00  1.0000E+00
 6.8613E+02  4.4647E-02  3.8917E+00  4.9975E-02  8.7172E+00  1.0000E+00
 6.9138E+02  4.4686E-02  3.8655E+00  4.9976E-02  8.6512E+00  1.0000E+00
 6.9668E+02  4.4725E-02  3.8394E+00  4.9978E-02  8.5856E+00  1.0000E+00
 7.0201E+02  4.4764E-02  3.8135E+00  4.9979E-02  8.5205E+00  1.0000E+00
 7.0739E+02  4.4803E-02  3.7878E+00  4.9980E-02  8.4559E+00  1.0000E+00
 7.1281E+02  4.4842E-02  3.7623E+00  4.9981E-02  8.3919E+00  1.0000E+00
 7.1827E+02  4.4881E-02  3.7369E+00  4.9982E-02  8.3283E+00  1.0000E+00
 7.2377E+02  4.4919E-02  3.7117E+00  4.9983E-02  8.2652E+00  1.0000E+00
 7.2931E+02  4.4958E-02  3.6866E+00  4.9984E-02  8.2025E+00  1.0000E+00
 7.3490E+02  4.4996E-02  3.6617E+00  4.9985E-02  8.1404E+00  1.0000E+00
 7.4052E+02  4.5035E-02  3.6369E+00  4.9986E-02  8.0787E+00  1.0000E+00
 7.4620E+02  4.5073E-02  3.6123E+00  4.9987E-02  8.0175E+00  1.0000E+00
 7.5191E+02  4.5111E-02  3.5879E+00  4.9988E-02  7.9567E+00  1.0000E+00
 7.5767E+02  4.5149E-02  3.5636E+00  4.9989E-02  7.8964E+00  1.0000E+00
 7.6347E+02  4.5187E-02  3.5395E+00  4.9991E-02  7.8366E+00  1.0000E+00
 7.6932E+02  4.5225E-02  3.5155E+00  4.9992E-02  7.7772E+00  1.0000E+00
 7.7521E+02  4.5263E-02  3.4917E+00  4.9993E-02  7.7183E+00  1.0000E+00
 7.8115E+02  4.5300E-02  3.4680E+00  4.9994E-02  7.6598E+00  1.0000E+00
 7.8713E+02  4.5338E-02  3.4445E+00  4.9995E-02  7.6018E+00  1.0000E+00
 7.9316E+02  4.5376E-02  3.4211E+00  4.9996E-02  7.5442E+00  1.0000E+00
 7.9923E+02  4.5413E-02  3.3979E+00  4.9998E-02  7.4870E+00  1.0000E+00
 8.0535E+02  4.5450E-02  3.3748E+00  4.9999E-02  7.4303E+00  1.0000E+00
 8.1152E+02  4.5488E-02  3.3519E+00  5.0000E-02  7.3740E+00  1.0000E+00
 8.1774E+02  4.5525E-02  3.3291E+00  5.0001E-02  7.3182E+00  1.0000E+00
 8.2400E+02  4.5562E-02  3.3065E+00  5.0002E-02  7.2627E+00  1.0000E+00
 8.3031E+02  4.5599E-02  3.2840E+00  5.0004E-02  7.2077E+00  1.0000E+00
 8.3667E+02  4.5636E-02  3.2617E+00  5.0005E-02  7.1531E+00  1.0000E+00
 8.4307E+02  4.5673E-02  3.2395E+00  5.0006E-02  7.0989E+00  1.0000E+00
 8.4953E+02  4.5710E-02  3.2175E+00  5.0007E-02  7.0452E+00  1.0000E+00
 8.5604E+02  4.5747E-02  3.1955E+00  5.0009E-02  6.9918E+00  1.0000E+00
 8.6259E+02  4.5783E-02  3.1738E+00  5.0010E-02  6.9388E+00  1.0000E+00
 8.6920E+02  4.5820E-02  3.1522E+00  5.0011E-02  6.8863E+00  1.0000E+00
 8.7586E+02  4.5856E-02  3.1307E+00  5.0013E-02  6.8341E+00  1.0000E+00
 8.8256E+02  4.5893E-02  3.1093E+00  5.0014E-02  6.7824E+00  1.0000E+00
 8.8932E+02  4.5929E-02  3.0881E+00  5.0015E-02  6.7310E+00  1.0000E+00
 8.9613E+02  4.5965E-02  3.0670E+00  5.0017E-02  6.6800E+00  1.0000E+00
 9.0300E+02  4.6002E-02  3.0461E+00  5.0018E-02  6.6294E+00  1.0000E+00
 9.0991E+02  4.6038E-02  3.0253E+00  5.0019E-02  6.5792E+00  1.0000E+00
 9.1688E+02  4.6074E-02  3.0047E+00  5.0021E-02  6.5294E+00  1.0000E+00
 9.2390E+02  4.6110E-02  2.9841E+00  5.0022E-02  6.4800E+00  1.0000E+00
 9.3098E+02  4.6146E-02  2.9637E+00  5.0023E-02  6.4309E+00  1.0000E+00
 9.3811E+02  4.6182E-02  2.9435E+00  5.0025E-02  6.3822E+00  1.0000E+00
 9.4529E+02  4.6217E-02  2.9233E+00  5.0026E-02  6.3339E+00  1.0000E+00
 9.5253E+02  4.6253E-02  2.9034E+00  5.0028E-02  6.2859E+00  1.0000E+00
 9.5983E+02  4.6289E-02  2.8835E+00  5.0029E-02  6.2383E+00  1.0000E+00
 9.6718E+02  4.6324E-02  2.8638E+00  5.0030E-02  6.1911E+00  1.0000E+00
 9.7458E+02  4.6360E-02  2.8441E+00  5.0032E-02  6.1442E+00  1.0000E+00
 9.8205E+02  4.6395E-02  2.8247E+00  5.0033E-02  6.0977E+00  1.0000E+00
 9.8957E+02  4.6431E-02  2.8053E+00  5.0035E-02  6.0516E+00  1.0000E+00
 9.9715E+02  4.6466E-02  2.7861E+00  5.0036E-02  6.0057E+00  1.0000E+00
 1.0048E+03  4.6501E-02  2.7670E+00  5.0038E-02  5.9603E+00  1.0000E+00
 1.0125E+03  4.6537E-02  2.7480E+00  5.0039E-02  5.9152E+00  1.0000E+00
 1.0202E+03  4.6572E-02  2.7292E+00  5.0041E-02  5.8704E+00  1.0000E+00
 1.0280E+03  4.6607E-02  2.7105E+00  5.0042E-02  5.8259E+00  1.0000E+00
 1.0359E+03  4.6642E-02  2.6919E+00  5.0044E-02  5.7819E+00  1.0000E+00
 1.0439E+03  4.6677E-02  2.6734E+00  5.0045E-02  5.7381E+00  1.0000E+00
 1.0518E+03  4.6712E-02  2.6550E+00  5.0047E-02  5.6947E+00  1.0000E+00
 1.0599E+03  4.6747E-02  2.6368E+00  5.0049E-02  5.6516E+00  1.0000E+00
 1.0680E+03  4.6782E-02  2.6187E+00  5.0050E-02  5.6088E+00  1.0000E+00
 1.0762E+03  4.6816E-02  2.6007E+00  5.0052E-02  5.5663E+00  1.0000E+00
 1.0844E+03  4.6851E-02  2.5828E+00  5.0053E-02  5.5242E+00  1.0000E+00
 1.0927E+03  4.6886E-02  2.5651E+00  5.0055E-02  5.4824E+00  1.0000E+00
 1.1011E+03  4.6920E-02  2.5474E+00  5.0057E-02  5.4409E+00  1.0000E+00
 1.1095E+03  4.6955E-02  2.5299E+00  5.0058E-02  5.3998E+00  1.0000E+00
 1.1180E+03  4.6989E-02  2.5125E+00  5.0060E-02  5.3589E+00  1.0000E+00
 1.1266E+03  4.7024E-02  2.4952E+00  5.0062E-02  5.3183E+00  1.0000E+00
 1.1352E+03  4.7058E-02  2.4781E+00  5.0063E-02  5.2781E+00  1.0000E+00
 1.1439E+03  4.7093E-02  2.4610E+00  5.0065E-02  5.2382E+00  1.0000E+00
 1.1527E+03  4.7127E-02  2.4441E+00  5.0067E-02  5.1985E+00  1.0000E+00
 1.1615E+03  4.7161E-02  2.4272E+00  5.0068E-02  5.1592E+00  1.0000E+00
 1.1704E+03  4.7196E-02  2.4105E+00  5.0070E-02  5.1202E+00  1.0000E+00
 1.1794E+03  4.7230E-02  2.3939E+00  5.0072E-02  5.0814E+00  1.0000E+00
 1.1884E+03  4.7264E-02  2.3774E+00  5.0074E-02  5.0430E+00  1.0000E+00
 1.1975E+03  4.7298E-02  2.3610E+00  5.0075E-02  5.0049E+00  1.0000E+00
 1.2067E+03  4.7332E-02  2.3447E+00  5.0077E-02  4.9670E+00  1.0000E+00
 1.2159E+03  4.7366E-02  2.3286E+00  5.0079E-02  4.9294E+00  1.0000E+00
 1.2252E+03  4.7400E-02  2.3125E+00  5.0081E-02  4.8921E+00  1.0000E+00
 1.2346E+03  4.7434E-02  2.2966E+00  5.0083E-02  4.8551E+00  1.0000E+00
 1.2441E+03  4.7468E-02  2.2807E+00  5.0085E-02  4.8184E+00  1.0000E+00
 1.2536E+03  4.7502E-02  2.2650E+00  5.0086E-02  4.7820E+00  1.0000E+00
 1.2632E+03  4.7536E-02  2.2493E+00  5.0088E-02  4.7458E+00  1.0000E+00
 1.2729E+03  4.7570E-02  2.2338E+00  5.0090E-02  4.7099E+00  1.0000E+00
 1.2826E+03  4.7603E-02  2.2184E+00  5.0092E-02  4.6743E+00  1.0000E+00
 1.2924E+03  4.7637E-02  2.2031E+00  5.0094E-02  4.6390E+00  1.0000E+00
 1.3023E+03  4.7671E-02  2.1878E+00  5.0096E-02  4.6039E+00  1.0000E+00
 1.3123E+03  4.7704E-02  2.1727E+00  5.0098E-02  4.5691E+00  1.0000E+00
 1.3224E+03  4.7738E-02  2.1577E+00  5.0100E-02  4.5345E+00  1.0000E+00
 1.3325E+03  4.7771E-02  2.1428E+00  5.0102E-02  4.5003E+00  1.0000E+00
 1.3427E+03  4.7804E-02  2.1279E+00  5.0104E-02  4.4662E+00  1.0000E+00
 1.3530E+03  4.7836E-02  2.1132E+00  5.0106E-02  4.4325E+00  1.0000E+00
 1.3633E+03  4.7869E-02  2.0985E+00  5.0108E-02  4.3990E+00  1.0000E+00
 1.3738E+03  4.7902E-02  2.0840E+00  5.0110E-02  4.3657E+00  1.0000E+00
 1.3843E+03  4.7934E-02  2.0695E+00  5.0112E-02  4.3327E+00  1.0000E+00
 1.3949E+03  4.7966E-02  2.0551E+00  5.0114E-02  4.3000E+00  1.0000E+00
 1.4056E+03  4.7998E-02  2.0409E+00  5.0116E-02  4.2675E+00  1.0000E+00
 1.4164E+03  4.8030E-02  2.0267E+00  5.0118E-02  4.2352E+00  1.0000E+00
 1.4272E+03  4.8062E-02  2.0126E+00  5.0120E-02  4.2032E+00  1.0000E+00
 1.4381E+03  4.8093E-02  1.9986E+00  5.0122E-02  4.1714E+00  1.0000E+00
 1.4491E+03  4.8124E-02  1.9846E+00  5.0125E-02  4.1399E+00  1.0000E+00
 1.4602E+03  4.8156E-02  1.9708E+00  5.0127E-02  4.1086E+00  1.0000E+00
 1.4714E+03  4.8187E-02  1.9571E+00  5.0129E-02  4.0776E+00  1.0000E+00
 1.4827E+03  4.8218E-02  1.9434E+00  5.0131E-02  4.0468E+00  1.0000E+00
 1.4940E+03  4.8248E-02  1.9299E+00  5.0133E-02  4.0162E+00  1.0000E+00
 1.5055E+03  4.8279E-02  1.9164E+00  5.0136E-02  3.9858E+00  1.0000E+00
 1.5170E+03  4.8309E-02  1.9030E+00  5.0138E-02  3.9557E+00  1.0000E+00
 1.5286E+03  4.8339E-02  1.8897E+00  5.0140E-02  3.9258E+00  1.0000E+00
 1.5403E+03  4.8370E-02  1.8765E+00  5.0142E-02  3.8962E+00  1.0000E+00
 1.5521E+03  4.8399E-02  1.8633E+00  5.0145E-02  3.8668E+00  1.0000E+00
 1.5640E+03  4.8429E-02  1.8503E+00  5.0147E-02  3.8375E+00  1.0000E+00
 1.5760E+03  4.8459E-02  1.8373E+00  5.0149E-02  3.8086E+00  1.0000E+00
 1.5881E+03  4.8488E-02  1.8245E+00  5.0152E-02  3.7798E+00  1.0000E+00
 1.6002E+03  4.8518E-02  1.8117E+00  5.0154E-02  3.7512E+00  1.0000E+00
 1.6125E+03  4.8547E-02  1.7990E+00  5.0157E-02  3.7229E+00  1.0000E+00
 1.6248E+03  4.8576E-02  1.7863E+00  5.0159E-02  3.6948E+00  1.0000E+00
 1.6373E+03  4.8605E-02  1.7738E+00  5.0161E-02  3.6669E+00  1.0000E+00
 1.6498E+03  4.8633E-02  1.7613E+00  5.0164E-02  3.6392E+00  1.0000E+00
 1.6625E+03  4.8662E-02  1.7489E+00  5.0166E-02  3.6117E+00  1.0000E+00
 1.6752E+03  4.8690E-02  1.7366E+00  5.0169E-02  3.5845E+00  1.0000E+00
 1.6880E+03  4.8719E-02  1.7244E+00  5.0171E-02  3.5574E+00  1.0000E+00
 1.7009E+03  4.8747E-02  1.7123E+00  5.0174E-02  3.5305E+00  1.0000E+00
 1.7140E+03  4.8775E-02  1.7002E+00  5.0176E-02  3.5039E+00  1.0000E+00
 1.7271E+03  4.8803E-02  1.6882E+00  5.0179E-02  3.4774E+00  1.0000E+00
 1.7403E+03  4.8830E-02  1.6763E+00  5.0182E-02  3.4512E+00  1.0000E+00
 1.7537E+03  4.8858E-02  1.6645E+00  5.0184E-02  3.4251E+00  1.0000E+00
 1.7671E+03  4.8885E-02  1.6528E+00  5.0187E-02  3.3993E+00  1.0000E+00
 1.7806E+03  4.8913E-02  1.6411E+00  5.0189E-02  3.3736E+00  1.0000E+00
 1.7943E+03  4.8940E-02  1.6295E+00  5.0192E-02  3.3482E+00  1.0000E+00
 1.8080E+03  4.8967E-02  1.6180E+00  5.0195E-02  3.3229E+00  1.0000E+00
 1.8218E+03  4.8994E-02  1.6066E+00  5.0198E-02  3.2978E+00  1.0000E+00
 1.8358E+03  4.9020E-02  1.5952E+00  5.0200E-02  3.2729E+00  1.0000E+00
 1.8499E+03  4.9047E-02  1.5839E+00  5.0203E-02  3.2482E+00  1.0000E+00
 1.8640E+03  4.9073E-02  1.5727E+00  5.0206E-02  3.2237E+00  1.0000E+00
 1.8783E+03  4.9099E-02  1.5616E+00  5.0209E-02  3.1994E+00  1.0000E+00
 1.8927E+03  4.9126E-02  1.5505E+00  5.0211E-02  3.1753E+00  1.0000E+00
 1.9072E+03  4.9152E-02  1.5395E+00  5.0214E-02  3.1513E+00  1.0000E+00
 1.9218E+03  4.9177E-02  1.5286E+00  5.0217E-02  3.1275E+00  1.0000E+00
 1.9365E+03  4.9203E-02  1.5177E+00  5.0220E-02  3.1040E+00  1.0000E+00
 1.9513E+03  4.9229E-02  1.5070E+00  5.0223E-02  3.0805E+00  1.0000E+00
 1.9663E+03  4.9254E-02  1.4963E+00  5.0226E-02  3.0573E+00  1.0000E+00
 1.9813E+03  4.9280E-02  1.4856E+00  5.0229E-02  3.0343E+00  1.0000E+00
 1.9965E+03  4.9305E-02  1.4751E+00  5.0232E-02  3.0114E+00  1.0000E+00
 2.0118E+03  4.9330E-02  1.4646E+00  5.0235E-02  2.9887E+00  1.0000E+00
 2.0272E+03  4.9355E-02  1.4542E+00  5.0238E-02  2.9661E+00  1.0000E+00
 2.0427E+03  4.9380E-02  1.4438E+00  5.0241E-02  2.9438E+00  1.0000E+00
 2.0584E+03  4.9404E-02  1.4335E+00  5.0244E-02  2.9216E+00  1.0000E+00
 2.0741E+03  4.9429E-02  1.4233E+00  5.0247E-02  2.8995E+00  1.0000E+00
 2.0900E+03  4.9453E-02  1.4132E+00  5.0250E-02  2.8777E+00  1.0000E+00
 2.1060E+03  4.9478E-02  1.4031E+00  5.0253E-02  2.8560E+00  1.0000E+00
 2.1222E+03  4.9502E-02  1.3931E+00  5.0256E-02  2.8345E+00  1.0000E+00
 2.1384E+03  4.9526E-02  1.3832E+00  5.0260E-02  2.8131E+00  1.0000E+00
 2.1548E+03  4.9550E-02  1.3733E+00  5.0263E-02  2.7919E+00  1.0000E+00
 2.1713E+03  4.9574E-02  1.3635E+00  5.0266E-02  2.7709E+00  1.0000E+00
 2.1879E+03  4.9597E-02  1.3538E+00  5.0269E-02  2.7500E+00  1.0000E+00
 2.2047E+03  4.9621E-02  1.3441E+00  5.0273E-02  2.7293E+00  1.0000E+00
 2.2216E+03  4.9644E-02  1.3345E+00  5.0276E-02  2.7087E+00  1.0000E+00
 2.2386E+03  4.9668E-02  1.3249E+00  5.0279E-02  2.6883E+00  1.0000E+00
 2.2557E+03  4.9691E-02  1.3155E+00  5.0283E-02  2.6680E+00  1.0000E+00
 2.2730E+03  4.9714E-02  1.3060E+00  5.0286E-02  2.6479E+00  1.0000E+00
 2.2904E+03  4.9737E-02  1.2967E+00  5.0289E-02  2.6280E+00  1.0000E+00
 2.3079E+03  4.9760E-02  1.2874E+00  5.0293E-02  2.6082E+00  1.0000E+00
 2.3256E+03  4.9782E-02  1.2782E+00  5.0296E-02  2.5886E+00  1.0000E+00
 2.3434E+03  4.9805E-02  1.2690E+00  5.0300E-02  2.5691E+00  1.0000E+00
 2.3614E+03  4.9827E-02  1.2599E+00  5.0303E-02  2.5497E+00  1.0000E+00
 2.3794E+03  4.9850E-02  1.2509E+00  5.0307E-02  2.5305E+00  1.0000E+00
 2.3977E+03  4.9872E-02  1.2419E+00  5.0310E-02  2.5115E+00  1.0000E+00
 2.4160E+03  4.9894E-02  1.2330E+00  5.0314E-02  2.4926E+00  1.0000E+00
 2.4345E+03  4.9916E-02  1.2241E+00  5.0318E-02  2.4738E+00  1.0000E+00
 2.4532E+03  4.9938E-02  1.2154E+00  5.0321E-02  2.4552E+00  1.0000E+00
 2.4720E+03  4.9960E-02  1.2066E+00  5.0325E-02  2.4367E+00  1.0000E+00
 2.4909E+03  4.9982E-02  1.1980E+00  5.0329E-02  2.4183E+00  1.0000E+00
 2.5100E+03  5.0003E-02  1.1893E+00  5.0332E-02  2.4001E+00  1.0000E+00
 2.5292E+03  5.0025E-02  1.1808E+00  5.0336E-02  2.3821E+00  1.0000E+00
 2.5486E+03  5.0046E-02  1.1723E+00  5.0340E-02  2.3642E+00  1.0000E+00
 2.5681E+03  5.0067E-02  1.1639E+00  5.0344E-02  2.3464E+00  1.0000E+00
 2.5878E+03  5.0088E-02  1.1555E+00  5.0348E-02  2.3287E+00  1.0000E+00
 2.6076E+03  5.0109E-02  1.1471E+00  5.0352E-02  2.3112E+00  1.0000E+00
 2.6275E+03  5.0130E-02  1.1389E+00  5.0355E-02  2.2938E+00  1.0000E+00
 2.6477E+03  5.0151E-02  1.1307E+00  5.0359E-02  2.2765E+00  1.0000E+00
 2.6679E+03  5.0172E-02  1.1225E+00  5.0363E-02  2.2594E+00  1.0000E+00
 2.6884E+03  5.0193E-02  1.1144E+00  5.0367E-02  2.2424E+00  1.0000E+00
 2.7090E+03  5.0213E-02  1.1064E+00  5.0371E-02  2.2256E+00  1.0000E+00
 2.7297E+03  5.0234E-02  1.0984E+00  5.0375E-02  2.2088E+00  1.0000E+00
 2.7506E+03  5.0254E-02  1.0905E+00  5.0380E-02  2.1922E+00  1.0000E+00
 2.7717E+03  5.0274E-02  1.0826E+00  5.0384E-02  2.1757E+00  1.0000E+00
 2.7929E+03  5.0294E-02  1.0748E+00  5.0388E-02  2.1594E+00  1.0000E+00
 2.8143E+03  5.0314E-02  1.0670E+00  5.0392E-02  2.1432E+00  1.0000E+00
 2.8358E+03  5.0333E-02  1.0593E+00  5.0396E-02  2.1270E+00  1.0000E+00
 2.8576E+03  5.0353E-02  1.0516E+00  5.0401E-02  2.1111E+00  1.0000E+00
 2.8794E+03  5.0372E-02  1.0440E+00  5.0405E-02  2.0952E+00  1.0000E+00
 2.9015E+03  5.0391E-02  1.0364E+00  5.0409E-02  2.0794E+00  1.0000E+00
 2.9237E+03  5.0410E-02  1.0289E+00  5.0414E-02  2.0638E+00  1.0000E+00
 2.9461E+03  5.0429E-02  1.0215E+00  5.0418E-02  2.0483E+00  1.0000E+00
 2.9687E+03  5.0448E-02  1.0141E+00  5.0422E-02  2.0329E+00  1.0000E+00
 2.9914E+03  5.0467E-02  1.0067E+00  5.0427E-02  2.0177E+00  1.0000E+00
 3.0143E+03  5.0485E-02  9.9940E-01  5.0431E-02  2.0025E+00  1.0000E+00
 3.0374E+03  5.0504E-02  9.9214E-01  5.0436E-02  1.9875E+00  1.0000E+00
 3.0607E+03  5.0522E-02  9.8494E-01  5.0440E-02  1.9725E+00  1.0000E+00
 3.0841E+03  5.0540E-02  9.7778E-01  5.0445E-02  1.9577E+00  1.0000E+00
 3.1077E+03  5.0558E-02  9.7067E-01  5.0450E-02  1.9430E+00  1.0000E+00
 3.1315E+03  5.0576E-02  9.6361E-01  5.0454E-02  1.9284E+00  1.0000E+00
 3.1555E+03  5.0594E-02  9.5660E-01  5.0459E-02  1.9140E+00  1.0000E+00
 3.1797E+03  5.0611E-02  9.4964E-01  5.0464E-02  1.8996E+00  1.0000E+00
 3.2040E+03  5.0629E-02  9.4273E-01  5.0469E-02  1.8853E+00  1.0000E+00
 3.2286E+03  5.0646E-02  9.3586E-01  5.0473E-02  1.8712E+00  1.0000E+00
 3.2533E+03  5.0664E-02  9.2904E-01  5.0478E-02  1.8571E+00  1.0000E+00
 3.2782E+03  5.0681E-02  9.2227E-01  5.0483E-02  1.8432E+00  1.0000E+00
 3.3033E+03  5.0698E-02  9.1555E-01  5.0488E-02  1.8294E+00  1.0000E+00
 3.3286E+03  5.0715E-02  9.0887E-01  5.0493E-02  1.8156E+00  1.0000E+00
 3.3541E+03  5.0732E-02  9.0224E-01  5.0498E-02  1.8020E+00  1.0000E+00
 3.3798E+03  5.0748E-02  8.9566E-01  5.0503E-02  1.7885E+00  1.0000E+00
 3.4057E+03  5.0765E-02  8.8912E-01  5.0508E-02  1.7751E+00  1.0000E+00
 3.4317E+03  5.0781E-02  8.8262E-01  5.0513E-02  1.7618E+00  1.0000E+00
 3.4580E+03  5.0798E-02  8.7617E-01  5.0518E-02  1.7486E+00  1.0000E+00
 3.4845E+03  5.0814E-02  8.6977E-01  5.0524E-02  1.7355E+00  1.0000E+00
 3.5112E+03  5.0830E-02  8.6341E-01  5.0529E-02  1.7225E+00  1.0000E+00
 3.5381E+03  5.0846E-02  8.5710E-01  5.0534E-02  1.7095E+00  1.0000E+00
 3.5652E+03  5.0862E-02  8.5083E-01  5.0539E-02  1.6967E+00  1.0000E+00
 3.5925E+03  5.0878E-02  8.4460E-01  5.0545E-02  1.6840E+00  1.0000E+00
 3.6200E+03  5.0894E-02  8.3842E-01  5.0550E-02  1.6714E+00  1.0000E+00
 3.6477E+03  5.0909E-02  8.3228E-01  5.0556E-02  1.6589E+00  1.0000E+00
 3.6757E+03  5.0925E-02  8.2619E-01  5.0561E-02  1.6464E+00  1.0000E+00
 3.7038E+03  5.0940E-02  8.2013E-01  5.0567E-02  1.6341E+00  1.0000E+00
 3.7322E+03  5.0956E-02  8.1412E-01  5.0572E-02  1.6219E+00  1.0000E+00
 3.7608E+03  5.0971E-02  8.0816E-01  5.0578E-02  1.6097E+00  1.0000E+00
 3.7896E+03  5.0986E-02  8.0223E-01  5.0584E-02  1.5977E+00  1.0000E+00
 3.8186E+03  5.1001E-02  7.9635E-01  5.0589E-02  1.5857E+00  1.0000E+00
 3.8478E+03  5.1016E-02  7.9050E-01  5.0595E-02  1.5738E+00  1.0000E+00
 3.8773E+03  5.1031E-02  7.8470E-01  5.0601E-02  1.5620E+00  1.0000E+00
 3.9070E+03  5.1046E-02  7.7894E-01  5.0607E-02  1.5503E+00  1.0000E+00
 3.9369E+03  5.1061E-02  7.7322E-01  5.0612E-02  1.5387E+00  1.0000E+00
 3.9671E+03  5.1075E-02  7.6754E-01  5.0618E-02  1.5272E+00  1.0000E+00
 3.9974E+03  5.1090E-02  7.6191E-01  5.0624E-02  1.5158E+00  1.0000E+00
 4.0281E+03  5.1104E-02  7.5631E-01  5.0630E-02  1.5045E+00  1.0000E+00
 4.0589E+03  5.1119E-02  7.5075E-01  5.0636E-02  1.4932E+00  1.0000E+00
 4.0900E+03  5.1133E-02  7.4523E-01  5.0643E-02  1.4820E+00  1.0000E+00
 4.1213E+03  5.1148E-02  7.3975E-01  5.0649E-02  1.4710E+00  1.0000E+00
 4.1529E+03  5.1162E-02  7.3431E-01  5.0655E-02  1.4599E+00  1.0000E+00
 4.1847E+03  5.1176E-02  7.2891E-01  5.0661E-02  1.4490E+00  1.0000E+00
 4.2167E+03  5.1190E-02  7.2354E-01  5.0668E-02  1.4382E+00  1.0000E+00
 4.2490E+03  5.1204E-02  7.1822E-01  5.0674E-02  1.4274E+00  1.0000E+00
 4.2816E+03  5.1218E-02  7.1293E-01  5.0680E-02  1.4168E+00  1.0000E+00
 4.3143E+03  5.1232E-02  7.0768E-01  5.0687E-02  1.4062E+00  1.0000E+00
 4.3474E+03  5.1246E-02  7.0247E-01  5.0693E-02  1.3957E+00  1.0000E+00
 4.3807E+03  5.1259E-02  6.9729E-01  5.0700E-02  1.3853E+00  1.0000E+00
 4.4142E+03  5.1273E-02  6.9216E-01  5.0706E-02  1.3749E+00  1.0000E+00
 4.4480E+03  5.1287E-02  6.8706E-01  5.0713E-02  1.3646E+00  1.0000E+00
 4.4821E+03  5.1300E-02  6.8199E-01  5.0720E-02  1.3544E+00  1.0000E+00
 4.5164E+03  5.1314E-02  6.7696E-01  5.0726E-02  1.3443E+00  1.0000E+00
 4.5510E+03  5.1327E-02  6.7197E-01  5.0733E-02  1.3343E+00  1.0000E+00
 4.5859E+03  5.1341E-02  6.6702E-01  5.0740E-02  1.3243E+00  1.0000E+00
 4.6210E+03  5.1354E-02  6.6210E-01  5.0747E-02  1.3144E+00  1.0000E+00
 4.6564E+03  5.1367E-02  6.5721E-01  5.0754E-02  1.3046E+00  1.0000E+00
 4.6920E+03  5.1380E-02  6.5236E-01  5.0761E-02  1.2949E+00  1.0000E+00
 4.7280E+03  5.1394E-02  6.4755E-01  5.0768E-02  1.2852E+00  1.0000E+00
 4.7642E+03  5.1407E-02  6.4277E-01  5.0775E-02  1.2756E+00  1.0000E+00
 4.8007E+03  5.1420E-02  6.3802E-01  5.0782E-02  1.2661E+00  1.0000E+00
 4.8374E+03  5.1433E-02  6.3331E-01  5.0790E-02  1.2567E+00  1.0000E+00
 4.8745E+03  5.1446E-02  6.2864E-01  5.0797E-02  1.2473E+00  1.0000E+00
 4.9118E+03  5.1459E-02  6.2399E-01  5.0804E-02  1.2380E+00  1.0000E+00
 4.9494E+03  5.1472E-02  6.1938E-01  5.0812E-02  1.2288E+00  1.0000E+00
 4.9873E+03  5.1485E-02  6.1481E-01  5.0819E-02  1.2196E+00  1.0000E+00
 5.0255E+03  5.1498E-02  6.1027E-01  5.0827E-02  1.2105E+00  1.0000E+00
 5.0640E+03  5.1511E-02  6.0576E-01  5.0834E-02  1.2015E+00  1.0000E+00
 5.1028E+03  5.1523E-02  6.0128E-01  5.0842E-02  1.1926E+00  1.0000E+00
 5.1419E+03  5.1536E-02  5.9683E-01  5.0850E-02  1.1837E+00  1.0000E+00
 5.1812E+03  5.1549E-02  5.9242E-01  5.0857E-02  1.1749E+00  1.0000E+00
 5.2209E+03  5.1562E-02  5.8804E-01  5.0865E-02  1.1661E+00  1.0000E+00
 5.2609E+03  5.1574E-02  5.8369E-01  5.0873E-02  1.1574E+00  1.0000E+00
 5.3012E+03  5.1587E-02  5.7938E-01  5.0881E-02  1.1488E+00  1.0000E+00
 5.3418E+03  5.1600E-02  5.7509E-01  5.0889E-02  1.1403E+00  1.0000E+00
 5.3827E+03  5.1612E-02  5.7084E-01  5.0897E-02  1.1318E+00  1.0000E+00
 5.4239E+03  5.1625E-02  5.6662E-01  5.0905E-02  1.1233E+00  1.0000E+00
 5.4655E+03  5.1638E-02  5.6242E-01  5.0913E-02  1.1150E+00  1.0000E+00
 5.5073E+03  5.1650E-02  5.5826E-01  5.0922E-02  1.1067E+00  1.0000E+00
 5.5495E+03  5.1663E-02  5.5413E-01  5.0930E-02  1.0985E+00  1.0000E+00
 5.5920E+03  5.1675E-02  5.5003E-01  5.0938E-02  1.0903E+00  1.0000E+00
 5.6348E+03  5.1688E-02  5.4596E-01  5.0947E-02  1.0822E+00  1.0000E+00
 5.6780E+03  5.1700E-02  5.4192E-01  5.0955E-02  1.0741E+00  1.0000E+00
 5.7215E+03  5.1713E-02  5.3791E-01  5.0964E-02  1.0662E+00  1.0000E+00
 5.7653E+03  5.1725E-02  5.3393E-01  5.0973E-02  1.0582E+00  1.0000E+00
 5.8094E+03  5.1738E-02  5.2998E-01  5.0981E-02  1.0504E+00  1.0000E+00
 5.8539E+03  5.1751E-02  5.2605E-01  5.0990E-02  1.0426E+00  1.0000E+00
 5.8988E+03  5.1763E-02  5.2216E-01  5.0999E-02  1.0348E+00  1.0000E+00
 5.9439E+03  5.1776E-02  5.1829E-01  5.1008E-02  1.0271E+00  1.0000E+00
 5.9895E+03  5.1788E-02  5.1446E-01  5.1017E-02  1.0195E+00  1.0000E+00
 6.0353E+03  5.1801E-02  5.1065E-01  5.1026E-02  1.0119E+00  1.0000E+00
 6.0815E+03  5.1813E-02  5.0687E-01  5.1035E-02  1.0044E+00  1.0000E+00
 6.1281E+03  5.1826E-02  5.0311E-01  5.1044E-02  9.9698E-01  1.0000E+00
 6.1751E+03  5.1838E-02  4.9939E-01  5.1053E-02  9.8958E-01  1.0000E+00
 6.2223E+03  5.1851E-02  4.9569E-01  5.1063E-02  9.8224E-01  1.0000E+00
 6.2700E+03  5.1864E-02  4.9202E-01  5.1072E-02  9.7495E-01  1.0000E+00
 6.3180E+03  5.1876E-02  4.8838E-01  5.1082E-02  9.6772E-01  1.0000E+00
 6.3664E+03  5.1889E-02  4.8476E-01  5.1091E-02  9.6055E-01  1.0000E+00
 6.4152E+03  5.1901E-02  4.8117E-01  5.1101E-02  9.5343E-01  1.0000E+00
 6.4643E+03  5.1914E-02  4.7761E-01  5.1111E-02  9.4636E-01  1.0000E+00
 6.5138E+03  5.1927E-02  4.7407E-01  5.1120E-02  9.3935E-01  1.0000E+00
 6.5637E+03  5.1939E-02  4.7056E-01  5.1130E-02  9.3239E-01  1.0000E+00
 6.6139E+03  5.1952E-02  4.6707E-01  5.1140E-02  9.2548E-01  1.0000E+00
 6.6646E+03  5.1965E-02  4.6361E-01  5.1150E-02  9.1863E-01  1.0000E+00
 6.7156E+03  5.1978E-02  4.6018E-01  5.1160E-02  9.1183E-01  1.0000E+00
 6.7671E+03  5.1991E-02  4.5677E-01  5.1170E-02  9.0508E-01  1.0000E+00
 6.8189E+03  5.2003E-02  4.5339E-01  5.1181E-02  8.9838E-01  1.0000E+00
 6.8711E+03  5.2016E-02  4.5003E-01  5.1191E-02  8.9173E-01  1.0000E+00
 6.9237E+03  5.2029E-02  4.4670E-01  5.1201E-02  8.8513E-01  1.0000E+00
 6.9768E+03  5.2042E-02  4.4339E-01  5.1212E-02  8.7859E-01  1.0000E+00
 7.0302E+03  5.2055E-02  4.4011E-01  5.1222E-02  8.7209E-01  1.0000E+00
 7.0840E+03  5.2068E-02  4.3685E-01  5.1233E-02  8.6564E-01  1.0000E+00
 7.1383E+03  5.2081E-02  4.3362E-01  5.1244E-02  8.5924E-01  1.0000E+00
 7.1929E+03  5.2094E-02  4.3041E-01  5.1255E-02  8.5289E-01  1.0000E+00
 7.2480E+03  5.2108E-02  4.2722E-01  5.1265E-02  8.4659E-01  1.0000E+00
 7.3035E+03  5.2121E-02  4.2406E-01  5.1276E-02  8.4033E-01  1.0000E+00
 7.3595E+03  5.2134E-02  4.2092E-01  5.1288E-02  8.3413E-01  1.0000E+00
 7.4158E+03  5.2147E-02  4.1781E-01  5.1299E-02  8.2797E-01  1.0000E+00
 7.4726E+03  5.2161E-02  4.1471E-01  5.1310E-02  8.2186E-01  1.0000E+00
 7.5299E+03  5.2174E-02  4.1164E-01  5.1321E-02  8.1579E-01  1.0000E+00
 7.5875E+03  5.2187E-02  4.0860E-01  5.1333E-02  8.0977E-01  1.0000E+00
 7.6456E+03  5.2201E-02  4.0558E-01  5.1344E-02  8.0380E-01  1.0000E+00
 7.7042E+03  5.2215E-02  4.0257E-01  5.1356E-02  7.9787E-01  1.0000E+00
 7.7632E+03  5.2228E-02  3.9960E-01  5.1367E-02  7.9198E-01  1.0000E+00
 7.8226E+03  5.2242E-02  3.9664E-01  5.1379E-02  7.8614E-01  1.0000E+00
 7.8825E+03  5.2256E-02  3.9371E-01  5.1391E-02  7.8035E-01  1.0000E+00
 7.9429E+03  5.2269E-02  3.9079E-01  5.1403E-02  7.7460E-01  1.0000E+00
 8.0037E+03  5.2283E-02  3.8790E-01  5.1415E-02  7.6889E-01  1.0000E+00
 8.0650E+03  5.2297E-02  3.8504E-01  5.1427E-02  7.6323E-01  1.0000E+00
 8.1268E+03  5.2311E-02  3.8219E-01  5.1439E-02  7.5761E-01  1.0000E+00
 8.1890E+03  5.2325E-02  3.7936E-01  5.1452E-02  7.5203E-01  1.0000E+00
 8.2518E+03  5.2340E-02  3.7656E-01  5.1464E-02  7.4650E-01  1.0000E+00
 8.3150E+03  5.2354E-02  3.7378E-01  5.1477E-02  7.4100E-01  1.0000E+00
 8.3786E+03  5.2368E-02  3.7101E-01  5.1489E-02  7.3555E-01  1.0000E+00
 8.4428E+03  5.2383E-02  3.6827E-01  5.1502E-02  7.3014E-01  1.0000E+00
 8.5075E+03  5.2397E-02  3.6555E-01  5.1515E-02  7.2477E-01  1.0000E+00
 8.5726E+03  5.2412E-02  3.6285E-01  5.1528E-02  7.1945E-01  1.0000E+00
 8.6383E+03  5.2426E-02  3.6017E-01  5.1541E-02  7.1416E-01  1.0000E+00
 8.7044E+03  5.2441E-02  3.5751E-01  5.1554E-02  7.0891E-01  1.0000E+00
 8.7711E+03  5.2456E-02  3.5487E-01  5.1567E-02  7.0370E-01  1.0000E+00
 8.8383E+03  5.2471E-02  3.5225E-01  5.1581E-02  6.9854E-01  1.0000E+00
 8.9059E+03  5.2486E-02  3.4965E-01  5.1594E-02  6.9341E-01  1.0000E+00
 8.9741E+03  5.2501E-02  3.4707E-01  5.1608E-02  6.8832E-01  1.0000E+00
 9.0429E+03  5.2516E-02  3.4451E-01  5.1621E-02  6.8327E-01  1.0000E+00
 9.1121E+03  5.2531E-02  3.4197E-01  5.1635E-02  6.7825E-01  1.0000E+00
 9.1819E+03  5.2547E-02  3.3945E-01  5.1649E-02  6.7328E-01  1.0000E+00
 9.2522E+03  5.2562E-02  3.3694E-01  5.1663E-02  6.6834E-01  1.0000E+00
 9.3231E+03  5.2578E-02  3.3446E-01  5.1677E-02  6.6345E-01  1.0000E+00
 9.3945E+03  5.2593E-02  3.3199E-01  5.1691E-02  6.5858E-01  1.0000E+00
 9.4664E+03  5.2609E-02  3.2954E-01  5.1705E-02  6.5376E-01  1.0000E+00
 9.5389E+03  5.2625E-02  3.2712E-01  5.1720E-02  6.4897E-01  1.0000E+00
 9.6120E+03  5.2641E-02  3.2470E-01  5.1734E-02  6.4422E-01  1.0000E+00
 9.6856E+03  5.2657E-02  3.2231E-01  5.1749E-02  6.3950E-01  1.0000E+00
 9.7598E+03  5.2673E-02  3.1994E-01  5.1764E-02  6.3483E-01  1.0000E+00
 9.8345E+03  5.2690E-02  3.1758E-01  5.1778E-02  6.3018E-01  1.0000E+00
 9.9098E+03  5.2706E-02  3.1524E-01  5.1793E-02  6.2557E-01  1.0000E+00
 9.9857E+03  5.2723E-02  3.1292E-01  5.1809E-02  6.2100E-01  1.0000E+00
 1.0062E+04  5.2739E-02  3.1062E-01  5.1824E-02  6.1646E-01  1.0000E+00
 1.0139E+04  5.2756E-02  3.0834E-01  5.1839E-02  6.1196E-01  1.0000E+00
 1.0217E+04  5.2773E-02  3.0607E-01  5.1855E-02  6.0749E-01  1.0000E+00
 1.0295E+04  5.2790E-02  3.0382E-01  5.1870E-02  6.0305E-01  1.0000E+00
 1.0374E+04  5.2807E-02  3.0158E-01  5.1886E-02  5.9865E-01  1.0000E+00
 1.0453E+04  5.2825E-02  2.9937E-01  5.1902E-02  5.9428E-01  1.0000E+00
 1.0533E+04  5.2842E-02  2.9716E-01  5.1918E-02  5.8994E-01  1.0000E+00
 1.0614E+04  5.2860E-02  2.9498E-01  5.1934E-02  5.8564E-01  1.0000E+00
 1.0695E+04  5.2877E-02  2.9281E-01  5.1950E-02  5.8137E-01  1.0000E+00
 1.0777E+04  5.2895E-02  2.9066E-01  5.1966E-02  5.7713E-01  1.0000E+00
 1.0860E+04  5.2913E-02  2.8853E-01  5.1983E-02  5.7293E-01  1.0000E+00
 1.0943E+04  5.2931E-02  2.8641E-01  5.1999E-02  5.6876E-01  1.0000E+00
 1.1027E+04  5.2950E-02  2.8431E-01  5.2016E-02  5.6462E-01  1.0000E+00
 1.1111E+04  5.2968E-02  2.8222E-01  5.2033E-02  5.6051E-01  1.0000E+00
 1.1196E+04  5.2987E-02  2.8015E-01  5.2050E-02  5.5643E-01  1.0000E+00
 1.1282E+04  5.3005E-02  2.7810E-01  5.2067E-02  5.5238E-01  1.0000E+00
 1.1369E+04  5.3024E-02  2.7606E-01  5.2084E-02  5.4836E-01  1.0000E+00
 1.1456E+04  5.3043E-02  2.7404E-01  5.2101E-02  5.4438E-01  1.0000E+00
 1.1543E+04  5.3062E-02  2.7203E-01  5.2119E-02  5.4042E-01  1.0000E+00
 1.1632E+04  5.3082E-02  2.7004E-01  5.2136E-02  5.3649E-01  1.0000E+00
 1.1721E+04  5.3101E-02  2.6806E-01  5.2154E-02  5.3260E-01  1.0000E+00
 1.1811E+04  5.3121E-02  2.6610E-01  5.2172E-02  5.2873E-01  1.0000E+00
 1.1901E+04  5.3140E-02  2.6415E-01  5.2190E-02  5.2490E-01  1.0000E+00
 1.1992E+04  5.3160E-02  2.6222E-01  5.2208E-02  5.2109E-01  1.0000E+00
 1.2084E+04  5.3180E-02  2.6030E-01  5.2227E-02  5.1731E-01  1.0000E+00
 1.2177E+04  5.3201E-02  2.5840E-01  5.2245E-02  5.1356E-01  1.0000E+00
 1.2270E+04  5.3221E-02  2.5651E-01  5.2264E-02  5.0984E-01  1.0000E+00
 1.2364E+04  5.3242E-02  2.5464E-01  5.2283E-02  5.0614E-01  1.0000E+00
 1.2458E+04  5.3262E-02  2.5278E-01  5.2302E-02  5.0248E-01  1.0000E+00
 1.2554E+04  5.3283E-02  2.5093E-01  5.2321E-02  4.9884E-01  1.0000E+00
 1.2650E+04  5.3304E-02  2.4910E-01  5.2340E-02  4.9523E-01  1.0000E+00
 1.2747E+04  5.3326E-02  2.4728E-01  5.2359E-02  4.9165E-01  1.0000E+00
 1.2845E+04  5.3347E-02  2.4548E-01  5.2379E-02  4.8810E-01  1.0000E+00
 1.2943E+04  5.3369E-02  2.4369E-01  5.2398E-02  4.8457E-01  1.0000E+00
 1.3042E+04  5.3391E-02  2.4191E-01  5.2418E-02  4.8107E-01  1.0000E+00
 1.3142E+04  5.3413E-02  2.4015E-01  5.2438E-02  4.7759E-01  1.0000E+00
 1.3243E+04  5.3435E-02  2.3840E-01  5.2458E-02  4.7415E-01  1.0000E+00
 1.3344E+04  5.3457E-02  2.3666E-01  5.2479E-02  4.7072E-01  1.0000E+00
 1.3446E+04  5.3480E-02  2.3494E-01  5.2499E-02  4.6733E-01  1.0000E+00
 1.3549E+04  5.3502E-02  2.3323E-01  5.2520E-02  4.6396E-01  1.0000E+00
 1.3653E+04  5.3525E-02  2.3153E-01  5.2540E-02  4.6062E-01  1.0000E+00
 1.3757E+04  5.3549E-02  2.2985E-01  5.2561E-02  4.5730E-01  1.0000E+00
 1.3863E+04  5.3572E-02  2.2818E-01  5.2583E-02  4.5400E-01  1.0000E+00
 1.3969E+04  5.3591E-02  2.2650E-01  5.2604E-02  4.5074E-01  1.0000E+00
 1.4076E+04  5.3605E-02  2.2482E-01  5.2625E-02  4.4749E-01  1.0000E+00
 1.4184E+04  5.3620E-02  2.2315E-01  5.2647E-02  4.4427E-01  1.0000E+00
 1.4292E+04  5.3635E-02  2.2149E-01  5.2669E-02  4.4108E-01  1.0000E+00
 1.4402E+04  5.3650E-02  2.1984E-01  5.2691E-02  4.3791E-01  1.0000E+00
 1.4512E+04  5.3665E-02  2.1821E-01  5.2713E-02  4.3476E-01  1.0000E+00
 1.4623E+04  5.3680E-02  2.1659E-01  5.2735E-02  4.3164E-01  1.0000E+00
 1.4735E+04  5.3696E-02  2.1499E-01  5.2757E-02  4.2854E-01  1.0000E+00
 1.4848E+04  5.3712E-02  2.1339E-01  5.2780E-02  4.2547E-01  1.0000E+00
 1.4962E+04  5.3728E-02  2.1181E-01  5.2803E-02  4.2242E-01  1.0000E+00
 1.5076E+04  5.3745E-02  2.1024E-01  5.2826E-02  4.1939E-01  1.0000E+00
 1.5192E+04  5.3761E-02  2.0869E-01  5.2849E-02  4.1639E-01  1.0000E+00
 1.5308E+04  5.3778E-02  2.0714E-01  5.2873E-02  4.1340E-01  1.0000E+00
 1.5425E+04  5.3795E-02  2.0561E-01  5.2896E-02  4.1045E-01  1.0000E+00
 1.5544E+04  5.3812E-02  2.0409E-01  5.2920E-02  4.0751E-01  1.0000E+00
 1.5663E+04  5.3830E-02  2.0258E-01  5.2944E-02  4.0459E-01  1.0000E+00
 1.5783E+04  5.3848E-02  2.0108E-01  5.2968E-02  4.0170E-01  1.0000E+00
 1.5903E+04  5.3866E-02  1.9960E-01  5.2992E-02  3.9883E-01  1.0000E+00
 1.6025E+04  5.3884E-02  1.9813E-01  5.3017E-02  3.9598E-01  1.0000E+00
 1.6148E+04  5.3903E-02  1.9666E-01  5.3041E-02  3.9316E-01  1.0000E+00
 1.6272E+04  5.3921E-02  1.9521E-01  5.3066E-02  3.9035E-01  1.0000E+00
 1.6396E+04  5.3940E-02  1.9378E-01  5.3091E-02  3.8757E-01  1.0000E+00
 1.6522E+04  5.3960E-02  1.9235E-01  5.3117E-02  3.8481E-01  1.0000E+00
 1.6648E+04  5.3979E-02  1.9093E-01  5.3142E-02  3.8207E-01  1.0000E+00
 1.6776E+04  5.3999E-02  1.8953E-01  5.3168E-02  3.7935E-01  1.0000E+00
 1.6904E+04  5.4019E-02  1.8813E-01  5.3194E-02  3.7665E-01  1.0000E+00
 1.7034E+04  5.4039E-02  1.8675E-01  5.3220E-02  3.7397E-01  1.0000E+00
 1.7164E+04  5.4059E-02  1.8538E-01  5.3246E-02  3.7131E-01  1.0000E+00
 1.7296E+04  5.4080E-02  1.8402E-01  5.3273E-02  3.6867E-01  1.0000E+00
 1.7428E+04  5.4101E-02  1.8266E-01  5.3299E-02  3.6605E-01  1.0000E+00
 1.7562E+04  5.4122E-02  1.8132E-01  5.3326E-02  3.6345E-01  1.0000E+00
 1.7696E+04  5.4144E-02  1.7999E-01  5.3353E-02  3.6087E-01  1.0000E+00
 1.7832E+04  5.4166E-02  1.7867E-01  5.3381E-02  3.5831E-01  1.0000E+00
 1.7968E+04  5.4188E-02  1.7737E-01  5.3408E-02  3.5577E-01  1.0000E+00
 1.8106E+04  5.4210E-02  1.7607E-01  5.3436E-02  3.5325E-01  1.0000E+00
 1.8244E+04  5.4232E-02  1.7478E-01  5.3464E-02  3.5075E-01  1.0000E+00
 1.8384E+04  5.4255E-02  1.7350E-01  5.3492E-02  3.4827E-01  1.0000E+00
 1.8525E+04  5.4278E-02  1.7223E-01  5.3521E-02  3.4581E-01  1.0000E+00
 1.8667E+04  5.4302E-02  1.7097E-01  5.3549E-02  3.4336E-01  1.0000E+00
 1.8810E+04  5.4325E-02  1.6972E-01  5.3578E-02  3.4094E-01  1.0000E+00
 1.8954E+04  5.4349E-02  1.6848E-01  5.3608E-02  3.3853E-01  1.0000E+00
 1.9099E+04  5.4373E-02  1.6725E-01  5.3637E-02  3.3614E-01  1.0000E+00
 1.9245E+04  5.4398E-02  1.6603E-01  5.3667E-02  3.3377E-01  1.0000E+00
 1.9393E+04  5.4422E-02  1.6482E-01  5.3696E-02  3.3142E-01  1.0000E+00
 1.9541E+04  5.4447E-02  1.6362E-01  5.3726E-02  3.2908E-01  1.0000E+00
 1.9691E+04  5.4472E-02  1.6243E-01  5.3757E-02  3.2677E-01  1.0000E+00
 1.9842E+04  5.4498E-02  1.6125E-01  5.3787E-02  3.2447E-01  1.0000E+00
 1.9994E+04  5.4524E-02  1.6008E-01  5.3818E-02  3.2219E-01  1.0000E+00
 2.0147E+04  5.4550E-02  1.5891E-01  5.3849E-02  3.1992E-01  1.0000E+00
 2.0301E+04  5.4576E-02  1.5776E-01  5.3880E-02  3.1768E-01  1.0000E+00
 2.0456E+04  5.4603E-02  1.5661E-01  5.3912E-02  3.1545E-01  1.0000E+00
 2.0613E+04  5.4630E-02  1.5547E-01  5.3944E-02  3.1323E-01  1.0000E+00
 2.0771E+04  5.4657E-02  1.5435E-01  5.3976E-02  3.1104E-01  1.0000E+00
 2.0930E+04  5.4685E-02  1.5323E-01  5.4008E-02  3.0886E-01  1.0000E+00
 2.1090E+04  5.4712E-02  1.5212E-01  5.4041E-02  3.0670E-01  1.0000E+00
 2.1252E+04  5.4741E-02  1.5101E-01  5.4073E-02  3.0455E-01  1.0000E+00
 2.1415E+04  5.4769E-02  1.4992E-01  5.4107E-02  3.0242E-01  1.0000E+00
 2.1579E+04  5.4798E-02  1.4884E-01  5.4140E-02  3.0031E-01  1.0000E+00
 2.1744E+04  5.4827E-02  1.4776E-01  5.4173E-02  2.9821E-01  1.0000E+00
 2.1910E+04  5.4856E-02  1.4669E-01  5.4207E-02  2.9613E-01  1.0000E+00
 2.2078E+04  5.4886E-02  1.4563E-01  5.4241E-02  2.9406E-01  1.0000E+00
 2.2247E+04  5.4916E-02  1.4458E-01  5.4276E-02  2.9201E-01  1.0000E+00
 2.2418E+04  5.4946E-02  1.4354E-01  5.4311E-02  2.8998E-01  1.0000E+00
 2.2589E+04  5.4976E-02  1.4250E-01  5.4346E-02  2.8796E-01  1.0000E+00
 2.2762E+04  5.5007E-02  1.4147E-01  5.4381E-02  2.8596E-01  1.0000E+00
 2.2937E+04  5.5038E-02  1.4046E-01  5.4416E-02  2.8397E-01  1.0000E+00
 2.3112E+04  5.5070E-02  1.3944E-01  5.4452E-02  2.8200E-01  1.0000E+00
 2.3289E+04  5.5102E-02  1.3844E-01  5.4488E-02  2.8004E-01  1.0000E+00
 2.3468E+04  5.5134E-02  1.3745E-01  5.4525E-02  2.7810E-01  1.0000E+00
 2.3647E+04  5.5166E-02  1.3646E-01  5.4561E-02  2.7617E-01  1.0000E+00
 2.3829E+04  5.5199E-02  1.3548E-01  5.4598E-02  2.7425E-01  1.0000E+00
 2.4011E+04  5.5232E-02  1.3451E-01  5.4636E-02  2.7236E-01  1.0000E+00
 2.4195E+04  5.5266E-02  1.3354E-01  5.4673E-02  2.7047E-01  1.0000E+00
 2.4380E+04  5.5299E-02  1.3258E-01  5.4711E-02  2.6860E-01  1.0000E+00
 2.4567E+04  5.5333E-02  1.3163E-01  5.4749E-02  2.6675E-01  1.0000E+00
 2.4755E+04  5.5368E-02  1.3069E-01  5.4788E-02  2.6490E-01  1.0000E+00
 2.4945E+04  5.5403E-02  1.2975E-01  5.4826E-02  2.6308E-01  1.0000E+00
 2.5136E+04  5.5438E-02  1.2883E-01  5.4865E-02  2.6126E-01  1.0000E+00
 2.5328E+04  5.5473E-02  1.2791E-01  5.4905E-02  2.5946E-01  1.0000E+00
 2.5522E+04  5.5509E-02  1.2699E-01  5.4945E-02  2.5768E-01  1.0000E+00
 2.5718E+04  5.5545E-02  1.2609E-01  5.4985E-02  2.5591E-01  1.0000E+00
 2.5915E+04  5.5582E-02  1.2519E-01  5.5025E-02  2.5415E-01  1.0000E+00
 2.6113E+04  5.5619E-02  1.2429E-01  5.5066E-02  2.5240E-01  1.0000E+00
 2.6313E+04  5.5656E-02  1.2341E-01  5.5107E-02  2.5067E-01  1.0000E+00
 2.6515E+04  5.5693E-02  1.2253E-01  5.5148E-02  2.4895E-01  1.0000E+00
 2.6718E+04  5.5731E-02  1.2166E-01  5.5190E-02  2.4725E-01  1.0000E+00
 2.6922E+04  5.5770E-02  1.2079E-01  5.5232E-02  2.4556E-01  1.0000E+00
 2.7128E+04  5.5808E-02  1.1993E-01  5.5274E-02  2.4388E-01  1.0000E+00
 2.7336E+04  5.5847E-02  1.1908E-01  5.5317E-02  2.4221E-01  1.0000E+00
 2.7545E+04  5.5887E-02  1.1824E-01  5.5360E-02  2.4056E-01  1.0000E+00
 2.7756E+04  5.5926E-02  1.1740E-01  5.5403E-02  2.3891E-01  1.0000E+00
 2.7969E+04  5.5967E-02  1.1657E-01  5.5447E-02  2.3729E-01  1.0000E+00
 2.8183E+04  5.6007E-02  1.1574E-01  5.5491E-02  2.3567E-01  1.0000E+00
 2.8399E+04  5.6048E-02  1.1492E-01  5.5535E-02  2.3407E-01  1.0000E+00
 2.8617E+04  5.6089E-02  1.1411E-01  5.5580E-02  2.3247E-01  1.0000E+00
 2.8836E+04  5.6131E-02  1.1330E-01  5.5625E-02  2.3089E-01  1.0000E+00
 2.9056E+04  5.6173E-02  1.1250E-01  5.5671E-02  2.2933E-01  1.0000E+00
 2.9279E+04  5.6216E-02  1.1171E-01  5.5717E-02  2.2777E-01  1.0000E+00
 2.9503E+04  5.6259E-02  1.1092E-01  5.5763E-02  2.2623E-01  1.0000E+00
 2.9729E+04  5.6302E-02  1.1014E-01  5.5810E-02  2.2470E-01  1.0000E+00
 2.9957E+04  5.6346E-02  1.0936E-01  5.5857E-02  2.2318E-01  1.0000E+00
 3.0186E+04  5.6390E-02  1.0859E-01  5.5904E-02  2.2167E-01  1.0000E+00
 3.0417E+04  5.6434E-02  1.0783E-01  5.5952E-02  2.2017E-01  1.0000E+00
 3.0650E+04  5.6479E-02  1.0707E-01  5.6000E-02  2.1869E-01  1.0000E+00
 3.0885E+04  5.6524E-02  1.0632E-01  5.6049E-02  2.1721E-01  1.0000E+00
 3.1122E+04  5.6570E-02  1.0557E-01  5.6097E-02  2.1575E-01  1.0000E+00
 3.1360E+04  5.6616E-02  1.0483E-01  5.6147E-02  2.1430E-01  1.0000E+00
 3.1600E+04  5.6663E-02  1.0409E-01  5.6197E-02  2.1286E-01  1.0000E+00
 3.1842E+04  5.6710E-02  1.0336E-01  5.6247E-02  2.1143E-01  1.0000E+00
 3.2086E+04  5.6757E-02  1.0264E-01  5.6297E-02  2.1001E-01  1.0000E+00
 3.2332E+04  5.6805E-02  1.0192E-01  5.6348E-02  2.0860E-01  1.0000E+00
 3.2579E+04  5.6853E-02  1.0121E-01  5.6400E-02  2.0721E-01  1.0000E+00
 3.2829E+04  5.6902E-02  1.0050E-01  5.6451E-02  2.0582E-01  1.0000E+00
 3.3080E+04  5.6951E-02  9.9803E-02  5.6504E-02  2.0445E-01  1.0000E+00
 3.3334E+04  5.7001E-02  9.9107E-02  5.6556E-02  2.0308E-01  1.0000E+00
 3.3589E+04  5.7051E-02  9.8416E-02  5.6609E-02  2.0173E-01  1.0000E+00
 3.3846E+04  5.7102E-02  9.7731E-02  5.6663E-02  2.0038E-01  1.0000E+00
 3.4105E+04  5.7153E-02  9.7051E-02  5.6717E-02  1.9905E-01  1.0000E+00
 3.4367E+04  5.7204E-02  9.6376E-02  5.6771E-02  1.9773E-01  1.0000E+00
 3.4630E+04  5.7256E-02  9.5707E-02  5.6826E-02  1.9641E-01  1.0000E+00
 3.4895E+04  5.7308E-02  9.5042E-02  5.6881E-02  1.9511E-01  1.0000E+00
 3.5162E+04  5.7361E-02  9.4383E-02  5.6937E-02  1.9382E-01  1.0000E+00
 3.5431E+04  5.7415E-02  9.3729E-02  5.6993E-02  1.9253E-01  1.0000E+00
 3.5703E+04  5.7468E-02  9.3080E-02  5.7050E-02  1.9126E-01  1.0000E+00
 3.5976E+04  5.7523E-02  9.2436E-02  5.7107E-02  1.9000E-01  1.0000E+00
 3.6252E+04  5.7578E-02  9.1797E-02  5.7164E-02  1.8874E-01  1.0000E+00
 3.6529E+04  5.7633E-02  9.1163E-02  5.7222E-02  1.8750E-01  1.0000E+00
 3.6809E+04  5.7689E-02  9.0534E-02  5.7281E-02  1.8626E-01  1.0000E+00
 3.7091E+04  5.7745E-02  8.9909E-02  5.7340E-02  1.8504E-01  1.0000E+00
 3.7375E+04  5.7802E-02  8.9290E-02  5.7399E-02  1.8382E-01  1.0000E+00
 3.7661E+04  5.7859E-02  8.8675E-02  5.7459E-02  1.8261E-01  1.0000E+00
 3.7950E+04  5.7917E-02  8.8065E-02  5.7519E-02  1.8142E-01  1.0000E+00
 3.8240E+04  5.7975E-02  8.7460E-02  5.7580E-02  1.8023E-01  1.0000E+00
 3.8533E+04  5.8034E-02  8.6859E-02  5.7642E-02  1.7905E-01  1.0000E+00
 3.8828E+04  5.8093E-02  8.6263E-02  5.7704E-02  1.7788E-01  1.0000E+00
 3.9126E+04  5.8153E-02  8.5672E-02  5.7766E-02  1.7672E-01  1.0000E+00
 3.9425E+04  5.8214E-02  8.5085E-02  5.7829E-02  1.7557E-01  1.0000E+00
 3.9727E+04  5.8275E-02  8.4503E-02  5.7893E-02  1.7442E-01  1.0000E+00
 4.0032E+04  5.8336E-02  8.3925E-02  5.7957E-02  1.7329E-01  1.0000E+00
 4.0338E+04  5.8398E-02  8.3352E-02  5.8021E-02  1.7216E-01  1.0000E+00
 4.0647E+04  5.8461E-02  8.2783E-02  5.8086E-02  1.7105E-01  1.0000E+00
 4.0958E+04  5.8524E-02  8.2218E-02  5.8152E-02  1.6994E-01  1.0000E+00
 4.1272E+04  5.8588E-02  8.1658E-02  5.8218E-02  1.6884E-01  1.0000E+00
 4.1588E+04  5.8652E-02  8.1102E-02  5.8284E-02  1.6775E-01  1.0000E+00
 4.1907E+04  5.8717E-02  8.0551E-02  5.8352E-02  1.6666E-01  1.0000E+00
 4.2228E+04  5.8782E-02  8.0003E-02  5.8419E-02  1.6559E-01  1.0000E+00
 4.2551E+04  5.8848E-02  7.9460E-02  5.8488E-02  1.6452E-01  1.0000E+00
 4.2877E+04  5.8915E-02  7.8922E-02  5.8557E-02  1.6347E-01  1.0000E+00
 4.3205E+04  5.8982E-02  7.8387E-02  5.8626E-02  1.6242E-01  1.0000E+00
 4.3536E+04  5.9050E-02  7.7856E-02  5.8696E-02  1.6137E-01  1.0000E+00
 4.3869E+04  5.9118E-02  7.7330E-02  5.8767E-02  1.6034E-01  1.0000E+00
 4.4205E+04  5.9187E-02  7.6807E-02  5.8838E-02  1.5931E-01  1.0000E+00
 4.4544E+04  5.9256E-02  7.6289E-02  5.8910E-02  1.5830E-01  1.0000E+00
 4.4885E+04  5.9327E-02  7.5775E-02  5.8982E-02  1.5729E-01  1.0000E+00
 4.5229E+04  5.9397E-02  7.5264E-02  5.9055E-02  1.5628E-01  1.0000E+00
 4.5575E+04  5.9469E-02  7.4758E-02  5.9129E-02  1.5529E-01  1.0000E+00
 4.5924E+04  5.9541E-02  7.4255E-02  5.9203E-02  1.5430E-01  1.0000E+00
 4.6276E+04  5.9613E-02  7.3756E-02  5.9278E-02  1.5332E-01  1.0000E+00
 4.6630E+04  5.9687E-02  7.3261E-02  5.9353E-02  1.5235E-01  1.0000E+00
 4.6987E+04  5.9761E-02  7.2770E-02  5.9429E-02  1.5139E-01  1.0000E+00
 4.7347E+04  5.9835E-02  7.2283E-02  5.9506E-02  1.5043E-01  1.0000E+00
 4.7710E+04  5.9910E-02  7.1800E-02  5.9583E-02  1.4948E-01  1.0000E+00
 4.8075E+04  5.9986E-02  7.1320E-02  5.9661E-02  1.4854E-01  1.0000E+00
 4.8443E+04  6.0063E-02  7.0844E-02  5.9740E-02  1.4760E-01  1.0000E+00
 4.8814E+04  6.0140E-02  7.0371E-02  5.9819E-02  1.4668E-01  1.0000E+00
 4.9188E+04  6.0218E-02  6.9902E-02  5.9899E-02  1.4576E-01  1.0000E+00
 4.9565E+04  6.0297E-02  6.9437E-02  5.9979E-02  1.4484E-01  1.0000E+00
 4.9945E+04  6.0376E-02  6.8976E-02  6.0061E-02  1.4394E-01  1.0000E+00
 5.0327E+04  6.0456E-02  6.8518E-02  6.0143E-02  1.4304E-01  1.0000E+00
 5.0713E+04  6.0537E-02  6.8063E-02  6.0225E-02  1.4215E-01  1.0000E+00
 5.1101E+04  6.0618E-02  6.7612E-02  6.0308E-02  1.4126E-01  1.0000E+00
 5.1492E+04  6.0700E-02  6.7165E-02  6.0392E-02  1.4038E-01  1.0000E+00
 5.1887E+04  6.0783E-02  6.6721E-02  6.0477E-02  1.3951E-01  1.0000E+00
 5.2284E+04  6.0866E-02  6.6280E-02  6.0563E-02  1.3865E-01  1.0000E+00
 5.2684E+04  6.0951E-02  6.5843E-02  6.0649E-02  1.3779E-01  1.0000E+00
 5.3088E+04  6.1036E-02  6.5409E-02  6.0736E-02  1.3694E-01  1.0000E+00
 5.3494E+04  6.1121E-02  6.4978E-02  6.0823E-02  1.3609E-01  1.0000E+00
 5.3904E+04  6.1208E-02  6.4551E-02  6.0911E-02  1.3525E-01  1.0000E+00
 5.4317E+04  6.1295E-02  6.4127E-02  6.1001E-02  1.3442E-01  1.0000E+00
 5.4733E+04  6.1383E-02  6.3707E-02  6.1090E-02  1.3360E-01  1.0000E+00
 5.5152E+04  6.1472E-02  6.3289E-02  6.1181E-02  1.3278E-01  1.0000E+00
 5.5574E+04  6.1561E-02  6.2875E-02  6.1272E-02  1.3197E-01  1.0000E+00
 5.6000E+04  6.1652E-02  6.2464E-02  6.1364E-02  1.3116E-01  1.0000E+00
 5.6429E+04  6.1743E-02  6.2056E-02  6.1457E-02  1.3036E-01  1.0000E+00
 5.6861E+04  6.1835E-02  6.1652E-02  6.1551E-02  1.2957E-01  1.0000E+00
 5.7297E+04  6.1927E-02  6.1250E-02  6.1645E-02  1.2878E-01  1.0000E+00
 5.7735E+04  6.2021E-02  6.0852E-02  6.1741E-02  1.2800E-01  1.0000E+00
 5.8177E+04  6.2115E-02  6.0456E-02  6.1837E-02  1.2722E-01  1.0000E+00
 5.8623E+04  6.2210E-02  6.0064E-02  6.1933E-02  1.2645E-01  1.0000E+00
 5.9072E+04  6.2306E-02  5.9675E-02  6.2031E-02  1.2569E-01  1.0000E+00
 5.9524E+04  6.2403E-02  5.9288E-02  6.2130E-02  1.2493E-01  1.0000E+00
 5.9980E+04  6.2501E-02  5.8905E-02  6.2229E-02  1.2418E-01  1.0000E+00
 6.0440E+04  6.2599E-02  5.8525E-02  6.2329E-02  1.2344E-01  1.0000E+00
 6.0902E+04  6.2699E-02  5.8147E-02  6.2430E-02  1.2270E-01  1.0000E+00
 6.1369E+04  6.2799E-02  5.7773E-02  6.2532E-02  1.2196E-01  1.0000E+00
 6.1839E+04  6.2900E-02  5.7401E-02  6.2635E-02  1.2123E-01  1.0000E+00
 6.2312E+04  6.3002E-02  5.7032E-02  6.2738E-02  1.2051E-01  1.0000E+00
 6.2790E+04  6.3105E-02  5.6666E-02  6.2843E-02  1.1980E-01  1.0000E+00
 6.3270E+04  6.3209E-02  5.6303E-02  6.2948E-02  1.1908E-01  1.0000E+00
 6.3755E+04  6.3314E-02  5.5943E-02  6.3054E-02  1.1838E-01  1.0000E+00
 6.4243E+04  6.3419E-02  5.5585E-02  6.3162E-02  1.1768E-01  1.0000E+00
 6.4735E+04  6.3526E-02  5.5231E-02  6.3270E-02  1.1698E-01  1.0000E+00
 6.5231E+04  6.3633E-02  5.4879E-02  6.3379E-02  1.1629E-01  1.0000E+00
 6.5731E+04  6.3742E-02  5.4529E-02  6.3489E-02  1.1561E-01  1.0000E+00
 6.6234E+04  6.3851E-02  5.4183E-02  6.3599E-02  1.1493E-01  1.0000E+00
 6.6741E+04  6.3962E-02  5.3839E-02  6.3711E-02  1.1426E-01  1.0000E+00
 6.7252E+04  6.4073E-02  5.3497E-02  6.3824E-02  1.1359E-01  1.0000E+00
 6.7767E+04  6.4185E-02  5.3159E-02  6.3938E-02  1.1293E-01  1.0000E+00
 6.8286E+04  6.4298E-02  5.2823E-02  6.4053E-02  1.1227E-01  1.0000E+00
 6.8809E+04  6.4413E-02  5.2489E-02  6.4168E-02  1.1162E-01  1.0000E+00
 6.9336E+04  6.4528E-02  5.2158E-02  6.4285E-02  1.1097E-01  1.0000E+00
 6.9867E+04  6.4644E-02  5.1830E-02  6.4403E-02  1.1033E-01  1.0000E+00
 7.0402E+04  6.4762E-02  5.1504E-02  6.4521E-02  1.0970E-01  1.0000E+00
 7.0942E+04  6.4880E-02  5.1181E-02  6.4641E-02  1.0906E-01  1.0000E+00
 7.1485E+04  6.4999E-02  5.0860E-02  6.4762E-02  1.0844E-01  1.0000E+00
 7.2032E+04  6.5120E-02  5.0542E-02  6.4884E-02  1.0782E-01  1.0000E+00
 7.2584E+04  6.5241E-02  5.0226E-02  6.5006E-02  1.0720E-01  1.0000E+00
 7.3140E+04  6.5364E-02  4.9912E-02  6.5130E-02  1.0659E-01  1.0000E+00
 7.3700E+04  6.5487E-02  4.9601E-02  6.5255E-02  1.0598E-01  1.0000E+00
 7.4264E+04  6.5612E-02  4.9293E-02  6.5381E-02  1.0538E-01  1.0000E+00
 7.4833E+04  6.5738E-02  4.8986E-02  6.5509E-02  1.0478E-01  1.0000E+00
 7.5406E+04  6.5865E-02  4.8683E-02  6.5637E-02  1.0419E-01  1.0000E+00
 7.5984E+04  6.5993E-02  4.8381E-02  6.5766E-02  1.0360E-01  1.0000E+00
 7.6566E+04  6.6122E-02  4.8082E-02  6.5897E-02  1.0302E-01  1.0000E+00
 7.7152E+04  6.6253E-02  4.7785E-02  6.6028E-02  1.0244E-01  1.0000E+00
 7.7743E+04  6.6384E-02  4.7490E-02  6.6161E-02  1.0186E-01  1.0000E+00
 7.8338E+04  6.6517E-02  4.7198E-02  6.6295E-02  1.0129E-01  1.0000E+00
 7.8938E+04  6.6650E-02  4.6908E-02  6.6430E-02  1.0073E-01  1.0000E+00
 7.9543E+04  6.6785E-02  4.6620E-02  6.6566E-02  1.0017E-01  1.0000E+00
 8.0152E+04  6.6922E-02  4.6335E-02  6.6703E-02  9.9611E-02  1.0000E+00
 8.0766E+04  6.7059E-02  4.6051E-02  6.6842E-02  9.9059E-02  1.0000E+00
 8.1384E+04  6.7198E-02  4.5770E-02  6.6982E-02  9.8512E-02  1.0000E+00
 8.2008E+04  6.7337E-02  4.5491E-02  6.7123E-02  9.7969E-02  1.0000E+00
 8.2636E+04  6.7478E-02  4.5214E-02  6.7265E-02  9.7430E-02  1.0000E+00
 8.3268E+04  6.7621E-02  4.4939E-02  6.7409E-02  9.6896E-02  1.0000E+00
 8.3906E+04  6.7764E-02  4.4667E-02  6.7553E-02  9.6366E-02  1.0000E+00
 8.4549E+04  6.7909E-02  4.4396E-02  6.7699E-02  9.5841E-02  1.0000E+00
 8.5196E+04  6.8055E-02  4.4128E-02  6.7847E-02  9.5319E-02  1.0000E+00
 8.5849E+04  6.8203E-02  4.3861E-02  6.7995E-02  9.4802E-02  1.0000E+00
 8.6506E+04  6.8352E-02  4.3597E-02  6.8145E-02  9.4289E-02  1.0000E+00
 8.7169E+04  6.8502E-02  4.3335E-02  6.8296E-02  9.3780E-02  1.0000E+00
 8.7836E+04  6.8653E-02  4.3075E-02  6.8449E-02  9.3275E-02  1.0000E+00
 8.8509E+04  6.8806E-02  4.2816E-02  6.8603E-02  9.2774E-02  1.0000E+00
 8.9187E+04  6.8960E-02  4.2560E-02  6.8758E-02  9.2277E-02  1.0000E+00
 8.9870E+04  6.9116E-02  4.2306E-02  6.8914E-02  9.1784E-02  1.0000E+00
 9.0558E+04  6.9272E-02  4.2054E-02  6.9072E-02  9.1296E-02  1.0000E+00
 9.1252E+04  6.9431E-02  4.1803E-02  6.9232E-02  9.0811E-02  1.0000E+00
 9.1950E+04  6.9590E-02  4.1555E-02  6.9393E-02  9.0330E-02  1.0000E+00
 9.2655E+04  6.9752E-02  4.1309E-02  6.9555E-02  8.9853E-02  1.0000E+00
 9.3364E+04  6.9914E-02  4.1064E-02  6.9718E-02  8.9380E-02  1.0000E+00
 9.4079E+04  7.0078E-02  4.0821E-02  6.9883E-02  8.8911E-02  1.0000E+00
 9.4800E+04  7.0244E-02  4.0581E-02  7.0050E-02  8.8445E-02  1.0000E+00
 9.5526E+04  7.0411E-02  4.0342E-02  7.0218E-02  8.7983E-02  1.0000E+00
 9.6257E+04  7.0579E-02  4.0105E-02  7.0387E-02  8.7525E-02  1.0000E+00
 9.6994E+04  7.0749E-02  3.9869E-02  7.0558E-02  8.7071E-02  1.0000E+00
 9.7737E+04  7.0921E-02  3.9636E-02  7.0731E-02  8.6621E-02  1.0000E+00
 9.8486E+04  7.1094E-02  3.9404E-02  7.0905E-02  8.6174E-02  1.0000E+00
 9.9240E+04  7.1268E-02  3.9175E-02  7.1081E-02  8.5731E-02  1.0000E+00
 1.0000E+05  7.1445E-02  3.8947E-02  7.1258E-02  8.5291E-02  1.0000E+00


