#     0	 1	    1	 5	 1.4699E+02	 1000	1
 4.8978E+01  0.0000E+00  0.0000E+00  0.0000E+00  0.0000E+00  0.0000E+00
 4.9353E+01  0.0000E+00  0.0000E+00  0.0000E+00  0.0000E+00  0.0000E+00
 4.9731E+01  0.0000E+00  0.0000E+00  0.0000E+00  0.0000E+00  0.0000E+00
 5.0112E+01  0.0000E+00  0.0000E+00  0.0000E+00  0.0000E+00  0.0000E+00
 5.0496E+01  0.0000E+00  0.0000E+00  0.0000E+00  0.0000E+00  0.0000E+00
 5.0882E+01  0.0000E+00  0.0000E+00  0.0000E+00  0.0000E+00  0.0000E+00
 5.1272E+01  0.0000E+00  0.0000E+00  0.0000E+00  0.0000E+00  0.0000E+00
 5.1665E+01  0.0000E+00  0.0000E+00  0.0000E+00  0.0000E+00  0.0000E+00
 5.2060E+01  0.0000E+00  0.0000E+00  0.0000E+00  0.0000E+00  0.0000E+00
 5.2459E+01  0.0000E+00  0.0000E+00  0.0000E+00  0.0000E+00  0.0000E+00
 5.2861E+01  0.0000E+00  0.0000E+00  0.0000E+00  0.0000E+00  0.0000E+00
 5.3266E+01  0.0000E+00  0.0000E+00  0.0000E+00  0.0000E+00  0.0000E+00
 5.3673E+01  0.0000E+00  0.0000E+00  0.0000E+00  0.0000E+00  0.0000E+00
 5.4085E+01  0.0000E+00  0.0000E+00  0.0000E+00  0.0000E+00  0.0000E+00
 5.4499E+01  0.0000E+00  0.0000E+00  0.0000E+00  0.0000E+00  0.0000E+00
 5.4916E+01  0.0000E+00  0.0000E+00  0.0000E+00  0.0000E+00  0.0000E+00
 5.5337E+01  0.0000E+00  0.0000E+00  0.0000E+00  0.0000E+00  0.0000E+00
 5.5760E+01  0.0000E+00  0.0000E+00  0.0000E+00  0.0000E+00  0.0000E+00
 5.6187E+01  0.0000E+00  0.0000E+00  0.0000E+00  0.0000E+00  0.0000E+00
 5.6618E+01  0.0000E+00  0.0000E+00  0.0000E+00  0.0000E+00  0.0000E+00
 5.7051E+01  0.0000E+00  0.0000E+00  0.0000E+00  0.0000E+00  0.0000E+00
 5.7488E+01  0.0000E+00  0.0000E+00  0.0000E+00  0.0000E+00  0.0000E+00
 5.7929E+01  0.0000E+00  0.0000E+00  0.0000E+00  0.0000E+00  0.0000E+00
 5.8372E+01  0.0000E+00  0.0000E+00  0.0000E+00  0.0000E+00  0.0000E+00
 5.8819E+01  0.0000E+00  0.0000E+00  0.0000E+00  0.0000E+00  0.0000E+00
 5.9270E+01  0.0000E+00  0.0000E+00  0.0000E+00  0.0000E+00  0.0000E+00
 5.9724E+01  0.0000E+00  0.0000E+00  0.0000E+00  0.0000E+00  0.0000E+00
 6.0181E+01  0.0000E+00  0.0000E+00  0.0000E+00  0.0000E+00  0.0000E+00
 6.0642E+01  0.0000E+00  0.0000E+00  0.0000E+00  0.0000E+00  0.0000E+00
 6.1106E+01  0.0000E+00  0.0000E+00  0.0000E+00  0.0000E+00  0.0000E+00
 6.1574E+01  0.0000E+00  0.0000E+00  0.0000E+00  0.0000E+00  0.0000E+00
 6.2046E+01  0.0000E+00  0.0000E+00  0.0000E+00  0.0000E+00  0.0000E+00
 6.2521E+01  0.0000E+00  0.0000E+00  0.0000E+00  0.0000E+00  0.0000E+00
 6.3000E+01  0.0000E+00  0.0000E+00  0.0000E+00  0.0000E+00  0.0000E+00
 6.3482E+01  0.0000E+00  0.0000E+00  0.0000E+00  0.0000E+00  0.0000E+00
 6.3968E+01  0.0000E+00  0.0000E+00  0.0000E+00  0.0000E+00  0.0000E+00
 6.4458E+01  0.0000E+00  0.0000E+00  0.0000E+00  0.0000E+00  0.0000E+00
 6.4952E+01  0.0000E+00  0.0000E+00  0.0000E+00  0.0000E+00  0.0000E+00
 6.5449E+01  0.0000E+00  0.0000E+00  0.0000E+00  0.0000E+00  0.0000E+00
 6.5951E+01  0.0000E+00  0.0000E+00  0.0000E+00  0.0000E+00  0.0000E+00
 6.6456E+01  0.0000E+00  0.0000E+00  0.0000E+00  0.0000E+00  0.0000E+00
 6.6965E+01  0.0000E+00  0.0000E+00  0.0000E+00  0.0000E+00  0.0000E+00
 6.7478E+01  0.0000E+00  0.0000E+00  0.0000E+00  0.0000E+00  0.0000E+00
 6.7994E+01  0.0000E+00  0.0000E+00  0.0000E+00  0.0000E+00  0.0000E+00
 6.8515E+01  0.0000E+00  0.0000E+00  0.0000E+00  0.0000E+00  0.0000E+00
 6.9040E+01  0.0000E+00  0.0000E+00  0.0000E+00  0.0000E+00  0.0000E+00
 6.9568E+01  0.0000E+00  0.0000E+00  0.0000E+00  0.0000E+00  0.0000E+00
 7.0101E+01  0.0000E+00  0.0000E+00  0.0000E+00  0.0000E+00  0.0000E+00
 7.0638E+01  0.0000E+00  0.0000E+00  0.0000E+00  0.0000E+00  0.0000E+00
 7.1179E+01  0.0000E+00  0.0000E+00  0.0000E+00  0.0000E+00  0.0000E+00
 7.1724E+01  0.0000E+00  0.0000E+00  0.0000E+00  0.0000E+00  0.0000E+00
 7.2273E+01  0.0000E+00  0.0000E+00  0.0000E+00  0.0000E+00  0.0000E+00
 7.2827E+01  0.0000E+00  0.0000E+00  0.0000E+00  0.0000E+00  0.0000E+00
 7.3385E+01  0.0000E+00  0.0000E+00  0.0000E+00  0.0000E+00  0.0000E+00
 7.3947E+01  0.0000E+00  0.0000E+00  0.0000E+00  0.0000E+00  0.0000E+00
 7.4513E+01  0.0000E+00  0.0000E+00  0.0000E+00  0.0000E+00  0.0000E+00
 7.5084E+01  0.0000E+00  0.0000E+00  0.0000E+00  0.0000E+00  0.0000E+00
 7.5659E+01  0.0000E+00  0.0000E+00  0.0000E+00  0.0000E+00  0.0000E+00
 7.6238E+01  0.0000E+00  0.0000E+00  0.0000E+00  0.0000E+00  0.0000E+00
 7.6822E+01  0.0000E+00  0.0000E+00  0.0000E+00  0.0000E+00  0.0000E+00
 7.7410E+01  0.0000E+00  0.0000E+00  0.0000E+00  0.0000E+00  0.0000E+00
 7.8003E+01  0.0000E+00  0.0000E+00  0.0000E+00  0.0000E+00  0.0000E+00
 7.8601E+01  0.0000E+00  0.0000E+00  0.0000E+00  0.0000E+00  0.0000E+00
 7.9202E+01  0.0000E+00  0.0000E+00  0.0000E+00  0.0000E+00  0.0000E+00
 7.9809E+01  0.0000E+00  0.0000E+00  0.0000E+00  0.0000E+00  0.0000E+00
 8.0420E+01  0.0000E+00  0.0000E+00  0.0000E+00  0.0000E+00  0.0000E+00
 8.1036E+01  0.0000E+00  0.0000E+00  0.0000E+00  0.0000E+00  0.0000E+00
 8.1657E+01  0.0000E+00  0.0000E+00  0.0000E+00  0.0000E+00  0.0000E+00
 8.2282E+01  0.0000E+00  0.0000E+00  0.0000E+00  0.0000E+00  0.0000E+00
 8.2912E+01  0.0000E+00  0.0000E+00  0.0000E+00  0.0000E+00  0.0000E+00
 8.3547E+01  0.0000E+00  0.0000E+00  0.0000E+00  0.0000E+00  0.0000E+00
 8.4187E+01  0.0000E+00  0.0000E+00  0.0000E+00  0.0000E+00  0.0000E+00
 8.4832E+01  0.0000E+00  0.0000E+00  0.0000E+00  0.0000E+00  0.0000E+00
 8.5481E+01  0.0000E+00  0.0000E+00  0.0000E+00  0.0000E+00  0.0000E+00
 8.6136E+01  0.0000E+00  0.0000E+00  0.0000E+00  0.0000E+00  0.0000E+00
 8.6796E+01  0.0000E+00  0.0000E+00  0.0000E+00  0.0000E+00  0.0000E+00
 8.7460E+01  0.0000E+00  0.0000E+00  0.0000E+00  0.0000E+00  0.0000E+00
 8.8130E+01  0.0000E+00  0.0000E+00  0.0000E+00  0.0000E+00  0.0000E+00
 8.8805E+01  0.0000E+00  0.0000E+00  0.0000E+00  0.0000E+00  0.0000E+00
 8.9485E+01  0.0000E+00  0.0000E+00  0.0000E+00  0.0000E+00  0.0000E+00
 9.0171E+01  0.0000E+00  0.0000E+00  0.0000E+00  0.0000E+00  0.0000E+00
 9.0861E+01  0.0000E+00  0.0000E+00  0.0000E+00  0.0000E+00  0.0000E+00
 9.1557E+01  0.0000E+00  0.0000E+00  0.0000E+00  0.0000E+00  0.0000E+00
 9.2258E+01  0.0000E+00  0.0000E+00  0.0000E+00  0.0000E+00  0.0000E+00
 9.2965E+01  0.0000E+00  0.0000E+00  0.0000E+00  0.0000E+00  0.0000E+00
 9.3677E+01  0.0000E+00  0.0000E+00  0.0000E+00  0.0000E+00  0.0000E+00
 9.4394E+01  0.0000E+00  0.0000E+00  0.0000E+00  0.0000E+00  0.0000E+00
 9.5117E+01  0.0000E+00  0.0000E+00  0.0000E+00  0.0000E+00  0.0000E+00
 9.5845E+01  0.0000E+00  0.0000E+00  0.0000E+00  0.0000E+00  0.0000E+00
 9.6579E+01  0.0000E+00  0.0000E+00  0.0000E+00  0.0000E+00  0.0000E+00
 9.7319E+01  0.0000E+00  0.0000E+00  0.0000E+00  0.0000E+00  0.0000E+00
 9.8064E+01  0.0000E+00  0.0000E+00  0.0000E+00  0.0000E+00  0.0000E+00
 9.8815E+01  0.0000E+00  0.0000E+00  0.0000E+00  0.0000E+00  0.0000E+00
 9.9572E+01  0.0000E+00  0.0000E+00  0.0000E+00  0.0000E+00  0.0000E+00
 1.0033E+02  0.0000E+00  0.0000E+00  0.0000E+00  0.0000E+00  0.0000E+00
 1.0110E+02  0.0000E+00  0.0000E+00  0.0000E+00  0.0000E+00  0.0000E+00
 1.0188E+02  0.0000E+00  0.0000E+00  0.0000E+00  0.0000E+00  0.0000E+00
 1.0266E+02  0.0000E+00  0.0000E+00  0.0000E+00  0.0000E+00  0.0000E+00
 1.0344E+02  0.0000E+00  0.0000E+00  0.0000E+00  0.0000E+00  0.0000E+00
 1.0424E+02  0.0000E+00  0.0000E+00  0.0000E+00  0.0000E+00  0.0000E+00
 1.0503E+02  0.0000E+00  0.0000E+00  0.0000E+00  0.0000E+00  0.0000E+00
 1.0584E+02  0.0000E+00  0.0000E+00  0.0000E+00  0.0000E+00  0.0000E+00
 1.0665E+02  0.0000E+00  0.0000E+00  0.0000E+00  0.0000E+00  0.0000E+00
 1.0747E+02  0.0000E+00  0.0000E+00  0.0000E+00  0.0000E+00  0.0000E+00
 1.0829E+02  0.0000E+00  0.0000E+00  0.0000E+00  0.0000E+00  0.0000E+00
 1.0912E+02  0.0000E+00  0.0000E+00  0.0000E+00  0.0000E+00  0.0000E+00
 1.0995E+02  0.0000E+00  0.0000E+00  0.0000E+00  0.0000E+00  0.0000E+00
 1.1080E+02  0.0000E+00  0.0000E+00  0.0000E+00  0.0000E+00  0.0000E+00
 1.1164E+02  0.0000E+00  0.0000E+00  0.0000E+00  0.0000E+00  0.0000E+00
 1.1250E+02  0.0000E+00  0.0000E+00  0.0000E+00  0.0000E+00  0.0000E+00
 1.1336E+02  0.0000E+00  0.0000E+00  0.0000E+00  0.0000E+00  0.0000E+00
 1.1423E+02  0.0000E+00  0.0000E+00  0.0000E+00  0.0000E+00  0.0000E+00
 1.1510E+02  0.0000E+00  0.0000E+00  0.0000E+00  0.0000E+00  0.0000E+00
 1.1599E+02  0.0000E+00  0.0000E+00  0.0000E+00  0.0000E+00  0.0000E+00
 1.1687E+02  0.0000E+00  0.0000E+00  0.0000E+00  0.0000E+00  0.0000E+00
 1.1777E+02  0.0000E+00  0.0000E+00  0.0000E+00  0.0000E+00  0.0000E+00
 1.1867E+02  0.0000E+00  0.0000E+00  0.0000E+00  0.0000E+00  0.0000E+00
 1.1958E+02  0.0000E+00  0.0000E+00  0.0000E+00  0.0000E+00  0.0000E+00
 1.2050E+02  0.0000E+00  0.0000E+00  0.0000E+00  0.0000E+00  0.0000E+00
 1.2142E+02  0.0000E+00  0.0000E+00  0.0000E+00  0.0000E+00  0.0000E+00
 1.2235E+02  0.0000E+00  0.0000E+00  0.0000E+00  0.0000E+00  0.0000E+00
 1.2329E+02  0.0000E+00  0.0000E+00  0.0000E+00  0.0000E+00  0.0000E+00
 1.2423E+02  0.0000E+00  0.0000E+00  0.0000E+00  0.0000E+00  0.0000E+00
 1.2518E+02  0.0000E+00  0.0000E+00  0.0000E+00  0.0000E+00  0.0000E+00
 1.2614E+02  0.0000E+00  0.0000E+00  0.0000E+00  0.0000E+00  0.0000E+00
 1.2711E+02  0.0000E+00  0.0000E+00  0.0000E+00  0.0000E+00  0.0000E+00
 1.2808E+02  0.0000E+00  0.0000E+00  0.0000E+00  0.0000E+00  0.0000E+00
 1.2906E+02  0.0000E+00  0.0000E+00  0.0000E+00  0.0000E+00  0.0000E+00
 1.3005E+02  0.0000E+00  0.0000E+00  0.0000E+00  0.0000E+00  0.0000E+00
 1.3104E+02  0.0000E+00  0.0000E+00  0.0000E+00  0.0000E+00  0.0000E+00
 1.3205E+02  0.0000E+00  0.0000E+00  0.0000E+00  0.0000E+00  0.0000E+00
 1.3306E+02  0.0000E+00  0.0000E+00  0.0000E+00  0.0000E+00  0.0000E+00
 1.3408E+02  0.0000E+00  0.0000E+00  0.0000E+00  0.0000E+00  0.0000E+00
 1.3510E+02  0.0000E+00  0.0000E+00  0.0000E+00  0.0000E+00  0.0000E+00
 1.3614E+02  0.0000E+00  0.0000E+00  0.0000E+00  0.0000E+00  0.0000E+00
 1.3718E+02  0.0000E+00  0.0000E+00  0.0000E+00  0.0000E+00  0.0000E+00
 1.3823E+02  0.0000E+00  0.0000E+00  0.0000E+00  0.0000E+00  0.0000E+00
 1.3929E+02  0.0000E+00  0.0000E+00  0.0000E+00  0.0000E+00  0.0000E+00
 1.4036E+02  0.0000E+00  0.0000E+00  0.0000E+00  0.0000E+00  0.0000E+00
 1.4143E+02  0.0000E+00  0.0000E+00  0.0000E+00  0.0000E+00  0.0000E+00
 1.4252E+02  0.0000E+00  0.0000E+00  0.0000E+00  0.0000E+00  0.0000E+00
 1.4361E+02  0.0000E+00  0.0000E+00  0.0000E+00  0.0000E+00  0.0000E+00
 1.4471E+02  0.0000E+00  0.0000E+00  0.0000E+00  0.0000E+00  0.0000E+00
 1.4582E+02  0.0000E+00  0.0000E+00  0.0000E+00  0.0000E+00  0.0000E+00
 1.4693E+02  0.0000E+00  0.0000E+00  0.0000E+00  0.0000E+00  0.0000E+00
 1.4806E+02  7.7483E-02  3.1315E+01  8.5235E-02  6.8849E+01  1.0000E+00
 1.4919E+02  7.7495E-02  3.1082E+01  8.5235E-02  6.8326E+01  1.0000E+00
 1.5033E+02  7.7508E-02  3.0851E+01  8.5236E-02  6.7808E+01  1.0000E+00
 1.5149E+02  7.7520E-02  3.0621E+01  8.5236E-02  6.7293E+01  1.0000E+00
 1.5265E+02  7.7533E-02  3.0393E+01  8.5236E-02  6.6782E+01  1.0000E+00
 1.5381E+02  7.7545E-02  3.0167E+01  8.5237E-02  6.6276E+01  1.0000E+00
 1.5499E+02  7.7557E-02  2.9943E+01  8.5237E-02  6.5773E+01  1.0000E+00
 1.5618E+02  7.7570E-02  2.9720E+01  8.5237E-02  6.5273E+01  1.0000E+00
 1.5738E+02  7.7583E-02  2.9499E+01  8.5238E-02  6.4778E+01  1.0000E+00
 1.5858E+02  7.7595E-02  2.9279E+01  8.5238E-02  6.4286E+01  1.0000E+00
 1.5980E+02  7.7608E-02  2.9062E+01  8.5239E-02  6.3798E+01  1.0000E+00
 1.6102E+02  7.7621E-02  2.8845E+01  8.5239E-02  6.3314E+01  1.0000E+00
 1.6225E+02  7.7634E-02  2.8631E+01  8.5239E-02  6.2834E+01  1.0000E+00
 1.6349E+02  7.7647E-02  2.8418E+01  8.5240E-02  6.2357E+01  1.0000E+00
 1.6475E+02  7.7660E-02  2.8207E+01  8.5240E-02  6.1884E+01  1.0000E+00
 1.6601E+02  7.7674E-02  2.7997E+01  8.5241E-02  6.1414E+01  1.0000E+00
 1.6728E+02  7.7687E-02  2.7789E+01  8.5241E-02  6.0948E+01  1.0000E+00
 1.6856E+02  7.7701E-02  2.7583E+01  8.5242E-02  6.0485E+01  1.0000E+00
 1.6985E+02  7.7714E-02  2.7378E+01  8.5242E-02  6.0026E+01  1.0000E+00
 1.7115E+02  7.7728E-02  2.7175E+01  8.5242E-02  5.9571E+01  1.0000E+00
 1.7246E+02  7.7741E-02  2.6973E+01  8.5243E-02  5.9118E+01  1.0000E+00
 1.7378E+02  7.7755E-02  2.6773E+01  8.5243E-02  5.8670E+01  1.0000E+00
 1.7511E+02  7.7769E-02  2.6574E+01  8.5244E-02  5.8224E+01  1.0000E+00
 1.7646E+02  7.7783E-02  2.6377E+01  8.5244E-02  5.7783E+01  1.0000E+00
 1.7781E+02  7.7797E-02  2.6181E+01  8.5245E-02  5.7344E+01  1.0000E+00
 1.7917E+02  7.7812E-02  2.5986E+01  8.5245E-02  5.6909E+01  1.0000E+00
 1.8054E+02  7.7826E-02  2.5794E+01  8.5246E-02  5.6477E+01  1.0000E+00
 1.8192E+02  7.7840E-02  2.5602E+01  8.5246E-02  5.6048E+01  1.0000E+00
 1.8332E+02  7.7855E-02  2.5412E+01  8.5247E-02  5.5623E+01  1.0000E+00
 1.8472E+02  7.7869E-02  2.5224E+01  8.5247E-02  5.5201E+01  1.0000E+00
 1.8614E+02  7.7884E-02  2.5037E+01  8.5247E-02  5.4782E+01  1.0000E+00
 1.8756E+02  7.7899E-02  2.4851E+01  8.5248E-02  5.4366E+01  1.0000E+00
 1.8900E+02  7.7913E-02  2.4667E+01  8.5248E-02  5.3953E+01  1.0000E+00
 1.9045E+02  7.7928E-02  2.4484E+01  8.5249E-02  5.3544E+01  1.0000E+00
 1.9190E+02  7.7943E-02  2.4303E+01  8.5249E-02  5.3137E+01  1.0000E+00
 1.9337E+02  7.7958E-02  2.4123E+01  8.5250E-02  5.2734E+01  1.0000E+00
 1.9485E+02  7.7973E-02  2.3944E+01  8.5250E-02  5.2334E+01  1.0000E+00
 1.9635E+02  7.7989E-02  2.3767E+01  8.5251E-02  5.1937E+01  1.0000E+00
 1.9785E+02  7.8004E-02  2.3591E+01  8.5251E-02  5.1542E+01  1.0000E+00
 1.9937E+02  7.8019E-02  2.3416E+01  8.5252E-02  5.1151E+01  1.0000E+00
 2.0089E+02  7.8035E-02  2.3243E+01  8.5252E-02  5.0763E+01  1.0000E+00
 2.0243E+02  7.8050E-02  2.3070E+01  8.5253E-02  5.0378E+01  1.0000E+00
 2.0398E+02  7.8066E-02  2.2900E+01  8.5253E-02  4.9995E+01  1.0000E+00
 2.0554E+02  7.8082E-02  2.2730E+01  8.5254E-02  4.9616E+01  1.0000E+00
 2.0712E+02  7.8098E-02  2.2562E+01  8.5254E-02  4.9239E+01  1.0000E+00
 2.0870E+02  7.8114E-02  2.2395E+01  8.5255E-02  4.8866E+01  1.0000E+00
 2.1030E+02  7.8130E-02  2.2229E+01  8.5256E-02  4.8495E+01  1.0000E+00
 2.1191E+02  7.8146E-02  2.2065E+01  8.5256E-02  4.8127E+01  1.0000E+00
 2.1354E+02  7.8162E-02  2.1902E+01  8.5257E-02  4.7762E+01  1.0000E+00
 2.1517E+02  7.8178E-02  2.1740E+01  8.5257E-02  4.7399E+01  1.0000E+00
 2.1682E+02  7.8194E-02  2.1579E+01  8.5258E-02  4.7039E+01  1.0000E+00
 2.1848E+02  7.8211E-02  2.1419E+01  8.5258E-02  4.6682E+01  1.0000E+00
 2.2015E+02  7.8227E-02  2.1261E+01  8.5259E-02  4.6328E+01  1.0000E+00
 2.2184E+02  7.8244E-02  2.1104E+01  8.5259E-02  4.5976E+01  1.0000E+00
 2.2354E+02  7.8260E-02  2.0948E+01  8.5260E-02  4.5627E+01  1.0000E+00
 2.2525E+02  7.8277E-02  2.0793E+01  8.5261E-02  4.5281E+01  1.0000E+00
 2.2697E+02  7.8294E-02  2.0639E+01  8.5261E-02  4.4938E+01  1.0000E+00
 2.2871E+02  7.8311E-02  2.0487E+01  8.5262E-02  4.4596E+01  1.0000E+00
 2.3046E+02  7.8328E-02  2.0336E+01  8.5262E-02  4.4258E+01  1.0000E+00
 2.3223E+02  7.8345E-02  2.0185E+01  8.5263E-02  4.3922E+01  1.0000E+00
 2.3401E+02  7.8362E-02  2.0036E+01  8.5263E-02  4.3589E+01  1.0000E+00
 2.3580E+02  7.8379E-02  1.9888E+01  8.5264E-02  4.3258E+01  1.0000E+00
 2.3761E+02  7.8396E-02  1.9742E+01  8.5265E-02  4.2930E+01  1.0000E+00
 2.3942E+02  7.8414E-02  1.9596E+01  8.5265E-02  4.2604E+01  1.0000E+00
 2.4126E+02  7.8431E-02  1.9451E+01  8.5266E-02  4.2281E+01  1.0000E+00
 2.4311E+02  7.8449E-02  1.9308E+01  8.5266E-02  4.1960E+01  1.0000E+00
 2.4497E+02  7.8466E-02  1.9165E+01  8.5267E-02  4.1641E+01  1.0000E+00
 2.4684E+02  7.8484E-02  1.9024E+01  8.5268E-02  4.1325E+01  1.0000E+00
 2.4873E+02  7.8501E-02  1.8883E+01  8.5268E-02  4.1012E+01  1.0000E+00
 2.5064E+02  7.8519E-02  1.8744E+01  8.5269E-02  4.0700E+01  1.0000E+00
 2.5256E+02  7.8537E-02  1.8606E+01  8.5270E-02  4.0391E+01  1.0000E+00
 2.5449E+02  7.8555E-02  1.8469E+01  8.5270E-02  4.0085E+01  1.0000E+00
 2.5644E+02  7.8573E-02  1.8332E+01  8.5271E-02  3.9781E+01  1.0000E+00
 2.5841E+02  7.8591E-02  1.8197E+01  8.5272E-02  3.9479E+01  1.0000E+00
 2.6038E+02  7.8609E-02  1.8063E+01  8.5272E-02  3.9179E+01  1.0000E+00
 2.6238E+02  7.8628E-02  1.7930E+01  8.5273E-02  3.8882E+01  1.0000E+00
 2.6439E+02  7.8646E-02  1.7798E+01  8.5274E-02  3.8587E+01  1.0000E+00
 2.6641E+02  7.8664E-02  1.7667E+01  8.5274E-02  3.8294E+01  1.0000E+00
 2.6845E+02  7.8683E-02  1.7536E+01  8.5275E-02  3.8003E+01  1.0000E+00
 2.7051E+02  7.8701E-02  1.7407E+01  8.5276E-02  3.7715E+01  1.0000E+00
 2.7258E+02  7.8720E-02  1.7279E+01  8.5276E-02  3.7429E+01  1.0000E+00
 2.7467E+02  7.8738E-02  1.7152E+01  8.5277E-02  3.7145E+01  1.0000E+00
 2.7677E+02  7.8757E-02  1.7025E+01  8.5278E-02  3.6863E+01  1.0000E+00
 2.7889E+02  7.8776E-02  1.6900E+01  8.5278E-02  3.6583E+01  1.0000E+00
 2.8103E+02  7.8795E-02  1.6775E+01  8.5279E-02  3.6306E+01  1.0000E+00
 2.8318E+02  7.8814E-02  1.6652E+01  8.5280E-02  3.6030E+01  1.0000E+00
 2.8535E+02  7.8833E-02  1.6529E+01  8.5281E-02  3.5757E+01  1.0000E+00
 2.8753E+02  7.8852E-02  1.6408E+01  8.5281E-02  3.5485E+01  1.0000E+00
 2.8974E+02  7.8871E-02  1.6287E+01  8.5282E-02  3.5216E+01  1.0000E+00
 2.9195E+02  7.8890E-02  1.6167E+01  8.5283E-02  3.4949E+01  1.0000E+00
 2.9419E+02  7.8910E-02  1.6048E+01  8.5284E-02  3.4684E+01  1.0000E+00
 2.9644E+02  7.8929E-02  1.5930E+01  8.5284E-02  3.4420E+01  1.0000E+00
 2.9871E+02  7.8948E-02  1.5813E+01  8.5285E-02  3.4159E+01  1.0000E+00
 3.0100E+02  7.8968E-02  1.5696E+01  8.5286E-02  3.3900E+01  1.0000E+00
 3.0331E+02  7.8987E-02  1.5581E+01  8.5287E-02  3.3643E+01  1.0000E+00
 3.0563E+02  7.9007E-02  1.5466E+01  8.5287E-02  3.3387E+01  1.0000E+00
 3.0797E+02  7.9027E-02  1.5352E+01  8.5288E-02  3.3134E+01  1.0000E+00
 3.1033E+02  7.9046E-02  1.5240E+01  8.5289E-02  3.2883E+01  1.0000E+00
 3.1271E+02  7.9066E-02  1.5127E+01  8.5290E-02  3.2633E+01  1.0000E+00
 3.1510E+02  7.9086E-02  1.5016E+01  8.5290E-02  3.2386E+01  1.0000E+00
 3.1751E+02  7.9106E-02  1.4906E+01  8.5291E-02  3.2140E+01  1.0000E+00
 3.1994E+02  7.9125E-02  1.4796E+01  8.5292E-02  3.1896E+01  1.0000E+00
 3.2240E+02  7.9145E-02  1.4687E+01  8.5293E-02  3.1654E+01  1.0000E+00
 3.2486E+02  7.9165E-02  1.4579E+01  8.5294E-02  3.1414E+01  1.0000E+00
 3.2735E+02  7.9185E-02  1.4472E+01  8.5295E-02  3.1175E+01  1.0000E+00
 3.2986E+02  7.9205E-02  1.4366E+01  8.5295E-02  3.0939E+01  1.0000E+00
 3.3239E+02  7.9225E-02  1.4260E+01  8.5296E-02  3.0704E+01  1.0000E+00
 3.3493E+02  7.9245E-02  1.4155E+01  8.5297E-02  3.0471E+01  1.0000E+00
 3.3750E+02  7.9265E-02  1.4051E+01  8.5298E-02  3.0240E+01  1.0000E+00
 3.4008E+02  7.9285E-02  1.3948E+01  8.5299E-02  3.0010E+01  1.0000E+00
 3.4268E+02  7.9305E-02  1.3845E+01  8.5300E-02  2.9783E+01  1.0000E+00
 3.4531E+02  7.9325E-02  1.3744E+01  8.5301E-02  2.9557E+01  1.0000E+00
 3.4795E+02  7.9346E-02  1.3643E+01  8.5301E-02  2.9333E+01  1.0000E+00
 3.5062E+02  7.9366E-02  1.3542E+01  8.5302E-02  2.9110E+01  1.0000E+00
 3.5330E+02  7.9386E-02  1.3443E+01  8.5303E-02  2.8889E+01  1.0000E+00
 3.5601E+02  7.9406E-02  1.3344E+01  8.5304E-02  2.8670E+01  1.0000E+00
 3.5874E+02  7.9427E-02  1.3246E+01  8.5305E-02  2.8452E+01  1.0000E+00
 3.6148E+02  7.9447E-02  1.3149E+01  8.5306E-02  2.8237E+01  1.0000E+00
 3.6425E+02  7.9467E-02  1.3052E+01  8.5307E-02  2.8022E+01  1.0000E+00
 3.6704E+02  7.9488E-02  1.2956E+01  8.5308E-02  2.7810E+01  1.0000E+00
 3.6985E+02  7.9508E-02  1.2861E+01  8.5309E-02  2.7599E+01  1.0000E+00
 3.7268E+02  7.9529E-02  1.2766E+01  8.5310E-02  2.7389E+01  1.0000E+00
 3.7554E+02  7.9549E-02  1.2673E+01  8.5311E-02  2.7182E+01  1.0000E+00
 3.7841E+02  7.9570E-02  1.2579E+01  8.5312E-02  2.6975E+01  1.0000E+00
 3.8131E+02  7.9590E-02  1.2487E+01  8.5313E-02  2.6771E+01  1.0000E+00
 3.8423E+02  7.9611E-02  1.2395E+01  8.5314E-02  2.6568E+01  1.0000E+00
 3.8718E+02  7.9631E-02  1.2304E+01  8.5315E-02  2.6366E+01  1.0000E+00
 3.9014E+02  7.9652E-02  1.2214E+01  8.5316E-02  2.6166E+01  1.0000E+00
 3.9313E+02  7.9673E-02  1.2124E+01  8.5317E-02  2.5968E+01  1.0000E+00
 3.9614E+02  7.9693E-02  1.2035E+01  8.5318E-02  2.5771E+01  1.0000E+00
 3.9917E+02  7.9714E-02  1.1947E+01  8.5319E-02  2.5575E+01  1.0000E+00
 4.0223E+02  7.9735E-02  1.1859E+01  8.5320E-02  2.5381E+01  1.0000E+00
 4.0531E+02  7.9755E-02  1.1772E+01  8.5321E-02  2.5189E+01  1.0000E+00
 4.0841E+02  7.9776E-02  1.1685E+01  8.5322E-02  2.4997E+01  1.0000E+00
 4.1154E+02  7.9797E-02  1.1600E+01  8.5323E-02  2.4808E+01  1.0000E+00
 4.1469E+02  7.9818E-02  1.1514E+01  8.5324E-02  2.4620E+01  1.0000E+00
 4.1787E+02  7.9839E-02  1.1430E+01  8.5325E-02  2.4433E+01  1.0000E+00
 4.2107E+02  7.9859E-02  1.1346E+01  8.5326E-02  2.4248E+01  1.0000E+00
 4.2429E+02  7.9880E-02  1.1263E+01  8.5327E-02  2.4064E+01  1.0000E+00
 4.2754E+02  7.9901E-02  1.1180E+01  8.5328E-02  2.3881E+01  1.0000E+00
 4.3082E+02  7.9922E-02  1.1098E+01  8.5329E-02  2.3700E+01  1.0000E+00
 4.3412E+02  7.9943E-02  1.1016E+01  8.5330E-02  2.3520E+01  1.0000E+00
 4.3744E+02  7.9964E-02  1.0935E+01  8.5331E-02  2.3342E+01  1.0000E+00
 4.4079E+02  7.9985E-02  1.0855E+01  8.5332E-02  2.3165E+01  1.0000E+00
 4.4417E+02  8.0006E-02  1.0775E+01  8.5334E-02  2.2989E+01  1.0000E+00
 4.4757E+02  8.0027E-02  1.0696E+01  8.5335E-02  2.2815E+01  1.0000E+00
 4.5100E+02  8.0048E-02  1.0618E+01  8.5336E-02  2.2642E+01  1.0000E+00
 4.5445E+02  8.0069E-02  1.0540E+01  8.5337E-02  2.2470E+01  1.0000E+00
 4.5793E+02  8.0091E-02  1.0462E+01  8.5338E-02  2.2299E+01  1.0000E+00
 4.6144E+02  8.0112E-02  1.0386E+01  8.5339E-02  2.2130E+01  1.0000E+00
 4.6497E+02  8.0133E-02  1.0309E+01  8.5340E-02  2.1962E+01  1.0000E+00
 4.6853E+02  8.0154E-02  1.0234E+01  8.5342E-02  2.1796E+01  1.0000E+00
 4.7212E+02  8.0175E-02  1.0158E+01  8.5343E-02  2.1631E+01  1.0000E+00
 4.7574E+02  8.0196E-02  1.0084E+01  8.5344E-02  2.1467E+01  1.0000E+00
 4.7938E+02  8.0218E-02  1.0010E+01  8.5345E-02  2.1304E+01  1.0000E+00
 4.8305E+02  8.0239E-02  9.9364E+00  8.5347E-02  2.1142E+01  1.0000E+00
 4.8675E+02  8.0260E-02  9.8634E+00  8.5348E-02  2.0982E+01  1.0000E+00
 4.9048E+02  8.0281E-02  9.7910E+00  8.5349E-02  2.0823E+01  1.0000E+00
 4.9424E+02  8.0303E-02  9.7192E+00  8.5350E-02  2.0665E+01  1.0000E+00
 4.9802E+02  8.0324E-02  9.6478E+00  8.5352E-02  2.0508E+01  1.0000E+00
 5.0183E+02  8.0345E-02  9.5770E+00  8.5353E-02  2.0353E+01  1.0000E+00
 5.0568E+02  8.0367E-02  9.5067E+00  8.5354E-02  2.0198E+01  1.0000E+00
 5.0955E+02  8.0388E-02  9.4369E+00  8.5355E-02  2.0045E+01  1.0000E+00
 5.1345E+02  8.0409E-02  9.3677E+00  8.5357E-02  1.9893E+01  1.0000E+00
 5.1738E+02  8.0431E-02  9.2989E+00  8.5358E-02  1.9742E+01  1.0000E+00
 5.2135E+02  8.0452E-02  9.2307E+00  8.5359E-02  1.9593E+01  1.0000E+00
 5.2534E+02  8.0474E-02  9.1629E+00  8.5361E-02  1.9444E+01  1.0000E+00
 5.2936E+02  8.0495E-02  9.0957E+00  8.5362E-02  1.9296E+01  1.0000E+00
 5.3342E+02  8.0517E-02  9.0289E+00  8.5363E-02  1.9150E+01  1.0000E+00
 5.3750E+02  8.0538E-02  8.9626E+00  8.5365E-02  1.9005E+01  1.0000E+00
 5.4162E+02  8.0560E-02  8.8968E+00  8.5366E-02  1.8861E+01  1.0000E+00
 5.4577E+02  8.0581E-02  8.8316E+00  8.5367E-02  1.8718E+01  1.0000E+00
 5.4995E+02  8.0603E-02  8.7667E+00  8.5369E-02  1.8576E+01  1.0000E+00
 5.5416E+02  8.0624E-02  8.7024E+00  8.5370E-02  1.8435E+01  1.0000E+00
 5.5840E+02  8.0646E-02  8.6385E+00  8.5372E-02  1.8295E+01  1.0000E+00
 5.6268E+02  8.0667E-02  8.5751E+00  8.5373E-02  1.8157E+01  1.0000E+00
 5.6699E+02  8.0689E-02  8.5122E+00  8.5375E-02  1.8019E+01  1.0000E+00
 5.7133E+02  8.0710E-02  8.4497E+00  8.5376E-02  1.7882E+01  1.0000E+00
 5.7571E+02  8.0732E-02  8.3877E+00  8.5377E-02  1.7747E+01  1.0000E+00
 5.8011E+02  8.0754E-02  8.3262E+00  8.5379E-02  1.7612E+01  1.0000E+00
 5.8456E+02  8.0775E-02  8.2651E+00  8.5380E-02  1.7479E+01  1.0000E+00
 5.8903E+02  8.0797E-02  8.2044E+00  8.5382E-02  1.7346E+01  1.0000E+00
 5.9354E+02  8.0818E-02  8.1442E+00  8.5383E-02  1.7215E+01  1.0000E+00
 5.9809E+02  8.0840E-02  8.0844E+00  8.5385E-02  1.7084E+01  1.0000E+00
 6.0267E+02  8.0862E-02  8.0251E+00  8.5386E-02  1.6955E+01  1.0000E+00
 6.0729E+02  8.0883E-02  7.9662E+00  8.5388E-02  1.6826E+01  1.0000E+00
 6.1194E+02  8.0905E-02  7.9077E+00  8.5390E-02  1.6699E+01  1.0000E+00
 6.1662E+02  8.0926E-02  7.8497E+00  8.5391E-02  1.6572E+01  1.0000E+00
 6.2135E+02  8.0948E-02  7.7921E+00  8.5393E-02  1.6446E+01  1.0000E+00
 6.2610E+02  8.0970E-02  7.7349E+00  8.5394E-02  1.6322E+01  1.0000E+00
 6.3090E+02  8.0991E-02  7.6781E+00  8.5396E-02  1.6198E+01  1.0000E+00
 6.3573E+02  8.1013E-02  7.6217E+00  8.5397E-02  1.6075E+01  1.0000E+00
 6.4060E+02  8.1034E-02  7.5658E+00  8.5399E-02  1.5953E+01  1.0000E+00
 6.4551E+02  8.1056E-02  7.5102E+00  8.5401E-02  1.5832E+01  1.0000E+00
 6.5045E+02  8.1077E-02  7.4551E+00  8.5402E-02  1.5712E+01  1.0000E+00
 6.5543E+02  8.1099E-02  7.4003E+00  8.5404E-02  1.5593E+01  1.0000E+00
 6.6045E+02  8.1120E-02  7.3460E+00  8.5406E-02  1.5475E+01  1.0000E+00
 6.6551E+02  8.1141E-02  7.2921E+00  8.5407E-02  1.5358E+01  1.0000E+00
 6.7060E+02  8.1163E-02  7.2385E+00  8.5409E-02  1.5241E+01  1.0000E+00
 6.7574E+02  8.1184E-02  7.1854E+00  8.5411E-02  1.5126E+01  1.0000E+00
 6.8092E+02  8.1206E-02  7.1326E+00  8.5413E-02  1.5011E+01  1.0000E+00
 6.8613E+02  8.1227E-02  7.0802E+00  8.5414E-02  1.4898E+01  1.0000E+00
 6.9138E+02  8.1248E-02  7.0282E+00  8.5416E-02  1.4785E+01  1.0000E+00
 6.9668E+02  8.1270E-02  6.9766E+00  8.5418E-02  1.4673E+01  1.0000E+00
 7.0201E+02  8.1291E-02  6.9253E+00  8.5420E-02  1.4561E+01  1.0000E+00
 7.0739E+02  8.1312E-02  6.8745E+00  8.5421E-02  1.4451E+01  1.0000E+00
 7.1281E+02  8.1334E-02  6.8240E+00  8.5423E-02  1.4342E+01  1.0000E+00
 7.1827E+02  8.1355E-02  6.7738E+00  8.5425E-02  1.4233E+01  1.0000E+00
 7.2377E+02  8.1376E-02  6.7241E+00  8.5427E-02  1.4125E+01  1.0000E+00
 7.2931E+02  8.1397E-02  6.6747E+00  8.5429E-02  1.4018E+01  1.0000E+00
 7.3490E+02  8.1418E-02  6.6256E+00  8.5431E-02  1.3912E+01  1.0000E+00
 7.4052E+02  8.1440E-02  6.5769E+00  8.5432E-02  1.3806E+01  1.0000E+00
 7.4620E+02  8.1461E-02  6.5286E+00  8.5434E-02  1.3702E+01  1.0000E+00
 7.5191E+02  8.1482E-02  6.4806E+00  8.5436E-02  1.3598E+01  1.0000E+00
 7.5767E+02  8.1503E-02  6.4330E+00  8.5438E-02  1.3495E+01  1.0000E+00
 7.6347E+02  8.1524E-02  6.3857E+00  8.5440E-02  1.3393E+01  1.0000E+00
 7.6932E+02  8.1545E-02  6.3388E+00  8.5442E-02  1.3291E+01  1.0000E+00
 7.7521E+02  8.1566E-02  6.2922E+00  8.5444E-02  1.3191E+01  1.0000E+00
 7.8115E+02  8.1587E-02  6.2460E+00  8.5446E-02  1.3091E+01  1.0000E+00
 7.8713E+02  8.1608E-02  6.2001E+00  8.5448E-02  1.2991E+01  1.0000E+00
 7.9316E+02  8.1629E-02  6.1545E+00  8.5450E-02  1.2893E+01  1.0000E+00
 7.9923E+02  8.1650E-02  6.1092E+00  8.5452E-02  1.2795E+01  1.0000E+00
 8.0535E+02  8.1671E-02  6.0643E+00  8.5454E-02  1.2698E+01  1.0000E+00
 8.1152E+02  8.1692E-02  6.0197E+00  8.5456E-02  1.2602E+01  1.0000E+00
 8.1774E+02  8.1713E-02  5.9755E+00  8.5458E-02  1.2507E+01  1.0000E+00
 8.2400E+02  8.1733E-02  5.9315E+00  8.5460E-02  1.2412E+01  1.0000E+00
 8.3031E+02  8.1754E-02  5.8879E+00  8.5462E-02  1.2318E+01  1.0000E+00
 8.3667E+02  8.1775E-02  5.8446E+00  8.5465E-02  1.2225E+01  1.0000E+00
 8.4307E+02  8.1796E-02  5.8016E+00  8.5467E-02  1.2132E+01  1.0000E+00
 8.4953E+02  8.1816E-02  5.7589E+00  8.5469E-02  1.2040E+01  1.0000E+00
 8.5604E+02  8.1837E-02  5.7166E+00  8.5471E-02  1.1949E+01  1.0000E+00
 8.6259E+02  8.1858E-02  5.6745E+00  8.5473E-02  1.1859E+01  1.0000E+00
 8.6920E+02  8.1878E-02  5.6328E+00  8.5475E-02  1.1769E+01  1.0000E+00
 8.7586E+02  8.1899E-02  5.5914E+00  8.5478E-02  1.1680E+01  1.0000E+00
 8.8256E+02  8.1920E-02  5.5502E+00  8.5480E-02  1.1591E+01  1.0000E+00
 8.8932E+02  8.1940E-02  5.5094E+00  8.5482E-02  1.1503E+01  1.0000E+00
 8.9613E+02  8.1961E-02  5.4688E+00  8.5484E-02  1.1416E+01  1.0000E+00
 9.0300E+02  8.1981E-02  5.4286E+00  8.5487E-02  1.1330E+01  1.0000E+00
 9.0991E+02  8.2002E-02  5.3886E+00  8.5489E-02  1.1244E+01  1.0000E+00
 9.1688E+02  8.2022E-02  5.3490E+00  8.5491E-02  1.1159E+01  1.0000E+00
 9.2390E+02  8.2042E-02  5.3096E+00  8.5494E-02  1.1074E+01  1.0000E+00
 9.3098E+02  8.2063E-02  5.2705E+00  8.5496E-02  1.0991E+01  1.0000E+00
 9.3811E+02  8.2083E-02  5.2317E+00  8.5498E-02  1.0907E+01  1.0000E+00
 9.4529E+02  8.2103E-02  5.1932E+00  8.5501E-02  1.0825E+01  1.0000E+00
 9.5253E+02  8.2124E-02  5.1550E+00  8.5503E-02  1.0743E+01  1.0000E+00
 9.5983E+02  8.2144E-02  5.1170E+00  8.5506E-02  1.0661E+01  1.0000E+00
 9.6718E+02  8.2164E-02  5.0794E+00  8.5508E-02  1.0581E+01  1.0000E+00
 9.7458E+02  8.2184E-02  5.0420E+00  8.5511E-02  1.0501E+01  1.0000E+00
 9.8205E+02  8.2204E-02  5.0048E+00  8.5513E-02  1.0421E+01  1.0000E+00
 9.8957E+02  8.2224E-02  4.9680E+00  8.5516E-02  1.0342E+01  1.0000E+00
 9.9715E+02  8.2244E-02  4.9314E+00  8.5518E-02  1.0264E+01  1.0000E+00
 1.0048E+03  8.2265E-02  4.8950E+00  8.5521E-02  1.0186E+01  1.0000E+00
 1.0125E+03  8.2285E-02  4.8590E+00  8.5523E-02  1.0109E+01  1.0000E+00
 1.0202E+03  8.2304E-02  4.8232E+00  8.5526E-02  1.0033E+01  1.0000E+00
 1.0280E+03  8.2324E-02  4.7877E+00  8.5528E-02  9.9567E+00  1.0000E+00
 1.0359E+03  8.2344E-02  4.7524E+00  8.5531E-02  9.8814E+00  1.0000E+00
 1.0439E+03  8.2364E-02  4.7174E+00  8.5534E-02  9.8066E+00  1.0000E+00
 1.0518E+03  8.2384E-02  4.6826E+00  8.5536E-02  9.7324E+00  1.0000E+00
 1.0599E+03  8.2404E-02  4.6481E+00  8.5539E-02  9.6587E+00  1.0000E+00
 1.0680E+03  8.2423E-02  4.6138E+00  8.5542E-02  9.5856E+00  1.0000E+00
 1.0762E+03  8.2443E-02  4.5798E+00  8.5545E-02  9.5131E+00  1.0000E+00
 1.0844E+03  8.2463E-02  4.5461E+00  8.5547E-02  9.4411E+00  1.0000E+00
 1.0927E+03  8.2482E-02  4.5125E+00  8.5550E-02  9.3696E+00  1.0000E+00
 1.1011E+03  8.2502E-02  4.4793E+00  8.5553E-02  9.2987E+00  1.0000E+00
 1.1095E+03  8.2521E-02  4.4462E+00  8.5556E-02  9.2284E+00  1.0000E+00
 1.1180E+03  8.2541E-02  4.4135E+00  8.5559E-02  9.1586E+00  1.0000E+00
 1.1266E+03  8.2560E-02  4.3809E+00  8.5561E-02  9.0893E+00  1.0000E+00
 1.1352E+03  8.2580E-02  4.3486E+00  8.5564E-02  9.0205E+00  1.0000E+00
 1.1439E+03  8.2599E-02  4.3165E+00  8.5567E-02  8.9522E+00  1.0000E+00
 1.1527E+03  8.2619E-02  4.2847E+00  8.5570E-02  8.8845E+00  1.0000E+00
 1.1615E+03  8.2638E-02  4.2531E+00  8.5573E-02  8.8173E+00  1.0000E+00
 1.1704E+03  8.2657E-02  4.2217E+00  8.5576E-02  8.7506E+00  1.0000E+00
 1.1794E+03  8.2676E-02  4.1906E+00  8.5579E-02  8.6844E+00  1.0000E+00
 1.1884E+03  8.2696E-02  4.1596E+00  8.5582E-02  8.6187E+00  1.0000E+00
 1.1975E+03  8.2715E-02  4.1289E+00  8.5585E-02  8.5535E+00  1.0000E+00
 1.2067E+03  8.2734E-02  4.0985E+00  8.5588E-02  8.4888E+00  1.0000E+00
 1.2159E+03  8.2753E-02  4.0682E+00  8.5591E-02  8.4246E+00  1.0000E+00
 1.2252E+03  8.2772E-02  4.0382E+00  8.5594E-02  8.3609E+00  1.0000E+00
 1.2346E+03  8.2791E-02  4.0084E+00  8.5598E-02  8.2977E+00  1.0000E+00
 1.2441E+03  8.2810E-02  3.9788E+00  8.5601E-02  8.2349E+00  1.0000E+00
 1.2536E+03  8.2829E-02  3.9494E+00  8.5604E-02  8.1726E+00  1.0000E+00
 1.2632E+03  8.2848E-02  3.9203E+00  8.5607E-02  8.1108E+00  1.0000E+00
 1.2729E+03  8.2867E-02  3.8913E+00  8.5610E-02  8.0495E+00  1.0000E+00
 1.2826E+03  8.2886E-02  3.8626E+00  8.5614E-02  7.9886E+00  1.0000E+00
 1.2924E+03  8.2904E-02  3.8341E+00  8.5617E-02  7.9282E+00  1.0000E+00
 1.3023E+03  8.2923E-02  3.8058E+00  8.5620E-02  7.8683E+00  1.0000E+00
 1.3123E+03  8.2942E-02  3.7777E+00  8.5623E-02  7.8088E+00  1.0000E+00
 1.3224E+03  8.2961E-02  3.7498E+00  8.5627E-02  7.7498E+00  1.0000E+00
 1.3325E+03  8.2979E-02  3.7221E+00  8.5630E-02  7.6912E+00  1.0000E+00
 1.3427E+03  8.2998E-02  3.6946E+00  8.5634E-02  7.6330E+00  1.0000E+00
 1.3530E+03  8.3017E-02  3.6673E+00  8.5637E-02  7.5753E+00  1.0000E+00
 1.3633E+03  8.3035E-02  3.6402E+00  8.5641E-02  7.5181E+00  1.0000E+00
 1.3738E+03  8.3054E-02  3.6133E+00  8.5644E-02  7.4612E+00  1.0000E+00
 1.3843E+03  8.3073E-02  3.5866E+00  8.5648E-02  7.4048E+00  1.0000E+00
 1.3949E+03  8.3091E-02  3.5601E+00  8.5651E-02  7.3489E+00  1.0000E+00
 1.4056E+03  8.3110E-02  3.5338E+00  8.5655E-02  7.2933E+00  1.0000E+00
 1.4164E+03  8.3128E-02  3.5077E+00  8.5658E-02  7.2382E+00  1.0000E+00
 1.4272E+03  8.3146E-02  3.4817E+00  8.5662E-02  7.1835E+00  1.0000E+00
 1.4381E+03  8.3165E-02  3.4560E+00  8.5666E-02  7.1292E+00  1.0000E+00
 1.4491E+03  8.3183E-02  3.4305E+00  8.5669E-02  7.0753E+00  1.0000E+00
 1.4602E+03  8.3202E-02  3.4051E+00  8.5673E-02  7.0219E+00  1.0000E+00
 1.4714E+03  8.3220E-02  3.3799E+00  8.5677E-02  6.9688E+00  1.0000E+00
 1.4827E+03  8.3238E-02  3.3549E+00  8.5680E-02  6.9162E+00  1.0000E+00
 1.4940E+03  8.3256E-02  3.3301E+00  8.5684E-02  6.8639E+00  1.0000E+00
 1.5055E+03  8.3275E-02  3.3055E+00  8.5688E-02  6.8120E+00  1.0000E+00
 1.5170E+03  8.3293E-02  3.2811E+00  8.5692E-02  6.7606E+00  1.0000E+00
 1.5286E+03  8.3311E-02  3.2568E+00  8.5696E-02  6.7095E+00  1.0000E+00
 1.5403E+03  8.3329E-02  3.2327E+00  8.5700E-02  6.6588E+00  1.0000E+00
 1.5521E+03  8.3347E-02  3.2088E+00  8.5704E-02  6.6085E+00  1.0000E+00
 1.5640E+03  8.3365E-02  3.1851E+00  8.5708E-02  6.5586E+00  1.0000E+00
 1.5760E+03  8.3384E-02  3.1615E+00  8.5712E-02  6.5091E+00  1.0000E+00
 1.5881E+03  8.3402E-02  3.1381E+00  8.5716E-02  6.4599E+00  1.0000E+00
 1.6002E+03  8.3420E-02  3.1149E+00  8.5720E-02  6.4111E+00  1.0000E+00
 1.6125E+03  8.3438E-02  3.0919E+00  8.5724E-02  6.3627E+00  1.0000E+00
 1.6248E+03  8.3456E-02  3.0690E+00  8.5728E-02  6.3146E+00  1.0000E+00
 1.6373E+03  8.3474E-02  3.0463E+00  8.5732E-02  6.2670E+00  1.0000E+00
 1.6498E+03  8.3491E-02  3.0238E+00  8.5736E-02  6.2196E+00  1.0000E+00
 1.6625E+03  8.3509E-02  3.0014E+00  8.5741E-02  6.1727E+00  1.0000E+00
 1.6752E+03  8.3527E-02  2.9792E+00  8.5745E-02  6.1261E+00  1.0000E+00
 1.6880E+03  8.3545E-02  2.9571E+00  8.5749E-02  6.0798E+00  1.0000E+00
 1.7009E+03  8.3563E-02  2.9352E+00  8.5753E-02  6.0339E+00  1.0000E+00
 1.7140E+03  8.3581E-02  2.9135E+00  8.5758E-02  5.9884E+00  1.0000E+00
 1.7271E+03  8.3598E-02  2.8919E+00  8.5762E-02  5.9432E+00  1.0000E+00
 1.7403E+03  8.3616E-02  2.8705E+00  8.5767E-02  5.8983E+00  1.0000E+00
 1.7537E+03  8.3634E-02  2.8493E+00  8.5771E-02  5.8538E+00  1.0000E+00
 1.7671E+03  8.3652E-02  2.8282E+00  8.5776E-02  5.8096E+00  1.0000E+00
 1.7806E+03  8.3669E-02  2.8073E+00  8.5780E-02  5.7658E+00  1.0000E+00
 1.7943E+03  8.3687E-02  2.7865E+00  8.5785E-02  5.7222E+00  1.0000E+00
 1.8080E+03  8.3705E-02  2.7658E+00  8.5789E-02  5.6791E+00  1.0000E+00
 1.8218E+03  8.3722E-02  2.7454E+00  8.5794E-02  5.6362E+00  1.0000E+00
 1.8358E+03  8.3740E-02  2.7250E+00  8.5799E-02  5.5937E+00  1.0000E+00
 1.8499E+03  8.3757E-02  2.7048E+00  8.5803E-02  5.5515E+00  1.0000E+00
 1.8640E+03  8.3775E-02  2.6848E+00  8.5808E-02  5.5096E+00  1.0000E+00
 1.8783E+03  8.3792E-02  2.6649E+00  8.5813E-02  5.4680E+00  1.0000E+00
 1.8927E+03  8.3810E-02  2.6452E+00  8.5818E-02  5.4268E+00  1.0000E+00
 1.9072E+03  8.3827E-02  2.6256E+00  8.5822E-02  5.3858E+00  1.0000E+00
 1.9218E+03  8.3845E-02  2.6061E+00  8.5827E-02  5.3452E+00  1.0000E+00
 1.9365E+03  8.3862E-02  2.5868E+00  8.5832E-02  5.3049E+00  1.0000E+00
 1.9513E+03  8.3880E-02  2.5677E+00  8.5837E-02  5.2649E+00  1.0000E+00
 1.9663E+03  8.3897E-02  2.5487E+00  8.5842E-02  5.2252E+00  1.0000E+00
 1.9813E+03  8.3914E-02  2.5298E+00  8.5847E-02  5.1858E+00  1.0000E+00
 1.9965E+03  8.3932E-02  2.5110E+00  8.5852E-02  5.1467E+00  1.0000E+00
 2.0118E+03  8.3949E-02  2.4924E+00  8.5857E-02  5.1079E+00  1.0000E+00
 2.0272E+03  8.3966E-02  2.4740E+00  8.5863E-02  5.0693E+00  1.0000E+00
 2.0427E+03  8.3984E-02  2.4556E+00  8.5868E-02  5.0311E+00  1.0000E+00
 2.0584E+03  8.4001E-02  2.4374E+00  8.5873E-02  4.9932E+00  1.0000E+00
 2.0741E+03  8.4018E-02  2.4194E+00  8.5878E-02  4.9555E+00  1.0000E+00
 2.0900E+03  8.4036E-02  2.4014E+00  8.5884E-02  4.9182E+00  1.0000E+00
 2.1060E+03  8.4053E-02  2.3836E+00  8.5889E-02  4.8811E+00  1.0000E+00
 2.1222E+03  8.4070E-02  2.3660E+00  8.5894E-02  4.8443E+00  1.0000E+00
 2.1384E+03  8.4087E-02  2.3484E+00  8.5900E-02  4.8078E+00  1.0000E+00
 2.1548E+03  8.4105E-02  2.3310E+00  8.5905E-02  4.7716E+00  1.0000E+00
 2.1713E+03  8.4122E-02  2.3137E+00  8.5911E-02  4.7356E+00  1.0000E+00
 2.1879E+03  8.4139E-02  2.2966E+00  8.5916E-02  4.6999E+00  1.0000E+00
 2.2047E+03  8.4157E-02  2.2796E+00  8.5922E-02  4.6645E+00  1.0000E+00
 2.2216E+03  8.4174E-02  2.2627E+00  8.5928E-02  4.6294E+00  1.0000E+00
 2.2386E+03  8.4191E-02  2.2459E+00  8.5933E-02  4.5945E+00  1.0000E+00
 2.2557E+03  8.4209E-02  2.2293E+00  8.5939E-02  4.5599E+00  1.0000E+00
 2.2730E+03  8.4226E-02  2.2127E+00  8.5945E-02  4.5255E+00  1.0000E+00
 2.2904E+03  8.4244E-02  2.1963E+00  8.5951E-02  4.4915E+00  1.0000E+00
 2.3079E+03  8.4261E-02  2.1801E+00  8.5957E-02  4.4576E+00  1.0000E+00
 2.3256E+03  8.4279E-02  2.1639E+00  8.5963E-02  4.4241E+00  1.0000E+00
 2.3434E+03  8.4296E-02  2.1479E+00  8.5968E-02  4.3907E+00  1.0000E+00
 2.3614E+03  8.4314E-02  2.1319E+00  8.5975E-02  4.3577E+00  1.0000E+00
 2.3794E+03  8.4331E-02  2.1161E+00  8.5981E-02  4.3249E+00  1.0000E+00
 2.3977E+03  8.4349E-02  2.1005E+00  8.5987E-02  4.2923E+00  1.0000E+00
 2.4160E+03  8.4366E-02  2.0849E+00  8.5993E-02  4.2600E+00  1.0000E+00
 2.4345E+03  8.4384E-02  2.0694E+00  8.5999E-02  4.2279E+00  1.0000E+00
 2.4532E+03  8.4401E-02  2.0541E+00  8.6005E-02  4.1961E+00  1.0000E+00
 2.4720E+03  8.4419E-02  2.0389E+00  8.6012E-02  4.1645E+00  1.0000E+00
 2.4909E+03  8.4437E-02  2.0238E+00  8.6018E-02  4.1332E+00  1.0000E+00
 2.5100E+03  8.4454E-02  2.0088E+00  8.6024E-02  4.1021E+00  1.0000E+00
 2.5292E+03  8.4472E-02  1.9939E+00  8.6031E-02  4.0712E+00  1.0000E+00
 2.5486E+03  8.4490E-02  1.9791E+00  8.6037E-02  4.0405E+00  1.0000E+00
 2.5681E+03  8.4507E-02  1.9644E+00  8.6044E-02  4.0101E+00  1.0000E+00
 2.5878E+03  8.4525E-02  1.9499E+00  8.6050E-02  3.9800E+00  1.0000E+00
 2.6076E+03  8.4543E-02  1.9354E+00  8.6057E-02  3.9500E+00  1.0000E+00
 2.6275E+03  8.4561E-02  1.9211E+00  8.6064E-02  3.9203E+00  1.0000E+00
 2.6477E+03  8.4578E-02  1.9068E+00  8.6070E-02  3.8908E+00  1.0000E+00
 2.6679E+03  8.4596E-02  1.8927E+00  8.6077E-02  3.8616E+00  1.0000E+00
 2.6884E+03  8.4614E-02  1.8787E+00  8.6084E-02  3.8325E+00  1.0000E+00
 2.7090E+03  8.4632E-02  1.8648E+00  8.6091E-02  3.8037E+00  1.0000E+00
 2.7297E+03  8.4650E-02  1.8509E+00  8.6098E-02  3.7751E+00  1.0000E+00
 2.7506E+03  8.4667E-02  1.8372E+00  8.6105E-02  3.7467E+00  1.0000E+00
 2.7717E+03  8.4685E-02  1.8236E+00  8.6112E-02  3.7185E+00  1.0000E+00
 2.7929E+03  8.4703E-02  1.8101E+00  8.6119E-02  3.6906E+00  1.0000E+00
 2.8143E+03  8.4721E-02  1.7967E+00  8.6126E-02  3.6628E+00  1.0000E+00
 2.8358E+03  8.4739E-02  1.7834E+00  8.6134E-02  3.6353E+00  1.0000E+00
 2.8576E+03  8.4757E-02  1.7701E+00  8.6141E-02  3.6080E+00  1.0000E+00
 2.8794E+03  8.4775E-02  1.7570E+00  8.6148E-02  3.5809E+00  1.0000E+00
 2.9015E+03  8.4793E-02  1.7440E+00  8.6156E-02  3.5540E+00  1.0000E+00
 2.9237E+03  8.4811E-02  1.7311E+00  8.6163E-02  3.5273E+00  1.0000E+00
 2.9461E+03  8.4829E-02  1.7182E+00  8.6170E-02  3.5008E+00  1.0000E+00
 2.9687E+03  8.4847E-02  1.7055E+00  8.6178E-02  3.4745E+00  1.0000E+00
 2.9914E+03  8.4865E-02  1.6929E+00  8.6186E-02  3.4484E+00  1.0000E+00
 3.0143E+03  8.4883E-02  1.6803E+00  8.6193E-02  3.4225E+00  1.0000E+00
 3.0374E+03  8.4901E-02  1.6679E+00  8.6201E-02  3.3968E+00  1.0000E+00
 3.0607E+03  8.4919E-02  1.6555E+00  8.6209E-02  3.3712E+00  1.0000E+00
 3.0841E+03  8.4937E-02  1.6432E+00  8.6217E-02  3.3459E+00  1.0000E+00
 3.1077E+03  8.4955E-02  1.6311E+00  8.6225E-02  3.3208E+00  1.0000E+00
 3.1315E+03  8.4973E-02  1.6190E+00  8.6233E-02  3.2959E+00  1.0000E+00
 3.1555E+03  8.4991E-02  1.6070E+00  8.6241E-02  3.2711E+00  1.0000E+00
 3.1797E+03  8.5009E-02  1.5951E+00  8.6249E-02  3.2466E+00  1.0000E+00
 3.2040E+03  8.5027E-02  1.5832E+00  8.6257E-02  3.2222E+00  1.0000E+00
 3.2286E+03  8.5045E-02  1.5715E+00  8.6265E-02  3.1980E+00  1.0000E+00
 3.2533E+03  8.5063E-02  1.5598E+00  8.6274E-02  3.1740E+00  1.0000E+00
 3.2782E+03  8.5081E-02  1.5483E+00  8.6282E-02  3.1502E+00  1.0000E+00
 3.3033E+03  8.5100E-02  1.5368E+00  8.6290E-02  3.1266E+00  1.0000E+00
 3.3286E+03  8.5118E-02  1.5254E+00  8.6299E-02  3.1031E+00  1.0000E+00
 3.3541E+03  8.5136E-02  1.5141E+00  8.6307E-02  3.0798E+00  1.0000E+00
 3.3798E+03  8.5154E-02  1.5029E+00  8.6316E-02  3.0567E+00  1.0000E+00
 3.4057E+03  8.5172E-02  1.4917E+00  8.6325E-02  3.0338E+00  1.0000E+00
 3.4317E+03  8.5191E-02  1.4807E+00  8.6333E-02  3.0111E+00  1.0000E+00
 3.4580E+03  8.5209E-02  1.4697E+00  8.6342E-02  2.9885E+00  1.0000E+00
 3.4845E+03  8.5227E-02  1.4588E+00  8.6351E-02  2.9661E+00  1.0000E+00
 3.5112E+03  8.5245E-02  1.4480E+00  8.6360E-02  2.9438E+00  1.0000E+00
 3.5381E+03  8.5263E-02  1.4373E+00  8.6369E-02  2.9218E+00  1.0000E+00
 3.5652E+03  8.5282E-02  1.4266E+00  8.6378E-02  2.8999E+00  1.0000E+00
 3.5925E+03  8.5300E-02  1.4160E+00  8.6387E-02  2.8781E+00  1.0000E+00
 3.6200E+03  8.5318E-02  1.4055E+00  8.6397E-02  2.8566E+00  1.0000E+00
 3.6477E+03  8.5337E-02  1.3951E+00  8.6406E-02  2.8352E+00  1.0000E+00
 3.6757E+03  8.5355E-02  1.3848E+00  8.6415E-02  2.8139E+00  1.0000E+00
 3.7038E+03  8.5372E-02  1.3745E+00  8.6425E-02  2.7928E+00  1.0000E+00
 3.7322E+03  8.5390E-02  1.3643E+00  8.6434E-02  2.7719E+00  1.0000E+00
 3.7608E+03  8.5407E-02  1.3541E+00  8.6444E-02  2.7512E+00  1.0000E+00
 3.7896E+03  8.5424E-02  1.3441E+00  8.6454E-02  2.7306E+00  1.0000E+00
 3.8186E+03  8.5442E-02  1.3341E+00  8.6463E-02  2.7101E+00  1.0000E+00
 3.8478E+03  8.5459E-02  1.3242E+00  8.6473E-02  2.6898E+00  1.0000E+00
 3.8773E+03  8.5477E-02  1.3144E+00  8.6483E-02  2.6697E+00  1.0000E+00
 3.9070E+03  8.5494E-02  1.3046E+00  8.6493E-02  2.6497E+00  1.0000E+00
 3.9369E+03  8.5512E-02  1.2949E+00  8.6503E-02  2.6299E+00  1.0000E+00
 3.9671E+03  8.5529E-02  1.2853E+00  8.6513E-02  2.6102E+00  1.0000E+00
 3.9974E+03  8.5547E-02  1.2758E+00  8.6523E-02  2.5907E+00  1.0000E+00
 4.0281E+03  8.5565E-02  1.2663E+00  8.6534E-02  2.5713E+00  1.0000E+00
 4.0589E+03  8.5582E-02  1.2569E+00  8.6544E-02  2.5520E+00  1.0000E+00
 4.0900E+03  8.5600E-02  1.2476E+00  8.6554E-02  2.5329E+00  1.0000E+00
 4.1213E+03  8.5618E-02  1.2383E+00  8.6565E-02  2.5140E+00  1.0000E+00
 4.1529E+03  8.5635E-02  1.2291E+00  8.6576E-02  2.4952E+00  1.0000E+00
 4.1847E+03  8.5653E-02  1.2200E+00  8.6586E-02  2.4765E+00  1.0000E+00
 4.2167E+03  8.5671E-02  1.2109E+00  8.6597E-02  2.4580E+00  1.0000E+00
 4.2490E+03  8.5689E-02  1.2019E+00  8.6608E-02  2.4397E+00  1.0000E+00
 4.2816E+03  8.5706E-02  1.1930E+00  8.6619E-02  2.4214E+00  1.0000E+00
 4.3143E+03  8.5724E-02  1.1841E+00  8.6630E-02  2.4033E+00  1.0000E+00
 4.3474E+03  8.5742E-02  1.1753E+00  8.6641E-02  2.3854E+00  1.0000E+00
 4.3807E+03  8.5760E-02  1.1666E+00  8.6652E-02  2.3675E+00  1.0000E+00
 4.4142E+03  8.5778E-02  1.1580E+00  8.6663E-02  2.3499E+00  1.0000E+00
 4.4480E+03  8.5796E-02  1.1494E+00  8.6675E-02  2.3323E+00  1.0000E+00
 4.4821E+03  8.5814E-02  1.1408E+00  8.6686E-02  2.3149E+00  1.0000E+00
 4.5164E+03  8.5832E-02  1.1324E+00  8.6698E-02  2.2976E+00  1.0000E+00
 4.5510E+03  8.5850E-02  1.1239E+00  8.6709E-02  2.2804E+00  1.0000E+00
 4.5859E+03  8.5868E-02  1.1156E+00  8.6721E-02  2.2634E+00  1.0000E+00
 4.6210E+03  8.5886E-02  1.1073E+00  8.6733E-02  2.2465E+00  1.0000E+00
 4.6564E+03  8.5905E-02  1.0991E+00  8.6745E-02  2.2298E+00  1.0000E+00
 4.6920E+03  8.5923E-02  1.0909E+00  8.6757E-02  2.2131E+00  1.0000E+00
 4.7280E+03  8.5941E-02  1.0828E+00  8.6769E-02  2.1966E+00  1.0000E+00
 4.7642E+03  8.5960E-02  1.0748E+00  8.6781E-02  2.1802E+00  1.0000E+00
 4.8007E+03  8.5978E-02  1.0668E+00  8.6793E-02  2.1639E+00  1.0000E+00
 4.8374E+03  8.5996E-02  1.0589E+00  8.6806E-02  2.1478E+00  1.0000E+00
 4.8745E+03  8.6015E-02  1.0510E+00  8.6818E-02  2.1318E+00  1.0000E+00
 4.9118E+03  8.6033E-02  1.0432E+00  8.6831E-02  2.1159E+00  1.0000E+00
 4.9494E+03  8.6052E-02  1.0355E+00  8.6844E-02  2.1001E+00  1.0000E+00
 4.9873E+03  8.6071E-02  1.0278E+00  8.6856E-02  2.0845E+00  1.0000E+00
 5.0255E+03  8.6089E-02  1.0202E+00  8.6869E-02  2.0689E+00  1.0000E+00
 5.0640E+03  8.6108E-02  1.0126E+00  8.6882E-02  2.0535E+00  1.0000E+00
 5.1028E+03  8.6127E-02  1.0051E+00  8.6895E-02  2.0382E+00  1.0000E+00
 5.1419E+03  8.6146E-02  9.9765E-01  8.6908E-02  2.0230E+00  1.0000E+00
 5.1812E+03  8.6165E-02  9.9024E-01  8.6922E-02  2.0080E+00  1.0000E+00
 5.2209E+03  8.6184E-02  9.8290E-01  8.6935E-02  1.9930E+00  1.0000E+00
 5.2609E+03  8.6203E-02  9.7561E-01  8.6948E-02  1.9782E+00  1.0000E+00
 5.3012E+03  8.6222E-02  9.6837E-01  8.6962E-02  1.9634E+00  1.0000E+00
 5.3418E+03  8.6241E-02  9.6118E-01  8.6976E-02  1.9488E+00  1.0000E+00
 5.3827E+03  8.6261E-02  9.5405E-01  8.6989E-02  1.9343E+00  1.0000E+00
 5.4239E+03  8.6280E-02  9.4698E-01  8.7003E-02  1.9199E+00  1.0000E+00
 5.4655E+03  8.6299E-02  9.3995E-01  8.7017E-02  1.9056E+00  1.0000E+00
 5.5073E+03  8.6319E-02  9.3298E-01  8.7031E-02  1.8915E+00  1.0000E+00
 5.5495E+03  8.6338E-02  9.2606E-01  8.7046E-02  1.8774E+00  1.0000E+00
 5.5920E+03  8.6358E-02  9.1919E-01  8.7060E-02  1.8634E+00  1.0000E+00
 5.6348E+03  8.6377E-02  9.1238E-01  8.7074E-02  1.8496E+00  1.0000E+00
 5.6780E+03  8.6397E-02  9.0561E-01  8.7089E-02  1.8358E+00  1.0000E+00
 5.7215E+03  8.6417E-02  8.9890E-01  8.7104E-02  1.8222E+00  1.0000E+00
 5.7653E+03  8.6437E-02  8.9223E-01  8.7118E-02  1.8086E+00  1.0000E+00
 5.8094E+03  8.6457E-02  8.8562E-01  8.7133E-02  1.7952E+00  1.0000E+00
 5.8539E+03  8.6477E-02  8.7905E-01  8.7148E-02  1.7819E+00  1.0000E+00
 5.8988E+03  8.6497E-02  8.7254E-01  8.7163E-02  1.7686E+00  1.0000E+00
 5.9439E+03  8.6517E-02  8.6607E-01  8.7179E-02  1.7555E+00  1.0000E+00
 5.9895E+03  8.6537E-02  8.5965E-01  8.7194E-02  1.7425E+00  1.0000E+00
 6.0353E+03  8.6558E-02  8.5328E-01  8.7209E-02  1.7295E+00  1.0000E+00
 6.0815E+03  8.6578E-02  8.4696E-01  8.7225E-02  1.7167E+00  1.0000E+00
 6.1281E+03  8.6599E-02  8.4068E-01  8.7241E-02  1.7039E+00  1.0000E+00
 6.1751E+03  8.6619E-02  8.3445E-01  8.7257E-02  1.6913E+00  1.0000E+00
 6.2223E+03  8.6640E-02  8.2827E-01  8.7273E-02  1.6788E+00  1.0000E+00
 6.2700E+03  8.6661E-02  8.2213E-01  8.7289E-02  1.6663E+00  1.0000E+00
 6.3180E+03  8.6682E-02  8.1604E-01  8.7305E-02  1.6539E+00  1.0000E+00
 6.3664E+03  8.6703E-02  8.1000E-01  8.7321E-02  1.6417E+00  1.0000E+00
 6.4152E+03  8.6724E-02  8.0400E-01  8.7338E-02  1.6295E+00  1.0000E+00
 6.4643E+03  8.6745E-02  7.9804E-01  8.7354E-02  1.6174E+00  1.0000E+00
 6.5138E+03  8.6766E-02  7.9213E-01  8.7371E-02  1.6055E+00  1.0000E+00
 6.5637E+03  8.6787E-02  7.8627E-01  8.7388E-02  1.5936E+00  1.0000E+00
 6.6139E+03  8.6809E-02  7.8045E-01  8.7405E-02  1.5818E+00  1.0000E+00
 6.6646E+03  8.6830E-02  7.7467E-01  8.7422E-02  1.5700E+00  1.0000E+00
 6.7156E+03  8.6852E-02  7.6894E-01  8.7439E-02  1.5584E+00  1.0000E+00
 6.7671E+03  8.6874E-02  7.6324E-01  8.7457E-02  1.5469E+00  1.0000E+00
 6.8189E+03  8.6895E-02  7.5760E-01  8.7474E-02  1.5354E+00  1.0000E+00
 6.8711E+03  8.6917E-02  7.5199E-01  8.7492E-02  1.5241E+00  1.0000E+00
 6.9237E+03  8.6939E-02  7.4643E-01  8.7509E-02  1.5128E+00  1.0000E+00
 6.9768E+03  8.6961E-02  7.4090E-01  8.7527E-02  1.5016E+00  1.0000E+00
 7.0302E+03  8.6984E-02  7.3542E-01  8.7545E-02  1.4905E+00  1.0000E+00
 7.0840E+03  8.7006E-02  7.2998E-01  8.7564E-02  1.4795E+00  1.0000E+00
 7.1383E+03  8.7029E-02  7.2458E-01  8.7582E-02  1.4685E+00  1.0000E+00
 7.1929E+03  8.7051E-02  7.1922E-01  8.7600E-02  1.4577E+00  1.0000E+00
 7.2480E+03  8.7074E-02  7.1391E-01  8.7619E-02  1.4469E+00  1.0000E+00
 7.3035E+03  8.7097E-02  7.0863E-01  8.7638E-02  1.4362E+00  1.0000E+00
 7.3595E+03  8.7120E-02  7.0339E-01  8.7657E-02  1.4256E+00  1.0000E+00
 7.4158E+03  8.7143E-02  6.9819E-01  8.7676E-02  1.4151E+00  1.0000E+00
 7.4726E+03  8.7166E-02  6.9303E-01  8.7695E-02  1.4046E+00  1.0000E+00
 7.5299E+03  8.7189E-02  6.8791E-01  8.7714E-02  1.3943E+00  1.0000E+00
 7.5875E+03  8.7212E-02  6.8282E-01  8.7734E-02  1.3840E+00  1.0000E+00
 7.6456E+03  8.7236E-02  6.7778E-01  8.7754E-02  1.3738E+00  1.0000E+00
 7.7042E+03  8.7259E-02  6.7277E-01  8.7773E-02  1.3636E+00  1.0000E+00
 7.7632E+03  8.7283E-02  6.6780E-01  8.7793E-02  1.3536E+00  1.0000E+00
 7.8226E+03  8.7307E-02  6.6287E-01  8.7813E-02  1.3436E+00  1.0000E+00
 7.8825E+03  8.7331E-02  6.5797E-01  8.7834E-02  1.3337E+00  1.0000E+00
 7.9429E+03  8.7355E-02  6.5312E-01  8.7854E-02  1.3239E+00  1.0000E+00
 8.0037E+03  8.7380E-02  6.4829E-01  8.7875E-02  1.3141E+00  1.0000E+00
 8.0650E+03  8.7404E-02  6.4351E-01  8.7896E-02  1.3044E+00  1.0000E+00
 8.1268E+03  8.7429E-02  6.3876E-01  8.7916E-02  1.2948E+00  1.0000E+00
 8.1890E+03  8.7453E-02  6.3404E-01  8.7938E-02  1.2853E+00  1.0000E+00
 8.2518E+03  8.7478E-02  6.2937E-01  8.7959E-02  1.2758E+00  1.0000E+00
 8.3150E+03  8.7503E-02  6.2472E-01  8.7980E-02  1.2665E+00  1.0000E+00
 8.3786E+03  8.7528E-02  6.2011E-01  8.8002E-02  1.2571E+00  1.0000E+00
 8.4428E+03  8.7553E-02  6.1554E-01  8.8024E-02  1.2479E+00  1.0000E+00
 8.5075E+03  8.7579E-02  6.1100E-01  8.8045E-02  1.2387E+00  1.0000E+00
 8.5726E+03  8.7604E-02  6.0649E-01  8.8068E-02  1.2296E+00  1.0000E+00
 8.6383E+03  8.7630E-02  6.0202E-01  8.8090E-02  1.2206E+00  1.0000E+00
 8.7044E+03  8.7656E-02  5.9758E-01  8.8112E-02  1.2116E+00  1.0000E+00
 8.7711E+03  8.7682E-02  5.9318E-01  8.8135E-02  1.2027E+00  1.0000E+00
 8.8383E+03  8.7708E-02  5.8881E-01  8.8158E-02  1.1939E+00  1.0000E+00
 8.9059E+03  8.7734E-02  5.8447E-01  8.8181E-02  1.1851E+00  1.0000E+00
 8.9741E+03  8.7760E-02  5.8016E-01  8.8204E-02  1.1764E+00  1.0000E+00
 9.0429E+03  8.7787E-02  5.7589E-01  8.8227E-02  1.1678E+00  1.0000E+00
 9.1121E+03  8.7814E-02  5.7165E-01  8.8251E-02  1.1592E+00  1.0000E+00
 9.1819E+03  8.7841E-02  5.6744E-01  8.8274E-02  1.1507E+00  1.0000E+00
 9.2522E+03  8.7868E-02  5.6326E-01  8.8298E-02  1.1423E+00  1.0000E+00
 9.3231E+03  8.7895E-02  5.5912E-01  8.8322E-02  1.1339E+00  1.0000E+00
 9.3945E+03  8.7922E-02  5.5500E-01  8.8346E-02  1.1256E+00  1.0000E+00
 9.4664E+03  8.7950E-02  5.5092E-01  8.8371E-02  1.1173E+00  1.0000E+00
 9.5389E+03  8.7977E-02  5.4686E-01  8.8395E-02  1.1092E+00  1.0000E+00
 9.6120E+03  8.8005E-02  5.4284E-01  8.8420E-02  1.1010E+00  1.0000E+00
 9.6856E+03  8.8033E-02  5.3885E-01  8.8445E-02  1.0930E+00  1.0000E+00
 9.7598E+03  8.8062E-02  5.3489E-01  8.8470E-02  1.0850E+00  1.0000E+00
 9.8345E+03  8.8090E-02  5.3095E-01  8.8496E-02  1.0771E+00  1.0000E+00
 9.9098E+03  8.8119E-02  5.2705E-01  8.8521E-02  1.0692E+00  1.0000E+00
 9.9857E+03  8.8147E-02  5.2318E-01  8.8547E-02  1.0614E+00  1.0000E+00
 1.0062E+04  8.8176E-02  5.1933E-01  8.8573E-02  1.0536E+00  1.0000E+00
 1.0139E+04  8.8205E-02  5.1552E-01  8.8599E-02  1.0459E+00  1.0000E+00
 1.0217E+04  8.8235E-02  5.1173E-01  8.8626E-02  1.0383E+00  1.0000E+00
 1.0295E+04  8.8264E-02  5.0797E-01  8.8652E-02  1.0307E+00  1.0000E+00
 1.0374E+04  8.8294E-02  5.0424E-01  8.8679E-02  1.0232E+00  1.0000E+00
 1.0453E+04  8.8324E-02  5.0054E-01  8.8706E-02  1.0157E+00  1.0000E+00
 1.0533E+04  8.8354E-02  4.9687E-01  8.8734E-02  1.0083E+00  1.0000E+00
 1.0614E+04  8.8384E-02  4.9322E-01  8.8761E-02  1.0009E+00  1.0000E+00
 1.0695E+04  8.8414E-02  4.8960E-01  8.8789E-02  9.9363E-01  1.0000E+00
 1.0777E+04  8.8445E-02  4.8601E-01  8.8817E-02  9.8639E-01  1.0000E+00
 1.0860E+04  8.8476E-02  4.8245E-01  8.8845E-02  9.7920E-01  1.0000E+00
 1.0943E+04  8.8507E-02  4.7891E-01  8.8873E-02  9.7207E-01  1.0000E+00
 1.1027E+04  8.8538E-02  4.7540E-01  8.8902E-02  9.6499E-01  1.0000E+00
 1.1111E+04  8.8569E-02  4.7192E-01  8.8930E-02  9.5797E-01  1.0000E+00
 1.1196E+04  8.8601E-02  4.6846E-01  8.8959E-02  9.5100E-01  1.0000E+00
 1.1282E+04  8.8633E-02  4.6503E-01  8.8988E-02  9.4408E-01  1.0000E+00
 1.1369E+04  8.8665E-02  4.6162E-01  8.9018E-02  9.3722E-01  1.0000E+00
 1.1456E+04  8.8697E-02  4.5824E-01  8.9048E-02  9.3040E-01  1.0000E+00
 1.1543E+04  8.8729E-02  4.5488E-01  8.9078E-02  9.2364E-01  1.0000E+00
 1.1632E+04  8.8762E-02  4.5155E-01  8.9108E-02  9.1693E-01  1.0000E+00
 1.1721E+04  8.8795E-02  4.4825E-01  8.9138E-02  9.1027E-01  1.0000E+00
 1.1811E+04  8.8828E-02  4.4497E-01  8.9169E-02  9.0367E-01  1.0000E+00
 1.1901E+04  8.8861E-02  4.4172E-01  8.9199E-02  8.9711E-01  1.0000E+00
 1.1992E+04  8.8895E-02  4.3849E-01  8.9231E-02  8.9060E-01  1.0000E+00
 1.2084E+04  8.8929E-02  4.3528E-01  8.9262E-02  8.8414E-01  1.0000E+00
 1.2177E+04  8.8963E-02  4.3210E-01  8.9294E-02  8.7773E-01  1.0000E+00
 1.2270E+04  8.8997E-02  4.2894E-01  8.9325E-02  8.7137E-01  1.0000E+00
 1.2364E+04  8.9031E-02  4.2581E-01  8.9357E-02  8.6506E-01  1.0000E+00
 1.2458E+04  8.9066E-02  4.2270E-01  8.9390E-02  8.5880E-01  1.0000E+00
 1.2554E+04  8.9101E-02  4.1961E-01  8.9422E-02  8.5258E-01  1.0000E+00
 1.2650E+04  8.9136E-02  4.1655E-01  8.9455E-02  8.4641E-01  1.0000E+00
 1.2747E+04  8.9172E-02  4.1351E-01  8.9488E-02  8.4029E-01  1.0000E+00
 1.2845E+04  8.9207E-02  4.1049E-01  8.9522E-02  8.3421E-01  1.0000E+00
 1.2943E+04  8.9243E-02  4.0749E-01  8.9555E-02  8.2819E-01  1.0000E+00
 1.3042E+04  8.9279E-02  4.0452E-01  8.9589E-02  8.2220E-01  1.0000E+00
 1.3142E+04  8.9316E-02  4.0157E-01  8.9623E-02  8.1626E-01  1.0000E+00
 1.3243E+04  8.9352E-02  3.9864E-01  8.9658E-02  8.1037E-01  1.0000E+00
 1.3344E+04  8.9389E-02  3.9574E-01  8.9692E-02  8.0452E-01  1.0000E+00
 1.3446E+04  8.9426E-02  3.9286E-01  8.9727E-02  7.9872E-01  1.0000E+00
 1.3549E+04  8.9464E-02  3.8999E-01  8.9763E-02  7.9296E-01  1.0000E+00
 1.3653E+04  8.9502E-02  3.8715E-01  8.9798E-02  7.8725E-01  1.0000E+00
 1.3757E+04  8.9539E-02  3.8434E-01  8.9834E-02  7.8157E-01  1.0000E+00
 1.3863E+04  8.9578E-02  3.8154E-01  8.9870E-02  7.7595E-01  1.0000E+00
 1.3969E+04  8.9616E-02  3.7876E-01  8.9906E-02  7.7036E-01  1.0000E+00
 1.4076E+04  8.9655E-02  3.7601E-01  8.9943E-02  7.6482E-01  1.0000E+00
 1.4184E+04  8.9694E-02  3.7327E-01  8.9980E-02  7.5932E-01  1.0000E+00
 1.4292E+04  8.9733E-02  3.7056E-01  9.0017E-02  7.5386E-01  1.0000E+00
 1.4402E+04  8.9773E-02  3.6787E-01  9.0055E-02  7.4844E-01  1.0000E+00
 1.4512E+04  8.9813E-02  3.6519E-01  9.0093E-02  7.4306E-01  1.0000E+00
 1.4623E+04  8.9853E-02  3.6254E-01  9.0131E-02  7.3773E-01  1.0000E+00
 1.4735E+04  8.9893E-02  3.5991E-01  9.0169E-02  7.3243E-01  1.0000E+00
 1.4848E+04  8.9934E-02  3.5730E-01  9.0208E-02  7.2718E-01  1.0000E+00
 1.4962E+04  8.9975E-02  3.5470E-01  9.0247E-02  7.2196E-01  1.0000E+00
 1.5076E+04  9.0016E-02  3.5213E-01  9.0286E-02  7.1679E-01  1.0000E+00
 1.5192E+04  9.0058E-02  3.4958E-01  9.0326E-02  7.1165E-01  1.0000E+00
 1.5308E+04  9.0099E-02  3.4704E-01  9.0366E-02  7.0656E-01  1.0000E+00
 1.5425E+04  9.0142E-02  3.4453E-01  9.0406E-02  7.0150E-01  1.0000E+00
 1.5544E+04  9.0184E-02  3.4203E-01  9.0447E-02  6.9648E-01  1.0000E+00
 1.5663E+04  9.0227E-02  3.3955E-01  9.0487E-02  6.9150E-01  1.0000E+00
 1.5783E+04  9.0270E-02  3.3710E-01  9.0529E-02  6.8656E-01  1.0000E+00
 1.5903E+04  9.0313E-02  3.3465E-01  9.0570E-02  6.8165E-01  1.0000E+00
 1.6025E+04  9.0357E-02  3.3223E-01  9.0612E-02  6.7678E-01  1.0000E+00
 1.6148E+04  9.0401E-02  3.2983E-01  9.0654E-02  6.7195E-01  1.0000E+00
 1.6272E+04  9.0445E-02  3.2744E-01  9.0697E-02  6.6716E-01  1.0000E+00
 1.6396E+04  9.0490E-02  3.2508E-01  9.0740E-02  6.6240E-01  1.0000E+00
 1.6522E+04  9.0535E-02  3.2273E-01  9.0783E-02  6.5768E-01  1.0000E+00
 1.6648E+04  9.0580E-02  3.2040E-01  9.0826E-02  6.5300E-01  1.0000E+00
 1.6776E+04  9.0626E-02  3.1808E-01  9.0870E-02  6.4835E-01  1.0000E+00
 1.6904E+04  9.0672E-02  3.1579E-01  9.0915E-02  6.4373E-01  1.0000E+00
 1.7034E+04  9.0718E-02  3.1351E-01  9.0959E-02  6.3915E-01  1.0000E+00
 1.7164E+04  9.0765E-02  3.1125E-01  9.1004E-02  6.3461E-01  1.0000E+00
 1.7296E+04  9.0812E-02  3.0900E-01  9.1049E-02  6.3010E-01  1.0000E+00
 1.7428E+04  9.0859E-02  3.0677E-01  9.1095E-02  6.2562E-01  1.0000E+00
 1.7562E+04  9.0907E-02  3.0456E-01  9.1141E-02  6.2118E-01  1.0000E+00
 1.7696E+04  9.0955E-02  3.0237E-01  9.1188E-02  6.1678E-01  1.0000E+00
 1.7832E+04  9.1004E-02  3.0019E-01  9.1234E-02  6.1240E-01  1.0000E+00
 1.7968E+04  9.1052E-02  2.9803E-01  9.1281E-02  6.0806E-01  1.0000E+00
 1.8106E+04  9.1101E-02  2.9589E-01  9.1329E-02  6.0375E-01  1.0000E+00
 1.8244E+04  9.1151E-02  2.9376E-01  9.1377E-02  5.9948E-01  1.0000E+00
 1.8384E+04  9.1201E-02  2.9164E-01  9.1425E-02  5.9524E-01  1.0000E+00
 1.8525E+04  9.1251E-02  2.8955E-01  9.1474E-02  5.9103E-01  1.0000E+00
 1.8667E+04  9.1302E-02  2.8747E-01  9.1523E-02  5.8685E-01  1.0000E+00
 1.8810E+04  9.1353E-02  2.8540E-01  9.1572E-02  5.8270E-01  1.0000E+00
 1.8954E+04  9.1404E-02  2.8335E-01  9.1622E-02  5.7859E-01  1.0000E+00
 1.9099E+04  9.1456E-02  2.8132E-01  9.1672E-02  5.7451E-01  1.0000E+00
 1.9245E+04  9.1508E-02  2.7930E-01  9.1723E-02  5.7046E-01  1.0000E+00
 1.9393E+04  9.1560E-02  2.7730E-01  9.1774E-02  5.6644E-01  1.0000E+00
 1.9541E+04  9.1613E-02  2.7531E-01  9.1825E-02  5.6245E-01  1.0000E+00
 1.9691E+04  9.1666E-02  2.7334E-01  9.1877E-02  5.5849E-01  1.0000E+00
 1.9842E+04  9.1720E-02  2.7138E-01  9.1929E-02  5.5456E-01  1.0000E+00
 1.9994E+04  9.1774E-02  2.6944E-01  9.1982E-02  5.5066E-01  1.0000E+00
 2.0147E+04  9.1829E-02  2.6751E-01  9.2035E-02  5.4679E-01  1.0000E+00
 2.0301E+04  9.1884E-02  2.6560E-01  9.2088E-02  5.4295E-01  1.0000E+00
 2.0456E+04  9.1939E-02  2.6370E-01  9.2142E-02  5.3914E-01  1.0000E+00
 2.0613E+04  9.1995E-02  2.6181E-01  9.2197E-02  5.3535E-01  1.0000E+00
 2.0771E+04  9.2051E-02  2.5994E-01  9.2251E-02  5.3160E-01  1.0000E+00
 2.0930E+04  9.2108E-02  2.5809E-01  9.2307E-02  5.2788E-01  1.0000E+00
 2.1090E+04  9.2165E-02  2.5624E-01  9.2362E-02  5.2418E-01  1.0000E+00
 2.1252E+04  9.2222E-02  2.5441E-01  9.2418E-02  5.2051E-01  1.0000E+00
 2.1415E+04  9.2280E-02  2.5260E-01  9.2475E-02  5.1687E-01  1.0000E+00
 2.1579E+04  9.2338E-02  2.5080E-01  9.2532E-02  5.1326E-01  1.0000E+00
 2.1744E+04  9.2397E-02  2.4901E-01  9.2589E-02  5.0967E-01  1.0000E+00
 2.1910E+04  9.2456E-02  2.4724E-01  9.2647E-02  5.0612E-01  1.0000E+00
 2.2078E+04  9.2516E-02  2.4548E-01  9.2705E-02  5.0259E-01  1.0000E+00
 2.2247E+04  9.2576E-02  2.4373E-01  9.2764E-02  4.9908E-01  1.0000E+00
 2.2418E+04  9.2637E-02  2.4200E-01  9.2824E-02  4.9561E-01  1.0000E+00
 2.2589E+04  9.2698E-02  2.4028E-01  9.2883E-02  4.9216E-01  1.0000E+00
 2.2762E+04  9.2759E-02  2.3857E-01  9.2944E-02  4.8873E-01  1.0000E+00
 2.2937E+04  9.2821E-02  2.3688E-01  9.3004E-02  4.8534E-01  1.0000E+00
 2.3112E+04  9.2884E-02  2.3519E-01  9.3065E-02  4.8196E-01  1.0000E+00
 2.3289E+04  9.2947E-02  2.3353E-01  9.3127E-02  4.7862E-01  1.0000E+00
 2.3468E+04  9.3010E-02  2.3187E-01  9.3189E-02  4.7530E-01  1.0000E+00
 2.3647E+04  9.3074E-02  2.3023E-01  9.3252E-02  4.7200E-01  1.0000E+00
 2.3829E+04  9.3139E-02  2.2859E-01  9.3315E-02  4.6873E-01  1.0000E+00
 2.4011E+04  9.3203E-02  2.2698E-01  9.3379E-02  4.6549E-01  1.0000E+00
 2.4195E+04  9.3269E-02  2.2537E-01  9.3443E-02  4.6227E-01  1.0000E+00
 2.4380E+04  9.3335E-02  2.2377E-01  9.3508E-02  4.5907E-01  1.0000E+00
 2.4567E+04  9.3401E-02  2.2219E-01  9.3573E-02  4.5590E-01  1.0000E+00
 2.4755E+04  9.3468E-02  2.2062E-01  9.3639E-02  4.5275E-01  1.0000E+00
 2.4945E+04  9.3536E-02  2.1906E-01  9.3705E-02  4.4963E-01  1.0000E+00
 2.5136E+04  9.3604E-02  2.1752E-01  9.3772E-02  4.4653E-01  1.0000E+00
 2.5328E+04  9.3672E-02  2.1598E-01  9.3839E-02  4.4346E-01  1.0000E+00
 2.5522E+04  9.3741E-02  2.1446E-01  9.3907E-02  4.4040E-01  1.0000E+00
 2.5718E+04  9.3811E-02  2.1295E-01  9.3976E-02  4.3738E-01  1.0000E+00
 2.5915E+04  9.3881E-02  2.1145E-01  9.4045E-02  4.3437E-01  1.0000E+00
 2.6113E+04  9.3952E-02  2.0996E-01  9.4114E-02  4.3139E-01  1.0000E+00
 2.6313E+04  9.4023E-02  2.0848E-01  9.4184E-02  4.2843E-01  1.0000E+00
 2.6515E+04  9.4095E-02  2.0701E-01  9.4255E-02  4.2549E-01  1.0000E+00
 2.6718E+04  9.4167E-02  2.0556E-01  9.4326E-02  4.2258E-01  1.0000E+00
 2.6922E+04  9.4240E-02  2.0411E-01  9.4398E-02  4.1968E-01  1.0000E+00
 2.7128E+04  9.4313E-02  2.0268E-01  9.4470E-02  4.1681E-01  1.0000E+00
 2.7336E+04  9.4387E-02  2.0126E-01  9.4543E-02  4.1397E-01  1.0000E+00
 2.7545E+04  9.4462E-02  1.9985E-01  9.4617E-02  4.1114E-01  1.0000E+00
 2.7756E+04  9.4537E-02  1.9845E-01  9.4691E-02  4.0833E-01  1.0000E+00
 2.7969E+04  9.4613E-02  1.9706E-01  9.4766E-02  4.0555E-01  1.0000E+00
 2.8183E+04  9.4689E-02  1.9568E-01  9.4841E-02  4.0279E-01  1.0000E+00
 2.8399E+04  9.4766E-02  1.9431E-01  9.4917E-02  4.0005E-01  1.0000E+00
 2.8617E+04  9.4844E-02  1.9295E-01  9.4993E-02  3.9733E-01  1.0000E+00
 2.8836E+04  9.4922E-02  1.9160E-01  9.5071E-02  3.9463E-01  1.0000E+00
 2.9056E+04  9.5001E-02  1.9026E-01  9.5148E-02  3.9195E-01  1.0000E+00
 2.9279E+04  9.5080E-02  1.8893E-01  9.5227E-02  3.8929E-01  1.0000E+00
 2.9503E+04  9.5160E-02  1.8762E-01  9.5306E-02  3.8665E-01  1.0000E+00
 2.9729E+04  9.5241E-02  1.8631E-01  9.5386E-02  3.8403E-01  1.0000E+00
 2.9957E+04  9.5322E-02  1.8501E-01  9.5466E-02  3.8144E-01  1.0000E+00
 3.0186E+04  9.5404E-02  1.8372E-01  9.5547E-02  3.7886E-01  1.0000E+00
 3.0417E+04  9.5487E-02  1.8244E-01  9.5629E-02  3.7630E-01  1.0000E+00
 3.0650E+04  9.5570E-02  1.8117E-01  9.5711E-02  3.7376E-01  1.0000E+00
 3.0885E+04  9.5654E-02  1.7991E-01  9.5794E-02  3.7124E-01  1.0000E+00
 3.1122E+04  9.5739E-02  1.7866E-01  9.5878E-02  3.6874E-01  1.0000E+00
 3.1360E+04  9.5824E-02  1.7742E-01  9.5962E-02  3.6626E-01  1.0000E+00
 3.1600E+04  9.5910E-02  1.7619E-01  9.6047E-02  3.6380E-01  1.0000E+00
 3.1842E+04  9.5996E-02  1.7497E-01  9.6133E-02  3.6136E-01  1.0000E+00
 3.2086E+04  9.6084E-02  1.7376E-01  9.6219E-02  3.5893E-01  1.0000E+00
 3.2332E+04  9.6172E-02  1.7256E-01  9.6306E-02  3.5653E-01  1.0000E+00
 3.2579E+04  9.6260E-02  1.7136E-01  9.6394E-02  3.5414E-01  1.0000E+00
 3.2829E+04  9.6350E-02  1.7018E-01  9.6482E-02  3.5177E-01  1.0000E+00
 3.3080E+04  9.6440E-02  1.6900E-01  9.6572E-02  3.4942E-01  1.0000E+00
 3.3334E+04  9.6531E-02  1.6784E-01  9.6662E-02  3.4709E-01  1.0000E+00
 3.3589E+04  9.6622E-02  1.6668E-01  9.6752E-02  3.4478E-01  1.0000E+00
 3.3846E+04  9.6715E-02  1.6553E-01  9.6844E-02  3.4248E-01  1.0000E+00
 3.4105E+04  9.6808E-02  1.6439E-01  9.6936E-02  3.4020E-01  1.0000E+00
 3.4367E+04  9.6901E-02  1.6326E-01  9.7029E-02  3.3794E-01  1.0000E+00
 3.4630E+04  9.6996E-02  1.6213E-01  9.7122E-02  3.3569E-01  1.0000E+00
 3.4895E+04  9.7091E-02  1.6102E-01  9.7217E-02  3.3346E-01  1.0000E+00
 3.5162E+04  9.7187E-02  1.5991E-01  9.7312E-02  3.3125E-01  1.0000E+00
 3.5431E+04  9.7284E-02  1.5882E-01  9.7408E-02  3.2906E-01  1.0000E+00
 3.5703E+04  9.7382E-02  1.5773E-01  9.7505E-02  3.2688E-01  1.0000E+00
 3.5976E+04  9.7480E-02  1.5665E-01  9.7602E-02  3.2472E-01  1.0000E+00
 3.6252E+04  9.7579E-02  1.5557E-01  9.7701E-02  3.2258E-01  1.0000E+00
 3.6529E+04  9.7679E-02  1.5451E-01  9.7800E-02  3.2045E-01  1.0000E+00
 3.6809E+04  9.7780E-02  1.5345E-01  9.7900E-02  3.1834E-01  1.0000E+00
 3.7091E+04  9.7881E-02  1.5240E-01  9.8001E-02  3.1625E-01  1.0000E+00
 3.7375E+04  9.7984E-02  1.5136E-01  9.8102E-02  3.1417E-01  1.0000E+00
 3.7661E+04  9.8087E-02  1.5033E-01  9.8205E-02  3.1211E-01  1.0000E+00
 3.7950E+04  9.8191E-02  1.4930E-01  9.8308E-02  3.1006E-01  1.0000E+00
 3.8240E+04  9.8296E-02  1.4829E-01  9.8412E-02  3.0803E-01  1.0000E+00
 3.8533E+04  9.8402E-02  1.4728E-01  9.8517E-02  3.0602E-01  1.0000E+00
 3.8828E+04  9.8508E-02  1.4628E-01  9.8623E-02  3.0402E-01  1.0000E+00
 3.9126E+04  9.8616E-02  1.4528E-01  9.8730E-02  3.0203E-01  1.0000E+00
 3.9425E+04  9.8724E-02  1.4430E-01  9.8837E-02  3.0007E-01  1.0000E+00
 3.9727E+04  9.8833E-02  1.4332E-01  9.8946E-02  2.9811E-01  1.0000E+00
 4.0032E+04  9.8943E-02  1.4234E-01  9.9055E-02  2.9617E-01  1.0000E+00
 4.0338E+04  9.9054E-02  1.4138E-01  9.9165E-02  2.9425E-01  1.0000E+00
 4.0647E+04  9.9166E-02  1.4042E-01  9.9276E-02  2.9234E-01  1.0000E+00
 4.0958E+04  9.9279E-02  1.3947E-01  9.9388E-02  2.9045E-01  1.0000E+00
 4.1272E+04  9.9393E-02  1.3853E-01  9.9501E-02  2.8857E-01  1.0000E+00
 4.1588E+04  9.9507E-02  1.3760E-01  9.9615E-02  2.8670E-01  1.0000E+00
 4.1907E+04  9.9623E-02  1.3667E-01  9.9730E-02  2.8485E-01  1.0000E+00
 4.2228E+04  9.9739E-02  1.3575E-01  9.9846E-02  2.8301E-01  1.0000E+00
 4.2551E+04  9.9857E-02  1.3483E-01  9.9963E-02  2.8119E-01  1.0000E+00
 4.2877E+04  9.9975E-02  1.3393E-01  1.0008E-01  2.7938E-01  1.0000E+00
 4.3205E+04  1.0009E-01  1.3303E-01  1.0020E-01  2.7759E-01  1.0000E+00
 4.3536E+04  1.0022E-01  1.3213E-01  1.0032E-01  2.7581E-01  1.0000E+00
 4.3869E+04  1.0034E-01  1.3125E-01  1.0044E-01  2.7404E-01  1.0000E+00
 4.4205E+04  1.0046E-01  1.3037E-01  1.0056E-01  2.7229E-01  1.0000E+00
 4.4544E+04  1.0058E-01  1.2949E-01  1.0068E-01  2.7055E-01  1.0000E+00
 4.4885E+04  1.0071E-01  1.2863E-01  1.0081E-01  2.6882E-01  1.0000E+00
 4.5229E+04  1.0083E-01  1.2777E-01  1.0093E-01  2.6711E-01  1.0000E+00
 4.5575E+04  1.0096E-01  1.2691E-01  1.0106E-01  2.6541E-01  1.0000E+00
 4.5924E+04  1.0109E-01  1.2607E-01  1.0118E-01  2.6372E-01  1.0000E+00
 4.6276E+04  1.0121E-01  1.2523E-01  1.0131E-01  2.6205E-01  1.0000E+00
 4.6630E+04  1.0134E-01  1.2439E-01  1.0144E-01  2.6039E-01  1.0000E+00
 4.6987E+04  1.0147E-01  1.2356E-01  1.0157E-01  2.5874E-01  1.0000E+00
 4.7347E+04  1.0161E-01  1.2274E-01  1.0170E-01  2.5710E-01  1.0000E+00
 4.7710E+04  1.0174E-01  1.2193E-01  1.0183E-01  2.5548E-01  1.0000E+00
 4.8075E+04  1.0187E-01  1.2112E-01  1.0197E-01  2.5387E-01  1.0000E+00
 4.8443E+04  1.0201E-01  1.2032E-01  1.0210E-01  2.5227E-01  1.0000E+00
 4.8814E+04  1.0214E-01  1.1952E-01  1.0224E-01  2.5069E-01  1.0000E+00
 4.9188E+04  1.0228E-01  1.1873E-01  1.0237E-01  2.4912E-01  1.0000E+00
 4.9565E+04  1.0242E-01  1.1795E-01  1.0251E-01  2.4756E-01  1.0000E+00
 4.9945E+04  1.0256E-01  1.1717E-01  1.0265E-01  2.4601E-01  1.0000E+00
 5.0327E+04  1.0270E-01  1.1639E-01  1.0279E-01  2.4447E-01  1.0000E+00
 5.0713E+04  1.0284E-01  1.1563E-01  1.0293E-01  2.4295E-01  1.0000E+00
 5.1101E+04  1.0298E-01  1.1487E-01  1.0307E-01  2.4143E-01  1.0000E+00
 5.1492E+04  1.0313E-01  1.1411E-01  1.0322E-01  2.3993E-01  1.0000E+00
 5.1887E+04  1.0327E-01  1.1336E-01  1.0336E-01  2.3844E-01  1.0000E+00
 5.2284E+04  1.0342E-01  1.1262E-01  1.0351E-01  2.3696E-01  1.0000E+00
 5.2684E+04  1.0357E-01  1.1188E-01  1.0366E-01  2.3550E-01  1.0000E+00
 5.3088E+04  1.0372E-01  1.1115E-01  1.0380E-01  2.3404E-01  1.0000E+00
 5.3494E+04  1.0387E-01  1.1042E-01  1.0395E-01  2.3260E-01  1.0000E+00
 5.3904E+04  1.0402E-01  1.0970E-01  1.0411E-01  2.3117E-01  1.0000E+00
 5.4317E+04  1.0417E-01  1.0898E-01  1.0426E-01  2.2974E-01  1.0000E+00
 5.4733E+04  1.0432E-01  1.0827E-01  1.0441E-01  2.2833E-01  1.0000E+00
 5.5152E+04  1.0448E-01  1.0757E-01  1.0457E-01  2.2693E-01  1.0000E+00
 5.5574E+04  1.0464E-01  1.0687E-01  1.0472E-01  2.2555E-01  1.0000E+00
 5.6000E+04  1.0479E-01  1.0618E-01  1.0488E-01  2.2417E-01  1.0000E+00
 5.6429E+04  1.0495E-01  1.0549E-01  1.0504E-01  2.2280E-01  1.0000E+00
 5.6861E+04  1.0511E-01  1.0480E-01  1.0520E-01  2.2144E-01  1.0000E+00
 5.7297E+04  1.0528E-01  1.0413E-01  1.0536E-01  2.2010E-01  1.0000E+00
 5.7735E+04  1.0544E-01  1.0345E-01  1.0552E-01  2.1876E-01  1.0000E+00
 5.8177E+04  1.0560E-01  1.0278E-01  1.0569E-01  2.1744E-01  1.0000E+00
 5.8623E+04  1.0577E-01  1.0212E-01  1.0585E-01  2.1612E-01  1.0000E+00
 5.9072E+04  1.0594E-01  1.0146E-01  1.0602E-01  2.1482E-01  1.0000E+00
 5.9524E+04  1.0611E-01  1.0081E-01  1.0619E-01  2.1353E-01  1.0000E+00
 5.9980E+04  1.0628E-01  1.0016E-01  1.0636E-01  2.1224E-01  1.0000E+00
 6.0440E+04  1.0645E-01  9.9520E-02  1.0653E-01  2.1097E-01  1.0000E+00
 6.0902E+04  1.0662E-01  9.8882E-02  1.0670E-01  2.0970E-01  1.0000E+00
 6.1369E+04  1.0680E-01  9.8248E-02  1.0687E-01  2.0845E-01  1.0000E+00
 6.1839E+04  1.0697E-01  9.7620E-02  1.0705E-01  2.0720E-01  1.0000E+00
 6.2312E+04  1.0715E-01  9.6997E-02  1.0723E-01  2.0597E-01  1.0000E+00
 6.2790E+04  1.0733E-01  9.6378E-02  1.0741E-01  2.0474E-01  1.0000E+00
 6.3270E+04  1.0751E-01  9.5764E-02  1.0759E-01  2.0353E-01  1.0000E+00
 6.3755E+04  1.0769E-01  9.5154E-02  1.0777E-01  2.0232E-01  1.0000E+00
 6.4243E+04  1.0788E-01  9.4550E-02  1.0795E-01  2.0113E-01  1.0000E+00
 6.4735E+04  1.0806E-01  9.3950E-02  1.0814E-01  1.9994E-01  1.0000E+00
 6.5231E+04  1.0825E-01  9.3354E-02  1.0832E-01  1.9876E-01  1.0000E+00
 6.5731E+04  1.0844E-01  9.2763E-02  1.0851E-01  1.9759E-01  1.0000E+00
 6.6234E+04  1.0863E-01  9.2177E-02  1.0870E-01  1.9643E-01  1.0000E+00
 6.6741E+04  1.0882E-01  9.1595E-02  1.0889E-01  1.9528E-01  1.0000E+00
 6.7252E+04  1.0901E-01  9.1017E-02  1.0908E-01  1.9414E-01  1.0000E+00
 6.7767E+04  1.0921E-01  9.0444E-02  1.0928E-01  1.9301E-01  1.0000E+00
 6.8286E+04  1.0940E-01  8.9876E-02  1.0947E-01  1.9189E-01  1.0000E+00
 6.8809E+04  1.0960E-01  8.9311E-02  1.0967E-01  1.9077E-01  1.0000E+00
 6.9336E+04  1.0980E-01  8.8751E-02  1.0987E-01  1.8967E-01  1.0000E+00
 6.9867E+04  1.1000E-01  8.8196E-02  1.1007E-01  1.8857E-01  1.0000E+00
 7.0402E+04  1.1020E-01  8.7644E-02  1.1028E-01  1.8748E-01  1.0000E+00
 7.0942E+04  1.1041E-01  8.7097E-02  1.1048E-01  1.8640E-01  1.0000E+00
 7.1485E+04  1.1062E-01  8.6554E-02  1.1069E-01  1.8533E-01  1.0000E+00
 7.2032E+04  1.1082E-01  8.6015E-02  1.1089E-01  1.8427E-01  1.0000E+00
 7.2584E+04  1.1104E-01  8.5480E-02  1.1110E-01  1.8322E-01  1.0000E+00
 7.3140E+04  1.1125E-01  8.4949E-02  1.1132E-01  1.8217E-01  1.0000E+00
 7.3700E+04  1.1146E-01  8.4423E-02  1.1153E-01  1.8113E-01  1.0000E+00
 7.4264E+04  1.1168E-01  8.3900E-02  1.1174E-01  1.8010E-01  1.0000E+00
 7.4833E+04  1.1189E-01  8.3381E-02  1.1196E-01  1.7908E-01  1.0000E+00
 7.5406E+04  1.1211E-01  8.2867E-02  1.1218E-01  1.7807E-01  1.0000E+00
 7.5984E+04  1.1234E-01  8.2356E-02  1.1240E-01  1.7706E-01  1.0000E+00
 7.6566E+04  1.1256E-01  8.1849E-02  1.1263E-01  1.7607E-01  1.0000E+00
 7.7152E+04  1.1278E-01  8.1346E-02  1.1285E-01  1.7508E-01  1.0000E+00
 7.7743E+04  1.1301E-01  8.0847E-02  1.1308E-01  1.7409E-01  1.0000E+00
 7.8338E+04  1.1324E-01  8.0352E-02  1.1331E-01  1.7312E-01  1.0000E+00
 7.8938E+04  1.1347E-01  7.9860E-02  1.1354E-01  1.7216E-01  1.0000E+00
 7.9543E+04  1.1371E-01  7.9373E-02  1.1377E-01  1.7120E-01  1.0000E+00
 8.0152E+04  1.1394E-01  7.8889E-02  1.1400E-01  1.7025E-01  1.0000E+00
 8.0766E+04  1.1418E-01  7.8409E-02  1.1424E-01  1.6930E-01  1.0000E+00
 8.1384E+04  1.1442E-01  7.7932E-02  1.1448E-01  1.6837E-01  1.0000E+00
 8.2008E+04  1.1466E-01  7.7459E-02  1.1472E-01  1.6744E-01  1.0000E+00
 8.2636E+04  1.1490E-01  7.6990E-02  1.1496E-01  1.6652E-01  1.0000E+00
 8.3268E+04  1.1515E-01  7.6524E-02  1.1521E-01  1.6561E-01  1.0000E+00
 8.3906E+04  1.1539E-01  7.6062E-02  1.1546E-01  1.6470E-01  1.0000E+00
 8.4549E+04  1.1564E-01  7.5604E-02  1.1571E-01  1.6380E-01  1.0000E+00
 8.5196E+04  1.1590E-01  7.5149E-02  1.1596E-01  1.6291E-01  1.0000E+00
 8.5849E+04  1.1615E-01  7.4697E-02  1.1621E-01  1.6203E-01  1.0000E+00
 8.6506E+04  1.1641E-01  7.4249E-02  1.1647E-01  1.6115E-01  1.0000E+00
 8.7169E+04  1.1667E-01  7.3804E-02  1.1673E-01  1.6028E-01  1.0000E+00
 8.7836E+04  1.1693E-01  7.3363E-02  1.1699E-01  1.5942E-01  1.0000E+00
 8.8509E+04  1.1719E-01  7.2925E-02  1.1725E-01  1.5856E-01  1.0000E+00
 8.9187E+04  1.1746E-01  7.2491E-02  1.1752E-01  1.5771E-01  1.0000E+00
 8.9870E+04  1.1772E-01  7.2060E-02  1.1778E-01  1.5687E-01  1.0000E+00
 9.0558E+04  1.1799E-01  7.1632E-02  1.1805E-01  1.5604E-01  1.0000E+00
 9.1252E+04  1.1827E-01  7.1207E-02  1.1833E-01  1.5521E-01  1.0000E+00
 9.1950E+04  1.1854E-01  7.0786E-02  1.1860E-01  1.5439E-01  1.0000E+00
 9.2655E+04  1.1882E-01  7.0368E-02  1.1888E-01  1.5357E-01  1.0000E+00
 9.3364E+04  1.1910E-01  6.9953E-02  1.1916E-01  1.5276E-01  1.0000E+00
 9.4079E+04  1.1938E-01  6.9542E-02  1.1944E-01  1.5196E-01  1.0000E+00
 9.4800E+04  1.1967E-01  6.9133E-02  1.1972E-01  1.5116E-01  1.0000E+00
 9.5526E+04  1.1995E-01  6.8728E-02  1.2001E-01  1.5037E-01  1.0000E+00
 9.6257E+04  1.2024E-01  6.8326E-02  1.2030E-01  1.4959E-01  1.0000E+00
 9.6994E+04  1.2054E-01  6.7927E-02  1.2059E-01  1.4882E-01  1.0000E+00
 9.7737E+04  1.2083E-01  6.7531E-02  1.2089E-01  1.4805E-01  1.0000E+00
 9.8486E+04  1.2113E-01  6.7138E-02  1.2119E-01  1.4728E-01  1.0000E+00
 9.9240E+04  1.2143E-01  6.6748E-02  1.2149E-01  1.4652E-01  1.0000E+00
 1.0000E+05  1.2173E-01  6.6361E-02  1.2179E-01  1.4577E-01  1.0000E+00


