#     0	 1	    1	 3	 5.8497E+02	 1000	1
 4.8978E+01  0.0000E+00  0.0000E+00  0.0000E+00  0.0000E+00  0.0000E+00
 4.9353E+01  0.0000E+00  0.0000E+00  0.0000E+00  0.0000E+00  0.0000E+00
 4.9731E+01  0.0000E+00  0.0000E+00  0.0000E+00  0.0000E+00  0.0000E+00
 5.0112E+01  0.0000E+00  0.0000E+00  0.0000E+00  0.0000E+00  0.0000E+00
 5.0496E+01  0.0000E+00  0.0000E+00  0.0000E+00  0.0000E+00  0.0000E+00
 5.0882E+01  0.0000E+00  0.0000E+00  0.0000E+00  0.0000E+00  0.0000E+00
 5.1272E+01  0.0000E+00  0.0000E+00  0.0000E+00  0.0000E+00  0.0000E+00
 5.1665E+01  0.0000E+00  0.0000E+00  0.0000E+00  0.0000E+00  0.0000E+00
 5.2060E+01  0.0000E+00  0.0000E+00  0.0000E+00  0.0000E+00  0.0000E+00
 5.2459E+01  0.0000E+00  0.0000E+00  0.0000E+00  0.0000E+00  0.0000E+00
 5.2861E+01  0.0000E+00  0.0000E+00  0.0000E+00  0.0000E+00  0.0000E+00
 5.3266E+01  0.0000E+00  0.0000E+00  0.0000E+00  0.0000E+00  0.0000E+00
 5.3673E+01  0.0000E+00  0.0000E+00  0.0000E+00  0.0000E+00  0.0000E+00
 5.4085E+01  0.0000E+00  0.0000E+00  0.0000E+00  0.0000E+00  0.0000E+00
 5.4499E+01  0.0000E+00  0.0000E+00  0.0000E+00  0.0000E+00  0.0000E+00
 5.4916E+01  0.0000E+00  0.0000E+00  0.0000E+00  0.0000E+00  0.0000E+00
 5.5337E+01  0.0000E+00  0.0000E+00  0.0000E+00  0.0000E+00  0.0000E+00
 5.5760E+01  0.0000E+00  0.0000E+00  0.0000E+00  0.0000E+00  0.0000E+00
 5.6187E+01  0.0000E+00  0.0000E+00  0.0000E+00  0.0000E+00  0.0000E+00
 5.6618E+01  0.0000E+00  0.0000E+00  0.0000E+00  0.0000E+00  0.0000E+00
 5.7051E+01  0.0000E+00  0.0000E+00  0.0000E+00  0.0000E+00  0.0000E+00
 5.7488E+01  0.0000E+00  0.0000E+00  0.0000E+00  0.0000E+00  0.0000E+00
 5.7929E+01  0.0000E+00  0.0000E+00  0.0000E+00  0.0000E+00  0.0000E+00
 5.8372E+01  0.0000E+00  0.0000E+00  0.0000E+00  0.0000E+00  0.0000E+00
 5.8819E+01  0.0000E+00  0.0000E+00  0.0000E+00  0.0000E+00  0.0000E+00
 5.9270E+01  0.0000E+00  0.0000E+00  0.0000E+00  0.0000E+00  0.0000E+00
 5.9724E+01  0.0000E+00  0.0000E+00  0.0000E+00  0.0000E+00  0.0000E+00
 6.0181E+01  0.0000E+00  0.0000E+00  0.0000E+00  0.0000E+00  0.0000E+00
 6.0642E+01  0.0000E+00  0.0000E+00  0.0000E+00  0.0000E+00  0.0000E+00
 6.1106E+01  0.0000E+00  0.0000E+00  0.0000E+00  0.0000E+00  0.0000E+00
 6.1574E+01  0.0000E+00  0.0000E+00  0.0000E+00  0.0000E+00  0.0000E+00
 6.2046E+01  0.0000E+00  0.0000E+00  0.0000E+00  0.0000E+00  0.0000E+00
 6.2521E+01  0.0000E+00  0.0000E+00  0.0000E+00  0.0000E+00  0.0000E+00
 6.3000E+01  0.0000E+00  0.0000E+00  0.0000E+00  0.0000E+00  0.0000E+00
 6.3482E+01  0.0000E+00  0.0000E+00  0.0000E+00  0.0000E+00  0.0000E+00
 6.3968E+01  0.0000E+00  0.0000E+00  0.0000E+00  0.0000E+00  0.0000E+00
 6.4458E+01  0.0000E+00  0.0000E+00  0.0000E+00  0.0000E+00  0.0000E+00
 6.4952E+01  0.0000E+00  0.0000E+00  0.0000E+00  0.0000E+00  0.0000E+00
 6.5449E+01  0.0000E+00  0.0000E+00  0.0000E+00  0.0000E+00  0.0000E+00
 6.5951E+01  0.0000E+00  0.0000E+00  0.0000E+00  0.0000E+00  0.0000E+00
 6.6456E+01  0.0000E+00  0.0000E+00  0.0000E+00  0.0000E+00  0.0000E+00
 6.6965E+01  0.0000E+00  0.0000E+00  0.0000E+00  0.0000E+00  0.0000E+00
 6.7478E+01  0.0000E+00  0.0000E+00  0.0000E+00  0.0000E+00  0.0000E+00
 6.7994E+01  0.0000E+00  0.0000E+00  0.0000E+00  0.0000E+00  0.0000E+00
 6.8515E+01  0.0000E+00  0.0000E+00  0.0000E+00  0.0000E+00  0.0000E+00
 6.9040E+01  0.0000E+00  0.0000E+00  0.0000E+00  0.0000E+00  0.0000E+00
 6.9568E+01  0.0000E+00  0.0000E+00  0.0000E+00  0.0000E+00  0.0000E+00
 7.0101E+01  0.0000E+00  0.0000E+00  0.0000E+00  0.0000E+00  0.0000E+00
 7.0638E+01  0.0000E+00  0.0000E+00  0.0000E+00  0.0000E+00  0.0000E+00
 7.1179E+01  0.0000E+00  0.0000E+00  0.0000E+00  0.0000E+00  0.0000E+00
 7.1724E+01  0.0000E+00  0.0000E+00  0.0000E+00  0.0000E+00  0.0000E+00
 7.2273E+01  0.0000E+00  0.0000E+00  0.0000E+00  0.0000E+00  0.0000E+00
 7.2827E+01  0.0000E+00  0.0000E+00  0.0000E+00  0.0000E+00  0.0000E+00
 7.3385E+01  0.0000E+00  0.0000E+00  0.0000E+00  0.0000E+00  0.0000E+00
 7.3947E+01  0.0000E+00  0.0000E+00  0.0000E+00  0.0000E+00  0.0000E+00
 7.4513E+01  0.0000E+00  0.0000E+00  0.0000E+00  0.0000E+00  0.0000E+00
 7.5084E+01  0.0000E+00  0.0000E+00  0.0000E+00  0.0000E+00  0.0000E+00
 7.5659E+01  0.0000E+00  0.0000E+00  0.0000E+00  0.0000E+00  0.0000E+00
 7.6238E+01  0.0000E+00  0.0000E+00  0.0000E+00  0.0000E+00  0.0000E+00
 7.6822E+01  0.0000E+00  0.0000E+00  0.0000E+00  0.0000E+00  0.0000E+00
 7.7410E+01  0.0000E+00  0.0000E+00  0.0000E+00  0.0000E+00  0.0000E+00
 7.8003E+01  0.0000E+00  0.0000E+00  0.0000E+00  0.0000E+00  0.0000E+00
 7.8601E+01  0.0000E+00  0.0000E+00  0.0000E+00  0.0000E+00  0.0000E+00
 7.9202E+01  0.0000E+00  0.0000E+00  0.0000E+00  0.0000E+00  0.0000E+00
 7.9809E+01  0.0000E+00  0.0000E+00  0.0000E+00  0.0000E+00  0.0000E+00
 8.0420E+01  0.0000E+00  0.0000E+00  0.0000E+00  0.0000E+00  0.0000E+00
 8.1036E+01  0.0000E+00  0.0000E+00  0.0000E+00  0.0000E+00  0.0000E+00
 8.1657E+01  0.0000E+00  0.0000E+00  0.0000E+00  0.0000E+00  0.0000E+00
 8.2282E+01  0.0000E+00  0.0000E+00  0.0000E+00  0.0000E+00  0.0000E+00
 8.2912E+01  0.0000E+00  0.0000E+00  0.0000E+00  0.0000E+00  0.0000E+00
 8.3547E+01  0.0000E+00  0.0000E+00  0.0000E+00  0.0000E+00  0.0000E+00
 8.4187E+01  0.0000E+00  0.0000E+00  0.0000E+00  0.0000E+00  0.0000E+00
 8.4832E+01  0.0000E+00  0.0000E+00  0.0000E+00  0.0000E+00  0.0000E+00
 8.5481E+01  0.0000E+00  0.0000E+00  0.0000E+00  0.0000E+00  0.0000E+00
 8.6136E+01  0.0000E+00  0.0000E+00  0.0000E+00  0.0000E+00  0.0000E+00
 8.6796E+01  0.0000E+00  0.0000E+00  0.0000E+00  0.0000E+00  0.0000E+00
 8.7460E+01  0.0000E+00  0.0000E+00  0.0000E+00  0.0000E+00  0.0000E+00
 8.8130E+01  0.0000E+00  0.0000E+00  0.0000E+00  0.0000E+00  0.0000E+00
 8.8805E+01  0.0000E+00  0.0000E+00  0.0000E+00  0.0000E+00  0.0000E+00
 8.9485E+01  0.0000E+00  0.0000E+00  0.0000E+00  0.0000E+00  0.0000E+00
 9.0171E+01  0.0000E+00  0.0000E+00  0.0000E+00  0.0000E+00  0.0000E+00
 9.0861E+01  0.0000E+00  0.0000E+00  0.0000E+00  0.0000E+00  0.0000E+00
 9.1557E+01  0.0000E+00  0.0000E+00  0.0000E+00  0.0000E+00  0.0000E+00
 9.2258E+01  0.0000E+00  0.0000E+00  0.0000E+00  0.0000E+00  0.0000E+00
 9.2965E+01  0.0000E+00  0.0000E+00  0.0000E+00  0.0000E+00  0.0000E+00
 9.3677E+01  0.0000E+00  0.0000E+00  0.0000E+00  0.0000E+00  0.0000E+00
 9.4394E+01  0.0000E+00  0.0000E+00  0.0000E+00  0.0000E+00  0.0000E+00
 9.5117E+01  0.0000E+00  0.0000E+00  0.0000E+00  0.0000E+00  0.0000E+00
 9.5845E+01  0.0000E+00  0.0000E+00  0.0000E+00  0.0000E+00  0.0000E+00
 9.6579E+01  0.0000E+00  0.0000E+00  0.0000E+00  0.0000E+00  0.0000E+00
 9.7319E+01  0.0000E+00  0.0000E+00  0.0000E+00  0.0000E+00  0.0000E+00
 9.8064E+01  0.0000E+00  0.0000E+00  0.0000E+00  0.0000E+00  0.0000E+00
 9.8815E+01  0.0000E+00  0.0000E+00  0.0000E+00  0.0000E+00  0.0000E+00
 9.9572E+01  0.0000E+00  0.0000E+00  0.0000E+00  0.0000E+00  0.0000E+00
 1.0033E+02  0.0000E+00  0.0000E+00  0.0000E+00  0.0000E+00  0.0000E+00
 1.0110E+02  0.0000E+00  0.0000E+00  0.0000E+00  0.0000E+00  0.0000E+00
 1.0188E+02  0.0000E+00  0.0000E+00  0.0000E+00  0.0000E+00  0.0000E+00
 1.0266E+02  0.0000E+00  0.0000E+00  0.0000E+00  0.0000E+00  0.0000E+00
 1.0344E+02  0.0000E+00  0.0000E+00  0.0000E+00  0.0000E+00  0.0000E+00
 1.0424E+02  0.0000E+00  0.0000E+00  0.0000E+00  0.0000E+00  0.0000E+00
 1.0503E+02  0.0000E+00  0.0000E+00  0.0000E+00  0.0000E+00  0.0000E+00
 1.0584E+02  0.0000E+00  0.0000E+00  0.0000E+00  0.0000E+00  0.0000E+00
 1.0665E+02  0.0000E+00  0.0000E+00  0.0000E+00  0.0000E+00  0.0000E+00
 1.0747E+02  0.0000E+00  0.0000E+00  0.0000E+00  0.0000E+00  0.0000E+00
 1.0829E+02  0.0000E+00  0.0000E+00  0.0000E+00  0.0000E+00  0.0000E+00
 1.0912E+02  0.0000E+00  0.0000E+00  0.0000E+00  0.0000E+00  0.0000E+00
 1.0995E+02  0.0000E+00  0.0000E+00  0.0000E+00  0.0000E+00  0.0000E+00
 1.1080E+02  0.0000E+00  0.0000E+00  0.0000E+00  0.0000E+00  0.0000E+00
 1.1164E+02  0.0000E+00  0.0000E+00  0.0000E+00  0.0000E+00  0.0000E+00
 1.1250E+02  0.0000E+00  0.0000E+00  0.0000E+00  0.0000E+00  0.0000E+00
 1.1336E+02  0.0000E+00  0.0000E+00  0.0000E+00  0.0000E+00  0.0000E+00
 1.1423E+02  0.0000E+00  0.0000E+00  0.0000E+00  0.0000E+00  0.0000E+00
 1.1510E+02  0.0000E+00  0.0000E+00  0.0000E+00  0.0000E+00  0.0000E+00
 1.1599E+02  0.0000E+00  0.0000E+00  0.0000E+00  0.0000E+00  0.0000E+00
 1.1687E+02  0.0000E+00  0.0000E+00  0.0000E+00  0.0000E+00  0.0000E+00
 1.1777E+02  0.0000E+00  0.0000E+00  0.0000E+00  0.0000E+00  0.0000E+00
 1.1867E+02  0.0000E+00  0.0000E+00  0.0000E+00  0.0000E+00  0.0000E+00
 1.1958E+02  0.0000E+00  0.0000E+00  0.0000E+00  0.0000E+00  0.0000E+00
 1.2050E+02  0.0000E+00  0.0000E+00  0.0000E+00  0.0000E+00  0.0000E+00
 1.2142E+02  0.0000E+00  0.0000E+00  0.0000E+00  0.0000E+00  0.0000E+00
 1.2235E+02  0.0000E+00  0.0000E+00  0.0000E+00  0.0000E+00  0.0000E+00
 1.2329E+02  0.0000E+00  0.0000E+00  0.0000E+00  0.0000E+00  0.0000E+00
 1.2423E+02  0.0000E+00  0.0000E+00  0.0000E+00  0.0000E+00  0.0000E+00
 1.2518E+02  0.0000E+00  0.0000E+00  0.0000E+00  0.0000E+00  0.0000E+00
 1.2614E+02  0.0000E+00  0.0000E+00  0.0000E+00  0.0000E+00  0.0000E+00
 1.2711E+02  0.0000E+00  0.0000E+00  0.0000E+00  0.0000E+00  0.0000E+00
 1.2808E+02  0.0000E+00  0.0000E+00  0.0000E+00  0.0000E+00  0.0000E+00
 1.2906E+02  0.0000E+00  0.0000E+00  0.0000E+00  0.0000E+00  0.0000E+00
 1.3005E+02  0.0000E+00  0.0000E+00  0.0000E+00  0.0000E+00  0.0000E+00
 1.3104E+02  0.0000E+00  0.0000E+00  0.0000E+00  0.0000E+00  0.0000E+00
 1.3205E+02  0.0000E+00  0.0000E+00  0.0000E+00  0.0000E+00  0.0000E+00
 1.3306E+02  0.0000E+00  0.0000E+00  0.0000E+00  0.0000E+00  0.0000E+00
 1.3408E+02  0.0000E+00  0.0000E+00  0.0000E+00  0.0000E+00  0.0000E+00
 1.3510E+02  0.0000E+00  0.0000E+00  0.0000E+00  0.0000E+00  0.0000E+00
 1.3614E+02  0.0000E+00  0.0000E+00  0.0000E+00  0.0000E+00  0.0000E+00
 1.3718E+02  0.0000E+00  0.0000E+00  0.0000E+00  0.0000E+00  0.0000E+00
 1.3823E+02  0.0000E+00  0.0000E+00  0.0000E+00  0.0000E+00  0.0000E+00
 1.3929E+02  0.0000E+00  0.0000E+00  0.0000E+00  0.0000E+00  0.0000E+00
 1.4036E+02  0.0000E+00  0.0000E+00  0.0000E+00  0.0000E+00  0.0000E+00
 1.4143E+02  0.0000E+00  0.0000E+00  0.0000E+00  0.0000E+00  0.0000E+00
 1.4252E+02  0.0000E+00  0.0000E+00  0.0000E+00  0.0000E+00  0.0000E+00
 1.4361E+02  0.0000E+00  0.0000E+00  0.0000E+00  0.0000E+00  0.0000E+00
 1.4471E+02  0.0000E+00  0.0000E+00  0.0000E+00  0.0000E+00  0.0000E+00
 1.4582E+02  0.0000E+00  0.0000E+00  0.0000E+00  0.0000E+00  0.0000E+00
 1.4693E+02  0.0000E+00  0.0000E+00  0.0000E+00  0.0000E+00  0.0000E+00
 1.4806E+02  0.0000E+00  0.0000E+00  0.0000E+00  0.0000E+00  0.0000E+00
 1.4919E+02  0.0000E+00  0.0000E+00  0.0000E+00  0.0000E+00  0.0000E+00
 1.5033E+02  0.0000E+00  0.0000E+00  0.0000E+00  0.0000E+00  0.0000E+00
 1.5149E+02  0.0000E+00  0.0000E+00  0.0000E+00  0.0000E+00  0.0000E+00
 1.5265E+02  0.0000E+00  0.0000E+00  0.0000E+00  0.0000E+00  0.0000E+00
 1.5381E+02  0.0000E+00  0.0000E+00  0.0000E+00  0.0000E+00  0.0000E+00
 1.5499E+02  0.0000E+00  0.0000E+00  0.0000E+00  0.0000E+00  0.0000E+00
 1.5618E+02  0.0000E+00  0.0000E+00  0.0000E+00  0.0000E+00  0.0000E+00
 1.5738E+02  0.0000E+00  0.0000E+00  0.0000E+00  0.0000E+00  0.0000E+00
 1.5858E+02  0.0000E+00  0.0000E+00  0.0000E+00  0.0000E+00  0.0000E+00
 1.5980E+02  0.0000E+00  0.0000E+00  0.0000E+00  0.0000E+00  0.0000E+00
 1.6102E+02  0.0000E+00  0.0000E+00  0.0000E+00  0.0000E+00  0.0000E+00
 1.6225E+02  0.0000E+00  0.0000E+00  0.0000E+00  0.0000E+00  0.0000E+00
 1.6349E+02  0.0000E+00  0.0000E+00  0.0000E+00  0.0000E+00  0.0000E+00
 1.6475E+02  0.0000E+00  0.0000E+00  0.0000E+00  0.0000E+00  0.0000E+00
 1.6601E+02  0.0000E+00  0.0000E+00  0.0000E+00  0.0000E+00  0.0000E+00
 1.6728E+02  0.0000E+00  0.0000E+00  0.0000E+00  0.0000E+00  0.0000E+00
 1.6856E+02  0.0000E+00  0.0000E+00  0.0000E+00  0.0000E+00  0.0000E+00
 1.6985E+02  0.0000E+00  0.0000E+00  0.0000E+00  0.0000E+00  0.0000E+00
 1.7115E+02  0.0000E+00  0.0000E+00  0.0000E+00  0.0000E+00  0.0000E+00
 1.7246E+02  0.0000E+00  0.0000E+00  0.0000E+00  0.0000E+00  0.0000E+00
 1.7378E+02  0.0000E+00  0.0000E+00  0.0000E+00  0.0000E+00  0.0000E+00
 1.7511E+02  0.0000E+00  0.0000E+00  0.0000E+00  0.0000E+00  0.0000E+00
 1.7646E+02  0.0000E+00  0.0000E+00  0.0000E+00  0.0000E+00  0.0000E+00
 1.7781E+02  0.0000E+00  0.0000E+00  0.0000E+00  0.0000E+00  0.0000E+00
 1.7917E+02  0.0000E+00  0.0000E+00  0.0000E+00  0.0000E+00  0.0000E+00
 1.8054E+02  0.0000E+00  0.0000E+00  0.0000E+00  0.0000E+00  0.0000E+00
 1.8192E+02  0.0000E+00  0.0000E+00  0.0000E+00  0.0000E+00  0.0000E+00
 1.8332E+02  0.0000E+00  0.0000E+00  0.0000E+00  0.0000E+00  0.0000E+00
 1.8472E+02  0.0000E+00  0.0000E+00  0.0000E+00  0.0000E+00  0.0000E+00
 1.8614E+02  0.0000E+00  0.0000E+00  0.0000E+00  0.0000E+00  0.0000E+00
 1.8756E+02  0.0000E+00  0.0000E+00  0.0000E+00  0.0000E+00  0.0000E+00
 1.8900E+02  0.0000E+00  0.0000E+00  0.0000E+00  0.0000E+00  0.0000E+00
 1.9045E+02  0.0000E+00  0.0000E+00  0.0000E+00  0.0000E+00  0.0000E+00
 1.9190E+02  0.0000E+00  0.0000E+00  0.0000E+00  0.0000E+00  0.0000E+00
 1.9337E+02  0.0000E+00  0.0000E+00  0.0000E+00  0.0000E+00  0.0000E+00
 1.9485E+02  0.0000E+00  0.0000E+00  0.0000E+00  0.0000E+00  0.0000E+00
 1.9635E+02  0.0000E+00  0.0000E+00  0.0000E+00  0.0000E+00  0.0000E+00
 1.9785E+02  0.0000E+00  0.0000E+00  0.0000E+00  0.0000E+00  0.0000E+00
 1.9937E+02  0.0000E+00  0.0000E+00  0.0000E+00  0.0000E+00  0.0000E+00
 2.0089E+02  0.0000E+00  0.0000E+00  0.0000E+00  0.0000E+00  0.0000E+00
 2.0243E+02  0.0000E+00  0.0000E+00  0.0000E+00  0.0000E+00  0.0000E+00
 2.0398E+02  0.0000E+00  0.0000E+00  0.0000E+00  0.0000E+00  0.0000E+00
 2.0554E+02  0.0000E+00  0.0000E+00  0.0000E+00  0.0000E+00  0.0000E+00
 2.0712E+02  0.0000E+00  0.0000E+00  0.0000E+00  0.0000E+00  0.0000E+00
 2.0870E+02  0.0000E+00  0.0000E+00  0.0000E+00  0.0000E+00  0.0000E+00
 2.1030E+02  0.0000E+00  0.0000E+00  0.0000E+00  0.0000E+00  0.0000E+00
 2.1191E+02  0.0000E+00  0.0000E+00  0.0000E+00  0.0000E+00  0.0000E+00
 2.1354E+02  0.0000E+00  0.0000E+00  0.0000E+00  0.0000E+00  0.0000E+00
 2.1517E+02  0.0000E+00  0.0000E+00  0.0000E+00  0.0000E+00  0.0000E+00
 2.1682E+02  0.0000E+00  0.0000E+00  0.0000E+00  0.0000E+00  0.0000E+00
 2.1848E+02  0.0000E+00  0.0000E+00  0.0000E+00  0.0000E+00  0.0000E+00
 2.2015E+02  0.0000E+00  0.0000E+00  0.0000E+00  0.0000E+00  0.0000E+00
 2.2184E+02  0.0000E+00  0.0000E+00  0.0000E+00  0.0000E+00  0.0000E+00
 2.2354E+02  0.0000E+00  0.0000E+00  0.0000E+00  0.0000E+00  0.0000E+00
 2.2525E+02  0.0000E+00  0.0000E+00  0.0000E+00  0.0000E+00  0.0000E+00
 2.2697E+02  0.0000E+00  0.0000E+00  0.0000E+00  0.0000E+00  0.0000E+00
 2.2871E+02  0.0000E+00  0.0000E+00  0.0000E+00  0.0000E+00  0.0000E+00
 2.3046E+02  0.0000E+00  0.0000E+00  0.0000E+00  0.0000E+00  0.0000E+00
 2.3223E+02  0.0000E+00  0.0000E+00  0.0000E+00  0.0000E+00  0.0000E+00
 2.3401E+02  0.0000E+00  0.0000E+00  0.0000E+00  0.0000E+00  0.0000E+00
 2.3580E+02  0.0000E+00  0.0000E+00  0.0000E+00  0.0000E+00  0.0000E+00
 2.3761E+02  0.0000E+00  0.0000E+00  0.0000E+00  0.0000E+00  0.0000E+00
 2.3942E+02  0.0000E+00  0.0000E+00  0.0000E+00  0.0000E+00  0.0000E+00
 2.4126E+02  0.0000E+00  0.0000E+00  0.0000E+00  0.0000E+00  0.0000E+00
 2.4311E+02  0.0000E+00  0.0000E+00  0.0000E+00  0.0000E+00  0.0000E+00
 2.4497E+02  0.0000E+00  0.0000E+00  0.0000E+00  0.0000E+00  0.0000E+00
 2.4684E+02  0.0000E+00  0.0000E+00  0.0000E+00  0.0000E+00  0.0000E+00
 2.4873E+02  0.0000E+00  0.0000E+00  0.0000E+00  0.0000E+00  0.0000E+00
 2.5064E+02  0.0000E+00  0.0000E+00  0.0000E+00  0.0000E+00  0.0000E+00
 2.5256E+02  0.0000E+00  0.0000E+00  0.0000E+00  0.0000E+00  0.0000E+00
 2.5449E+02  0.0000E+00  0.0000E+00  0.0000E+00  0.0000E+00  0.0000E+00
 2.5644E+02  0.0000E+00  0.0000E+00  0.0000E+00  0.0000E+00  0.0000E+00
 2.5841E+02  0.0000E+00  0.0000E+00  0.0000E+00  0.0000E+00  0.0000E+00
 2.6038E+02  0.0000E+00  0.0000E+00  0.0000E+00  0.0000E+00  0.0000E+00
 2.6238E+02  0.0000E+00  0.0000E+00  0.0000E+00  0.0000E+00  0.0000E+00
 2.6439E+02  0.0000E+00  0.0000E+00  0.0000E+00  0.0000E+00  0.0000E+00
 2.6641E+02  0.0000E+00  0.0000E+00  0.0000E+00  0.0000E+00  0.0000E+00
 2.6845E+02  0.0000E+00  0.0000E+00  0.0000E+00  0.0000E+00  0.0000E+00
 2.7051E+02  0.0000E+00  0.0000E+00  0.0000E+00  0.0000E+00  0.0000E+00
 2.7258E+02  0.0000E+00  0.0000E+00  0.0000E+00  0.0000E+00  0.0000E+00
 2.7467E+02  0.0000E+00  0.0000E+00  0.0000E+00  0.0000E+00  0.0000E+00
 2.7677E+02  0.0000E+00  0.0000E+00  0.0000E+00  0.0000E+00  0.0000E+00
 2.7889E+02  0.0000E+00  0.0000E+00  0.0000E+00  0.0000E+00  0.0000E+00
 2.8103E+02  0.0000E+00  0.0000E+00  0.0000E+00  0.0000E+00  0.0000E+00
 2.8318E+02  0.0000E+00  0.0000E+00  0.0000E+00  0.0000E+00  0.0000E+00
 2.8535E+02  0.0000E+00  0.0000E+00  0.0000E+00  0.0000E+00  0.0000E+00
 2.8753E+02  0.0000E+00  0.0000E+00  0.0000E+00  0.0000E+00  0.0000E+00
 2.8974E+02  0.0000E+00  0.0000E+00  0.0000E+00  0.0000E+00  0.0000E+00
 2.9195E+02  0.0000E+00  0.0000E+00  0.0000E+00  0.0000E+00  0.0000E+00
 2.9419E+02  0.0000E+00  0.0000E+00  0.0000E+00  0.0000E+00  0.0000E+00
 2.9644E+02  0.0000E+00  0.0000E+00  0.0000E+00  0.0000E+00  0.0000E+00
 2.9871E+02  0.0000E+00  0.0000E+00  0.0000E+00  0.0000E+00  0.0000E+00
 3.0100E+02  0.0000E+00  0.0000E+00  0.0000E+00  0.0000E+00  0.0000E+00
 3.0331E+02  0.0000E+00  0.0000E+00  0.0000E+00  0.0000E+00  0.0000E+00
 3.0563E+02  0.0000E+00  0.0000E+00  0.0000E+00  0.0000E+00  0.0000E+00
 3.0797E+02  0.0000E+00  0.0000E+00  0.0000E+00  0.0000E+00  0.0000E+00
 3.1033E+02  0.0000E+00  0.0000E+00  0.0000E+00  0.0000E+00  0.0000E+00
 3.1271E+02  0.0000E+00  0.0000E+00  0.0000E+00  0.0000E+00  0.0000E+00
 3.1510E+02  0.0000E+00  0.0000E+00  0.0000E+00  0.0000E+00  0.0000E+00
 3.1751E+02  0.0000E+00  0.0000E+00  0.0000E+00  0.0000E+00  0.0000E+00
 3.1994E+02  0.0000E+00  0.0000E+00  0.0000E+00  0.0000E+00  0.0000E+00
 3.2240E+02  0.0000E+00  0.0000E+00  0.0000E+00  0.0000E+00  0.0000E+00
 3.2486E+02  0.0000E+00  0.0000E+00  0.0000E+00  0.0000E+00  0.0000E+00
 3.2735E+02  0.0000E+00  0.0000E+00  0.0000E+00  0.0000E+00  0.0000E+00
 3.2986E+02  0.0000E+00  0.0000E+00  0.0000E+00  0.0000E+00  0.0000E+00
 3.3239E+02  0.0000E+00  0.0000E+00  0.0000E+00  0.0000E+00  0.0000E+00
 3.3493E+02  0.0000E+00  0.0000E+00  0.0000E+00  0.0000E+00  0.0000E+00
 3.3750E+02  0.0000E+00  0.0000E+00  0.0000E+00  0.0000E+00  0.0000E+00
 3.4008E+02  0.0000E+00  0.0000E+00  0.0000E+00  0.0000E+00  0.0000E+00
 3.4268E+02  0.0000E+00  0.0000E+00  0.0000E+00  0.0000E+00  0.0000E+00
 3.4531E+02  0.0000E+00  0.0000E+00  0.0000E+00  0.0000E+00  0.0000E+00
 3.4795E+02  0.0000E+00  0.0000E+00  0.0000E+00  0.0000E+00  0.0000E+00
 3.5062E+02  0.0000E+00  0.0000E+00  0.0000E+00  0.0000E+00  0.0000E+00
 3.5330E+02  0.0000E+00  0.0000E+00  0.0000E+00  0.0000E+00  0.0000E+00
 3.5601E+02  0.0000E+00  0.0000E+00  0.0000E+00  0.0000E+00  0.0000E+00
 3.5874E+02  0.0000E+00  0.0000E+00  0.0000E+00  0.0000E+00  0.0000E+00
 3.6148E+02  0.0000E+00  0.0000E+00  0.0000E+00  0.0000E+00  0.0000E+00
 3.6425E+02  0.0000E+00  0.0000E+00  0.0000E+00  0.0000E+00  0.0000E+00
 3.6704E+02  0.0000E+00  0.0000E+00  0.0000E+00  0.0000E+00  0.0000E+00
 3.6985E+02  0.0000E+00  0.0000E+00  0.0000E+00  0.0000E+00  0.0000E+00
 3.7268E+02  0.0000E+00  0.0000E+00  0.0000E+00  0.0000E+00  0.0000E+00
 3.7554E+02  0.0000E+00  0.0000E+00  0.0000E+00  0.0000E+00  0.0000E+00
 3.7841E+02  0.0000E+00  0.0000E+00  0.0000E+00  0.0000E+00  0.0000E+00
 3.8131E+02  0.0000E+00  0.0000E+00  0.0000E+00  0.0000E+00  0.0000E+00
 3.8423E+02  0.0000E+00  0.0000E+00  0.0000E+00  0.0000E+00  0.0000E+00
 3.8718E+02  0.0000E+00  0.0000E+00  0.0000E+00  0.0000E+00  0.0000E+00
 3.9014E+02  0.0000E+00  0.0000E+00  0.0000E+00  0.0000E+00  0.0000E+00
 3.9313E+02  0.0000E+00  0.0000E+00  0.0000E+00  0.0000E+00  0.0000E+00
 3.9614E+02  0.0000E+00  0.0000E+00  0.0000E+00  0.0000E+00  0.0000E+00
 3.9917E+02  0.0000E+00  0.0000E+00  0.0000E+00  0.0000E+00  0.0000E+00
 4.0223E+02  0.0000E+00  0.0000E+00  0.0000E+00  0.0000E+00  0.0000E+00
 4.0531E+02  0.0000E+00  0.0000E+00  0.0000E+00  0.0000E+00  0.0000E+00
 4.0841E+02  0.0000E+00  0.0000E+00  0.0000E+00  0.0000E+00  0.0000E+00
 4.1154E+02  0.0000E+00  0.0000E+00  0.0000E+00  0.0000E+00  0.0000E+00
 4.1469E+02  0.0000E+00  0.0000E+00  0.0000E+00  0.0000E+00  0.0000E+00
 4.1787E+02  0.0000E+00  0.0000E+00  0.0000E+00  0.0000E+00  0.0000E+00
 4.2107E+02  0.0000E+00  0.0000E+00  0.0000E+00  0.0000E+00  0.0000E+00
 4.2429E+02  0.0000E+00  0.0000E+00  0.0000E+00  0.0000E+00  0.0000E+00
 4.2754E+02  0.0000E+00  0.0000E+00  0.0000E+00  0.0000E+00  0.0000E+00
 4.3082E+02  0.0000E+00  0.0000E+00  0.0000E+00  0.0000E+00  0.0000E+00
 4.3412E+02  0.0000E+00  0.0000E+00  0.0000E+00  0.0000E+00  0.0000E+00
 4.3744E+02  0.0000E+00  0.0000E+00  0.0000E+00  0.0000E+00  0.0000E+00
 4.4079E+02  0.0000E+00  0.0000E+00  0.0000E+00  0.0000E+00  0.0000E+00
 4.4417E+02  0.0000E+00  0.0000E+00  0.0000E+00  0.0000E+00  0.0000E+00
 4.4757E+02  0.0000E+00  0.0000E+00  0.0000E+00  0.0000E+00  0.0000E+00
 4.5100E+02  0.0000E+00  0.0000E+00  0.0000E+00  0.0000E+00  0.0000E+00
 4.5445E+02  0.0000E+00  0.0000E+00  0.0000E+00  0.0000E+00  0.0000E+00
 4.5793E+02  0.0000E+00  0.0000E+00  0.0000E+00  0.0000E+00  0.0000E+00
 4.6144E+02  0.0000E+00  0.0000E+00  0.0000E+00  0.0000E+00  0.0000E+00
 4.6497E+02  0.0000E+00  0.0000E+00  0.0000E+00  0.0000E+00  0.0000E+00
 4.6853E+02  0.0000E+00  0.0000E+00  0.0000E+00  0.0000E+00  0.0000E+00
 4.7212E+02  0.0000E+00  0.0000E+00  0.0000E+00  0.0000E+00  0.0000E+00
 4.7574E+02  0.0000E+00  0.0000E+00  0.0000E+00  0.0000E+00  0.0000E+00
 4.7938E+02  0.0000E+00  0.0000E+00  0.0000E+00  0.0000E+00  0.0000E+00
 4.8305E+02  0.0000E+00  0.0000E+00  0.0000E+00  0.0000E+00  0.0000E+00
 4.8675E+02  0.0000E+00  0.0000E+00  0.0000E+00  0.0000E+00  0.0000E+00
 4.9048E+02  0.0000E+00  0.0000E+00  0.0000E+00  0.0000E+00  0.0000E+00
 4.9424E+02  0.0000E+00  0.0000E+00  0.0000E+00  0.0000E+00  0.0000E+00
 4.9802E+02  0.0000E+00  0.0000E+00  0.0000E+00  0.0000E+00  0.0000E+00
 5.0183E+02  0.0000E+00  0.0000E+00  0.0000E+00  0.0000E+00  0.0000E+00
 5.0568E+02  0.0000E+00  0.0000E+00  0.0000E+00  0.0000E+00  0.0000E+00
 5.0955E+02  0.0000E+00  0.0000E+00  0.0000E+00  0.0000E+00  0.0000E+00
 5.1345E+02  0.0000E+00  0.0000E+00  0.0000E+00  0.0000E+00  0.0000E+00
 5.1738E+02  0.0000E+00  0.0000E+00  0.0000E+00  0.0000E+00  0.0000E+00
 5.2135E+02  0.0000E+00  0.0000E+00  0.0000E+00  0.0000E+00  0.0000E+00
 5.2534E+02  0.0000E+00  0.0000E+00  0.0000E+00  0.0000E+00  0.0000E+00
 5.2936E+02  0.0000E+00  0.0000E+00  0.0000E+00  0.0000E+00  0.0000E+00
 5.3342E+02  0.0000E+00  0.0000E+00  0.0000E+00  0.0000E+00  0.0000E+00
 5.3750E+02  0.0000E+00  0.0000E+00  0.0000E+00  0.0000E+00  0.0000E+00
 5.4162E+02  0.0000E+00  0.0000E+00  0.0000E+00  0.0000E+00  0.0000E+00
 5.4577E+02  0.0000E+00  0.0000E+00  0.0000E+00  0.0000E+00  0.0000E+00
 5.4995E+02  0.0000E+00  0.0000E+00  0.0000E+00  0.0000E+00  0.0000E+00
 5.5416E+02  0.0000E+00  0.0000E+00  0.0000E+00  0.0000E+00  0.0000E+00
 5.5840E+02  0.0000E+00  0.0000E+00  0.0000E+00  0.0000E+00  0.0000E+00
 5.6268E+02  0.0000E+00  0.0000E+00  0.0000E+00  0.0000E+00  0.0000E+00
 5.6699E+02  0.0000E+00  0.0000E+00  0.0000E+00  0.0000E+00  0.0000E+00
 5.7133E+02  0.0000E+00  0.0000E+00  0.0000E+00  0.0000E+00  0.0000E+00
 5.7571E+02  0.0000E+00  0.0000E+00  0.0000E+00  0.0000E+00  0.0000E+00
 5.8011E+02  0.0000E+00  0.0000E+00  0.0000E+00  0.0000E+00  0.0000E+00
 5.8456E+02  0.0000E+00  0.0000E+00  0.0000E+00  0.0000E+00  0.0000E+00
 5.8903E+02  5.6452E-03  5.7323E-01 -4.1041E-02 -8.3396E+00  1.0000E+00
 5.9354E+02  5.6867E-03  5.7306E-01 -4.0784E-02 -8.2245E+00  1.0000E+00
 5.9809E+02  5.7285E-03  5.7288E-01 -4.0528E-02 -8.1106E+00  1.0000E+00
 6.0267E+02  5.7706E-03  5.7270E-01 -4.0271E-02 -7.9980E+00  1.0000E+00
 6.0729E+02  5.8131E-03  5.7253E-01 -4.0014E-02 -7.8866E+00  1.0000E+00
 6.1194E+02  5.8558E-03  5.7235E-01 -3.9758E-02 -7.7765E+00  1.0000E+00
 6.1662E+02  5.8989E-03  5.7218E-01 -3.9501E-02 -7.6675E+00  1.0000E+00
 6.2135E+02  5.9423E-03  5.7201E-01 -3.9244E-02 -7.5598E+00  1.0000E+00
 6.2610E+02  5.9861E-03  5.7184E-01 -3.8988E-02 -7.4533E+00  1.0000E+00
 6.3090E+02  6.0302E-03  5.7167E-01 -3.8731E-02 -7.3479E+00  1.0000E+00
 6.3573E+02  6.0748E-03  5.7152E-01 -3.8474E-02 -7.2438E+00  1.0000E+00
 6.4060E+02  6.1196E-03  5.7136E-01 -3.8218E-02 -7.1408E+00  1.0000E+00
 6.4551E+02  6.1649E-03  5.7121E-01 -3.7961E-02 -7.0389E+00  1.0000E+00
 6.5045E+02  6.2106E-03  5.7106E-01 -3.7704E-02 -6.9382E+00  1.0000E+00
 6.5543E+02  6.2566E-03  5.7092E-01 -3.7448E-02 -6.8386E+00  1.0000E+00
 6.6045E+02  6.3030E-03  5.7078E-01 -3.7191E-02 -6.7401E+00  1.0000E+00
 6.6551E+02  6.3498E-03  5.7065E-01 -3.6934E-02 -6.6427E+00  1.0000E+00
 6.7060E+02  6.3970E-03  5.7052E-01 -3.6678E-02 -6.5464E+00  1.0000E+00
 6.7574E+02  6.4446E-03  5.7039E-01 -3.6421E-02 -6.4512E+00  1.0000E+00
 6.8092E+02  6.4926E-03  5.7027E-01 -3.6164E-02 -6.3570E+00  1.0000E+00
 6.8613E+02  6.5410E-03  5.7015E-01 -3.5908E-02 -6.2639E+00  1.0000E+00
 6.9138E+02  6.5898E-03  5.7003E-01 -3.5651E-02 -6.1719E+00  1.0000E+00
 6.9668E+02  6.6390E-03  5.6992E-01 -3.5394E-02 -6.0809E+00  1.0000E+00
 7.0201E+02  6.6886E-03  5.6981E-01 -3.5138E-02 -5.9909E+00  1.0000E+00
 7.0739E+02  6.7386E-03  5.6971E-01 -3.4881E-02 -5.9019E+00  1.0000E+00
 7.1281E+02  6.7890E-03  5.6961E-01 -3.4624E-02 -5.8140E+00  1.0000E+00
 7.1827E+02  6.8399E-03  5.6951E-01 -3.4368E-02 -5.7270E+00  1.0000E+00
 7.2377E+02  6.8912E-03  5.6941E-01 -3.4111E-02 -5.6410E+00  1.0000E+00
 7.2931E+02  6.9429E-03  5.6932E-01 -3.3854E-02 -5.5560E+00  1.0000E+00
 7.3490E+02  6.9950E-03  5.6924E-01 -3.3597E-02 -5.4720E+00  1.0000E+00
 7.4052E+02  7.0476E-03  5.6915E-01 -3.3341E-02 -5.3889E+00  1.0000E+00
 7.4620E+02  7.1006E-03  5.6907E-01 -3.3084E-02 -5.3068E+00  1.0000E+00
 7.5191E+02  7.1540E-03  5.6899E-01 -3.2827E-02 -5.2256E+00  1.0000E+00
 7.5767E+02  7.2079E-03  5.6892E-01 -3.2571E-02 -5.1453E+00  1.0000E+00
 7.6347E+02  7.2623E-03  5.6885E-01 -3.2314E-02 -5.0660E+00  1.0000E+00
 7.6932E+02  7.3170E-03  5.6878E-01 -3.2057E-02 -4.9875E+00  1.0000E+00
 7.7521E+02  7.3723E-03  5.6872E-01 -3.1801E-02 -4.9100E+00  1.0000E+00
 7.8115E+02  7.4280E-03  5.6866E-01 -3.1544E-02 -4.8334E+00  1.0000E+00
 7.8713E+02  7.4841E-03  5.6860E-01 -3.1287E-02 -4.7576E+00  1.0000E+00
 7.9316E+02  7.5408E-03  5.6854E-01 -3.1030E-02 -4.6827E+00  1.0000E+00
 7.9923E+02  7.5979E-03  5.6849E-01 -3.0774E-02 -4.6087E+00  1.0000E+00
 8.0535E+02  7.6554E-03  5.6844E-01 -3.0517E-02 -4.5355E+00  1.0000E+00
 8.1152E+02  7.7135E-03  5.6839E-01 -3.0260E-02 -4.4631E+00  1.0000E+00
 8.1774E+02  7.7720E-03  5.6835E-01 -3.0004E-02 -4.3916E+00  1.0000E+00
 8.2400E+02  7.8310E-03  5.6831E-01 -2.9747E-02 -4.3210E+00  1.0000E+00
 8.3031E+02  7.8905E-03  5.6827E-01 -2.9490E-02 -4.2511E+00  1.0000E+00
 8.3667E+02  7.9504E-03  5.6823E-01 -2.9233E-02 -4.1821E+00  1.0000E+00
 8.4307E+02  8.0109E-03  5.6820E-01 -2.8977E-02 -4.1139E+00  1.0000E+00
 8.4953E+02  8.0719E-03  5.6817E-01 -2.8720E-02 -4.0464E+00  1.0000E+00
 8.5604E+02  8.1333E-03  5.6814E-01 -2.8463E-02 -3.9798E+00  1.0000E+00
 8.6259E+02  8.1953E-03  5.6811E-01 -2.8207E-02 -3.9139E+00  1.0000E+00
 8.6920E+02  8.2578E-03  5.6809E-01 -2.7950E-02 -3.8488E+00  1.0000E+00
 8.7586E+02  8.3208E-03  5.6807E-01 -2.7693E-02 -3.7845E+00  1.0000E+00
 8.8256E+02  8.3843E-03  5.6805E-01 -2.7436E-02 -3.7209E+00  1.0000E+00
 8.8932E+02  8.4483E-03  5.6804E-01 -2.7180E-02 -3.6580E+00  1.0000E+00
 8.9613E+02  8.5129E-03  5.6802E-01 -2.6923E-02 -3.5960E+00  1.0000E+00
 9.0300E+02  8.5780E-03  5.6801E-01 -2.6666E-02 -3.5346E+00  1.0000E+00
 9.0991E+02  8.6436E-03  5.6800E-01 -2.6409E-02 -3.4740E+00  1.0000E+00
 9.1688E+02  8.7097E-03  5.6800E-01 -2.6153E-02 -3.4140E+00  1.0000E+00
 9.2390E+02  8.7764E-03  5.6799E-01 -2.5896E-02 -3.3548E+00  1.0000E+00
 9.3098E+02  8.8437E-03  5.6799E-01 -2.5639E-02 -3.2963E+00  1.0000E+00
 9.3811E+02  8.9115E-03  5.6799E-01 -2.5382E-02 -3.2385E+00  1.0000E+00
 9.4529E+02  8.9798E-03  5.6799E-01 -2.5125E-02 -3.1814E+00  1.0000E+00
 9.5253E+02  9.0487E-03  5.6800E-01 -2.4869E-02 -3.1249E+00  1.0000E+00
 9.5983E+02  9.1182E-03  5.6800E-01 -2.4612E-02 -3.0692E+00  1.0000E+00
 9.6718E+02  9.1882E-03  5.6801E-01 -2.4355E-02 -3.0141E+00  1.0000E+00
 9.7458E+02  9.2588E-03  5.6802E-01 -2.4098E-02 -2.9596E+00  1.0000E+00
 9.8205E+02  9.3299E-03  5.6803E-01 -2.3842E-02 -2.9058E+00  1.0000E+00
 9.8957E+02  9.4017E-03  5.6804E-01 -2.3585E-02 -2.8527E+00  1.0000E+00
 9.9715E+02  9.4740E-03  5.6806E-01 -2.3328E-02 -2.8002E+00  1.0000E+00
 1.0048E+03  9.5469E-03  5.6808E-01 -2.3071E-02 -2.7483E+00  1.0000E+00
 1.0125E+03  9.6204E-03  5.6809E-01 -2.2814E-02 -2.6970E+00  1.0000E+00
 1.0202E+03  9.6945E-03  5.6812E-01 -2.2557E-02 -2.6464E+00  1.0000E+00
 1.0280E+03  9.7692E-03  5.6814E-01 -2.2301E-02 -2.5964E+00  1.0000E+00
 1.0359E+03  9.8445E-03  5.6816E-01 -2.2044E-02 -2.5470E+00  1.0000E+00
 1.0439E+03  9.9204E-03  5.6819E-01 -2.1787E-02 -2.4982E+00  1.0000E+00
 1.0518E+03  9.9969E-03  5.6821E-01 -2.1530E-02 -2.4500E+00  1.0000E+00
 1.0599E+03  1.0074E-02  5.6824E-01 -2.1273E-02 -2.4024E+00  1.0000E+00
 1.0680E+03  1.0152E-02  5.6827E-01 -2.1017E-02 -2.3553E+00  1.0000E+00
 1.0762E+03  1.0230E-02  5.6830E-01 -2.0760E-02 -2.3088E+00  1.0000E+00
 1.0844E+03  1.0309E-02  5.6833E-01 -2.0503E-02 -2.2629E+00  1.0000E+00
 1.0927E+03  1.0389E-02  5.6837E-01 -2.0246E-02 -2.2176E+00  1.0000E+00
 1.1011E+03  1.0469E-02  5.6840E-01 -1.9989E-02 -2.1728E+00  1.0000E+00
 1.1095E+03  1.0550E-02  5.6844E-01 -1.9732E-02 -2.1286E+00  1.0000E+00
 1.1180E+03  1.0632E-02  5.6847E-01 -1.9475E-02 -2.0849E+00  1.0000E+00
 1.1266E+03  1.0714E-02  5.6851E-01 -1.9218E-02 -2.0418E+00  1.0000E+00
 1.1352E+03  1.0797E-02  5.6855E-01 -1.8962E-02 -1.9992E+00  1.0000E+00
 1.1439E+03  1.0880E-02  5.6859E-01 -1.8705E-02 -1.9571E+00  1.0000E+00
 1.1527E+03  1.0965E-02  5.6863E-01 -1.8448E-02 -1.9156E+00  1.0000E+00
 1.1615E+03  1.1049E-02  5.6867E-01 -1.8191E-02 -1.8745E+00  1.0000E+00
 1.1704E+03  1.1135E-02  5.6872E-01 -1.7934E-02 -1.8340E+00  1.0000E+00
 1.1794E+03  1.1221E-02  5.6876E-01 -1.7677E-02 -1.7940E+00  1.0000E+00
 1.1884E+03  1.1308E-02  5.6881E-01 -1.7420E-02 -1.7545E+00  1.0000E+00
 1.1975E+03  1.1396E-02  5.6885E-01 -1.7163E-02 -1.7155E+00  1.0000E+00
 1.2067E+03  1.1484E-02  5.6890E-01 -1.6906E-02 -1.6770E+00  1.0000E+00
 1.2159E+03  1.1573E-02  5.6895E-01 -1.6649E-02 -1.6389E+00  1.0000E+00
 1.2252E+03  1.1663E-02  5.6900E-01 -1.6392E-02 -1.6014E+00  1.0000E+00
 1.2346E+03  1.1753E-02  5.6904E-01 -1.6135E-02 -1.5643E+00  1.0000E+00
 1.2441E+03  1.1844E-02  5.6909E-01 -1.5878E-02 -1.5277E+00  1.0000E+00
 1.2536E+03  1.1936E-02  5.6914E-01 -1.5621E-02 -1.4915E+00  1.0000E+00
 1.2632E+03  1.2029E-02  5.6919E-01 -1.5364E-02 -1.4558E+00  1.0000E+00
 1.2729E+03  1.2122E-02  5.6925E-01 -1.5107E-02 -1.4206E+00  1.0000E+00
 1.2826E+03  1.2216E-02  5.6930E-01 -1.4850E-02 -1.3858E+00  1.0000E+00
 1.2924E+03  1.2311E-02  5.6935E-01 -1.4593E-02 -1.3515E+00  1.0000E+00
 1.3023E+03  1.2407E-02  5.6940E-01 -1.4336E-02 -1.3176E+00  1.0000E+00
 1.3123E+03  1.2503E-02  5.6945E-01 -1.4079E-02 -1.2841E+00  1.0000E+00
 1.3224E+03  1.2600E-02  5.6951E-01 -1.3822E-02 -1.2511E+00  1.0000E+00
 1.3325E+03  1.2698E-02  5.6956E-01 -1.3565E-02 -1.2185E+00  1.0000E+00
 1.3427E+03  1.2796E-02  5.6961E-01 -1.3308E-02 -1.1863E+00  1.0000E+00
 1.3530E+03  1.2896E-02  5.6967E-01 -1.3051E-02 -1.1546E+00  1.0000E+00
 1.3633E+03  1.2996E-02  5.6972E-01 -1.2794E-02 -1.1232E+00  1.0000E+00
 1.3738E+03  1.3097E-02  5.6977E-01 -1.2537E-02 -1.0923E+00  1.0000E+00
 1.3843E+03  1.3198E-02  5.6982E-01 -1.2280E-02 -1.0618E+00  1.0000E+00
 1.3949E+03  1.3300E-02  5.6987E-01 -1.2023E-02 -1.0316E+00  1.0000E+00
 1.4056E+03  1.3403E-02  5.6990E-01 -1.1766E-02 -1.0019E+00  1.0000E+00
 1.4164E+03  1.3507E-02  5.6994E-01 -1.1509E-02 -9.7257E-01  1.0000E+00
 1.4272E+03  1.3611E-02  5.6997E-01 -1.1252E-02 -9.4361E-01  1.0000E+00
 1.4381E+03  1.3716E-02  5.6999E-01 -1.0994E-02 -9.1504E-01  1.0000E+00
 1.4491E+03  1.3822E-02  5.7001E-01 -1.0737E-02 -8.8685E-01  1.0000E+00
 1.4602E+03  1.3928E-02  5.7002E-01 -1.0480E-02 -8.5903E-01  1.0000E+00
 1.4714E+03  1.4035E-02  5.7003E-01 -1.0223E-02 -8.3158E-01  1.0000E+00
 1.4827E+03  1.4143E-02  5.7004E-01 -9.9658E-03 -8.0450E-01  1.0000E+00
 1.4940E+03  1.4251E-02  5.7003E-01 -9.7086E-03 -7.7778E-01  1.0000E+00
 1.5055E+03  1.4360E-02  5.7003E-01 -9.4514E-03 -7.5142E-01  1.0000E+00
 1.5170E+03  1.4470E-02  5.7001E-01 -9.1942E-03 -7.2542E-01  1.0000E+00
 1.5286E+03  1.4581E-02  5.6999E-01 -8.9369E-03 -6.9976E-01  1.0000E+00
 1.5403E+03  1.4692E-02  5.6997E-01 -8.6797E-03 -6.7446E-01  1.0000E+00
 1.5521E+03  1.4804E-02  5.6994E-01 -8.4225E-03 -6.4949E-01  1.0000E+00
 1.5640E+03  1.4917E-02  5.6991E-01 -8.1652E-03 -6.2487E-01  1.0000E+00
 1.5760E+03  1.5030E-02  5.6987E-01 -7.9079E-03 -6.0058E-01  1.0000E+00
 1.5881E+03  1.5144E-02  5.6982E-01 -7.6506E-03 -5.7662E-01  1.0000E+00
 1.6002E+03  1.5259E-02  5.6977E-01 -7.3933E-03 -5.5300E-01  1.0000E+00
 1.6125E+03  1.5374E-02  5.6971E-01 -7.1360E-03 -5.2969E-01  1.0000E+00
 1.6248E+03  1.5490E-02  5.6964E-01 -6.8787E-03 -5.0671E-01  1.0000E+00
 1.6373E+03  1.5607E-02  5.6957E-01 -6.6214E-03 -4.8405E-01  1.0000E+00
 1.6498E+03  1.5725E-02  5.6949E-01 -6.3640E-03 -4.6170E-01  1.0000E+00
 1.6625E+03  1.5843E-02  5.6941E-01 -6.1067E-03 -4.3966E-01  1.0000E+00
 1.6752E+03  1.5962E-02  5.6932E-01 -5.8493E-03 -4.1793E-01  1.0000E+00
 1.6880E+03  1.6082E-02  5.6923E-01 -5.5919E-03 -3.9650E-01  1.0000E+00
 1.7009E+03  1.6202E-02  5.6912E-01 -5.3345E-03 -3.7538E-01  1.0000E+00
 1.7140E+03  1.6324E-02  5.6902E-01 -5.0771E-03 -3.5455E-01  1.0000E+00
 1.7271E+03  1.6445E-02  5.6890E-01 -4.8196E-03 -3.3401E-01  1.0000E+00
 1.7403E+03  1.6568E-02  5.6878E-01 -4.5622E-03 -3.1377E-01  1.0000E+00
 1.7537E+03  1.6691E-02  5.6865E-01 -4.3047E-03 -2.9381E-01  1.0000E+00
 1.7671E+03  1.6815E-02  5.6852E-01 -4.0473E-03 -2.7414E-01  1.0000E+00
 1.7806E+03  1.6940E-02  5.6837E-01 -3.7898E-03 -2.5475E-01  1.0000E+00
 1.7943E+03  1.7066E-02  5.6823E-01 -3.5323E-03 -2.3563E-01  1.0000E+00
 1.8080E+03  1.7192E-02  5.6807E-01 -3.2747E-03 -2.1679E-01  1.0000E+00
 1.8218E+03  1.7319E-02  5.6791E-01 -3.0172E-03 -1.9823E-01  1.0000E+00
 1.8358E+03  1.7447E-02  5.6774E-01 -2.7596E-03 -1.7993E-01  1.0000E+00
 1.8499E+03  1.7575E-02  5.6756E-01 -2.5021E-03 -1.6189E-01  1.0000E+00
 1.8640E+03  1.7704E-02  5.6738E-01 -2.2445E-03 -1.4412E-01  1.0000E+00
 1.8783E+03  1.7834E-02  5.6719E-01 -1.9869E-03 -1.2661E-01  1.0000E+00
 1.8927E+03  1.7964E-02  5.6699E-01 -1.7292E-03 -1.0936E-01  1.0000E+00
 1.9072E+03  1.8096E-02  5.6679E-01 -1.4716E-03 -9.2356E-02  1.0000E+00
 1.9218E+03  1.8228E-02  5.6657E-01 -1.2139E-03 -7.5606E-02  1.0000E+00
 1.9365E+03  1.8360E-02  5.6635E-01 -9.5625E-04 -5.9105E-02  1.0000E+00
 1.9513E+03  1.8494E-02  5.6613E-01 -6.9856E-04 -4.2849E-02  1.0000E+00
 1.9663E+03  1.8628E-02  5.6589E-01 -4.4084E-04 -2.6835E-02  1.0000E+00
 1.9813E+03  1.8763E-02  5.6565E-01 -1.8311E-04 -1.1061E-02  1.0000E+00
 1.9965E+03  1.8899E-02  5.6540E-01  7.4648E-05  4.4752E-03  1.0000E+00
 2.0118E+03  1.9035E-02  5.6514E-01  3.3242E-04  1.9778E-02  1.0000E+00
 2.0272E+03  1.9172E-02  5.6487E-01  5.9021E-04  3.4848E-02  1.0000E+00
 2.0427E+03  1.9310E-02  5.6460E-01  8.4803E-04  4.9690E-02  1.0000E+00
 2.0584E+03  1.9448E-02  5.6432E-01  1.1059E-03  6.4305E-02  1.0000E+00
 2.0741E+03  1.9587E-02  5.6403E-01  1.3637E-03  7.8696E-02  1.0000E+00
 2.0900E+03  1.9727E-02  5.6373E-01  1.6216E-03  9.2866E-02  1.0000E+00
 2.1060E+03  1.9868E-02  5.6343E-01  1.8795E-03  1.0682E-01  1.0000E+00
 2.1222E+03  2.0009E-02  5.6311E-01  2.1374E-03  1.2055E-01  1.0000E+00
 2.1384E+03  2.0151E-02  5.6279E-01  2.3953E-03  1.3407E-01  1.0000E+00
 2.1548E+03  2.0294E-02  5.6246E-01  2.6533E-03  1.4738E-01  1.0000E+00
 2.1713E+03  2.0438E-02  5.6213E-01  2.9113E-03  1.6048E-01  1.0000E+00
 2.1879E+03  2.0582E-02  5.6178E-01  3.1693E-03  1.7338E-01  1.0000E+00
 2.2047E+03  2.0727E-02  5.6143E-01  3.4273E-03  1.8607E-01  1.0000E+00
 2.2216E+03  2.0872E-02  5.6106E-01  3.6854E-03  1.9856E-01  1.0000E+00
 2.2386E+03  2.1019E-02  5.6069E-01  3.9434E-03  2.1085E-01  1.0000E+00
 2.2557E+03  2.1166E-02  5.6031E-01  4.2015E-03  2.2294E-01  1.0000E+00
 2.2730E+03  2.1313E-02  5.5993E-01  4.4597E-03  2.3484E-01  1.0000E+00
 2.2904E+03  2.1462E-02  5.5953E-01  4.7178E-03  2.4655E-01  1.0000E+00
 2.3079E+03  2.1611E-02  5.5912E-01  4.9760E-03  2.5806E-01  1.0000E+00
 2.3256E+03  2.1760E-02  5.5871E-01  5.2342E-03  2.6939E-01  1.0000E+00
 2.3434E+03  2.1911E-02  5.5829E-01  5.4924E-03  2.8053E-01  1.0000E+00
 2.3614E+03  2.2062E-02  5.5786E-01  5.7506E-03  2.9149E-01  1.0000E+00
 2.3794E+03  2.2214E-02  5.5742E-01  6.0089E-03  3.0226E-01  1.0000E+00
 2.3977E+03  2.2366E-02  5.5697E-01  6.2672E-03  3.1286E-01  1.0000E+00
 2.4160E+03  2.2520E-02  5.5651E-01  6.5255E-03  3.2328E-01  1.0000E+00
 2.4345E+03  2.2673E-02  5.5604E-01  6.7839E-03  3.3353E-01  1.0000E+00
 2.4532E+03  2.2828E-02  5.5557E-01  7.0423E-03  3.4360E-01  1.0000E+00
 2.4720E+03  2.2983E-02  5.5508E-01  7.3007E-03  3.5350E-01  1.0000E+00
 2.4909E+03  2.3139E-02  5.5459E-01  7.5591E-03  3.6323E-01  1.0000E+00
 2.5100E+03  2.3295E-02  5.5409E-01  7.8176E-03  3.7279E-01  1.0000E+00
 2.5292E+03  2.3453E-02  5.5358E-01  8.0761E-03  3.8219E-01  1.0000E+00
 2.5486E+03  2.3610E-02  5.5306E-01  8.3346E-03  3.9143E-01  1.0000E+00
 2.5681E+03  2.3769E-02  5.5253E-01  8.5932E-03  4.0051E-01  1.0000E+00
 2.5878E+03  2.3928E-02  5.5199E-01  8.8517E-03  4.0942E-01  1.0000E+00
 2.6076E+03  2.4088E-02  5.5144E-01  9.1104E-03  4.1818E-01  1.0000E+00
 2.6275E+03  2.4248E-02  5.5088E-01  9.3690E-03  4.2679E-01  1.0000E+00
 2.6477E+03  2.4409E-02  5.5031E-01  9.6277E-03  4.3524E-01  1.0000E+00
 2.6679E+03  2.4571E-02  5.4974E-01  9.8864E-03  4.4354E-01  1.0000E+00
 2.6884E+03  2.4733E-02  5.4915E-01  1.0145E-02  4.5168E-01  1.0000E+00
 2.7090E+03  2.4896E-02  5.4856E-01  1.0404E-02  4.5968E-01  1.0000E+00
 2.7297E+03  2.5060E-02  5.4795E-01  1.0663E-02  4.6754E-01  1.0000E+00
 2.7506E+03  2.5224E-02  5.4734E-01  1.0922E-02  4.7525E-01  1.0000E+00
 2.7717E+03  2.5389E-02  5.4672E-01  1.1180E-02  4.8282E-01  1.0000E+00
 2.7929E+03  2.5554E-02  5.4608E-01  1.1439E-02  4.9024E-01  1.0000E+00
 2.8143E+03  2.5720E-02  5.4544E-01  1.1698E-02  4.9753E-01  1.0000E+00
 2.8358E+03  2.5886E-02  5.4479E-01  1.1957E-02  5.0468E-01  1.0000E+00
 2.8576E+03  2.6054E-02  5.4413E-01  1.2216E-02  5.1169E-01  1.0000E+00
 2.8794E+03  2.6221E-02  5.4346E-01  1.2475E-02  5.1857E-01  1.0000E+00
 2.9015E+03  2.6389E-02  5.4277E-01  1.2734E-02  5.2532E-01  1.0000E+00
 2.9237E+03  2.6558E-02  5.4208E-01  1.2993E-02  5.3193E-01  1.0000E+00
 2.9461E+03  2.6727E-02  5.4137E-01  1.3253E-02  5.3842E-01  1.0000E+00
 2.9687E+03  2.6897E-02  5.4066E-01  1.3512E-02  5.4478E-01  1.0000E+00
 2.9914E+03  2.7067E-02  5.3993E-01  1.3771E-02  5.5101E-01  1.0000E+00
 3.0143E+03  2.7238E-02  5.3919E-01  1.4030E-02  5.5712E-01  1.0000E+00
 3.0374E+03  2.7409E-02  5.3844E-01  1.4290E-02  5.6310E-01  1.0000E+00
 3.0607E+03  2.7580E-02  5.3768E-01  1.4549E-02  5.6896E-01  1.0000E+00
 3.0841E+03  2.7752E-02  5.3692E-01  1.4808E-02  5.7471E-01  1.0000E+00
 3.1077E+03  2.7925E-02  5.3614E-01  1.5068E-02  5.8033E-01  1.0000E+00
 3.1315E+03  2.8098E-02  5.3535E-01  1.5327E-02  5.8584E-01  1.0000E+00
 3.1555E+03  2.8272E-02  5.3454E-01  1.5587E-02  5.9123E-01  1.0000E+00
 3.1797E+03  2.8446E-02  5.3373E-01  1.5846E-02  5.9650E-01  1.0000E+00
 3.2040E+03  2.8620E-02  5.3291E-01  1.6106E-02  6.0167E-01  1.0000E+00
 3.2286E+03  2.8795E-02  5.3208E-01  1.6366E-02  6.0672E-01  1.0000E+00
 3.2533E+03  2.8970E-02  5.3124E-01  1.6625E-02  6.1166E-01  1.0000E+00
 3.2782E+03  2.9146E-02  5.3039E-01  1.6885E-02  6.1650E-01  1.0000E+00
 3.3033E+03  2.9322E-02  5.2953E-01  1.7145E-02  6.2123E-01  1.0000E+00
 3.3286E+03  2.9499E-02  5.2866E-01  1.7405E-02  6.2585E-01  1.0000E+00
 3.3541E+03  2.9676E-02  5.2778E-01  1.7664E-02  6.3036E-01  1.0000E+00
 3.3798E+03  2.9854E-02  5.2690E-01  1.7924E-02  6.3478E-01  1.0000E+00
 3.4057E+03  3.0032E-02  5.2600E-01  1.8184E-02  6.3909E-01  1.0000E+00
 3.4317E+03  3.0211E-02  5.2509E-01  1.8444E-02  6.4330E-01  1.0000E+00
 3.4580E+03  3.0390E-02  5.2417E-01  1.8704E-02  6.4741E-01  1.0000E+00
 3.4845E+03  3.0569E-02  5.2325E-01  1.8964E-02  6.5143E-01  1.0000E+00
 3.5112E+03  3.0749E-02  5.2231E-01  1.9225E-02  6.5534E-01  1.0000E+00
 3.5381E+03  3.0930E-02  5.2137E-01  1.9485E-02  6.5917E-01  1.0000E+00
 3.5652E+03  3.1110E-02  5.2042E-01  1.9745E-02  6.6289E-01  1.0000E+00
 3.5925E+03  3.1292E-02  5.1946E-01  2.0005E-02  6.6653E-01  1.0000E+00
 3.6200E+03  3.1473E-02  5.1849E-01  2.0266E-02  6.7007E-01  1.0000E+00
 3.6477E+03  3.1655E-02  5.1751E-01  2.0526E-02  6.7352E-01  1.0000E+00
 3.6757E+03  3.1838E-02  5.1653E-01  2.0787E-02  6.7688E-01  1.0000E+00
 3.7038E+03  3.2021E-02  5.1553E-01  2.1047E-02  6.8016E-01  1.0000E+00
 3.7322E+03  3.2204E-02  5.1453E-01  2.1308E-02  6.8335E-01  1.0000E+00
 3.7608E+03  3.2388E-02  5.1352E-01  2.1568E-02  6.8645E-01  1.0000E+00
 3.7896E+03  3.2572E-02  5.1250E-01  2.1829E-02  6.8946E-01  1.0000E+00
 3.8186E+03  3.2757E-02  5.1147E-01  2.2090E-02  6.9240E-01  1.0000E+00
 3.8478E+03  3.2942E-02  5.1044E-01  2.2350E-02  6.9525E-01  1.0000E+00
 3.8773E+03  3.3127E-02  5.0939E-01  2.2611E-02  6.9801E-01  1.0000E+00
 3.9070E+03  3.3313E-02  5.0834E-01  2.2872E-02  7.0070E-01  1.0000E+00
 3.9369E+03  3.3499E-02  5.0729E-01  2.3133E-02  7.0331E-01  1.0000E+00
 3.9671E+03  3.3686E-02  5.0622E-01  2.3394E-02  7.0584E-01  1.0000E+00
 3.9974E+03  3.3873E-02  5.0515E-01  2.3655E-02  7.0829E-01  1.0000E+00
 4.0281E+03  3.4060E-02  5.0407E-01  2.3916E-02  7.1067E-01  1.0000E+00
 4.0589E+03  3.4248E-02  5.0298E-01  2.4178E-02  7.1297E-01  1.0000E+00
 4.0900E+03  3.4437E-02  5.0189E-01  2.4439E-02  7.1520E-01  1.0000E+00
 4.1213E+03  3.4625E-02  5.0079E-01  2.4700E-02  7.1735E-01  1.0000E+00
 4.1529E+03  3.4814E-02  4.9968E-01  2.4962E-02  7.1943E-01  1.0000E+00
 4.1847E+03  3.5004E-02  4.9856E-01  2.5223E-02  7.2144E-01  1.0000E+00
 4.2167E+03  3.5193E-02  4.9744E-01  2.5485E-02  7.2338E-01  1.0000E+00
 4.2490E+03  3.5384E-02  4.9631E-01  2.5746E-02  7.2525E-01  1.0000E+00
 4.2816E+03  3.5574E-02  4.9518E-01  2.6008E-02  7.2706E-01  1.0000E+00
 4.3143E+03  3.5765E-02  4.9404E-01  2.6269E-02  7.2879E-01  1.0000E+00
 4.3474E+03  3.5957E-02  4.9289E-01  2.6531E-02  7.3046E-01  1.0000E+00
 4.3807E+03  3.6148E-02  4.9173E-01  2.6793E-02  7.3206E-01  1.0000E+00
 4.4142E+03  3.6340E-02  4.9057E-01  2.7055E-02  7.3360E-01  1.0000E+00
 4.4480E+03  3.6533E-02  4.8941E-01  2.7317E-02  7.3508E-01  1.0000E+00
 4.4821E+03  3.6726E-02  4.8824E-01  2.7579E-02  7.3649E-01  1.0000E+00
 4.5164E+03  3.6919E-02  4.8706E-01  2.7841E-02  7.3784E-01  1.0000E+00
 4.5510E+03  3.7112E-02  4.8587E-01  2.8103E-02  7.3913E-01  1.0000E+00
 4.5859E+03  3.7306E-02  4.8468E-01  2.8366E-02  7.4036E-01  1.0000E+00
 4.6210E+03  3.7500E-02  4.8349E-01  2.8628E-02  7.4152E-01  1.0000E+00
 4.6564E+03  3.7695E-02  4.8229E-01  2.8891E-02  7.4263E-01  1.0000E+00
 4.6920E+03  3.7890E-02  4.8108E-01  2.9153E-02  7.4369E-01  1.0000E+00
 4.7280E+03  3.8085E-02  4.7987E-01  2.9416E-02  7.4468E-01  1.0000E+00
 4.7642E+03  3.8281E-02  4.7865E-01  2.9678E-02  7.4562E-01  1.0000E+00
 4.8007E+03  3.8477E-02  4.7743E-01  2.9941E-02  7.4651E-01  1.0000E+00
 4.8374E+03  3.8674E-02  4.7620E-01  3.0204E-02  7.4734E-01  1.0000E+00
 4.8745E+03  3.8870E-02  4.7497E-01  3.0467E-02  7.4811E-01  1.0000E+00
 4.9118E+03  3.9067E-02  4.7373E-01  3.0730E-02  7.4883E-01  1.0000E+00
 4.9494E+03  3.9265E-02  4.7249E-01  3.0993E-02  7.4951E-01  1.0000E+00
 4.9873E+03  3.9462E-02  4.7124E-01  3.1256E-02  7.5012E-01  1.0000E+00
 5.0255E+03  3.9661E-02  4.6999E-01  3.1519E-02  7.5069E-01  1.0000E+00
 5.0640E+03  3.9859E-02  4.6874E-01  3.1783E-02  7.5121E-01  1.0000E+00
 5.1028E+03  4.0058E-02  4.6747E-01  3.2046E-02  7.5168E-01  1.0000E+00
 5.1419E+03  4.0257E-02  4.6621E-01  3.2310E-02  7.5210E-01  1.0000E+00
 5.1812E+03  4.0456E-02  4.6494E-01  3.2573E-02  7.5247E-01  1.0000E+00
 5.2209E+03  4.0656E-02  4.6367E-01  3.2837E-02  7.5280E-01  1.0000E+00
 5.2609E+03  4.0856E-02  4.6239E-01  3.3101E-02  7.5308E-01  1.0000E+00
 5.3012E+03  4.1056E-02  4.6111E-01  3.3364E-02  7.5331E-01  1.0000E+00
 5.3418E+03  4.1257E-02  4.5982E-01  3.3628E-02  7.5350E-01  1.0000E+00
 5.3827E+03  4.1458E-02  4.5853E-01  3.3892E-02  7.5365E-01  1.0000E+00
 5.4239E+03  4.1659E-02  4.5724E-01  3.4157E-02  7.5375E-01  1.0000E+00
 5.4655E+03  4.1861E-02  4.5594E-01  3.4421E-02  7.5381E-01  1.0000E+00
 5.5073E+03  4.2063E-02  4.5464E-01  3.4685E-02  7.5382E-01  1.0000E+00
 5.5495E+03  4.2266E-02  4.5334E-01  3.4950E-02  7.5380E-01  1.0000E+00
 5.5920E+03  4.2468E-02  4.5203E-01  3.5214E-02  7.5373E-01  1.0000E+00
 5.6348E+03  4.2672E-02  4.5073E-01  3.5479E-02  7.5362E-01  1.0000E+00
 5.6780E+03  4.2875E-02  4.4942E-01  3.5743E-02  7.5348E-01  1.0000E+00
 5.7215E+03  4.3080E-02  4.4811E-01  3.6008E-02  7.5329E-01  1.0000E+00
 5.7653E+03  4.3284E-02  4.4679E-01  3.6273E-02  7.5307E-01  1.0000E+00
 5.8094E+03  4.3489E-02  4.4548E-01  3.6538E-02  7.5280E-01  1.0000E+00
 5.8539E+03  4.3695E-02  4.4416E-01  3.6803E-02  7.5250E-01  1.0000E+00
 5.8988E+03  4.3900E-02  4.4284E-01  3.7069E-02  7.5217E-01  1.0000E+00
 5.9439E+03  4.4107E-02  4.4152E-01  3.7334E-02  7.5179E-01  1.0000E+00
 5.9895E+03  4.4313E-02  4.4020E-01  3.7599E-02  7.5138E-01  1.0000E+00
 6.0353E+03  4.4520E-02  4.3888E-01  3.7865E-02  7.5094E-01  1.0000E+00
 6.0815E+03  4.4728E-02  4.3755E-01  3.8131E-02  7.5046E-01  1.0000E+00
 6.1281E+03  4.4936E-02  4.3623E-01  3.8397E-02  7.4995E-01  1.0000E+00
 6.1751E+03  4.5144E-02  4.3490E-01  3.8663E-02  7.4941E-01  1.0000E+00
 6.2223E+03  4.5353E-02  4.3357E-01  3.8929E-02  7.4883E-01  1.0000E+00
 6.2700E+03  4.5563E-02  4.3224E-01  3.9195E-02  7.4822E-01  1.0000E+00
 6.3180E+03  4.5772E-02  4.3091E-01  3.9461E-02  7.4758E-01  1.0000E+00
 6.3664E+03  4.5982E-02  4.2958E-01  3.9727E-02  7.4690E-01  1.0000E+00
 6.4152E+03  4.6193E-02  4.2825E-01  3.9994E-02  7.4620E-01  1.0000E+00
 6.4643E+03  4.6404E-02  4.2691E-01  4.0261E-02  7.4546E-01  1.0000E+00
 6.5138E+03  4.6615E-02  4.2558E-01  4.0527E-02  7.4470E-01  1.0000E+00
 6.5637E+03  4.6827E-02  4.2424E-01  4.0794E-02  7.4391E-01  1.0000E+00
 6.6139E+03  4.7039E-02  4.2291E-01  4.1061E-02  7.4309E-01  1.0000E+00
 6.6646E+03  4.7252E-02  4.2157E-01  4.1328E-02  7.4224E-01  1.0000E+00
 6.7156E+03  4.7465E-02  4.2023E-01  4.1596E-02  7.4136E-01  1.0000E+00
 6.7671E+03  4.7679E-02  4.1889E-01  4.1863E-02  7.4045E-01  1.0000E+00
 6.8189E+03  4.7893E-02  4.1755E-01  4.2130E-02  7.3952E-01  1.0000E+00
 6.8711E+03  4.8107E-02  4.1622E-01  4.2398E-02  7.3856E-01  1.0000E+00
 6.9237E+03  4.8322E-02  4.1488E-01  4.2666E-02  7.3758E-01  1.0000E+00
 6.9768E+03  4.8538E-02  4.1354E-01  4.2934E-02  7.3657E-01  1.0000E+00
 7.0302E+03  4.8753E-02  4.1220E-01  4.3202E-02  7.3554E-01  1.0000E+00
 7.0840E+03  4.8970E-02  4.1086E-01  4.3470E-02  7.3448E-01  1.0000E+00
 7.1383E+03  4.9186E-02  4.0952E-01  4.3739E-02  7.3340E-01  1.0000E+00
 7.1929E+03  4.9403E-02  4.0818E-01  4.4007E-02  7.3229E-01  1.0000E+00
 7.2480E+03  4.9621E-02  4.0684E-01  4.4276E-02  7.3116E-01  1.0000E+00
 7.3035E+03  4.9839E-02  4.0550E-01  4.4544E-02  7.3001E-01  1.0000E+00
 7.3595E+03  5.0058E-02  4.0416E-01  4.4813E-02  7.2883E-01  1.0000E+00
 7.4158E+03  5.0276E-02  4.0282E-01  4.5082E-02  7.2764E-01  1.0000E+00
 7.4726E+03  5.0496E-02  4.0148E-01  4.5352E-02  7.2642E-01  1.0000E+00
 7.5299E+03  5.0716E-02  4.0014E-01  4.5621E-02  7.2518E-01  1.0000E+00
 7.5875E+03  5.0936E-02  3.9880E-01  4.5891E-02  7.2392E-01  1.0000E+00
 7.6456E+03  5.1157E-02  3.9746E-01  4.6160E-02  7.2264E-01  1.0000E+00
 7.7042E+03  5.1378E-02  3.9612E-01  4.6430E-02  7.2134E-01  1.0000E+00
 7.7632E+03  5.1599E-02  3.9479E-01  4.6700E-02  7.2002E-01  1.0000E+00
 7.8226E+03  5.1821E-02  3.9345E-01  4.6970E-02  7.1868E-01  1.0000E+00
 7.8825E+03  5.2044E-02  3.9211E-01  4.7241E-02  7.1733E-01  1.0000E+00
 7.9429E+03  5.2267E-02  3.9078E-01  4.7511E-02  7.1595E-01  1.0000E+00
 8.0037E+03  5.2490E-02  3.8944E-01  4.7782E-02  7.1456E-01  1.0000E+00
 8.0650E+03  5.2714E-02  3.8811E-01  4.8053E-02  7.1315E-01  1.0000E+00
 8.1268E+03  5.2939E-02  3.8677E-01  4.8324E-02  7.1172E-01  1.0000E+00
 8.1890E+03  5.3164E-02  3.8544E-01  4.8595E-02  7.1027E-01  1.0000E+00
 8.2518E+03  5.3389E-02  3.8411E-01  4.8866E-02  7.0881E-01  1.0000E+00
 8.3150E+03  5.3615E-02  3.8278E-01  4.9137E-02  7.0733E-01  1.0000E+00
 8.3786E+03  5.3841E-02  3.8145E-01  4.9409E-02  7.0583E-01  1.0000E+00
 8.4428E+03  5.4068E-02  3.8012E-01  4.9681E-02  7.0432E-01  1.0000E+00
 8.5075E+03  5.4295E-02  3.7880E-01  4.9953E-02  7.0280E-01  1.0000E+00
 8.5726E+03  5.4523E-02  3.7747E-01  5.0225E-02  7.0126E-01  1.0000E+00
 8.6383E+03  5.4751E-02  3.7614E-01  5.0498E-02  6.9970E-01  1.0000E+00
 8.7044E+03  5.4980E-02  3.7482E-01  5.0770E-02  6.9813E-01  1.0000E+00
 8.7711E+03  5.5209E-02  3.7350E-01  5.1043E-02  6.9655E-01  1.0000E+00
 8.8383E+03  5.5439E-02  3.7218E-01  5.1316E-02  6.9495E-01  1.0000E+00
 8.9059E+03  5.5669E-02  3.7086E-01  5.1589E-02  6.9334E-01  1.0000E+00
 8.9741E+03  5.5900E-02  3.6954E-01  5.1863E-02  6.9172E-01  1.0000E+00
 9.0429E+03  5.6131E-02  3.6822E-01  5.2136E-02  6.9008E-01  1.0000E+00
 9.1121E+03  5.6363E-02  3.6691E-01  5.2410E-02  6.8843E-01  1.0000E+00
 9.1819E+03  5.6595E-02  3.6560E-01  5.2684E-02  6.8677E-01  1.0000E+00
 9.2522E+03  5.6828E-02  3.6428E-01  5.2958E-02  6.8510E-01  1.0000E+00
 9.3231E+03  5.7061E-02  3.6297E-01  5.3232E-02  6.8342E-01  1.0000E+00
 9.3945E+03  5.7294E-02  3.6167E-01  5.3507E-02  6.8172E-01  1.0000E+00
 9.4664E+03  5.7529E-02  3.6036E-01  5.3782E-02  6.8001E-01  1.0000E+00
 9.5389E+03  5.7764E-02  3.5906E-01  5.4057E-02  6.7829E-01  1.0000E+00
 9.6120E+03  5.7999E-02  3.5776E-01  5.4332E-02  6.7657E-01  1.0000E+00
 9.6856E+03  5.8235E-02  3.5646E-01  5.4607E-02  6.7483E-01  1.0000E+00
 9.7598E+03  5.8472E-02  3.5516E-01  5.4883E-02  6.7308E-01  1.0000E+00
 9.8345E+03  5.8710E-02  3.5387E-01  5.5159E-02  6.7132E-01  1.0000E+00
 9.9098E+03  5.8948E-02  3.5258E-01  5.5435E-02  6.6955E-01  1.0000E+00
 9.9857E+03  5.9187E-02  3.5129E-01  5.5711E-02  6.6778E-01  1.0000E+00
 1.0062E+04  5.9426E-02  3.5000E-01  5.5988E-02  6.6599E-01  1.0000E+00
 1.0139E+04  5.9666E-02  3.4872E-01  5.6264E-02  6.6420E-01  1.0000E+00
 1.0217E+04  5.9907E-02  3.4744E-01  5.6541E-02  6.6239E-01  1.0000E+00
 1.0295E+04  6.0149E-02  3.4616E-01  5.6819E-02  6.6058E-01  1.0000E+00
 1.0374E+04  6.0391E-02  3.4489E-01  5.7096E-02  6.5876E-01  1.0000E+00
 1.0453E+04  6.0634E-02  3.4362E-01  5.7374E-02  6.5694E-01  1.0000E+00
 1.0533E+04  6.0877E-02  3.4235E-01  5.7652E-02  6.5510E-01  1.0000E+00
 1.0614E+04  6.1122E-02  3.4109E-01  5.7930E-02  6.5326E-01  1.0000E+00
 1.0695E+04  6.1367E-02  3.3983E-01  5.8208E-02  6.5141E-01  1.0000E+00
 1.0777E+04  6.1613E-02  3.3857E-01  5.8487E-02  6.4956E-01  1.0000E+00
 1.0860E+04  6.1859E-02  3.3731E-01  5.8766E-02  6.4769E-01  1.0000E+00
 1.0943E+04  6.2106E-02  3.3606E-01  5.9045E-02  6.4582E-01  1.0000E+00
 1.1027E+04  6.2354E-02  3.3481E-01  5.9325E-02  6.4395E-01  1.0000E+00
 1.1111E+04  6.2603E-02  3.3356E-01  5.9604E-02  6.4207E-01  1.0000E+00
 1.1196E+04  6.2853E-02  3.3232E-01  5.9884E-02  6.4018E-01  1.0000E+00
 1.1282E+04  6.3103E-02  3.3108E-01  6.0165E-02  6.3829E-01  1.0000E+00
 1.1369E+04  6.3354E-02  3.2984E-01  6.0445E-02  6.3639E-01  1.0000E+00
 1.1456E+04  6.3606E-02  3.2861E-01  6.0726E-02  6.3449E-01  1.0000E+00
 1.1543E+04  6.3858E-02  3.2738E-01  6.1007E-02  6.3258E-01  1.0000E+00
 1.1632E+04  6.4112E-02  3.2615E-01  6.1288E-02  6.3067E-01  1.0000E+00
 1.1721E+04  6.4366E-02  3.2493E-01  6.1570E-02  6.2875E-01  1.0000E+00
 1.1811E+04  6.4621E-02  3.2371E-01  6.1852E-02  6.2683E-01  1.0000E+00
 1.1901E+04  6.4877E-02  3.2249E-01  6.2134E-02  6.2490E-01  1.0000E+00
 1.1992E+04  6.5133E-02  3.2128E-01  6.2416E-02  6.2297E-01  1.0000E+00
 1.2084E+04  6.5391E-02  3.2007E-01  6.2699E-02  6.2104E-01  1.0000E+00
 1.2177E+04  6.5649E-02  3.1886E-01  6.2982E-02  6.1910E-01  1.0000E+00
 1.2270E+04  6.5908E-02  3.1766E-01  6.3266E-02  6.1716E-01  1.0000E+00
 1.2364E+04  6.6168E-02  3.1646E-01  6.3549E-02  6.1522E-01  1.0000E+00
 1.2458E+04  6.6429E-02  3.1526E-01  6.3833E-02  6.1327E-01  1.0000E+00
 1.2554E+04  6.6691E-02  3.1407E-01  6.4118E-02  6.1132E-01  1.0000E+00
 1.2650E+04  6.6953E-02  3.1288E-01  6.4402E-02  6.0937E-01  1.0000E+00
 1.2747E+04  6.7217E-02  3.1170E-01  6.4687E-02  6.0741E-01  1.0000E+00
 1.2845E+04  6.7481E-02  3.1052E-01  6.4972E-02  6.0545E-01  1.0000E+00
 1.2943E+04  6.7746E-02  3.0934E-01  6.5258E-02  6.0349E-01  1.0000E+00
 1.3042E+04  6.8013E-02  3.0816E-01  6.5544E-02  6.0153E-01  1.0000E+00
 1.3142E+04  6.8280E-02  3.0699E-01  6.5830E-02  5.9956E-01  1.0000E+00
 1.3243E+04  6.8548E-02  3.0582E-01  6.6116E-02  5.9759E-01  1.0000E+00
 1.3344E+04  6.8817E-02  3.0466E-01  6.6403E-02  5.9563E-01  1.0000E+00
 1.3446E+04  6.9087E-02  3.0350E-01  6.6691E-02  5.9366E-01  1.0000E+00
 1.3549E+04  6.9357E-02  3.0235E-01  6.6978E-02  5.9168E-01  1.0000E+00
 1.3653E+04  6.9629E-02  3.0119E-01  6.7266E-02  5.8971E-01  1.0000E+00
 1.3757E+04  6.9902E-02  3.0004E-01  6.7554E-02  5.8774E-01  1.0000E+00
 1.3863E+04  7.0176E-02  2.9890E-01  6.7843E-02  5.8576E-01  1.0000E+00
 1.3969E+04  7.0450E-02  2.9776E-01  6.8132E-02  5.8379E-01  1.0000E+00
 1.4076E+04  7.0726E-02  2.9662E-01  6.8421E-02  5.8181E-01  1.0000E+00
 1.4184E+04  7.1003E-02  2.9549E-01  6.8711E-02  5.7983E-01  1.0000E+00
 1.4292E+04  7.1280E-02  2.9436E-01  6.9001E-02  5.7785E-01  1.0000E+00
 1.4402E+04  7.1559E-02  2.9323E-01  6.9291E-02  5.7588E-01  1.0000E+00
 1.4512E+04  7.1839E-02  2.9211E-01  6.9582E-02  5.7390E-01  1.0000E+00
 1.4623E+04  7.2120E-02  2.9099E-01  6.9873E-02  5.7192E-01  1.0000E+00
 1.4735E+04  7.2395E-02  2.8985E-01  7.0165E-02  5.6994E-01  1.0000E+00
 1.4848E+04  7.2671E-02  2.8871E-01  7.0457E-02  5.6796E-01  1.0000E+00
 1.4962E+04  7.2948E-02  2.8758E-01  7.0749E-02  5.6598E-01  1.0000E+00
 1.5076E+04  7.3225E-02  2.8645E-01  7.1042E-02  5.6401E-01  1.0000E+00
 1.5192E+04  7.3502E-02  2.8531E-01  7.1335E-02  5.6203E-01  1.0000E+00
 1.5308E+04  7.3780E-02  2.8418E-01  7.1628E-02  5.6005E-01  1.0000E+00
 1.5425E+04  7.4059E-02  2.8306E-01  7.1922E-02  5.5808E-01  1.0000E+00
 1.5544E+04  7.4338E-02  2.8193E-01  7.2217E-02  5.5610E-01  1.0000E+00
 1.5663E+04  7.4617E-02  2.8081E-01  7.2511E-02  5.5413E-01  1.0000E+00
 1.5783E+04  7.4897E-02  2.7969E-01  7.2807E-02  5.5216E-01  1.0000E+00
 1.5903E+04  7.5178E-02  2.7857E-01  7.3102E-02  5.5019E-01  1.0000E+00
 1.6025E+04  7.5459E-02  2.7746E-01  7.3398E-02  5.4821E-01  1.0000E+00
 1.6148E+04  7.5741E-02  2.7634E-01  7.3695E-02  5.4625E-01  1.0000E+00
 1.6272E+04  7.6023E-02  2.7523E-01  7.3992E-02  5.4428E-01  1.0000E+00
 1.6396E+04  7.6306E-02  2.7412E-01  7.4289E-02  5.4231E-01  1.0000E+00
 1.6522E+04  7.6590E-02  2.7302E-01  7.4587E-02  5.4035E-01  1.0000E+00
 1.6648E+04  7.6874E-02  2.7191E-01  7.4885E-02  5.3839E-01  1.0000E+00
 1.6776E+04  7.7158E-02  2.7081E-01  7.5184E-02  5.3643E-01  1.0000E+00
 1.6904E+04  7.7443E-02  2.6971E-01  7.5483E-02  5.3447E-01  1.0000E+00
 1.7034E+04  7.7729E-02  2.6862E-01  7.5783E-02  5.3251E-01  1.0000E+00
 1.7164E+04  7.8015E-02  2.6753E-01  7.6083E-02  5.3056E-01  1.0000E+00
 1.7296E+04  7.8302E-02  2.6644E-01  7.6383E-02  5.2860E-01  1.0000E+00
 1.7428E+04  7.8590E-02  2.6535E-01  7.6685E-02  5.2665E-01  1.0000E+00
 1.7562E+04  7.8878E-02  2.6426E-01  7.6986E-02  5.2471E-01  1.0000E+00
 1.7696E+04  7.9166E-02  2.6318E-01  7.7288E-02  5.2276E-01  1.0000E+00
 1.7832E+04  7.9456E-02  2.6210E-01  7.7591E-02  5.2082E-01  1.0000E+00
 1.7968E+04  7.9746E-02  2.6102E-01  7.7894E-02  5.1888E-01  1.0000E+00
 1.8106E+04  8.0036E-02  2.5995E-01  7.8197E-02  5.1694E-01  1.0000E+00
 1.8244E+04  8.0327E-02  2.5887E-01  7.8501E-02  5.1501E-01  1.0000E+00
 1.8384E+04  8.0619E-02  2.5781E-01  7.8806E-02  5.1308E-01  1.0000E+00
 1.8525E+04  8.0911E-02  2.5674E-01  7.9111E-02  5.1115E-01  1.0000E+00
 1.8667E+04  8.1204E-02  2.5567E-01  7.9417E-02  5.0923E-01  1.0000E+00
 1.8810E+04  8.1497E-02  2.5461E-01  7.9723E-02  5.0730E-01  1.0000E+00
 1.8954E+04  8.1792E-02  2.5356E-01  8.0030E-02  5.0539E-01  1.0000E+00
 1.9099E+04  8.2087E-02  2.5250E-01  8.0337E-02  5.0347E-01  1.0000E+00
 1.9245E+04  8.2382E-02  2.5145E-01  8.0645E-02  5.0156E-01  1.0000E+00
 1.9393E+04  8.2678E-02  2.5040E-01  8.0953E-02  4.9965E-01  1.0000E+00
 1.9541E+04  8.2975E-02  2.4935E-01  8.1262E-02  4.9774E-01  1.0000E+00
 1.9691E+04  8.3272E-02  2.4831E-01  8.1572E-02  4.9584E-01  1.0000E+00
 1.9842E+04  8.3570E-02  2.4727E-01  8.1882E-02  4.9395E-01  1.0000E+00
 1.9994E+04  8.3869E-02  2.4623E-01  8.2192E-02  4.9205E-01  1.0000E+00
 2.0147E+04  8.4169E-02  2.4519E-01  8.2503E-02  4.9016E-01  1.0000E+00
 2.0301E+04  8.4469E-02  2.4416E-01  8.2815E-02  4.8827E-01  1.0000E+00
 2.0456E+04  8.4770E-02  2.4313E-01  8.3128E-02  4.8639E-01  1.0000E+00
 2.0613E+04  8.5071E-02  2.4211E-01  8.3441E-02  4.8451E-01  1.0000E+00
 2.0771E+04  8.5373E-02  2.4108E-01  8.3754E-02  4.8264E-01  1.0000E+00
 2.0930E+04  8.5676E-02  2.4006E-01  8.4069E-02  4.8077E-01  1.0000E+00
 2.1090E+04  8.5980E-02  2.3905E-01  8.4384E-02  4.7890E-01  1.0000E+00
 2.1252E+04  8.6284E-02  2.3803E-01  8.4699E-02  4.7704E-01  1.0000E+00
 2.1415E+04  8.6589E-02  2.3702E-01  8.5015E-02  4.7518E-01  1.0000E+00
 2.1579E+04  8.6895E-02  2.3602E-01  8.5332E-02  4.7332E-01  1.0000E+00
 2.1744E+04  8.7202E-02  2.3501E-01  8.5649E-02  4.7147E-01  1.0000E+00
 2.1910E+04  8.7509E-02  2.3401E-01  8.5968E-02  4.6963E-01  1.0000E+00
 2.2078E+04  8.7817E-02  2.3301E-01  8.6286E-02  4.6779E-01  1.0000E+00
 2.2247E+04  8.8126E-02  2.3201E-01  8.6606E-02  4.6595E-01  1.0000E+00
 2.2418E+04  8.8435E-02  2.3102E-01  8.6926E-02  4.6412E-01  1.0000E+00
 2.2589E+04  8.8745E-02  2.3003E-01  8.7247E-02  4.6229E-01  1.0000E+00
 2.2762E+04  8.9056E-02  2.2905E-01  8.7568E-02  4.6047E-01  1.0000E+00
 2.2937E+04  8.9368E-02  2.2806E-01  8.7890E-02  4.5865E-01  1.0000E+00
 2.3112E+04  8.9681E-02  2.2708E-01  8.8213E-02  4.5684E-01  1.0000E+00
 2.3289E+04  8.9994E-02  2.2611E-01  8.8537E-02  4.5503E-01  1.0000E+00
 2.3468E+04  9.0309E-02  2.2513E-01  8.8861E-02  4.5322E-01  1.0000E+00
 2.3647E+04  9.0624E-02  2.2416E-01  8.9186E-02  4.5142E-01  1.0000E+00
 2.3829E+04  9.0939E-02  2.2320E-01  8.9512E-02  4.4963E-01  1.0000E+00
 2.4011E+04  9.1256E-02  2.2223E-01  8.9838E-02  4.4784E-01  1.0000E+00
 2.4195E+04  9.1573E-02  2.2127E-01  9.0166E-02  4.4605E-01  1.0000E+00
 2.4380E+04  9.1892E-02  2.2031E-01  9.0494E-02  4.4427E-01  1.0000E+00
 2.4567E+04  9.2211E-02  2.1936E-01  9.0822E-02  4.4250E-01  1.0000E+00
 2.4755E+04  9.2531E-02  2.1841E-01  9.1152E-02  4.4073E-01  1.0000E+00
 2.4945E+04  9.2852E-02  2.1746E-01  9.1482E-02  4.3897E-01  1.0000E+00
 2.5136E+04  9.3173E-02  2.1652E-01  9.1813E-02  4.3721E-01  1.0000E+00
 2.5328E+04  9.3496E-02  2.1558E-01  9.2145E-02  4.3545E-01  1.0000E+00
 2.5522E+04  9.3819E-02  2.1464E-01  9.2478E-02  4.3370E-01  1.0000E+00
 2.5718E+04  9.4144E-02  2.1370E-01  9.2812E-02  4.3196E-01  1.0000E+00
 2.5915E+04  9.4469E-02  2.1277E-01  9.3146E-02  4.3022E-01  1.0000E+00
 2.6113E+04  9.4795E-02  2.1184E-01  9.3481E-02  4.2849E-01  1.0000E+00
 2.6313E+04  9.5122E-02  2.1092E-01  9.3817E-02  4.2676E-01  1.0000E+00
 2.6515E+04  9.5450E-02  2.1000E-01  9.4154E-02  4.2504E-01  1.0000E+00
 2.6718E+04  9.5779E-02  2.0908E-01  9.4492E-02  4.2332E-01  1.0000E+00
 2.6922E+04  9.6109E-02  2.0816E-01  9.4831E-02  4.2161E-01  1.0000E+00
 2.7128E+04  9.6439E-02  2.0725E-01  9.5170E-02  4.1990E-01  1.0000E+00
 2.7336E+04  9.6771E-02  2.0634E-01  9.5510E-02  4.1820E-01  1.0000E+00
 2.7545E+04  9.7104E-02  2.0544E-01  9.5852E-02  4.1650E-01  1.0000E+00
 2.7756E+04  9.7437E-02  2.0453E-01  9.6194E-02  4.1481E-01  1.0000E+00
 2.7969E+04  9.7772E-02  2.0364E-01  9.6537E-02  4.1313E-01  1.0000E+00
 2.8183E+04  9.8108E-02  2.0274E-01  9.6881E-02  4.1145E-01  1.0000E+00
 2.8399E+04  9.8444E-02  2.0185E-01  9.7226E-02  4.0978E-01  1.0000E+00
 2.8617E+04  9.8782E-02  2.0096E-01  9.7572E-02  4.0811E-01  1.0000E+00
 2.8836E+04  9.9120E-02  2.0007E-01  9.7919E-02  4.0645E-01  1.0000E+00
 2.9056E+04  9.9460E-02  1.9919E-01  9.8266E-02  4.0479E-01  1.0000E+00
 2.9279E+04  9.9801E-02  1.9831E-01  9.8615E-02  4.0314E-01  1.0000E+00
 2.9503E+04  1.0014E-01  1.9744E-01  9.8965E-02  4.0150E-01  1.0000E+00
 2.9729E+04  1.0049E-01  1.9657E-01  9.9316E-02  3.9986E-01  1.0000E+00
 2.9957E+04  1.0083E-01  1.9570E-01  9.9667E-02  3.9822E-01  1.0000E+00
 3.0186E+04  1.0117E-01  1.9483E-01  1.0002E-01  3.9660E-01  1.0000E+00
 3.0417E+04  1.0152E-01  1.9397E-01  1.0037E-01  3.9497E-01  1.0000E+00
 3.0650E+04  1.0187E-01  1.9311E-01  1.0073E-01  3.9336E-01  1.0000E+00
 3.0885E+04  1.0221E-01  1.9225E-01  1.0108E-01  3.9175E-01  1.0000E+00
 3.1122E+04  1.0256E-01  1.9140E-01  1.0144E-01  3.9014E-01  1.0000E+00
 3.1360E+04  1.0291E-01  1.9055E-01  1.0180E-01  3.8854E-01  1.0000E+00
 3.1600E+04  1.0327E-01  1.8971E-01  1.0216E-01  3.8695E-01  1.0000E+00
 3.1842E+04  1.0362E-01  1.8887E-01  1.0252E-01  3.8536E-01  1.0000E+00
 3.2086E+04  1.0397E-01  1.8803E-01  1.0288E-01  3.8378E-01  1.0000E+00
 3.2332E+04  1.0433E-01  1.8719E-01  1.0324E-01  3.8221E-01  1.0000E+00
 3.2579E+04  1.0468E-01  1.8636E-01  1.0361E-01  3.8064E-01  1.0000E+00
 3.2829E+04  1.0504E-01  1.8553E-01  1.0397E-01  3.7907E-01  1.0000E+00
 3.3080E+04  1.0540E-01  1.8470E-01  1.0434E-01  3.7751E-01  1.0000E+00
 3.3334E+04  1.0576E-01  1.8388E-01  1.0470E-01  3.7596E-01  1.0000E+00
 3.3589E+04  1.0612E-01  1.8306E-01  1.0507E-01  3.7442E-01  1.0000E+00
 3.3846E+04  1.0648E-01  1.8225E-01  1.0544E-01  3.7288E-01  1.0000E+00
 3.4105E+04  1.0685E-01  1.8144E-01  1.0581E-01  3.7134E-01  1.0000E+00
 3.4367E+04  1.0721E-01  1.8063E-01  1.0618E-01  3.6981E-01  1.0000E+00
 3.4630E+04  1.0758E-01  1.7982E-01  1.0655E-01  3.6829E-01  1.0000E+00
 3.4895E+04  1.0794E-01  1.7902E-01  1.0693E-01  3.6678E-01  1.0000E+00
 3.5162E+04  1.0831E-01  1.7822E-01  1.0730E-01  3.6527E-01  1.0000E+00
 3.5431E+04  1.0868E-01  1.7742E-01  1.0768E-01  3.6376E-01  1.0000E+00
 3.5703E+04  1.0905E-01  1.7663E-01  1.0806E-01  3.6226E-01  1.0000E+00
 3.5976E+04  1.0943E-01  1.7584E-01  1.0844E-01  3.6077E-01  1.0000E+00
 3.6252E+04  1.0980E-01  1.7506E-01  1.0882E-01  3.5929E-01  1.0000E+00
 3.6529E+04  1.1018E-01  1.7427E-01  1.0920E-01  3.5781E-01  1.0000E+00
 3.6809E+04  1.1055E-01  1.7349E-01  1.0958E-01  3.5633E-01  1.0000E+00
 3.7091E+04  1.1093E-01  1.7272E-01  1.0997E-01  3.5486E-01  1.0000E+00
 3.7375E+04  1.1131E-01  1.7195E-01  1.1035E-01  3.5340E-01  1.0000E+00
 3.7661E+04  1.1169E-01  1.7118E-01  1.1074E-01  3.5195E-01  1.0000E+00
 3.7950E+04  1.1207E-01  1.7041E-01  1.1113E-01  3.5050E-01  1.0000E+00
 3.8240E+04  1.1246E-01  1.6965E-01  1.1152E-01  3.4905E-01  1.0000E+00
 3.8533E+04  1.1284E-01  1.6889E-01  1.1191E-01  3.4762E-01  1.0000E+00
 3.8828E+04  1.1323E-01  1.6813E-01  1.1230E-01  3.4619E-01  1.0000E+00
 3.9126E+04  1.1362E-01  1.6738E-01  1.1270E-01  3.4476E-01  1.0000E+00
 3.9425E+04  1.1401E-01  1.6663E-01  1.1309E-01  3.4334E-01  1.0000E+00
 3.9727E+04  1.1440E-01  1.6588E-01  1.1349E-01  3.4193E-01  1.0000E+00
 4.0032E+04  1.1479E-01  1.6514E-01  1.1389E-01  3.4052E-01  1.0000E+00
 4.0338E+04  1.1518E-01  1.6440E-01  1.1429E-01  3.3912E-01  1.0000E+00
 4.0647E+04  1.1558E-01  1.6366E-01  1.1469E-01  3.3772E-01  1.0000E+00
 4.0958E+04  1.1598E-01  1.6293E-01  1.1509E-01  3.3634E-01  1.0000E+00
 4.1272E+04  1.1638E-01  1.6220E-01  1.1550E-01  3.3495E-01  1.0000E+00
 4.1588E+04  1.1678E-01  1.6147E-01  1.1590E-01  3.3358E-01  1.0000E+00
 4.1907E+04  1.1718E-01  1.6075E-01  1.1631E-01  3.3221E-01  1.0000E+00
 4.2228E+04  1.1758E-01  1.6003E-01  1.1672E-01  3.3084E-01  1.0000E+00
 4.2551E+04  1.1799E-01  1.5931E-01  1.1713E-01  3.2948E-01  1.0000E+00
 4.2877E+04  1.1839E-01  1.5860E-01  1.1754E-01  3.2813E-01  1.0000E+00
 4.3205E+04  1.1880E-01  1.5789E-01  1.1796E-01  3.2678E-01  1.0000E+00
 4.3536E+04  1.1921E-01  1.5718E-01  1.1837E-01  3.2544E-01  1.0000E+00
 4.3869E+04  1.1963E-01  1.5648E-01  1.1879E-01  3.2411E-01  1.0000E+00
 4.4205E+04  1.2004E-01  1.5578E-01  1.1921E-01  3.2278E-01  1.0000E+00
 4.4544E+04  1.2045E-01  1.5508E-01  1.1963E-01  3.2146E-01  1.0000E+00
 4.4885E+04  1.2087E-01  1.5438E-01  1.2005E-01  3.2014E-01  1.0000E+00
 4.5229E+04  1.2129E-01  1.5369E-01  1.2048E-01  3.1883E-01  1.0000E+00
 4.5575E+04  1.2171E-01  1.5300E-01  1.2090E-01  3.1753E-01  1.0000E+00
 4.5924E+04  1.2214E-01  1.5232E-01  1.2133E-01  3.1623E-01  1.0000E+00
 4.6276E+04  1.2256E-01  1.5164E-01  1.2176E-01  3.1494E-01  1.0000E+00
 4.6630E+04  1.2299E-01  1.5096E-01  1.2219E-01  3.1366E-01  1.0000E+00
 4.6987E+04  1.2342E-01  1.5028E-01  1.2263E-01  3.1238E-01  1.0000E+00
 4.7347E+04  1.2385E-01  1.4961E-01  1.2306E-01  3.1110E-01  1.0000E+00
 4.7710E+04  1.2428E-01  1.4894E-01  1.2350E-01  3.0983E-01  1.0000E+00
 4.8075E+04  1.2471E-01  1.4827E-01  1.2394E-01  3.0857E-01  1.0000E+00
 4.8443E+04  1.2515E-01  1.4761E-01  1.2438E-01  3.0732E-01  1.0000E+00
 4.8814E+04  1.2559E-01  1.4695E-01  1.2482E-01  3.0607E-01  1.0000E+00
 4.9188E+04  1.2603E-01  1.4630E-01  1.2527E-01  3.0483E-01  1.0000E+00
 4.9565E+04  1.2647E-01  1.4564E-01  1.2572E-01  3.0359E-01  1.0000E+00
 4.9945E+04  1.2691E-01  1.4499E-01  1.2616E-01  3.0236E-01  1.0000E+00
 5.0327E+04  1.2736E-01  1.4434E-01  1.2662E-01  3.0113E-01  1.0000E+00
 5.0713E+04  1.2781E-01  1.4370E-01  1.2707E-01  2.9991E-01  1.0000E+00
 5.1101E+04  1.2826E-01  1.4306E-01  1.2752E-01  2.9870E-01  1.0000E+00
 5.1492E+04  1.2871E-01  1.4242E-01  1.2798E-01  2.9749E-01  1.0000E+00
 5.1887E+04  1.2917E-01  1.4179E-01  1.2844E-01  2.9629E-01  1.0000E+00
 5.2284E+04  1.2962E-01  1.4115E-01  1.2890E-01  2.9510E-01  1.0000E+00
 5.2684E+04  1.3008E-01  1.4052E-01  1.2937E-01  2.9391E-01  1.0000E+00
 5.3088E+04  1.3054E-01  1.3990E-01  1.2983E-01  2.9272E-01  1.0000E+00
 5.3494E+04  1.3101E-01  1.3928E-01  1.3030E-01  2.9155E-01  1.0000E+00
 5.3904E+04  1.3147E-01  1.3866E-01  1.3077E-01  2.9037E-01  1.0000E+00
 5.4317E+04  1.3194E-01  1.3804E-01  1.3124E-01  2.8921E-01  1.0000E+00
 5.4733E+04  1.3241E-01  1.3743E-01  1.3172E-01  2.8805E-01  1.0000E+00
 5.5152E+04  1.3289E-01  1.3681E-01  1.3219E-01  2.8689E-01  1.0000E+00
 5.5574E+04  1.3336E-01  1.3621E-01  1.3267E-01  2.8575E-01  1.0000E+00
 5.6000E+04  1.3384E-01  1.3560E-01  1.3316E-01  2.8461E-01  1.0000E+00
 5.6429E+04  1.3432E-01  1.3500E-01  1.3364E-01  2.8347E-01  1.0000E+00
 5.6861E+04  1.3480E-01  1.3440E-01  1.3413E-01  2.8234E-01  1.0000E+00
 5.7297E+04  1.3529E-01  1.3381E-01  1.3462E-01  2.8122E-01  1.0000E+00
 5.7735E+04  1.3577E-01  1.3321E-01  1.3511E-01  2.8010E-01  1.0000E+00
 5.8177E+04  1.3626E-01  1.3262E-01  1.3560E-01  2.7898E-01  1.0000E+00
 5.8623E+04  1.3676E-01  1.3204E-01  1.3610E-01  2.7788E-01  1.0000E+00
 5.9072E+04  1.3725E-01  1.3145E-01  1.3660E-01  2.7678E-01  1.0000E+00
 5.9524E+04  1.3775E-01  1.3087E-01  1.3710E-01  2.7568E-01  1.0000E+00
 5.9980E+04  1.3825E-01  1.3029E-01  1.3760E-01  2.7459E-01  1.0000E+00
 6.0440E+04  1.3875E-01  1.2972E-01  1.3811E-01  2.7351E-01  1.0000E+00
 6.0902E+04  1.3926E-01  1.2915E-01  1.3862E-01  2.7243E-01  1.0000E+00
 6.1369E+04  1.3977E-01  1.2858E-01  1.3913E-01  2.7136E-01  1.0000E+00
 6.1839E+04  1.4028E-01  1.2801E-01  1.3965E-01  2.7029E-01  1.0000E+00
 6.2312E+04  1.4079E-01  1.2745E-01  1.4016E-01  2.6923E-01  1.0000E+00
 6.2790E+04  1.4131E-01  1.2689E-01  1.4068E-01  2.6818E-01  1.0000E+00
 6.3270E+04  1.4183E-01  1.2633E-01  1.4121E-01  2.6713E-01  1.0000E+00
 6.3755E+04  1.4235E-01  1.2578E-01  1.4173E-01  2.6609E-01  1.0000E+00
 6.4243E+04  1.4287E-01  1.2523E-01  1.4226E-01  2.6505E-01  1.0000E+00
 6.4735E+04  1.4340E-01  1.2468E-01  1.4279E-01  2.6402E-01  1.0000E+00
 6.5231E+04  1.4393E-01  1.2413E-01  1.4333E-01  2.6299E-01  1.0000E+00
 6.5731E+04  1.4447E-01  1.2359E-01  1.4387E-01  2.6197E-01  1.0000E+00
 6.6234E+04  1.4500E-01  1.2305E-01  1.4441E-01  2.6096E-01  1.0000E+00
 6.6741E+04  1.4554E-01  1.2251E-01  1.4495E-01  2.5995E-01  1.0000E+00
 6.7252E+04  1.4609E-01  1.2197E-01  1.4550E-01  2.5895E-01  1.0000E+00
 6.7767E+04  1.4663E-01  1.2144E-01  1.4605E-01  2.5795E-01  1.0000E+00
 6.8286E+04  1.4718E-01  1.2091E-01  1.4660E-01  2.5696E-01  1.0000E+00
 6.8809E+04  1.4774E-01  1.2039E-01  1.4715E-01  2.5597E-01  1.0000E+00
 6.9336E+04  1.4829E-01  1.1986E-01  1.4771E-01  2.5499E-01  1.0000E+00
 6.9867E+04  1.4885E-01  1.1934E-01  1.4828E-01  2.5402E-01  1.0000E+00
 7.0402E+04  1.4941E-01  1.1883E-01  1.4884E-01  2.5305E-01  1.0000E+00
 7.0942E+04  1.4998E-01  1.1831E-01  1.4941E-01  2.5209E-01  1.0000E+00
 7.1485E+04  1.5055E-01  1.1780E-01  1.4998E-01  2.5113E-01  1.0000E+00
 7.2032E+04  1.5112E-01  1.1729E-01  1.5056E-01  2.5018E-01  1.0000E+00
 7.2584E+04  1.5169E-01  1.1678E-01  1.5114E-01  2.4923E-01  1.0000E+00
 7.3140E+04  1.5227E-01  1.1628E-01  1.5172E-01  2.4829E-01  1.0000E+00
 7.3700E+04  1.5286E-01  1.1578E-01  1.5230E-01  2.4735E-01  1.0000E+00
 7.4264E+04  1.5344E-01  1.1528E-01  1.5289E-01  2.4642E-01  1.0000E+00
 7.4833E+04  1.5403E-01  1.1478E-01  1.5349E-01  2.4550E-01  1.0000E+00
 7.5406E+04  1.5463E-01  1.1429E-01  1.5408E-01  2.4458E-01  1.0000E+00
 7.5984E+04  1.5522E-01  1.1380E-01  1.5468E-01  2.4367E-01  1.0000E+00
 7.6566E+04  1.5582E-01  1.1331E-01  1.5529E-01  2.4276E-01  1.0000E+00
 7.7152E+04  1.5643E-01  1.1282E-01  1.5589E-01  2.4185E-01  1.0000E+00
 7.7743E+04  1.5704E-01  1.1234E-01  1.5651E-01  2.4096E-01  1.0000E+00
 7.8338E+04  1.5765E-01  1.1186E-01  1.5712E-01  2.4007E-01  1.0000E+00
 7.8938E+04  1.5826E-01  1.1138E-01  1.5774E-01  2.3918E-01  1.0000E+00
 7.9543E+04  1.5888E-01  1.1091E-01  1.5836E-01  2.3830E-01  1.0000E+00
 8.0152E+04  1.5951E-01  1.1044E-01  1.5899E-01  2.3742E-01  1.0000E+00
 8.0766E+04  1.6013E-01  1.0997E-01  1.5962E-01  2.3655E-01  1.0000E+00
 8.1384E+04  1.6077E-01  1.0950E-01  1.6025E-01  2.3569E-01  1.0000E+00
 8.2008E+04  1.6140E-01  1.0904E-01  1.6089E-01  2.3483E-01  1.0000E+00
 8.2636E+04  1.6204E-01  1.0858E-01  1.6153E-01  2.3397E-01  1.0000E+00
 8.3268E+04  1.6268E-01  1.0812E-01  1.6218E-01  2.3313E-01  1.0000E+00
 8.3906E+04  1.6333E-01  1.0766E-01  1.6283E-01  2.3228E-01  1.0000E+00
 8.4549E+04  1.6399E-01  1.0721E-01  1.6349E-01  2.3144E-01  1.0000E+00
 8.5196E+04  1.6464E-01  1.0676E-01  1.6415E-01  2.3061E-01  1.0000E+00
 8.5849E+04  1.6530E-01  1.0631E-01  1.6481E-01  2.2978E-01  1.0000E+00
 8.6506E+04  1.6597E-01  1.0586E-01  1.6548E-01  2.2896E-01  1.0000E+00
 8.7169E+04  1.6664E-01  1.0542E-01  1.6615E-01  2.2815E-01  1.0000E+00
 8.7836E+04  1.6731E-01  1.0498E-01  1.6683E-01  2.2733E-01  1.0000E+00
 8.8509E+04  1.6799E-01  1.0454E-01  1.6751E-01  2.2653E-01  1.0000E+00
 8.9187E+04  1.6867E-01  1.0410E-01  1.6819E-01  2.2573E-01  1.0000E+00
 8.9870E+04  1.6936E-01  1.0367E-01  1.6888E-01  2.2493E-01  1.0000E+00
 9.0558E+04  1.7006E-01  1.0324E-01  1.6958E-01  2.2414E-01  1.0000E+00
 9.1252E+04  1.7075E-01  1.0281E-01  1.7028E-01  2.2335E-01  1.0000E+00
 9.1950E+04  1.7145E-01  1.0238E-01  1.7098E-01  2.2257E-01  1.0000E+00
 9.2655E+04  1.7216E-01  1.0196E-01  1.7169E-01  2.2180E-01  1.0000E+00
 9.3364E+04  1.7287E-01  1.0154E-01  1.7241E-01  2.2103E-01  1.0000E+00
 9.4079E+04  1.7359E-01  1.0112E-01  1.7313E-01  2.2027E-01  1.0000E+00
 9.4800E+04  1.7431E-01  1.0070E-01  1.7385E-01  2.1951E-01  1.0000E+00
 9.5526E+04  1.7504E-01  1.0029E-01  1.7458E-01  2.1875E-01  1.0000E+00
 9.6257E+04  1.7577E-01  9.9878E-02  1.7532E-01  2.1800E-01  1.0000E+00
 9.6994E+04  1.7651E-01  9.9469E-02  1.7606E-01  2.1726E-01  1.0000E+00
 9.7737E+04  1.7725E-01  9.9062E-02  1.7680E-01  2.1652E-01  1.0000E+00
 9.8486E+04  1.7800E-01  9.8658E-02  1.7755E-01  2.1578E-01  1.0000E+00
 9.9240E+04  1.7875E-01  9.8256E-02  1.7831E-01  2.1506E-01  1.0000E+00
 1.0000E+05  1.7951E-01  9.7857E-02  1.7907E-01  2.1433E-01  1.0000E+00


