 4.8978E+01  0.0000E+00  0.0000E+00  0.0000E+00  0.0000E+00  0.0000E+00
 4.9353E+01  0.0000E+00  0.0000E+00  0.0000E+00  0.0000E+00  0.0000E+00
 4.9731E+01  0.0000E+00  0.0000E+00  0.0000E+00  0.0000E+00  0.0000E+00
 5.0112E+01  0.0000E+00  0.0000E+00  0.0000E+00  0.0000E+00  0.0000E+00
 5.0496E+01  0.0000E+00  0.0000E+00  0.0000E+00  0.0000E+00  0.0000E+00
 5.0882E+01  0.0000E+00  0.0000E+00  0.0000E+00  0.0000E+00  0.0000E+00
 5.1272E+01  0.0000E+00  0.0000E+00  0.0000E+00  0.0000E+00  0.0000E+00
 5.1665E+01  0.0000E+00  0.0000E+00  0.0000E+00  0.0000E+00  0.0000E+00
 5.2060E+01  0.0000E+00  0.0000E+00  0.0000E+00  0.0000E+00  0.0000E+00
 5.2459E+01  0.0000E+00  0.0000E+00  0.0000E+00  0.0000E+00  0.0000E+00
 5.2861E+01  0.0000E+00  0.0000E+00  0.0000E+00  0.0000E+00  0.0000E+00
 5.3266E+01  0.0000E+00  0.0000E+00  0.0000E+00  0.0000E+00  0.0000E+00
 5.3673E+01  0.0000E+00  0.0000E+00  0.0000E+00  0.0000E+00  0.0000E+00
 5.4085E+01  0.0000E+00  0.0000E+00  0.0000E+00  0.0000E+00  0.0000E+00
 5.4499E+01  0.0000E+00  0.0000E+00  0.0000E+00  0.0000E+00  0.0000E+00
 5.4916E+01  0.0000E+00  0.0000E+00  0.0000E+00  0.0000E+00  0.0000E+00
 5.5337E+01  0.0000E+00  0.0000E+00  0.0000E+00  0.0000E+00  0.0000E+00
 5.5760E+01  0.0000E+00  0.0000E+00  0.0000E+00  0.0000E+00  0.0000E+00
 5.6187E+01  0.0000E+00  0.0000E+00  0.0000E+00  0.0000E+00  0.0000E+00
 5.6618E+01  0.0000E+00  0.0000E+00  0.0000E+00  0.0000E+00  0.0000E+00
 5.7051E+01  0.0000E+00  0.0000E+00  0.0000E+00  0.0000E+00  0.0000E+00
 5.7488E+01  0.0000E+00  0.0000E+00  0.0000E+00  0.0000E+00  0.0000E+00
 5.7929E+01  0.0000E+00  0.0000E+00  0.0000E+00  0.0000E+00  0.0000E+00
 5.8372E+01  0.0000E+00  0.0000E+00  0.0000E+00  0.0000E+00  0.0000E+00
 5.8819E+01  0.0000E+00  0.0000E+00  0.0000E+00  0.0000E+00  0.0000E+00
 5.9270E+01  0.0000E+00  0.0000E+00  0.0000E+00  0.0000E+00  0.0000E+00
 5.9724E+01  0.0000E+00  0.0000E+00  0.0000E+00  0.0000E+00  0.0000E+00
 6.0181E+01  0.0000E+00  0.0000E+00  0.0000E+00  0.0000E+00  0.0000E+00
 6.0642E+01  0.0000E+00  0.0000E+00  0.0000E+00  0.0000E+00  0.0000E+00
 6.1106E+01  0.0000E+00  0.0000E+00  0.0000E+00  0.0000E+00  0.0000E+00
 6.1574E+01  0.0000E+00  0.0000E+00  0.0000E+00  0.0000E+00  0.0000E+00
 6.2046E+01  0.0000E+00  0.0000E+00  0.0000E+00  0.0000E+00  0.0000E+00
 6.2521E+01  0.0000E+00  0.0000E+00  0.0000E+00  0.0000E+00  0.0000E+00
 6.3000E+01  0.0000E+00  0.0000E+00  0.0000E+00  0.0000E+00  0.0000E+00
 6.3482E+01  0.0000E+00  0.0000E+00  0.0000E+00  0.0000E+00  0.0000E+00
 6.3968E+01  0.0000E+00  0.0000E+00  0.0000E+00  0.0000E+00  0.0000E+00
 6.4458E+01  0.0000E+00  0.0000E+00  0.0000E+00  0.0000E+00  0.0000E+00
 6.4952E+01  0.0000E+00  0.0000E+00  0.0000E+00  0.0000E+00  0.0000E+00
 6.5449E+01  0.0000E+00  0.0000E+00  0.0000E+00  0.0000E+00  0.0000E+00
 6.5951E+01  0.0000E+00  0.0000E+00  0.0000E+00  0.0000E+00  0.0000E+00
 6.6456E+01  0.0000E+00  0.0000E+00  0.0000E+00  0.0000E+00  0.0000E+00
 6.6965E+01  0.0000E+00  0.0000E+00  0.0000E+00  0.0000E+00  0.0000E+00
 6.7478E+01  0.0000E+00  0.0000E+00  0.0000E+00  0.0000E+00  0.0000E+00
 6.7994E+01  0.0000E+00  0.0000E+00  0.0000E+00  0.0000E+00  0.0000E+00
 6.8515E+01  0.0000E+00  0.0000E+00  0.0000E+00  0.0000E+00  0.0000E+00
 6.9040E+01  0.0000E+00  0.0000E+00  0.0000E+00  0.0000E+00  0.0000E+00
 6.9568E+01  1.0584E+00  9.1047E+02  6.7696E-01  1.1372E+03  1.0000E+00
 7.0101E+01  1.0588E+00  9.0386E+02  6.7951E-01  1.1330E+03  1.0000E+00
 7.0638E+01  1.0592E+00  8.9731E+02  6.8206E-01  1.1288E+03  1.0000E+00
 7.1179E+01  1.0595E+00  8.9080E+02  6.8461E-01  1.1246E+03  1.0000E+00
 7.1724E+01  1.0599E+00  8.8434E+02  6.8716E-01  1.1204E+03  1.0000E+00
 7.2273E+01  1.0603E+00  8.7792E+02  6.8972E-01  1.1162E+03  1.0000E+00
 7.2827E+01  1.0607E+00  8.7156E+02  6.9227E-01  1.1120E+03  1.0000E+00
 7.3385E+01  1.0610E+00  8.6524E+02  6.9482E-01  1.1078E+03  1.0000E+00
 7.3947E+01  1.0614E+00  8.5896E+02  6.9737E-01  1.1036E+03  1.0000E+00
 7.4513E+01  1.0618E+00  8.5274E+02  6.9992E-01  1.0994E+03  1.0000E+00
 7.5084E+01  1.0622E+00  8.4656E+02  7.0247E-01  1.0952E+03  1.0000E+00
 7.5659E+01  1.0626E+00  8.4043E+02  7.0503E-01  1.0910E+03  1.0000E+00
 7.6238E+01  1.0629E+00  8.3435E+02  7.0758E-01  1.0868E+03  1.0000E+00
 7.6822E+01  1.0633E+00  8.2831E+02  7.1013E-01  1.0826E+03  1.0000E+00
 7.7410E+01  1.0637E+00  8.2232E+02  7.1268E-01  1.0784E+03  1.0000E+00
 7.8003E+01  1.0641E+00  8.1638E+02  7.1523E-01  1.0742E+03  1.0000E+00
 7.8601E+01  1.0645E+00  8.1048E+02  7.1779E-01  1.0700E+03  1.0000E+00
 7.9202E+01  1.0649E+00  8.0462E+02  7.2034E-01  1.0658E+03  1.0000E+00
 7.9809E+01  1.0653E+00  7.9881E+02  7.2289E-01  1.0616E+03  1.0000E+00
 8.0420E+01  1.0658E+00  7.9305E+02  7.2544E-01  1.0574E+03  1.0000E+00
 8.1036E+01  1.0662E+00  7.8733E+02  7.2799E-01  1.0532E+03  1.0000E+00
 8.1657E+01  1.0666E+00  7.8165E+02  7.3055E-01  1.0490E+03  1.0000E+00
 8.2282E+01  1.0670E+00  7.7601E+02  7.3310E-01  1.0448E+03  1.0000E+00
 8.2912E+01  1.0674E+00  7.7042E+02  7.3565E-01  1.0407E+03  1.0000E+00
 8.3547E+01  1.0679E+00  7.6487E+02  7.3820E-01  1.0365E+03  1.0000E+00
 8.4187E+01  1.0683E+00  7.5936E+02  7.4075E-01  1.0323E+03  1.0000E+00
 8.4832E+01  1.0687E+00  7.5390E+02  7.4331E-01  1.0281E+03  1.0000E+00
 8.5481E+01  1.0692E+00  7.4847E+02  7.4586E-01  1.0240E+03  1.0000E+00
 8.6136E+01  1.0696E+00  7.4309E+02  7.4841E-01  1.0198E+03  1.0000E+00
 8.6796E+01  1.0700E+00  7.3775E+02  7.5096E-01  1.0157E+03  1.0000E+00
 8.7460E+01  1.0705E+00  7.3244E+02  7.5351E-01  1.0115E+03  1.0000E+00
 8.8130E+01  1.0709E+00  7.2718E+02  7.5607E-01  1.0073E+03  1.0000E+00
 8.8805E+01  1.0714E+00  7.2196E+02  7.5862E-01  1.0032E+03  1.0000E+00
 8.9485E+01  1.0718E+00  7.1678E+02  7.6117E-01  9.9906E+02  1.0000E+00
 9.0171E+01  1.0723E+00  7.1164E+02  7.6372E-01  9.9493E+02  1.0000E+00
 9.0861E+01  1.0728E+00  7.0653E+02  7.6628E-01  9.9080E+02  1.0000E+00
 9.1557E+01  1.0732E+00  7.0147E+02  7.6883E-01  9.8667E+02  1.0000E+00
 9.2258E+01  1.0737E+00  6.9644E+02  7.7138E-01  9.8256E+02  1.0000E+00
 9.2965E+01  1.0742E+00  6.9145E+02  7.7393E-01  9.7844E+02  1.0000E+00
 9.3677E+01  1.0747E+00  6.8650E+02  7.7649E-01  9.7433E+02  1.0000E+00
 9.4394E+01  1.0751E+00  6.8159E+02  7.7904E-01  9.7023E+02  1.0000E+00
 9.5117E+01  1.0756E+00  6.7671E+02  7.8159E-01  9.6614E+02  1.0000E+00
 9.5845E+01  1.0761E+00  6.7187E+02  7.8414E-01  9.6205E+02  1.0000E+00
 9.6579E+01  1.0766E+00  6.6707E+02  7.8669E-01  9.5796E+02  1.0000E+00
 9.7319E+01  1.0771E+00  6.6230E+02  7.8925E-01  9.5389E+02  1.0000E+00
 9.8064E+01  1.0776E+00  6.5757E+02  7.9180E-01  9.4981E+02  1.0000E+00
 9.8815E+01  1.0781E+00  6.5288E+02  7.9435E-01  9.4575E+02  1.0000E+00
 9.9572E+01  1.0786E+00  6.4822E+02  7.9691E-01  9.4169E+02  1.0000E+00
 1.0033E+02  1.0791E+00  6.4359E+02  7.9946E-01  9.3764E+02  1.0000E+00
 1.0110E+02  1.0796E+00  6.3901E+02  8.0201E-01  9.3360E+02  1.0000E+00
 1.0188E+02  1.0801E+00  6.3445E+02  8.0456E-01  9.2957E+02  1.0000E+00
 1.0266E+02  1.0807E+00  6.2993E+02  8.0712E-01  9.2554E+02  1.0000E+00
 1.0344E+02  1.0812E+00  6.2545E+02  8.0967E-01  9.2152E+02  1.0000E+00
 1.0424E+02  1.0817E+00  6.2099E+02  8.1222E-01  9.1750E+02  1.0000E+00
 1.0503E+02  1.0822E+00  6.1657E+02  8.1477E-01  9.1350E+02  1.0000E+00
 1.0584E+02  1.0828E+00  6.1219E+02  8.1733E-01  9.0950E+02  1.0000E+00
 1.0665E+02  1.0833E+00  6.0784E+02  8.1988E-01  9.0551E+02  1.0000E+00
 1.0747E+02  1.0838E+00  6.0352E+02  8.2243E-01  9.0153E+02  1.0000E+00
 1.0829E+02  1.0844E+00  5.9923E+02  8.2499E-01  8.9755E+02  1.0000E+00
 1.0912E+02  1.0849E+00  5.9498E+02  8.2754E-01  8.9359E+02  1.0000E+00
 1.0995E+02  1.0855E+00  5.9075E+02  8.3009E-01  8.8963E+02  1.0000E+00
 1.1080E+02  1.0860E+00  5.8656E+02  8.3264E-01  8.8568E+02  1.0000E+00
 1.1164E+02  1.0866E+00  5.8240E+02  8.3520E-01  8.8174E+02  1.0000E+00
 1.1250E+02  1.0872E+00  5.7828E+02  8.3775E-01  8.7781E+02  1.0000E+00
 1.1336E+02  1.0877E+00  5.7418E+02  8.4030E-01  8.7389E+02  1.0000E+00
 1.1423E+02  1.0883E+00  5.7011E+02  8.4286E-01  8.6997E+02  1.0000E+00
 1.1510E+02  1.0889E+00  5.6608E+02  8.4541E-01  8.6607E+02  1.0000E+00
 1.1599E+02  1.0894E+00  5.6207E+02  8.4796E-01  8.6217E+02  1.0000E+00
 1.1687E+02  1.0900E+00  5.5810E+02  8.5052E-01  8.5829E+02  1.0000E+00
 1.1777E+02  1.0906E+00  5.5415E+02  8.5307E-01  8.5441E+02  1.0000E+00
 1.1867E+02  1.0912E+00  5.5024E+02  8.5562E-01  8.5054E+02  1.0000E+00
 1.1958E+02  1.0918E+00  5.4635E+02  8.5818E-01  8.4668E+02  1.0000E+00
 1.2050E+02  1.0924E+00  5.4249E+02  8.6073E-01  8.4283E+02  1.0000E+00
 1.2142E+02  1.0930E+00  5.3867E+02  8.6328E-01  8.3899E+02  1.0000E+00
 1.2235E+02  1.0936E+00  5.3487E+02  8.6584E-01  8.3516E+02  1.0000E+00
 1.2329E+02  1.0942E+00  5.3110E+02  8.6839E-01  8.3134E+02  1.0000E+00
 1.2423E+02  1.0948E+00  5.2735E+02  8.7094E-01  8.2753E+02  1.0000E+00
 1.2518E+02  1.0954E+00  5.2364E+02  8.7350E-01  8.2373E+02  1.0000E+00
 1.2614E+02  1.0960E+00  5.1995E+02  8.7605E-01  8.1994E+02  1.0000E+00
 1.2711E+02  1.0967E+00  5.1629E+02  8.7860E-01  8.1616E+02  1.0000E+00
 1.2808E+02  1.0973E+00  5.1266E+02  8.8116E-01  8.1238E+02  1.0000E+00
 1.2906E+02  1.0979E+00  5.0906E+02  8.8371E-01  8.0862E+02  1.0000E+00
 1.3005E+02  1.0985E+00  5.0548E+02  8.8627E-01  8.0487E+02  1.0000E+00
 1.3104E+02  1.0992E+00  5.0193E+02  8.8882E-01  8.0113E+02  1.0000E+00
 1.3205E+02  1.0998E+00  4.9840E+02  8.9137E-01  7.9740E+02  1.0000E+00
 1.3306E+02  1.1005E+00  4.9490E+02  8.9393E-01  7.9368E+02  1.0000E+00
 1.3408E+02  1.1011E+00  4.9143E+02  8.9648E-01  7.8997E+02  1.0000E+00
 1.3510E+02  1.1018E+00  4.8799E+02  8.9904E-01  7.8627E+02  1.0000E+00
 1.3614E+02  1.1024E+00  4.8457E+02  9.0159E-01  7.8258E+02  1.0000E+00
 1.3718E+02  1.1031E+00  4.8117E+02  9.0414E-01  7.7890E+02  1.0000E+00
 1.3823E+02  1.1038E+00  4.7780E+02  9.0670E-01  7.7524E+02  1.0000E+00
 1.3929E+02  1.1044E+00  4.7446E+02  9.0925E-01  7.7158E+02  1.0000E+00
 1.4036E+02  1.1051E+00  4.7114E+02  9.1181E-01  7.6793E+02  1.0000E+00
 1.4143E+02  1.1058E+00  4.6785E+02  9.1436E-01  7.6430E+02  1.0000E+00
 1.4252E+02  1.1065E+00  4.6458E+02  9.1691E-01  7.6067E+02  1.0000E+00
 1.4361E+02  1.1072E+00  4.6133E+02  9.1947E-01  7.5706E+02  1.0000E+00
 1.4471E+02  1.1078E+00  4.5811E+02  9.2202E-01  7.5346E+02  1.0000E+00
 1.4582E+02  1.1085E+00  4.5491E+02  9.2458E-01  7.4987E+02  1.0000E+00
 1.4693E+02  1.1092E+00  4.5174E+02  9.2713E-01  7.4628E+02  1.0000E+00
 1.4806E+02  1.1100E+00  4.4859E+02  9.2969E-01  7.4272E+02  1.0000E+00
 1.4919E+02  1.1107E+00  4.4547E+02  9.3224E-01  7.3916E+02  1.0000E+00
 1.5033E+02  1.1114E+00  4.4237E+02  9.3480E-01  7.3561E+02  1.0000E+00
 1.5149E+02  1.1121E+00  4.3929E+02  9.3735E-01  7.3207E+02  1.0000E+00
 1.5265E+02  1.1128E+00  4.3624E+02  9.3990E-01  7.2855E+02  1.0000E+00
 1.5381E+02  1.1136E+00  4.3320E+02  9.4246E-01  7.2503E+02  1.0000E+00
 1.5499E+02  1.1143E+00  4.3019E+02  9.4501E-01  7.2153E+02  1.0000E+00
 1.5618E+02  1.1150E+00  4.2721E+02  9.4757E-01  7.1804E+02  1.0000E+00
 1.5738E+02  1.1158E+00  4.2424E+02  9.5012E-01  7.1456E+02  1.0000E+00
 1.5858E+02  1.1165E+00  4.2130E+02  9.5268E-01  7.1109E+02  1.0000E+00
 1.5980E+02  1.1173E+00  4.1838E+02  9.5523E-01  7.0763E+02  1.0000E+00
 1.6102E+02  1.1180E+00  4.1548E+02  9.5779E-01  7.0419E+02  1.0000E+00
 1.6225E+02  1.1188E+00  4.1261E+02  9.6034E-01  7.0075E+02  1.0000E+00
 1.6349E+02  1.1196E+00  4.0975E+02  9.6290E-01  6.9733E+02  1.0000E+00
 1.6475E+02  1.1203E+00  4.0692E+02  9.6545E-01  6.9392E+02  1.0000E+00
 1.6601E+02  1.1211E+00  4.0410E+02  9.6801E-01  6.9052E+02  1.0000E+00
 1.6728E+02  1.1219E+00  4.0131E+02  9.7056E-01  6.8713E+02  1.0000E+00
 1.6856E+02  1.1227E+00  3.9854E+02  9.7312E-01  6.8375E+02  1.0000E+00
 1.6985E+02  1.1235E+00  3.9579E+02  9.7567E-01  6.8039E+02  1.0000E+00
 1.7115E+02  1.1243E+00  3.9306E+02  9.7823E-01  6.7703E+02  1.0000E+00
 1.7246E+02  1.1251E+00  3.9035E+02  9.8079E-01  6.7369E+02  1.0000E+00
 1.7378E+02  1.1259E+00  3.8766E+02  9.8334E-01  6.7036E+02  1.0000E+00
 1.7511E+02  1.1267E+00  3.8499E+02  9.8590E-01  6.6704E+02  1.0000E+00
 1.7646E+02  1.1275E+00  3.8234E+02  9.8845E-01  6.6373E+02  1.0000E+00
 1.7781E+02  1.1283E+00  3.7971E+02  9.9101E-01  6.6044E+02  1.0000E+00
 1.7917E+02  1.1292E+00  3.7710E+02  9.9356E-01  6.5715E+02  1.0000E+00
 1.8054E+02  1.1300E+00  3.7451E+02  9.9612E-01  6.5388E+02  1.0000E+00
 1.8192E+02  1.1308E+00  3.7194E+02  9.9868E-01  6.5062E+02  1.0000E+00
 1.8332E+02  1.1317E+00  3.6939E+02  1.0012E+00  6.4737E+02  1.0000E+00
 1.8472E+02  1.1325E+00  3.6685E+02  1.0038E+00  6.4413E+02  1.0000E+00
 1.8614E+02  1.1334E+00  3.6434E+02  1.0063E+00  6.4091E+02  1.0000E+00
 1.8756E+02  1.1342E+00  3.6184E+02  1.0089E+00  6.3770E+02  1.0000E+00
 1.8900E+02  1.1351E+00  3.5937E+02  1.0115E+00  6.3449E+02  1.0000E+00
 1.9045E+02  1.1360E+00  3.5691E+02  1.0140E+00  6.3130E+02  1.0000E+00
 1.9190E+02  1.1368E+00  3.5446E+02  1.0166E+00  6.2813E+02  1.0000E+00
 1.9337E+02  1.1377E+00  3.5204E+02  1.0191E+00  6.2496E+02  1.0000E+00
 1.9485E+02  1.1386E+00  3.4964E+02  1.0217E+00  6.2180E+02  1.0000E+00
 1.9635E+02  1.1395E+00  3.4725E+02  1.0242E+00  6.1866E+02  1.0000E+00
 1.9785E+02  1.1404E+00  3.4488E+02  1.0268E+00  6.1553E+02  1.0000E+00
 1.9937E+02  1.1413E+00  3.4253E+02  1.0294E+00  6.1241E+02  1.0000E+00
 2.0089E+02  1.1422E+00  3.4019E+02  1.0319E+00  6.0930E+02  1.0000E+00
 2.0243E+02  1.1431E+00  3.3787E+02  1.0345E+00  6.0621E+02  1.0000E+00
 2.0398E+02  1.1440E+00  3.3557E+02  1.0370E+00  6.0313E+02  1.0000E+00
 2.0554E+02  1.1449E+00  3.3329E+02  1.0396E+00  6.0005E+02  1.0000E+00
 2.0712E+02  1.1458E+00  3.3102E+02  1.0421E+00  5.9699E+02  1.0000E+00
 2.0870E+02  1.1467E+00  3.2877E+02  1.0447E+00  5.9395E+02  1.0000E+00
 2.1030E+02  1.1477E+00  3.2653E+02  1.0472E+00  5.9091E+02  1.0000E+00
 2.1191E+02  1.1486E+00  3.2432E+02  1.0498E+00  5.8788E+02  1.0000E+00
 2.1354E+02  1.1496E+00  3.2212E+02  1.0524E+00  5.8487E+02  1.0000E+00
 2.1517E+02  1.1505E+00  3.1993E+02  1.0549E+00  5.8187E+02  1.0000E+00
 2.1682E+02  1.1515E+00  3.1776E+02  1.0575E+00  5.7888E+02  1.0000E+00
 2.1848E+02  1.1524E+00  3.1561E+02  1.0600E+00  5.7590E+02  1.0000E+00
 2.2015E+02  1.1534E+00  3.1347E+02  1.0626E+00  5.7294E+02  1.0000E+00
 2.2184E+02  1.1543E+00  3.1135E+02  1.0652E+00  5.6998E+02  1.0000E+00
 2.2354E+02  1.1553E+00  3.0924E+02  1.0677E+00  5.6704E+02  1.0000E+00
 2.2525E+02  1.1563E+00  3.0715E+02  1.0703E+00  5.6411E+02  1.0000E+00
 2.2697E+02  1.1573E+00  3.0508E+02  1.0728E+00  5.6119E+02  1.0000E+00
 2.2871E+02  1.1583E+00  3.0302E+02  1.0754E+00  5.5829E+02  1.0000E+00
 2.3046E+02  1.1593E+00  3.0097E+02  1.0779E+00  5.5539E+02  1.0000E+00
 2.3223E+02  1.1603E+00  2.9894E+02  1.0805E+00  5.5251E+02  1.0000E+00
 2.3401E+02  1.1613E+00  2.9692E+02  1.0831E+00  5.4963E+02  1.0000E+00
 2.3580E+02  1.1623E+00  2.9492E+02  1.0856E+00  5.4677E+02  1.0000E+00
 2.3761E+02  1.1633E+00  2.9294E+02  1.0882E+00  5.4393E+02  1.0000E+00
 2.3942E+02  1.1643E+00  2.9096E+02  1.0907E+00  5.4109E+02  1.0000E+00
 2.4126E+02  1.1653E+00  2.8901E+02  1.0933E+00  5.3826E+02  1.0000E+00
 2.4311E+02  1.1664E+00  2.8706E+02  1.0958E+00  5.3545E+02  1.0000E+00
 2.4497E+02  1.1674E+00  2.8513E+02  1.0984E+00  5.3265E+02  1.0000E+00
 2.4684E+02  1.1684E+00  2.8322E+02  1.1010E+00  5.2986E+02  1.0000E+00
 2.4873E+02  1.1695E+00  2.8132E+02  1.1035E+00  5.2708E+02  1.0000E+00
 2.5064E+02  1.1705E+00  2.7943E+02  1.1061E+00  5.2431E+02  1.0000E+00
 2.5256E+02  1.1716E+00  2.7756E+02  1.1086E+00  5.2156E+02  1.0000E+00
 2.5449E+02  1.1727E+00  2.7570E+02  1.1112E+00  5.1882E+02  1.0000E+00
 2.5644E+02  1.1737E+00  2.7385E+02  1.1138E+00  5.1608E+02  1.0000E+00
 2.5841E+02  1.1748E+00  2.7202E+02  1.1163E+00  5.1336E+02  1.0000E+00
 2.6038E+02  1.1759E+00  2.7020E+02  1.1189E+00  5.1065E+02  1.0000E+00
 2.6238E+02  1.1770E+00  2.6839E+02  1.1214E+00  5.0796E+02  1.0000E+00
 2.6439E+02  1.1781E+00  2.6660E+02  1.1240E+00  5.0527E+02  1.0000E+00
 2.6641E+02  1.1792E+00  2.6482E+02  1.1266E+00  5.0260E+02  1.0000E+00
 2.6845E+02  1.1803E+00  2.6305E+02  1.1291E+00  4.9993E+02  1.0000E+00
 2.7051E+02  1.1814E+00  2.6129E+02  1.1317E+00  4.9728E+02  1.0000E+00
 2.7258E+02  1.1825E+00  2.5955E+02  1.1342E+00  4.9464E+02  1.0000E+00
 2.7467E+02  1.1836E+00  2.5782E+02  1.1368E+00  4.9201E+02  1.0000E+00
 2.7677E+02  1.1847E+00  2.5611E+02  1.1394E+00  4.8939E+02  1.0000E+00
 2.7889E+02  1.1859E+00  2.5440E+02  1.1419E+00  4.8679E+02  1.0000E+00
 2.8103E+02  1.1870E+00  2.5271E+02  1.1445E+00  4.8419E+02  1.0000E+00
 2.8318E+02  1.1881E+00  2.5103E+02  1.1470E+00  4.8161E+02  1.0000E+00
 2.8535E+02  1.1893E+00  2.4936E+02  1.1496E+00  4.7904E+02  1.0000E+00
 2.8753E+02  1.1904E+00  2.4771E+02  1.1522E+00  4.7648E+02  1.0000E+00
 2.8974E+02  1.1916E+00  2.4607E+02  1.1547E+00  4.7393E+02  1.0000E+00
 2.9195E+02  1.1928E+00  2.4444E+02  1.1573E+00  4.7139E+02  1.0000E+00
 2.9419E+02  1.1940E+00  2.4282E+02  1.1598E+00  4.6886E+02  1.0000E+00
 2.9644E+02  1.1951E+00  2.4121E+02  1.1624E+00  4.6634E+02  1.0000E+00
 2.9871E+02  1.1963E+00  2.3962E+02  1.1650E+00  4.6384E+02  1.0000E+00
 3.0100E+02  1.1975E+00  2.3803E+02  1.1675E+00  4.6135E+02  1.0000E+00
 3.0331E+02  1.1987E+00  2.3646E+02  1.1701E+00  4.5886E+02  1.0000E+00
 3.0563E+02  1.2000E+00  2.3490E+02  1.1726E+00  4.5639E+02  1.0000E+00
 3.0797E+02  1.2012E+00  2.3335E+02  1.1752E+00  4.5393E+02  1.0000E+00
 3.1033E+02  1.2024E+00  2.3181E+02  1.1778E+00  4.5148E+02  1.0000E+00
 3.1271E+02  1.2036E+00  2.3029E+02  1.1803E+00  4.4904E+02  1.0000E+00
 3.1510E+02  1.2049E+00  2.2877E+02  1.1829E+00  4.4661E+02  1.0000E+00
 3.1751E+02  1.2061E+00  2.2727E+02  1.1855E+00  4.4420E+02  1.0000E+00
 3.1994E+02  1.2074E+00  2.2578E+02  1.1880E+00  4.4179E+02  1.0000E+00
 3.2240E+02  1.2086E+00  2.2429E+02  1.1906E+00  4.3940E+02  1.0000E+00
 3.2486E+02  1.2099E+00  2.2282E+02  1.1931E+00  4.3701E+02  1.0000E+00
 3.2735E+02  1.2112E+00  2.2136E+02  1.1957E+00  4.3464E+02  1.0000E+00
 3.2986E+02  1.2125E+00  2.1991E+02  1.1983E+00  4.3228E+02  1.0000E+00
 3.3239E+02  1.2138E+00  2.1847E+02  1.2008E+00  4.2993E+02  1.0000E+00
 3.3493E+02  1.2151E+00  2.1704E+02  1.2034E+00  4.2758E+02  1.0000E+00
 3.3750E+02  1.2164E+00  2.1562E+02  1.2060E+00  4.2525E+02  1.0000E+00
 3.4008E+02  1.2177E+00  2.1421E+02  1.2085E+00  4.2294E+02  1.0000E+00
 3.4268E+02  1.2190E+00  2.1281E+02  1.2111E+00  4.2063E+02  1.0000E+00
 3.4531E+02  1.2203E+00  2.1143E+02  1.2136E+00  4.1833E+02  1.0000E+00
 3.4795E+02  1.2216E+00  2.1005E+02  1.2162E+00  4.1604E+02  1.0000E+00
 3.5062E+02  1.2230E+00  2.0868E+02  1.2188E+00  4.1377E+02  1.0000E+00
 3.5330E+02  1.2243E+00  2.0732E+02  1.2213E+00  4.1150E+02  1.0000E+00
 3.5601E+02  1.2257E+00  2.0597E+02  1.2239E+00  4.0924E+02  1.0000E+00
 3.5874E+02  1.2270E+00  2.0463E+02  1.2265E+00  4.0700E+02  1.0000E+00
 3.6148E+02  1.2284E+00  2.0330E+02  1.2290E+00  4.0476E+02  1.0000E+00
 3.6425E+02  1.2298E+00  2.0198E+02  1.2316E+00  4.0254E+02  1.0000E+00
 3.6704E+02  1.2312E+00  2.0067E+02  1.2342E+00  4.0033E+02  1.0000E+00
 3.6985E+02  1.2326E+00  1.9937E+02  1.2367E+00  3.9812E+02  1.0000E+00
 3.7268E+02  1.2340E+00  1.9808E+02  1.2393E+00  3.9593E+02  1.0000E+00
 3.7554E+02  1.2354E+00  1.9680E+02  1.2418E+00  3.9375E+02  1.0000E+00
 3.7841E+02  1.2368E+00  1.9553E+02  1.2444E+00  3.9157E+02  1.0000E+00
 3.8131E+02  1.2382E+00  1.9426E+02  1.2470E+00  3.8941E+02  1.0000E+00
 3.8423E+02  1.2396E+00  1.9301E+02  1.2495E+00  3.8726E+02  1.0000E+00
 3.8718E+02  1.2411E+00  1.9176E+02  1.2521E+00  3.8512E+02  1.0000E+00
 3.9014E+02  1.2425E+00  1.9052E+02  1.2547E+00  3.8299E+02  1.0000E+00
 3.9313E+02  1.2439E+00  1.8930E+02  1.2572E+00  3.8087E+02  1.0000E+00
 3.9614E+02  1.2454E+00  1.8808E+02  1.2598E+00  3.7876E+02  1.0000E+00
 3.9917E+02  1.2469E+00  1.8687E+02  1.2624E+00  3.7666E+02  1.0000E+00
 4.0223E+02  1.2483E+00  1.8567E+02  1.2649E+00  3.7456E+02  1.0000E+00
 4.0531E+02  1.2498E+00  1.8447E+02  1.2675E+00  3.7248E+02  1.0000E+00
 4.0841E+02  1.2513E+00  1.8329E+02  1.2701E+00  3.7041E+02  1.0000E+00
 4.1154E+02  1.2528E+00  1.8211E+02  1.2726E+00  3.6835E+02  1.0000E+00
 4.1469E+02  1.2543E+00  1.8094E+02  1.2752E+00  3.6630E+02  1.0000E+00
 4.1787E+02  1.2558E+00  1.7978E+02  1.2778E+00  3.6426E+02  1.0000E+00
 4.2107E+02  1.2573E+00  1.7863E+02  1.2803E+00  3.6223E+02  1.0000E+00
 4.2429E+02  1.2589E+00  1.7749E+02  1.2829E+00  3.6021E+02  1.0000E+00
 4.2754E+02  1.2604E+00  1.7636E+02  1.2855E+00  3.5820E+02  1.0000E+00
 4.3082E+02  1.2619E+00  1.7523E+02  1.2880E+00  3.5619E+02  1.0000E+00
 4.3412E+02  1.2635E+00  1.7411E+02  1.2906E+00  3.5420E+02  1.0000E+00
 4.3744E+02  1.2651E+00  1.7300E+02  1.2932E+00  3.5222E+02  1.0000E+00
 4.4079E+02  1.2666E+00  1.7190E+02  1.2957E+00  3.5025E+02  1.0000E+00
 4.4417E+02  1.2682E+00  1.7080E+02  1.2983E+00  3.4828E+02  1.0000E+00
 4.4757E+02  1.2698E+00  1.6972E+02  1.3009E+00  3.4633E+02  1.0000E+00
 4.5100E+02  1.2714E+00  1.6864E+02  1.3035E+00  3.4439E+02  1.0000E+00
 4.5445E+02  1.2730E+00  1.6756E+02  1.3060E+00  3.4245E+02  1.0000E+00
 4.5793E+02  1.2746E+00  1.6650E+02  1.3086E+00  3.4053E+02  1.0000E+00
 4.6144E+02  1.2762E+00  1.6544E+02  1.3112E+00  3.3861E+02  1.0000E+00
 4.6497E+02  1.2778E+00  1.6439E+02  1.3137E+00  3.3671E+02  1.0000E+00
 4.6853E+02  1.2795E+00  1.6335E+02  1.3163E+00  3.3481E+02  1.0000E+00
 4.7212E+02  1.2811E+00  1.6232E+02  1.3189E+00  3.3293E+02  1.0000E+00
 4.7574E+02  1.2827E+00  1.6129E+02  1.3214E+00  3.3105E+02  1.0000E+00
 4.7938E+02  1.2844E+00  1.6027E+02  1.3240E+00  3.2918E+02  1.0000E+00
 4.8305E+02  1.2861E+00  1.5926E+02  1.3266E+00  3.2732E+02  1.0000E+00
 4.8675E+02  1.2877E+00  1.5825E+02  1.3291E+00  3.2547E+02  1.0000E+00
 4.9048E+02  1.2894E+00  1.5726E+02  1.3317E+00  3.2363E+02  1.0000E+00
 4.9424E+02  1.2911E+00  1.5627E+02  1.3343E+00  3.2180E+02  1.0000E+00
 4.9802E+02  1.2928E+00  1.5528E+02  1.3369E+00  3.1998E+02  1.0000E+00
 5.0183E+02  1.2945E+00  1.5430E+02  1.3394E+00  3.1816E+02  1.0000E+00
 5.0568E+02  1.2962E+00  1.5333E+02  1.3420E+00  3.1636E+02  1.0000E+00
 5.0955E+02  1.2980E+00  1.5237E+02  1.3446E+00  3.1457E+02  1.0000E+00
 5.1345E+02  1.2997E+00  1.5141E+02  1.3471E+00  3.1278E+02  1.0000E+00
 5.1738E+02  1.3014E+00  1.5046E+02  1.3497E+00  3.1100E+02  1.0000E+00
 5.2135E+02  1.3032E+00  1.4952E+02  1.3523E+00  3.0924E+02  1.0000E+00
 5.2534E+02  1.3049E+00  1.4858E+02  1.3549E+00  3.0748E+02  1.0000E+00
 5.2936E+02  1.3067E+00  1.4765E+02  1.3574E+00  3.0573E+02  1.0000E+00
 5.3342E+02  1.3085E+00  1.4673E+02  1.3600E+00  3.0399E+02  1.0000E+00
 5.3750E+02  1.3103E+00  1.4581E+02  1.3626E+00  3.0225E+02  1.0000E+00
 5.4162E+02  1.3121E+00  1.4490E+02  1.3652E+00  3.0053E+02  1.0000E+00
 5.4577E+02  1.3139E+00  1.4400E+02  1.3677E+00  2.9882E+02  1.0000E+00
 5.4995E+02  1.3157E+00  1.4310E+02  1.3703E+00  2.9711E+02  1.0000E+00
 5.5416E+02  1.3175E+00  1.4221E+02  1.3729E+00  2.9541E+02  1.0000E+00
 5.5840E+02  1.3193E+00  1.4132E+02  1.3754E+00  2.9372E+02  1.0000E+00
 5.6268E+02  1.3211E+00  1.4044E+02  1.3780E+00  2.9204E+02  1.0000E+00
 5.6699E+02  1.3230E+00  1.3957E+02  1.3806E+00  2.9037E+02  1.0000E+00
 5.7133E+02  1.3248E+00  1.3870E+02  1.3832E+00  2.8871E+02  1.0000E+00
 5.7571E+02  1.3267E+00  1.3784E+02  1.3857E+00  2.8706E+02  1.0000E+00
 5.8011E+02  1.3286E+00  1.3698E+02  1.3883E+00  2.8541E+02  1.0000E+00
 5.8456E+02  1.3304E+00  1.3613E+02  1.3909E+00  2.8377E+02  1.0000E+00
 5.8903E+02  1.3323E+00  1.3529E+02  1.3935E+00  2.8214E+02  1.0000E+00
 5.9354E+02  1.3342E+00  1.3445E+02  1.3961E+00  2.8052E+02  1.0000E+00
 5.9809E+02  1.3361E+00  1.3362E+02  1.3986E+00  2.7891E+02  1.0000E+00
 6.0267E+02  1.3380E+00  1.3279E+02  1.4012E+00  2.7731E+02  1.0000E+00
 6.0729E+02  1.3399E+00  1.3197E+02  1.4038E+00  2.7571E+02  1.0000E+00
 6.1194E+02  1.3419E+00  1.3116E+02  1.4064E+00  2.7412E+02  1.0000E+00
 6.1662E+02  1.3438E+00  1.3035E+02  1.4089E+00  2.7255E+02  1.0000E+00
 6.2135E+02  1.3458E+00  1.2954E+02  1.4115E+00  2.7097E+02  1.0000E+00
 6.2610E+02  1.3477E+00  1.2874E+02  1.4141E+00  2.6941E+02  1.0000E+00
 6.3090E+02  1.3497E+00  1.2795E+02  1.4167E+00  2.6786E+02  1.0000E+00
 6.3573E+02  1.3516E+00  1.2716E+02  1.4192E+00  2.6631E+02  1.0000E+00
 6.4060E+02  1.3536E+00  1.2638E+02  1.4218E+00  2.6477E+02  1.0000E+00
 6.4551E+02  1.3556E+00  1.2560E+02  1.4244E+00  2.6324E+02  1.0000E+00
 6.5045E+02  1.3576E+00  1.2483E+02  1.4270E+00  2.6172E+02  1.0000E+00
 6.5543E+02  1.3596E+00  1.2406E+02  1.4296E+00  2.6021E+02  1.0000E+00
 6.6045E+02  1.3616E+00  1.2330E+02  1.4321E+00  2.5870E+02  1.0000E+00
 6.6551E+02  1.3636E+00  1.2255E+02  1.4347E+00  2.5720E+02  1.0000E+00
 6.7060E+02  1.3657E+00  1.2180E+02  1.4373E+00  2.5571E+02  1.0000E+00
 6.7574E+02  1.3677E+00  1.2105E+02  1.4399E+00  2.5423E+02  1.0000E+00
 6.8092E+02  1.3697E+00  1.2031E+02  1.4425E+00  2.5275E+02  1.0000E+00
 6.8613E+02  1.3718E+00  1.1957E+02  1.4450E+00  2.5129E+02  1.0000E+00
 6.9138E+02  1.3739E+00  1.1884E+02  1.4476E+00  2.4983E+02  1.0000E+00
 6.9668E+02  1.3759E+00  1.1812E+02  1.4502E+00  2.4837E+02  1.0000E+00
 7.0201E+02  1.3780E+00  1.1739E+02  1.4528E+00  2.4693E+02  1.0000E+00
 7.0739E+02  1.3801E+00  1.1668E+02  1.4554E+00  2.4549E+02  1.0000E+00
 7.1281E+02  1.3822E+00  1.1597E+02  1.4580E+00  2.4407E+02  1.0000E+00
 7.1827E+02  1.3843E+00  1.1526E+02  1.4605E+00  2.4264E+02  1.0000E+00
 7.2377E+02  1.3864E+00  1.1456E+02  1.4631E+00  2.4123E+02  1.0000E+00
 7.2931E+02  1.3885E+00  1.1386E+02  1.4657E+00  2.3982E+02  1.0000E+00
 7.3490E+02  1.3907E+00  1.1317E+02  1.4683E+00  2.3843E+02  1.0000E+00
 7.4052E+02  1.3928E+00  1.1248E+02  1.4709E+00  2.3703E+02  1.0000E+00
 7.4620E+02  1.3949E+00  1.1180E+02  1.4735E+00  2.3565E+02  1.0000E+00
 7.5191E+02  1.3971E+00  1.1112E+02  1.4760E+00  2.3427E+02  1.0000E+00
 7.5767E+02  1.3993E+00  1.1044E+02  1.4786E+00  2.3290E+02  1.0000E+00
 7.6347E+02  1.4014E+00  1.0977E+02  1.4812E+00  2.3154E+02  1.0000E+00
 7.6932E+02  1.4036E+00  1.0911E+02  1.4838E+00  2.3019E+02  1.0000E+00
 7.7521E+02  1.4058E+00  1.0845E+02  1.4864E+00  2.2884E+02  1.0000E+00
 7.8115E+02  1.4080E+00  1.0779E+02  1.4890E+00  2.2750E+02  1.0000E+00
 7.8713E+02  1.4102E+00  1.0714E+02  1.4916E+00  2.2617E+02  1.0000E+00
 7.9316E+02  1.4124E+00  1.0649E+02  1.4941E+00  2.2484E+02  1.0000E+00
 7.9923E+02  1.4147E+00  1.0585E+02  1.4967E+00  2.2352E+02  1.0000E+00
 8.0535E+02  1.4169E+00  1.0521E+02  1.4993E+00  2.2221E+02  1.0000E+00
 8.1152E+02  1.4191E+00  1.0457E+02  1.5019E+00  2.2091E+02  1.0000E+00
 8.1774E+02  1.4214E+00  1.0394E+02  1.5045E+00  2.1961E+02  1.0000E+00
 8.2400E+02  1.4236E+00  1.0332E+02  1.5071E+00  2.1832E+02  1.0000E+00
 8.3031E+02  1.4259E+00  1.0269E+02  1.5097E+00  2.1704E+02  1.0000E+00
 8.3667E+02  1.4282E+00  1.0207E+02  1.5123E+00  2.1576E+02  1.0000E+00
 8.4307E+02  1.4305E+00  1.0146E+02  1.5149E+00  2.1449E+02  1.0000E+00
 8.4953E+02  1.4328E+00  1.0085E+02  1.5174E+00  2.1323E+02  1.0000E+00
 8.5604E+02  1.4351E+00  1.0024E+02  1.5200E+00  2.1197E+02  1.0000E+00
 8.6259E+02  1.4374E+00  9.9641E+01  1.5226E+00  2.1072E+02  1.0000E+00
 8.6920E+02  1.4397E+00  9.9043E+01  1.5252E+00  2.0948E+02  1.0000E+00
 8.7586E+02  1.4420E+00  9.8448E+01  1.5278E+00  2.0824E+02  1.0000E+00
 8.8256E+02  1.4443E+00  9.7858E+01  1.5304E+00  2.0702E+02  1.0000E+00
 8.8932E+02  1.4467E+00  9.7271E+01  1.5330E+00  2.0579E+02  1.0000E+00
 8.9613E+02  1.4490E+00  9.6688E+01  1.5356E+00  2.0458E+02  1.0000E+00
 9.0300E+02  1.4514E+00  9.6109E+01  1.5382E+00  2.0337E+02  1.0000E+00
 9.0991E+02  1.4538E+00  9.5533E+01  1.5408E+00  2.0217E+02  1.0000E+00
 9.1688E+02  1.4562E+00  9.4962E+01  1.5434E+00  2.0097E+02  1.0000E+00
 9.2390E+02  1.4585E+00  9.4394E+01  1.5460E+00  1.9978E+02  1.0000E+00
 9.3098E+02  1.4609E+00  9.3830E+01  1.5486E+00  1.9860E+02  1.0000E+00
 9.3811E+02  1.4633E+00  9.3269E+01  1.5512E+00  1.9742E+02  1.0000E+00
 9.4529E+02  1.4658E+00  9.2712E+01  1.5538E+00  1.9625E+02  1.0000E+00
 9.5253E+02  1.4682E+00  9.2159E+01  1.5564E+00  1.9509E+02  1.0000E+00
 9.5983E+02  1.4706E+00  9.1609E+01  1.5589E+00  1.9393E+02  1.0000E+00
 9.6718E+02  1.4730E+00  9.1063E+01  1.5615E+00  1.9278E+02  1.0000E+00
 9.7458E+02  1.4755E+00  9.0520E+01  1.5641E+00  1.9164E+02  1.0000E+00
 9.8205E+02  1.4779E+00  8.9981E+01  1.5667E+00  1.9050E+02  1.0000E+00
 9.8957E+02  1.4804E+00  8.9445E+01  1.5693E+00  1.8937E+02  1.0000E+00
 9.9715E+02  1.4829E+00  8.8912E+01  1.5719E+00  1.8824E+02  1.0000E+00
 1.0048E+03  1.4853E+00  8.8383E+01  1.5745E+00  1.8713E+02  1.0000E+00
 1.0125E+03  1.4878E+00  8.7857E+01  1.5771E+00  1.8601E+02  1.0000E+00
 1.0202E+03  1.4903E+00  8.7335E+01  1.5797E+00  1.8491E+02  1.0000E+00
 1.0280E+03  1.4928E+00  8.6816E+01  1.5823E+00  1.8381E+02  1.0000E+00
 1.0359E+03  1.4953E+00  8.6300E+01  1.5849E+00  1.8271E+02  1.0000E+00
 1.0439E+03  1.4978E+00  8.5787E+01  1.5875E+00  1.8162E+02  1.0000E+00
 1.0518E+03  1.5003E+00  8.5277E+01  1.5901E+00  1.8054E+02  1.0000E+00
 1.0599E+03  1.5029E+00  8.4771E+01  1.5927E+00  1.7946E+02  1.0000E+00
 1.0680E+03  1.5054E+00  8.4268E+01  1.5953E+00  1.7839E+02  1.0000E+00
 1.0762E+03  1.5079E+00  8.3768E+01  1.5980E+00  1.7733E+02  1.0000E+00
 1.0844E+03  1.5105E+00  8.3271E+01  1.6006E+00  1.7627E+02  1.0000E+00
 1.0927E+03  1.5130E+00  8.2778E+01  1.6032E+00  1.7522E+02  1.0000E+00
 1.1011E+03  1.5156E+00  8.2287E+01  1.6058E+00  1.7417E+02  1.0000E+00
 1.1095E+03  1.5182E+00  8.1799E+01  1.6084E+00  1.7313E+02  1.0000E+00
 1.1180E+03  1.5208E+00  8.1315E+01  1.6110E+00  1.7209E+02  1.0000E+00
 1.1266E+03  1.5233E+00  8.0833E+01  1.6136E+00  1.7106E+02  1.0000E+00
 1.1352E+03  1.5259E+00  8.0355E+01  1.6162E+00  1.7004E+02  1.0000E+00
 1.1439E+03  1.5285E+00  7.9880E+01  1.6188E+00  1.6902E+02  1.0000E+00
 1.1527E+03  1.5312E+00  7.9407E+01  1.6214E+00  1.6801E+02  1.0000E+00
 1.1615E+03  1.5338E+00  7.8938E+01  1.6240E+00  1.6700E+02  1.0000E+00
 1.1704E+03  1.5364E+00  7.8471E+01  1.6266E+00  1.6600E+02  1.0000E+00
 1.1794E+03  1.5390E+00  7.8007E+01  1.6292E+00  1.6501E+02  1.0000E+00
 1.1884E+03  1.5417E+00  7.7547E+01  1.6318E+00  1.6402E+02  1.0000E+00
 1.1975E+03  1.5443E+00  7.7089E+01  1.6345E+00  1.6303E+02  1.0000E+00
 1.2067E+03  1.5470E+00  7.6634E+01  1.6371E+00  1.6206E+02  1.0000E+00
 1.2159E+03  1.5496E+00  7.6181E+01  1.6397E+00  1.6108E+02  1.0000E+00
 1.2252E+03  1.5523E+00  7.5732E+01  1.6423E+00  1.6011E+02  1.0000E+00
 1.2346E+03  1.5550E+00  7.5285E+01  1.6449E+00  1.5915E+02  1.0000E+00
 1.2441E+03  1.5577E+00  7.4842E+01  1.6475E+00  1.5820E+02  1.0000E+00
 1.2536E+03  1.5604E+00  7.4400E+01  1.6501E+00  1.5724E+02  1.0000E+00
 1.2632E+03  1.5631E+00  7.3962E+01  1.6528E+00  1.5630E+02  1.0000E+00
 1.2729E+03  1.5658E+00  7.3527E+01  1.6554E+00  1.5536E+02  1.0000E+00
 1.2826E+03  1.5685E+00  7.3094E+01  1.6580E+00  1.5442E+02  1.0000E+00
 1.2924E+03  1.5712E+00  7.2663E+01  1.6606E+00  1.5349E+02  1.0000E+00
 1.3023E+03  1.5739E+00  7.2236E+01  1.6632E+00  1.5257E+02  1.0000E+00
 1.3123E+03  1.5767E+00  7.1811E+01  1.6658E+00  1.5165E+02  1.0000E+00
 1.3224E+03  1.5794E+00  7.1389E+01  1.6685E+00  1.5073E+02  1.0000E+00
 1.3325E+03  1.5822E+00  7.0969E+01  1.6711E+00  1.4983E+02  1.0000E+00
 1.3427E+03  1.5849E+00  7.0552E+01  1.6737E+00  1.4892E+02  1.0000E+00
 1.3530E+03  1.5877E+00  7.0137E+01  1.6763E+00  1.4802E+02  1.0000E+00
 1.3633E+03  1.5905E+00  6.9725E+01  1.6789E+00  1.4713E+02  1.0000E+00
 1.3738E+03  1.5933E+00  6.9316E+01  1.6816E+00  1.4624E+02  1.0000E+00
 1.3843E+03  1.5961E+00  6.8909E+01  1.6842E+00  1.4536E+02  1.0000E+00
 1.3949E+03  1.5989E+00  6.8505E+01  1.6868E+00  1.4448E+02  1.0000E+00
 1.4056E+03  1.6017E+00  6.8103E+01  1.6894E+00  1.4360E+02  1.0000E+00
 1.4164E+03  1.6045E+00  6.7703E+01  1.6921E+00  1.4274E+02  1.0000E+00
 1.4272E+03  1.6073E+00  6.7306E+01  1.6947E+00  1.4187E+02  1.0000E+00
 1.4381E+03  1.6102E+00  6.6912E+01  1.6973E+00  1.4101E+02  1.0000E+00
 1.4491E+03  1.6130E+00  6.6520E+01  1.6999E+00  1.4016E+02  1.0000E+00
 1.4602E+03  1.6159E+00  6.6130E+01  1.7026E+00  1.3931E+02  1.0000E+00
 1.4714E+03  1.6187E+00  6.5743E+01  1.7052E+00  1.3847E+02  1.0000E+00
 1.4827E+03  1.6216E+00  6.5358E+01  1.7078E+00  1.3763E+02  1.0000E+00
 1.4940E+03  1.6244E+00  6.4975E+01  1.7104E+00  1.3679E+02  1.0000E+00
 1.5055E+03  1.6273E+00  6.4595E+01  1.7131E+00  1.3596E+02  1.0000E+00
 1.5170E+03  1.6302E+00  6.4217E+01  1.7157E+00  1.3514E+02  1.0000E+00
 1.5286E+03  1.6331E+00  6.3842E+01  1.7183E+00  1.3432E+02  1.0000E+00
 1.5403E+03  1.6360E+00  6.3469E+01  1.7210E+00  1.3350E+02  1.0000E+00
 1.5521E+03  1.6389E+00  6.3098E+01  1.7236E+00  1.3269E+02  1.0000E+00
 1.5640E+03  1.6418E+00  6.2729E+01  1.7262E+00  1.3189E+02  1.0000E+00
 1.5760E+03  1.6448E+00  6.2362E+01  1.7289E+00  1.3109E+02  1.0000E+00
 1.5881E+03  1.6477E+00  6.1998E+01  1.7315E+00  1.3029E+02  1.0000E+00
 1.6002E+03  1.6507E+00  6.1636E+01  1.7341E+00  1.2950E+02  1.0000E+00
 1.6125E+03  1.6536E+00  6.1277E+01  1.7368E+00  1.2871E+02  1.0000E+00
 1.6248E+03  1.6566E+00  6.0919E+01  1.7394E+00  1.2793E+02  1.0000E+00
 1.6373E+03  1.6595E+00  6.0564E+01  1.7421E+00  1.2715E+02  1.0000E+00
 1.6498E+03  1.6625E+00  6.0210E+01  1.7447E+00  1.2637E+02  1.0000E+00
 1.6625E+03  1.6655E+00  5.9859E+01  1.7473E+00  1.2561E+02  1.0000E+00
 1.6752E+03  1.6685E+00  5.9510E+01  1.7500E+00  1.2484E+02  1.0000E+00
 1.6880E+03  1.6715E+00  5.9163E+01  1.7526E+00  1.2408E+02  1.0000E+00
 1.7009E+03  1.6745E+00  5.8819E+01  1.7553E+00  1.2332E+02  1.0000E+00
 1.7140E+03  1.6775E+00  5.8476E+01  1.7579E+00  1.2257E+02  1.0000E+00
 1.7271E+03  1.6805E+00  5.8136E+01  1.7606E+00  1.2182E+02  1.0000E+00
 1.7403E+03  1.6837E+00  5.7800E+01  1.7632E+00  1.2108E+02  1.0000E+00
 1.7537E+03  1.6869E+00  5.7471E+01  1.7658E+00  1.2034E+02  1.0000E+00
 1.7671E+03  1.6902E+00  5.7143E+01  1.7685E+00  1.1961E+02  1.0000E+00
 1.7806E+03  1.6934E+00  5.6817E+01  1.7711E+00  1.1888E+02  1.0000E+00
 1.7943E+03  1.6966E+00  5.6492E+01  1.7738E+00  1.1815E+02  1.0000E+00
 1.8080E+03  1.6999E+00  5.6169E+01  1.7764E+00  1.1743E+02  1.0000E+00
 1.8218E+03  1.7031E+00  5.5847E+01  1.7791E+00  1.1671E+02  1.0000E+00
 1.8358E+03  1.7063E+00  5.5527E+01  1.7817E+00  1.1600E+02  1.0000E+00
 1.8499E+03  1.7095E+00  5.5208E+01  1.7844E+00  1.1529E+02  1.0000E+00
 1.8640E+03  1.7128E+00  5.4891E+01  1.7870E+00  1.1458E+02  1.0000E+00
 1.8783E+03  1.7160E+00  5.4575E+01  1.7897E+00  1.1388E+02  1.0000E+00
 1.8927E+03  1.7192E+00  5.4261E+01  1.7924E+00  1.1319E+02  1.0000E+00
 1.9072E+03  1.7224E+00  5.3948E+01  1.7950E+00  1.1249E+02  1.0000E+00
 1.9218E+03  1.7256E+00  5.3637E+01  1.7977E+00  1.1180E+02  1.0000E+00
 1.9365E+03  1.7288E+00  5.3327E+01  1.8003E+00  1.1112E+02  1.0000E+00
 1.9513E+03  1.7320E+00  5.3019E+01  1.8030E+00  1.1044E+02  1.0000E+00
 1.9663E+03  1.7352E+00  5.2712E+01  1.8056E+00  1.0976E+02  1.0000E+00
 1.9813E+03  1.7384E+00  5.2407E+01  1.8083E+00  1.0909E+02  1.0000E+00
 1.9965E+03  1.7416E+00  5.2104E+01  1.8110E+00  1.0842E+02  1.0000E+00
 2.0118E+03  1.7448E+00  5.1801E+01  1.8136E+00  1.0776E+02  1.0000E+00
 2.0272E+03  1.7479E+00  5.1501E+01  1.8163E+00  1.0709E+02  1.0000E+00
 2.0427E+03  1.7511E+00  5.1202E+01  1.8190E+00  1.0644E+02  1.0000E+00
 2.0584E+03  1.7543E+00  5.0904E+01  1.8216E+00  1.0578E+02  1.0000E+00
 2.0741E+03  1.7575E+00  5.0608E+01  1.8243E+00  1.0513E+02  1.0000E+00
 2.0900E+03  1.7607E+00  5.0313E+01  1.8270E+00  1.0449E+02  1.0000E+00
 2.1060E+03  1.7638E+00  5.0020E+01  1.8296E+00  1.0385E+02  1.0000E+00
 2.1222E+03  1.7670E+00  4.9728E+01  1.8323E+00  1.0321E+02  1.0000E+00
 2.1384E+03  1.7702E+00  4.9437E+01  1.8350E+00  1.0258E+02  1.0000E+00
 2.1548E+03  1.7733E+00  4.9149E+01  1.8376E+00  1.0194E+02  1.0000E+00
 2.1713E+03  1.7765E+00  4.8861E+01  1.8403E+00  1.0132E+02  1.0000E+00
 2.1879E+03  1.7796E+00  4.8575E+01  1.8430E+00  1.0069E+02  1.0000E+00
 2.2047E+03  1.7828E+00  4.8291E+01  1.8457E+00  1.0008E+02  1.0000E+00
 2.2216E+03  1.7859E+00  4.8007E+01  1.8484E+00  9.9459E+01  1.0000E+00
 2.2386E+03  1.7891E+00  4.7726E+01  1.8510E+00  9.8847E+01  1.0000E+00
 2.2557E+03  1.7922E+00  4.7446E+01  1.8537E+00  9.8239E+01  1.0000E+00
 2.2730E+03  1.7954E+00  4.7167E+01  1.8564E+00  9.7634E+01  1.0000E+00
 2.2904E+03  1.7985E+00  4.6889E+01  1.8591E+00  9.7033E+01  1.0000E+00
 2.3079E+03  1.8017E+00  4.6613E+01  1.8618E+00  9.6435E+01  1.0000E+00
 2.3256E+03  1.8048E+00  4.6339E+01  1.8644E+00  9.5841E+01  1.0000E+00
 2.3434E+03  1.8079E+00  4.6066E+01  1.8671E+00  9.5250E+01  1.0000E+00
 2.3614E+03  1.8111E+00  4.5794E+01  1.8698E+00  9.4663E+01  1.0000E+00
 2.3794E+03  1.8142E+00  4.5524E+01  1.8725E+00  9.4079E+01  1.0000E+00
 2.3977E+03  1.8173E+00  4.5255E+01  1.8752E+00  9.3499E+01  1.0000E+00
 2.4160E+03  1.8204E+00  4.4987E+01  1.8779E+00  9.2922E+01  1.0000E+00
 2.4345E+03  1.8236E+00  4.4721E+01  1.8806E+00  9.2348E+01  1.0000E+00
 2.4532E+03  1.8267E+00  4.4457E+01  1.8833E+00  9.1778E+01  1.0000E+00
 2.4720E+03  1.8298E+00  4.4193E+01  1.8860E+00  9.1212E+01  1.0000E+00
 2.4909E+03  1.8329E+00  4.3931E+01  1.8887E+00  9.0649E+01  1.0000E+00
 2.5100E+03  1.8360E+00  4.3671E+01  1.8914E+00  9.0089E+01  1.0000E+00
 2.5292E+03  1.8392E+00  4.3412E+01  1.8940E+00  8.9532E+01  1.0000E+00
 2.5486E+03  1.8423E+00  4.3154E+01  1.8967E+00  8.8979E+01  1.0000E+00
 2.5681E+03  1.8454E+00  4.2897E+01  1.8994E+00  8.8429E+01  1.0000E+00
 2.5878E+03  1.8485E+00  4.2642E+01  1.9022E+00  8.7882E+01  1.0000E+00
 2.6076E+03  1.8516E+00  4.2388E+01  1.9049E+00  8.7339E+01  1.0000E+00
 2.6275E+03  1.8547E+00  4.2136E+01  1.9076E+00  8.6799E+01  1.0000E+00
 2.6477E+03  1.8578E+00  4.1885E+01  1.9103E+00  8.6262E+01  1.0000E+00
 2.6679E+03  1.8609E+00  4.1635E+01  1.9130E+00  8.5728E+01  1.0000E+00
 2.6884E+03  1.8640E+00  4.1387E+01  1.9157E+00  8.5198E+01  1.0000E+00
 2.7090E+03  1.8671E+00  4.1140E+01  1.9184E+00  8.4671E+01  1.0000E+00
 2.7297E+03  1.8702E+00  4.0894E+01  1.9211E+00  8.4146E+01  1.0000E+00
 2.7506E+03  1.8733E+00  4.0649E+01  1.9238E+00  8.3625E+01  1.0000E+00
 2.7717E+03  1.8764E+00  4.0406E+01  1.9265E+00  8.3107E+01  1.0000E+00
 2.7929E+03  1.8795E+00  4.0164E+01  1.9293E+00  8.2593E+01  1.0000E+00
 2.8143E+03  1.8826E+00  3.9924E+01  1.9320E+00  8.2081E+01  1.0000E+00
 2.8358E+03  1.8857E+00  3.9685E+01  1.9347E+00  8.1572E+01  1.0000E+00
 2.8576E+03  1.8888E+00  3.9447E+01  1.9374E+00  8.1067E+01  1.0000E+00
 2.8794E+03  1.8919E+00  3.9210E+01  1.9401E+00  8.0564E+01  1.0000E+00
 2.9015E+03  1.8949E+00  3.8975E+01  1.9429E+00  8.0065E+01  1.0000E+00
 2.9237E+03  1.8980E+00  3.8741E+01  1.9456E+00  7.9568E+01  1.0000E+00
 2.9461E+03  1.9011E+00  3.8508E+01  1.9483E+00  7.9075E+01  1.0000E+00
 2.9687E+03  1.9042E+00  3.8276E+01  1.9510E+00  7.8584E+01  1.0000E+00
 2.9914E+03  1.9073E+00  3.8046E+01  1.9538E+00  7.8096E+01  1.0000E+00
 3.0143E+03  1.9104E+00  3.7817E+01  1.9565E+00  7.7612E+01  1.0000E+00
 3.0374E+03  1.9134E+00  3.7589E+01  1.9592E+00  7.7130E+01  1.0000E+00
 3.0607E+03  1.9165E+00  3.7363E+01  1.9620E+00  7.6651E+01  1.0000E+00
 3.0841E+03  1.9196E+00  3.7138E+01  1.9647E+00  7.6175E+01  1.0000E+00
 3.1077E+03  1.9227E+00  3.6914E+01  1.9674E+00  7.5702E+01  1.0000E+00
 3.1315E+03  1.9258E+00  3.6691E+01  1.9702E+00  7.5232E+01  1.0000E+00
 3.1555E+03  1.9288E+00  3.6469E+01  1.9729E+00  7.4764E+01  1.0000E+00
 3.1797E+03  1.9319E+00  3.6249E+01  1.9757E+00  7.4300E+01  1.0000E+00
 3.2040E+03  1.9350E+00  3.6030E+01  1.9784E+00  7.3838E+01  1.0000E+00
 3.2286E+03  1.9380E+00  3.5812E+01  1.9812E+00  7.3379E+01  1.0000E+00
 3.2533E+03  1.9411E+00  3.5595E+01  1.9839E+00  7.2923E+01  1.0000E+00
 3.2782E+03  1.9442E+00  3.5380E+01  1.9867E+00  7.2469E+01  1.0000E+00
 3.3033E+03  1.9473E+00  3.5166E+01  1.9894E+00  7.2018E+01  1.0000E+00
 3.3286E+03  1.9503E+00  3.4952E+01  1.9922E+00  7.1570E+01  1.0000E+00
 3.3541E+03  1.9534E+00  3.4741E+01  1.9949E+00  7.1125E+01  1.0000E+00
 3.3798E+03  1.9565E+00  3.4530E+01  1.9977E+00  7.0683E+01  1.0000E+00
 3.4057E+03  1.9595E+00  3.4320E+01  2.0004E+00  7.0243E+01  1.0000E+00
 3.4317E+03  1.9626E+00  3.4112E+01  2.0032E+00  6.9805E+01  1.0000E+00
 3.4580E+03  1.9657E+00  3.3905E+01  2.0060E+00  6.9371E+01  1.0000E+00
 3.4845E+03  1.9687E+00  3.3699E+01  2.0087E+00  6.8939E+01  1.0000E+00
 3.5112E+03  1.9718E+00  3.3494E+01  2.0115E+00  6.8510E+01  1.0000E+00
 3.5381E+03  1.9749E+00  3.3290E+01  2.0143E+00  6.8083E+01  1.0000E+00
 3.5652E+03  1.9780E+00  3.3088E+01  2.0170E+00  6.7659E+01  1.0000E+00
 3.5925E+03  1.9810E+00  3.2886E+01  2.0198E+00  6.7237E+01  1.0000E+00
 3.6200E+03  1.9841E+00  3.2686E+01  2.0226E+00  6.6818E+01  1.0000E+00
 3.6477E+03  1.9872E+00  3.2487E+01  2.0254E+00  6.6402E+01  1.0000E+00
 3.6757E+03  1.9902E+00  3.2289E+01  2.0282E+00  6.5988E+01  1.0000E+00
 3.7038E+03  1.9933E+00  3.2092E+01  2.0309E+00  6.5577E+01  1.0000E+00
 3.7322E+03  1.9963E+00  3.1896E+01  2.0337E+00  6.5168E+01  1.0000E+00
 3.7608E+03  1.9994E+00  3.1701E+01  2.0365E+00  6.4762E+01  1.0000E+00
 3.7896E+03  2.0025E+00  3.1508E+01  2.0393E+00  6.4358E+01  1.0000E+00
 3.8186E+03  2.0055E+00  3.1315E+01  2.0421E+00  6.3956E+01  1.0000E+00
 3.8478E+03  2.0086E+00  3.1124E+01  2.0449E+00  6.3557E+01  1.0000E+00
 3.8773E+03  2.0117E+00  3.0933E+01  2.0477E+00  6.3161E+01  1.0000E+00
 3.9070E+03  2.0147E+00  3.0744E+01  2.0505E+00  6.2767E+01  1.0000E+00
 3.9369E+03  2.0178E+00  3.0556E+01  2.0533E+00  6.2375E+01  1.0000E+00
 3.9671E+03  2.0209E+00  3.0369E+01  2.0561E+00  6.1986E+01  1.0000E+00
 3.9974E+03  2.0239E+00  3.0183E+01  2.0589E+00  6.1599E+01  1.0000E+00
 4.0281E+03  2.0270E+00  2.9998E+01  2.0617E+00  6.1214E+01  1.0000E+00
 4.0589E+03  2.0301E+00  2.9814E+01  2.0645E+00  6.0832E+01  1.0000E+00
 4.0900E+03  2.0331E+00  2.9632E+01  2.0673E+00  6.0452E+01  1.0000E+00
 4.1213E+03  2.0362E+00  2.9450E+01  2.0701E+00  6.0075E+01  1.0000E+00
 4.1529E+03  2.0393E+00  2.9269E+01  2.0729E+00  5.9699E+01  1.0000E+00
 4.1847E+03  2.0423E+00  2.9090E+01  2.0757E+00  5.9326E+01  1.0000E+00
 4.2167E+03  2.0454E+00  2.8911E+01  2.0786E+00  5.8956E+01  1.0000E+00
 4.2490E+03  2.0485E+00  2.8733E+01  2.0814E+00  5.8587E+01  1.0000E+00
 4.2816E+03  2.0516E+00  2.8557E+01  2.0842E+00  5.8221E+01  1.0000E+00
 4.3143E+03  2.0546E+00  2.8381E+01  2.0870E+00  5.7857E+01  1.0000E+00
 4.3474E+03  2.0577E+00  2.8207E+01  2.0899E+00  5.7496E+01  1.0000E+00
 4.3807E+03  2.0608E+00  2.8033E+01  2.0927E+00  5.7136E+01  1.0000E+00
 4.4142E+03  2.0638E+00  2.7861E+01  2.0955E+00  5.6779E+01  1.0000E+00
 4.4480E+03  2.0669E+00  2.7689E+01  2.0984E+00  5.6424E+01  1.0000E+00
 4.4821E+03  2.0700E+00  2.7519E+01  2.1012E+00  5.6071E+01  1.0000E+00
 4.5164E+03  2.0731E+00  2.7349E+01  2.1040E+00  5.5721E+01  1.0000E+00
 4.5510E+03  2.0761E+00  2.7181E+01  2.1069E+00  5.5372E+01  1.0000E+00
 4.5859E+03  2.0792E+00  2.7013E+01  2.1097E+00  5.5026E+01  1.0000E+00
 4.6210E+03  2.0823E+00  2.6847E+01  2.1126E+00  5.4682E+01  1.0000E+00
 4.6564E+03  2.0854E+00  2.6681E+01  2.1154E+00  5.4340E+01  1.0000E+00
 4.6920E+03  2.0885E+00  2.6517E+01  2.1183E+00  5.4000E+01  1.0000E+00
 4.7280E+03  2.0915E+00  2.6353E+01  2.1212E+00  5.3662E+01  1.0000E+00
 4.7642E+03  2.0946E+00  2.6190E+01  2.1240E+00  5.3326E+01  1.0000E+00
 4.8007E+03  2.0977E+00  2.6029E+01  2.1269E+00  5.2992E+01  1.0000E+00
 4.8374E+03  2.1008E+00  2.5868E+01  2.1297E+00  5.2661E+01  1.0000E+00
 4.8745E+03  2.1039E+00  2.5708E+01  2.1326E+00  5.2331E+01  1.0000E+00
 4.9118E+03  2.1070E+00  2.5549E+01  2.1355E+00  5.2004E+01  1.0000E+00
 4.9494E+03  2.1100E+00  2.5391E+01  2.1384E+00  5.1678E+01  1.0000E+00
 4.9873E+03  2.1131E+00  2.5234E+01  2.1412E+00  5.1354E+01  1.0000E+00
 5.0255E+03  2.1162E+00  2.5078E+01  2.1441E+00  5.1033E+01  1.0000E+00
 5.0640E+03  2.1193E+00  2.4923E+01  2.1470E+00  5.0713E+01  1.0000E+00
 5.1028E+03  2.1224E+00  2.4769E+01  2.1499E+00  5.0396E+01  1.0000E+00
 5.1419E+03  2.1255E+00  2.4615E+01  2.1528E+00  5.0080E+01  1.0000E+00
 5.1812E+03  2.1286E+00  2.4463E+01  2.1557E+00  4.9767E+01  1.0000E+00
 5.2209E+03  2.1317E+00  2.4311E+01  2.1586E+00  4.9455E+01  1.0000E+00
 5.2609E+03  2.1348E+00  2.4161E+01  2.1615E+00  4.9145E+01  1.0000E+00
 5.3012E+03  2.1379E+00  2.4011E+01  2.1644E+00  4.8837E+01  1.0000E+00
 5.3418E+03  2.1410E+00  2.3862E+01  2.1673E+00  4.8531E+01  1.0000E+00
 5.3827E+03  2.1441E+00  2.3714E+01  2.1702E+00  4.8227E+01  1.0000E+00
 5.4239E+03  2.1472E+00  2.3567E+01  2.1731E+00  4.7925E+01  1.0000E+00
 5.4655E+03  2.1503E+00  2.3421E+01  2.1760E+00  4.7625E+01  1.0000E+00
 5.5073E+03  2.1534E+00  2.3275E+01  2.1789E+00  4.7327E+01  1.0000E+00
 5.5495E+03  2.1565E+00  2.3131E+01  2.1818E+00  4.7030E+01  1.0000E+00
 5.5920E+03  2.1596E+00  2.2987E+01  2.1848E+00  4.6735E+01  1.0000E+00
 5.6348E+03  2.1628E+00  2.2845E+01  2.1877E+00  4.6442E+01  1.0000E+00
 5.6780E+03  2.1659E+00  2.2703E+01  2.1906E+00  4.6151E+01  1.0000E+00
 5.7215E+03  2.1690E+00  2.2562E+01  2.1936E+00  4.5862E+01  1.0000E+00
 5.7653E+03  2.1721E+00  2.2421E+01  2.1965E+00  4.5575E+01  1.0000E+00
 5.8094E+03  2.1752E+00  2.2282E+01  2.1994E+00  4.5289E+01  1.0000E+00
 5.8539E+03  2.1784E+00  2.2143E+01  2.2024E+00  4.5005E+01  1.0000E+00
 5.8988E+03  2.1815E+00  2.2006E+01  2.2053E+00  4.4723E+01  1.0000E+00
 5.9439E+03  2.1846E+00  2.1869E+01  2.2083E+00  4.4443E+01  1.0000E+00
 5.9895E+03  2.1877E+00  2.1733E+01  2.2112E+00  4.4164E+01  1.0000E+00
 6.0353E+03  2.1909E+00  2.1598E+01  2.2142E+00  4.3887E+01  1.0000E+00
 6.0815E+03  2.1940E+00  2.1463E+01  2.2172E+00  4.3612E+01  1.0000E+00
 6.1281E+03  2.1972E+00  2.1329E+01  2.2201E+00  4.3339E+01  1.0000E+00
 6.1751E+03  2.2003E+00  2.1197E+01  2.2231E+00  4.3067E+01  1.0000E+00
 6.2223E+03  2.2034E+00  2.1065E+01  2.2261E+00  4.2797E+01  1.0000E+00
 6.2700E+03  2.2066E+00  2.0933E+01  2.2290E+00  4.2529E+01  1.0000E+00
 6.3180E+03  2.2097E+00  2.0803E+01  2.2320E+00  4.2262E+01  1.0000E+00
 6.3664E+03  2.2129E+00  2.0673E+01  2.2350E+00  4.1997E+01  1.0000E+00
 6.4152E+03  2.2160E+00  2.0544E+01  2.2380E+00  4.1734E+01  1.0000E+00
 6.4643E+03  2.2192E+00  2.0416E+01  2.2410E+00  4.1472E+01  1.0000E+00
 6.5138E+03  2.2223E+00  2.0289E+01  2.2440E+00  4.1212E+01  1.0000E+00
 6.5637E+03  2.2255E+00  2.0163E+01  2.2470E+00  4.0954E+01  1.0000E+00
 6.6139E+03  2.2287E+00  2.0037E+01  2.2500E+00  4.0697E+01  1.0000E+00
 6.6646E+03  2.2318E+00  1.9912E+01  2.2530E+00  4.0442E+01  1.0000E+00
 6.7156E+03  2.2350E+00  1.9787E+01  2.2560E+00  4.0188E+01  1.0000E+00
 6.7671E+03  2.2382E+00  1.9664E+01  2.2590E+00  3.9936E+01  1.0000E+00
 6.8189E+03  2.2414E+00  1.9541E+01  2.2621E+00  3.9686E+01  1.0000E+00
 6.8711E+03  2.2445E+00  1.9419E+01  2.2651E+00  3.9437E+01  1.0000E+00
 6.9237E+03  2.2477E+00  1.9298E+01  2.2681E+00  3.9190E+01  1.0000E+00
 6.9768E+03  2.2509E+00  1.9177E+01  2.2711E+00  3.8944E+01  1.0000E+00
 7.0302E+03  2.2541E+00  1.9058E+01  2.2742E+00  3.8700E+01  1.0000E+00
 7.0840E+03  2.2573E+00  1.8939E+01  2.2772E+00  3.8457E+01  1.0000E+00
 7.1383E+03  2.2605E+00  1.8820E+01  2.2803E+00  3.8216E+01  1.0000E+00
 7.1929E+03  2.2637E+00  1.8703E+01  2.2833E+00  3.7977E+01  1.0000E+00
 7.2480E+03  2.2669E+00  1.8586E+01  2.2864E+00  3.7739E+01  1.0000E+00
 7.3035E+03  2.2701E+00  1.8470E+01  2.2894E+00  3.7502E+01  1.0000E+00
 7.3595E+03  2.2733E+00  1.8354E+01  2.2925E+00  3.7267E+01  1.0000E+00
 7.4158E+03  2.2765E+00  1.8239E+01  2.2956E+00  3.7033E+01  1.0000E+00
 7.4726E+03  2.2797E+00  1.8125E+01  2.2987E+00  3.6801E+01  1.0000E+00
 7.5299E+03  2.2829E+00  1.8012E+01  2.3017E+00  3.6571E+01  1.0000E+00
 7.5875E+03  2.2862E+00  1.7899E+01  2.3048E+00  3.6341E+01  1.0000E+00
 7.6456E+03  2.2894E+00  1.7787E+01  2.3079E+00  3.6114E+01  1.0000E+00
 7.7042E+03  2.2926E+00  1.7676E+01  2.3110E+00  3.5887E+01  1.0000E+00
 7.7632E+03  2.2958E+00  1.7565E+01  2.3141E+00  3.5662E+01  1.0000E+00
 7.8226E+03  2.2991E+00  1.7455E+01  2.3172E+00  3.5439E+01  1.0000E+00
 7.8825E+03  2.3023E+00  1.7346E+01  2.3203E+00  3.5217E+01  1.0000E+00
 7.9429E+03  2.3056E+00  1.7238E+01  2.3234E+00  3.4996E+01  1.0000E+00
 8.0037E+03  2.3088E+00  1.7130E+01  2.3265E+00  3.4777E+01  1.0000E+00
 8.0650E+03  2.3121E+00  1.7022E+01  2.3297E+00  3.4559E+01  1.0000E+00
 8.1268E+03  2.3153E+00  1.6916E+01  2.3328E+00  3.4342E+01  1.0000E+00
 8.1890E+03  2.3186E+00  1.6810E+01  2.3359E+00  3.4127E+01  1.0000E+00
 8.2518E+03  2.3218E+00  1.6705E+01  2.3390E+00  3.3913E+01  1.0000E+00
 8.3150E+03  2.3251E+00  1.6600E+01  2.3422E+00  3.3701E+01  1.0000E+00
 8.3786E+03  2.3284E+00  1.6496E+01  2.3453E+00  3.3490E+01  1.0000E+00
 8.4428E+03  2.3317E+00  1.6393E+01  2.3485E+00  3.3280E+01  1.0000E+00
 8.5075E+03  2.3350E+00  1.6290E+01  2.3517E+00  3.3072E+01  1.0000E+00
 8.5726E+03  2.3382E+00  1.6188E+01  2.3548E+00  3.2865E+01  1.0000E+00
 8.6383E+03  2.3415E+00  1.6086E+01  2.3580E+00  3.2659E+01  1.0000E+00
 8.7044E+03  2.3448E+00  1.5986E+01  2.3612E+00  3.2454E+01  1.0000E+00
 8.7711E+03  2.3481E+00  1.5885E+01  2.3643E+00  3.2251E+01  1.0000E+00
 8.8383E+03  2.3514E+00  1.5786E+01  2.3675E+00  3.2049E+01  1.0000E+00
 8.9059E+03  2.3547E+00  1.5687E+01  2.3707E+00  3.1849E+01  1.0000E+00
 8.9741E+03  2.3581E+00  1.5589E+01  2.3739E+00  3.1649E+01  1.0000E+00
 9.0429E+03  2.3614E+00  1.5491E+01  2.3771E+00  3.1451E+01  1.0000E+00
 9.1121E+03  2.3647E+00  1.5394E+01  2.3803E+00  3.1254E+01  1.0000E+00
 9.1819E+03  2.3680E+00  1.5297E+01  2.3835E+00  3.1059E+01  1.0000E+00
 9.2522E+03  2.3714E+00  1.5201E+01  2.3868E+00  3.0865E+01  1.0000E+00
 9.3231E+03  2.3747E+00  1.5106E+01  2.3900E+00  3.0672E+01  1.0000E+00
 9.3945E+03  2.3781E+00  1.5011E+01  2.3932E+00  3.0480E+01  1.0000E+00
 9.4664E+03  2.3814E+00  1.4917E+01  2.3965E+00  3.0289E+01  1.0000E+00
 9.5389E+03  2.3848E+00  1.4824E+01  2.3997E+00  3.0100E+01  1.0000E+00
 9.6120E+03  2.3881E+00  1.4731E+01  2.4030E+00  2.9911E+01  1.0000E+00
 9.6856E+03  2.3915E+00  1.4638E+01  2.4062E+00  2.9724E+01  1.0000E+00
 9.7598E+03  2.3949E+00  1.4546E+01  2.4095E+00  2.9539E+01  1.0000E+00
 9.8345E+03  2.3982E+00  1.4455E+01  2.4128E+00  2.9354E+01  1.0000E+00
 9.9098E+03  2.4016E+00  1.4364E+01  2.4160E+00  2.9170E+01  1.0000E+00
 9.9857E+03  2.4050E+00  1.4274E+01  2.4193E+00  2.8988E+01  1.0000E+00
 1.0062E+04  2.4084E+00  1.4185E+01  2.4226E+00  2.8807E+01  1.0000E+00
 1.0139E+04  2.4118E+00  1.4096E+01  2.4259E+00  2.8627E+01  1.0000E+00
 1.0217E+04  2.4152E+00  1.4007E+01  2.4292E+00  2.8448E+01  1.0000E+00
 1.0295E+04  2.4186E+00  1.3919E+01  2.4325E+00  2.8271E+01  1.0000E+00
 1.0374E+04  2.4220E+00  1.3832E+01  2.4358E+00  2.8094E+01  1.0000E+00
 1.0453E+04  2.4255E+00  1.3745E+01  2.4391E+00  2.7919E+01  1.0000E+00
 1.0533E+04  2.4289E+00  1.3659E+01  2.4425E+00  2.7744E+01  1.0000E+00
 1.0614E+04  2.4323E+00  1.3573E+01  2.4458E+00  2.7571E+01  1.0000E+00
 1.0695E+04  2.4358E+00  1.3488E+01  2.4492E+00  2.7399E+01  1.0000E+00
 1.0777E+04  2.4392E+00  1.3404E+01  2.4525E+00  2.7228E+01  1.0000E+00
 1.0860E+04  2.4427E+00  1.3320E+01  2.4559E+00  2.7058E+01  1.0000E+00
 1.0943E+04  2.4461E+00  1.3236E+01  2.4592E+00  2.6889E+01  1.0000E+00
 1.1027E+04  2.4496E+00  1.3153E+01  2.4626E+00  2.6722E+01  1.0000E+00
 1.1111E+04  2.4531E+00  1.3070E+01  2.4660E+00  2.6555E+01  1.0000E+00
 1.1196E+04  2.4565E+00  1.2988E+01  2.4694E+00  2.6389E+01  1.0000E+00
 1.1282E+04  2.4600E+00  1.2907E+01  2.4728E+00  2.6225E+01  1.0000E+00
 1.1369E+04  2.4635E+00  1.2826E+01  2.4762E+00  2.6061E+01  1.0000E+00
 1.1456E+04  2.4670E+00  1.2746E+01  2.4796E+00  2.5899E+01  1.0000E+00
 1.1543E+04  2.4705E+00  1.2666E+01  2.4830E+00  2.5738E+01  1.0000E+00
 1.1632E+04  2.4741E+00  1.2586E+01  2.4864E+00  2.5577E+01  1.0000E+00
 1.1721E+04  2.4776E+00  1.2507E+01  2.4898E+00  2.5418E+01  1.0000E+00
 1.1811E+04  2.4811E+00  1.2429E+01  2.4933E+00  2.5260E+01  1.0000E+00
 1.1901E+04  2.4846E+00  1.2351E+01  2.4967E+00  2.5102E+01  1.0000E+00
 1.1992E+04  2.4882E+00  1.2273E+01  2.5002E+00  2.4946E+01  1.0000E+00
 1.2084E+04  2.4917E+00  1.2196E+01  2.5037E+00  2.4791E+01  1.0000E+00
 1.2177E+04  2.4953E+00  1.2120E+01  2.5071E+00  2.4637E+01  1.0000E+00
 1.2270E+04  2.4989E+00  1.2044E+01  2.5106E+00  2.4483E+01  1.0000E+00
 1.2364E+04  2.5024E+00  1.1968E+01  2.5141E+00  2.4331E+01  1.0000E+00
 1.2458E+04  2.5060E+00  1.1893E+01  2.5176E+00  2.4180E+01  1.0000E+00
 1.2554E+04  2.5096E+00  1.1819E+01  2.5211E+00  2.4030E+01  1.0000E+00
 1.2650E+04  2.5132E+00  1.1745E+01  2.5246E+00  2.3880E+01  1.0000E+00
 1.2747E+04  2.5168E+00  1.1671E+01  2.5281E+00  2.3732E+01  1.0000E+00
 1.2845E+04  2.5204E+00  1.1598E+01  2.5317E+00  2.3584E+01  1.0000E+00
 1.2943E+04  2.5240E+00  1.1525E+01  2.5352E+00  2.3438E+01  1.0000E+00
 1.3042E+04  2.5277E+00  1.1453E+01  2.5388E+00  2.3292E+01  1.0000E+00
 1.3142E+04  2.5313E+00  1.1381E+01  2.5423E+00  2.3148E+01  1.0000E+00
 1.3243E+04  2.5349E+00  1.1310E+01  2.5459E+00  2.3004E+01  1.0000E+00
 1.3344E+04  2.5386E+00  1.1239E+01  2.5494E+00  2.2861E+01  1.0000E+00
 1.3446E+04  2.5423E+00  1.1168E+01  2.5530E+00  2.2720E+01  1.0000E+00
 1.3549E+04  2.5459E+00  1.1098E+01  2.5566E+00  2.2579E+01  1.0000E+00
 1.3653E+04  2.5496E+00  1.1029E+01  2.5602E+00  2.2439E+01  1.0000E+00
 1.3757E+04  2.5533E+00  1.0960E+01  2.5638E+00  2.2300E+01  1.0000E+00
 1.3863E+04  2.5570E+00  1.0891E+01  2.5675E+00  2.2162E+01  1.0000E+00
 1.3969E+04  2.5607E+00  1.0823E+01  2.5711E+00  2.2024E+01  1.0000E+00
 1.4076E+04  2.5644E+00  1.0755E+01  2.5747E+00  2.1888E+01  1.0000E+00
 1.4184E+04  2.5681E+00  1.0688E+01  2.5784E+00  2.1752E+01  1.0000E+00
 1.4292E+04  2.5719E+00  1.0621E+01  2.5820E+00  2.1618E+01  1.0000E+00
 1.4402E+04  2.5756E+00  1.0554E+01  2.5857E+00  2.1484E+01  1.0000E+00
 1.4512E+04  2.5794E+00  1.0488E+01  2.5894E+00  2.1351E+01  1.0000E+00
 1.4623E+04  2.5831E+00  1.0423E+01  2.5931E+00  2.1219E+01  1.0000E+00
 1.4735E+04  2.5869E+00  1.0357E+01  2.5968E+00  2.1088E+01  1.0000E+00
 1.4848E+04  2.5907E+00  1.0293E+01  2.6005E+00  2.0957E+01  1.0000E+00
 1.4962E+04  2.5945E+00  1.0228E+01  2.6042E+00  2.0828E+01  1.0000E+00
 1.5076E+04  2.5983E+00  1.0164E+01  2.6079E+00  2.0699E+01  1.0000E+00
 1.5192E+04  2.6021E+00  1.0101E+01  2.6117E+00  2.0571E+01  1.0000E+00
 1.5308E+04  2.6059E+00  1.0037E+01  2.6154E+00  2.0445E+01  1.0000E+00
 1.5425E+04  2.6097E+00  9.9746E+00  2.6192E+00  2.0318E+01  1.0000E+00
 1.5544E+04  2.6136E+00  9.9123E+00  2.6230E+00  2.0193E+01  1.0000E+00
 1.5663E+04  2.6174E+00  9.8503E+00  2.6268E+00  2.0068E+01  1.0000E+00
 1.5783E+04  2.6213E+00  9.7887E+00  2.6306E+00  1.9945E+01  1.0000E+00
 1.5903E+04  2.6252E+00  9.7275E+00  2.6344E+00  1.9822E+01  1.0000E+00
 1.6025E+04  2.6291E+00  9.6668E+00  2.6382E+00  1.9700E+01  1.0000E+00
 1.6148E+04  2.6330E+00  9.6064E+00  2.6420E+00  1.9578E+01  1.0000E+00
 1.6272E+04  2.6369E+00  9.5464E+00  2.6459E+00  1.9458E+01  1.0000E+00
 1.6396E+04  2.6408E+00  9.4867E+00  2.6497E+00  1.9338E+01  1.0000E+00
 1.6522E+04  2.6447E+00  9.4275E+00  2.6536E+00  1.9219E+01  1.0000E+00
 1.6648E+04  2.6486E+00  9.3686E+00  2.6574E+00  1.9101E+01  1.0000E+00
 1.6776E+04  2.6526E+00  9.3102E+00  2.6613E+00  1.8984E+01  1.0000E+00
 1.6904E+04  2.6565E+00  9.2520E+00  2.6652E+00  1.8867E+01  1.0000E+00
 1.7034E+04  2.6605E+00  9.1943E+00  2.6691E+00  1.8751E+01  1.0000E+00
 1.7164E+04  2.6645E+00  9.1369E+00  2.6731E+00  1.8636E+01  1.0000E+00
 1.7296E+04  2.6685E+00  9.0800E+00  2.6770E+00  1.8522E+01  1.0000E+00
 1.7428E+04  2.6725E+00  9.0233E+00  2.6809E+00  1.8408E+01  1.0000E+00
 1.7562E+04  2.6765E+00  8.9671E+00  2.6849E+00  1.8295E+01  1.0000E+00
 1.7696E+04  2.6806E+00  8.9112E+00  2.6889E+00  1.8183E+01  1.0000E+00
 1.7832E+04  2.6846E+00  8.8556E+00  2.6929E+00  1.8071E+01  1.0000E+00
 1.7968E+04  2.6887E+00  8.8005E+00  2.6969E+00  1.7961E+01  1.0000E+00
 1.8106E+04  2.6927E+00  8.7456E+00  2.7009E+00  1.7851E+01  1.0000E+00
 1.8244E+04  2.6968E+00  8.6912E+00  2.7049E+00  1.7742E+01  1.0000E+00
 1.8384E+04  2.7009E+00  8.6370E+00  2.7089E+00  1.7633E+01  1.0000E+00
 1.8525E+04  2.7050E+00  8.5833E+00  2.7130E+00  1.7525E+01  1.0000E+00
 1.8667E+04  2.7091E+00  8.5298E+00  2.7170E+00  1.7418E+01  1.0000E+00
 1.8810E+04  2.7133E+00  8.4768E+00  2.7211E+00  1.7312E+01  1.0000E+00
 1.8954E+04  2.7174E+00  8.4240E+00  2.7252E+00  1.7206E+01  1.0000E+00
 1.9099E+04  2.7216E+00  8.3716E+00  2.7293E+00  1.7101E+01  1.0000E+00
 1.9245E+04  2.7257E+00  8.3196E+00  2.7334E+00  1.6997E+01  1.0000E+00
 1.9393E+04  2.7299E+00  8.2679E+00  2.7376E+00  1.6893E+01  1.0000E+00
 1.9541E+04  2.7341E+00  8.2165E+00  2.7417E+00  1.6790E+01  1.0000E+00
 1.9691E+04  2.7383E+00  8.1654E+00  2.7459E+00  1.6688E+01  1.0000E+00
 1.9842E+04  2.7426E+00  8.1147E+00  2.7500E+00  1.6586E+01  1.0000E+00
 1.9994E+04  2.7468E+00  8.0643E+00  2.7542E+00  1.6485E+01  1.0000E+00
 2.0147E+04  2.7511E+00  8.0142E+00  2.7584E+00  1.6385E+01  1.0000E+00
 2.0301E+04  2.7553E+00  7.9645E+00  2.7627E+00  1.6285E+01  1.0000E+00
 2.0456E+04  2.7596E+00  7.9151E+00  2.7669E+00  1.6186E+01  1.0000E+00
 2.0613E+04  2.7639E+00  7.8660E+00  2.7711E+00  1.6088E+01  1.0000E+00
 2.0771E+04  2.7682E+00  7.8172E+00  2.7754E+00  1.5990E+01  1.0000E+00
 2.0930E+04  2.7726E+00  7.7687E+00  2.7797E+00  1.5893E+01  1.0000E+00
 2.1090E+04  2.7769E+00  7.7206E+00  2.7840E+00  1.5797E+01  1.0000E+00
 2.1252E+04  2.7813E+00  7.6727E+00  2.7883E+00  1.5701E+01  1.0000E+00
 2.1415E+04  2.7856E+00  7.6252E+00  2.7926E+00  1.5606E+01  1.0000E+00
 2.1579E+04  2.7900E+00  7.5780E+00  2.7970E+00  1.5511E+01  1.0000E+00
 2.1744E+04  2.7944E+00  7.5311E+00  2.8013E+00  1.5417E+01  1.0000E+00
 2.1910E+04  2.7989E+00  7.4845E+00  2.8057E+00  1.5324E+01  1.0000E+00
 2.2078E+04  2.8033E+00  7.4382E+00  2.8101E+00  1.5231E+01  1.0000E+00
 2.2247E+04  2.8078E+00  7.3922E+00  2.8145E+00  1.5139E+01  1.0000E+00
 2.2418E+04  2.8122E+00  7.3465E+00  2.8189E+00  1.5048E+01  1.0000E+00
 2.2589E+04  2.8167E+00  7.3011E+00  2.8233E+00  1.4957E+01  1.0000E+00
 2.2762E+04  2.8212E+00  7.2560E+00  2.8278E+00  1.4867E+01  1.0000E+00
 2.2937E+04  2.8257E+00  7.2112E+00  2.8323E+00  1.4777E+01  1.0000E+00
 2.3112E+04  2.8303E+00  7.1666E+00  2.8368E+00  1.4688E+01  1.0000E+00
 2.3289E+04  2.8348E+00  7.1224E+00  2.8413E+00  1.4600E+01  1.0000E+00
 2.3468E+04  2.8394E+00  7.0785E+00  2.8458E+00  1.4512E+01  1.0000E+00
 2.3647E+04  2.8440E+00  7.0348E+00  2.8503E+00  1.4425E+01  1.0000E+00
 2.3829E+04  2.8486E+00  6.9914E+00  2.8549E+00  1.4338E+01  1.0000E+00
 2.4011E+04  2.8532E+00  6.9483E+00  2.8595E+00  1.4252E+01  1.0000E+00
 2.4195E+04  2.8579E+00  6.9055E+00  2.8641E+00  1.4166E+01  1.0000E+00
 2.4380E+04  2.8625E+00  6.8630E+00  2.8687E+00  1.4081E+01  1.0000E+00
 2.4567E+04  2.8672E+00  6.8208E+00  2.8733E+00  1.3997E+01  1.0000E+00
 2.4755E+04  2.8719E+00  6.7788E+00  2.8780E+00  1.3913E+01  1.0000E+00
 2.4945E+04  2.8766E+00  6.7371E+00  2.8827E+00  1.3830E+01  1.0000E+00
 2.5136E+04  2.8813E+00  6.6957E+00  2.8874E+00  1.3747E+01  1.0000E+00
 2.5328E+04  2.8861E+00  6.6545E+00  2.8921E+00  1.3665E+01  1.0000E+00
 2.5522E+04  2.8909E+00  6.6136E+00  2.8968E+00  1.3583E+01  1.0000E+00
 2.5718E+04  2.8956E+00  6.5730E+00  2.9015E+00  1.3502E+01  1.0000E+00
 2.5915E+04  2.9005E+00  6.5327E+00  2.9063E+00  1.3421E+01  1.0000E+00
 2.6113E+04  2.9053E+00  6.4926E+00  2.9111E+00  1.3341E+01  1.0000E+00
 2.6313E+04  2.9101E+00  6.4528E+00  2.9159E+00  1.3262E+01  1.0000E+00
 2.6515E+04  2.9150E+00  6.4132E+00  2.9207E+00  1.3183E+01  1.0000E+00
 2.6718E+04  2.9199E+00  6.3739E+00  2.9256E+00  1.3104E+01  1.0000E+00
 2.6922E+04  2.9248E+00  6.3349E+00  2.9305E+00  1.3026E+01  1.0000E+00
 2.7128E+04  2.9297E+00  6.2961E+00  2.9354E+00  1.2949E+01  1.0000E+00
 2.7336E+04  2.9347E+00  6.2575E+00  2.9403E+00  1.2872E+01  1.0000E+00
 2.7545E+04  2.9397E+00  6.2193E+00  2.9452E+00  1.2796E+01  1.0000E+00
 2.7756E+04  2.9446E+00  6.1812E+00  2.9502E+00  1.2720E+01  1.0000E+00
 2.7969E+04  2.9497E+00  6.1435E+00  2.9551E+00  1.2645E+01  1.0000E+00
 2.8183E+04  2.9547E+00  6.1059E+00  2.9601E+00  1.2570E+01  1.0000E+00
 2.8399E+04  2.9598E+00  6.0686E+00  2.9651E+00  1.2495E+01  1.0000E+00
 2.8617E+04  2.9648E+00  6.0316E+00  2.9702E+00  1.2421E+01  1.0000E+00
 2.8836E+04  2.9699E+00  5.9948E+00  2.9753E+00  1.2348E+01  1.0000E+00
 2.9056E+04  2.9751E+00  5.9583E+00  2.9803E+00  1.2275E+01  1.0000E+00
 2.9279E+04  2.9802E+00  5.9220E+00  2.9855E+00  1.2203E+01  1.0000E+00
 2.9503E+04  2.9854E+00  5.8859E+00  2.9906E+00  1.2131E+01  1.0000E+00
 2.9729E+04  2.9906E+00  5.8501E+00  2.9957E+00  1.2059E+01  1.0000E+00
 2.9957E+04  2.9958E+00  5.8145E+00  3.0009E+00  1.1988E+01  1.0000E+00
 3.0186E+04  3.0010E+00  5.7791E+00  3.0061E+00  1.1918E+01  1.0000E+00
 3.0417E+04  3.0063E+00  5.7440E+00  3.0114E+00  1.1848E+01  1.0000E+00
 3.0650E+04  3.0116E+00  5.7091E+00  3.0166E+00  1.1778E+01  1.0000E+00
 3.0885E+04  3.0169E+00  5.6744E+00  3.0219E+00  1.1709E+01  1.0000E+00
 3.1122E+04  3.0222E+00  5.6400E+00  3.0272E+00  1.1641E+01  1.0000E+00
 3.1360E+04  3.0276E+00  5.6058E+00  3.0325E+00  1.1573E+01  1.0000E+00
 3.1600E+04  3.0330E+00  5.5718E+00  3.0379E+00  1.1505E+01  1.0000E+00
 3.1842E+04  3.0384E+00  5.5380E+00  3.0432E+00  1.1438E+01  1.0000E+00
 3.2086E+04  3.0438E+00  5.5045E+00  3.0486E+00  1.1371E+01  1.0000E+00
 3.2332E+04  3.0493E+00  5.4712E+00  3.0541E+00  1.1305E+01  1.0000E+00
 3.2579E+04  3.0548E+00  5.4381E+00  3.0595E+00  1.1239E+01  1.0000E+00
 3.2829E+04  3.0603E+00  5.4052E+00  3.0650E+00  1.1173E+01  1.0000E+00
 3.3080E+04  3.0658E+00  5.3726E+00  3.0705E+00  1.1108E+01  1.0000E+00
 3.3334E+04  3.0714E+00  5.3401E+00  3.0760E+00  1.1044E+01  1.0000E+00
 3.3589E+04  3.0770E+00  5.3079E+00  3.0816E+00  1.0980E+01  1.0000E+00
 3.3846E+04  3.0826E+00  5.2759E+00  3.0872E+00  1.0916E+01  1.0000E+00
 3.4105E+04  3.0882E+00  5.2441E+00  3.0928E+00  1.0853E+01  1.0000E+00
 3.4367E+04  3.0939E+00  5.2125E+00  3.0985E+00  1.0790E+01  1.0000E+00
 3.4630E+04  3.0996E+00  5.1812E+00  3.1041E+00  1.0728E+01  1.0000E+00
 3.4895E+04  3.1053E+00  5.1500E+00  3.1098E+00  1.0666E+01  1.0000E+00
 3.5162E+04  3.1111E+00  5.1190E+00  3.1156E+00  1.0604E+01  1.0000E+00
 3.5431E+04  3.1169E+00  5.0883E+00  3.1213E+00  1.0543E+01  1.0000E+00
 3.5703E+04  3.1227E+00  5.0577E+00  3.1271E+00  1.0482E+01  1.0000E+00
 3.5976E+04  3.1285E+00  5.0274E+00  3.1329E+00  1.0422E+01  1.0000E+00
 3.6252E+04  3.1344E+00  4.9972E+00  3.1388E+00  1.0362E+01  1.0000E+00
 3.6529E+04  3.1403E+00  4.9673E+00  3.1446E+00  1.0302E+01  1.0000E+00
 3.6809E+04  3.1462E+00  4.9376E+00  3.1505E+00  1.0243E+01  1.0000E+00
 3.7091E+04  3.1522E+00  4.9080E+00  3.1565E+00  1.0185E+01  1.0000E+00
 3.7375E+04  3.1582E+00  4.8787E+00  3.1624E+00  1.0126E+01  1.0000E+00
 3.7661E+04  3.1642E+00  4.8495E+00  3.1684E+00  1.0069E+01  1.0000E+00
 3.7950E+04  3.1703E+00  4.8206E+00  3.1745E+00  1.0011E+01  1.0000E+00
 3.8240E+04  3.1764E+00  4.7918E+00  3.1805E+00  9.9539E+00  1.0000E+00
 3.8533E+04  3.1825E+00  4.7632E+00  3.1866E+00  9.8972E+00  1.0000E+00
 3.8828E+04  3.1886E+00  4.7348E+00  3.1927E+00  9.8408E+00  1.0000E+00
 3.9126E+04  3.1948E+00  4.7066E+00  3.1989E+00  9.7849E+00  1.0000E+00
 3.9425E+04  3.2010E+00  4.6786E+00  3.2051E+00  9.7293E+00  1.0000E+00
 3.9727E+04  3.2073E+00  4.6508E+00  3.2113E+00  9.6741E+00  1.0000E+00
 4.0032E+04  3.2136E+00  4.6232E+00  3.2176E+00  9.6193E+00  1.0000E+00
 4.0338E+04  3.2199E+00  4.5957E+00  3.2239E+00  9.5649E+00  1.0000E+00
 4.0647E+04  3.2262E+00  4.5685E+00  3.2302E+00  9.5108E+00  1.0000E+00
 4.0958E+04  3.2326E+00  4.5414E+00  3.2365E+00  9.4571E+00  1.0000E+00
 4.1272E+04  3.2390E+00  4.5145E+00  3.2429E+00  9.4038E+00  1.0000E+00
 4.1588E+04  3.2455E+00  4.4878E+00  3.2494E+00  9.3508E+00  1.0000E+00
 4.1907E+04  3.2520E+00  4.4612E+00  3.2558E+00  9.2982E+00  1.0000E+00
 4.2228E+04  3.2585E+00  4.4349E+00  3.2623E+00  9.2460E+00  1.0000E+00
 4.2551E+04  3.2651E+00  4.4087E+00  3.2689E+00  9.1941E+00  1.0000E+00
 4.2877E+04  3.2717E+00  4.3827E+00  3.2754E+00  9.1426E+00  1.0000E+00
 4.3205E+04  3.2783E+00  4.3569E+00  3.2820E+00  9.0914E+00  1.0000E+00
 4.3536E+04  3.2850E+00  4.3312E+00  3.2887E+00  9.0406E+00  1.0000E+00
 4.3869E+04  3.2917E+00  4.3057E+00  3.2954E+00  8.9901E+00  1.0000E+00
 4.4205E+04  3.2984E+00  4.2804E+00  3.3021E+00  8.9400E+00  1.0000E+00
 4.4544E+04  3.3052E+00  4.2552E+00  3.3088E+00  8.8902E+00  1.0000E+00
 4.4885E+04  3.3120E+00  4.2303E+00  3.3156E+00  8.8408E+00  1.0000E+00
 4.5229E+04  3.3189E+00  4.2055E+00  3.3225E+00  8.7917E+00  1.0000E+00
 4.5575E+04  3.3258E+00  4.1808E+00  3.3294E+00  8.7429E+00  1.0000E+00
 4.5924E+04  3.3327E+00  4.1563E+00  3.3363E+00  8.6945E+00  1.0000E+00
 4.6276E+04  3.3397E+00  4.1320E+00  3.3432E+00  8.6464E+00  1.0000E+00
 4.6630E+04  3.3467E+00  4.1079E+00  3.3502E+00  8.5987E+00  1.0000E+00
 4.6987E+04  3.3538E+00  4.0839E+00  3.3573E+00  8.5513E+00  1.0000E+00
 4.7347E+04  3.3609E+00  4.0601E+00  3.3643E+00  8.5042E+00  1.0000E+00
 4.7710E+04  3.3680E+00  4.0364E+00  3.3715E+00  8.4574E+00  1.0000E+00
 4.8075E+04  3.3752E+00  4.0129E+00  3.3786E+00  8.4110E+00  1.0000E+00
 4.8443E+04  3.3824E+00  3.9896E+00  3.3858E+00  8.3648E+00  1.0000E+00
 4.8814E+04  3.3897E+00  3.9664E+00  3.3931E+00  8.3190E+00  1.0000E+00
 4.9188E+04  3.3970E+00  3.9433E+00  3.4004E+00  8.2736E+00  1.0000E+00
 4.9565E+04  3.4044E+00  3.9205E+00  3.4077E+00  8.2284E+00  1.0000E+00
 4.9945E+04  3.4118E+00  3.8977E+00  3.4151E+00  8.1835E+00  1.0000E+00
 5.0327E+04  3.4192E+00  3.8752E+00  3.4225E+00  8.1390E+00  1.0000E+00
 5.0713E+04  3.4267E+00  3.8528E+00  3.4300E+00  8.0948E+00  1.0000E+00
 5.1101E+04  3.4342E+00  3.8305E+00  3.4375E+00  8.0509E+00  1.0000E+00
 5.1492E+04  3.4418E+00  3.8084E+00  3.4451E+00  8.0073E+00  1.0000E+00
 5.1887E+04  3.4495E+00  3.7864E+00  3.4527E+00  7.9640E+00  1.0000E+00
 5.2284E+04  3.4571E+00  3.7646E+00  3.4603E+00  7.9209E+00  1.0000E+00
 5.2684E+04  3.4648E+00  3.7430E+00  3.4680E+00  7.8782E+00  1.0000E+00
 5.3088E+04  3.4726E+00  3.7214E+00  3.4758E+00  7.8358E+00  1.0000E+00
 5.3494E+04  3.4804E+00  3.7001E+00  3.4836E+00  7.7937E+00  1.0000E+00
 5.3904E+04  3.4883E+00  3.6788E+00  3.4914E+00  7.7519E+00  1.0000E+00
 5.4317E+04  3.4962E+00  3.6578E+00  3.4993E+00  7.7104E+00  1.0000E+00
 5.4733E+04  3.5042E+00  3.6368E+00  3.5072E+00  7.6692E+00  1.0000E+00
 5.5152E+04  3.5122E+00  3.6160E+00  3.5152E+00  7.6282E+00  1.0000E+00
 5.5574E+04  3.5202E+00  3.5954E+00  3.5233E+00  7.5876E+00  1.0000E+00
 5.6000E+04  3.5284E+00  3.5749E+00  3.5314E+00  7.5472E+00  1.0000E+00
 5.6429E+04  3.5365E+00  3.5545E+00  3.5395E+00  7.5072E+00  1.0000E+00
 5.6861E+04  3.5447E+00  3.5343E+00  3.5477E+00  7.4674E+00  1.0000E+00
 5.7297E+04  3.5530E+00  3.5142E+00  3.5560E+00  7.4278E+00  1.0000E+00
 5.7735E+04  3.5613E+00  3.4942E+00  3.5643E+00  7.3886E+00  1.0000E+00
 5.8177E+04  3.5697E+00  3.4744E+00  3.5726E+00  7.3497E+00  1.0000E+00
 5.8623E+04  3.5781E+00  3.4547E+00  3.5810E+00  7.3110E+00  1.0000E+00
 5.9072E+04  3.5866E+00  3.4351E+00  3.5895E+00  7.2726E+00  1.0000E+00
 5.9524E+04  3.5952E+00  3.4157E+00  3.5980E+00  7.2344E+00  1.0000E+00
 5.9980E+04  3.6038E+00  3.3964E+00  3.6066E+00  7.1966E+00  1.0000E+00
 6.0440E+04  3.6124E+00  3.3773E+00  3.6152E+00  7.1590E+00  1.0000E+00
 6.0902E+04  3.6211E+00  3.3582E+00  3.6239E+00  7.1216E+00  1.0000E+00
 6.1369E+04  3.6299E+00  3.3393E+00  3.6327E+00  7.0846E+00  1.0000E+00
 6.1839E+04  3.6387E+00  3.3206E+00  3.6415E+00  7.0478E+00  1.0000E+00
 6.2312E+04  3.6476E+00  3.3019E+00  3.6504E+00  7.0112E+00  1.0000E+00
 6.2790E+04  3.6565E+00  3.2834E+00  3.6593E+00  6.9750E+00  1.0000E+00
 6.3270E+04  3.6655E+00  3.2651E+00  3.6683E+00  6.9390E+00  1.0000E+00
 6.3755E+04  3.6746E+00  3.2468E+00  3.6773E+00  6.9032E+00  1.0000E+00
 6.4243E+04  3.6837E+00  3.2287E+00  3.6864E+00  6.8677E+00  1.0000E+00
 6.4735E+04  3.6929E+00  3.2107E+00  3.6956E+00  6.8325E+00  1.0000E+00
 6.5231E+04  3.7021E+00  3.1928E+00  3.7048E+00  6.7975E+00  1.0000E+00
 6.5731E+04  3.7114E+00  3.1750E+00  3.7141E+00  6.7627E+00  1.0000E+00
 6.6234E+04  3.7208E+00  3.1574E+00  3.7234E+00  6.7282E+00  1.0000E+00
 6.6741E+04  3.7302E+00  3.1399E+00  3.7329E+00  6.6940E+00  1.0000E+00
 6.7252E+04  3.7397E+00  3.1225E+00  3.7423E+00  6.6600E+00  1.0000E+00
 6.7767E+04  3.7493E+00  3.1052E+00  3.7519E+00  6.6262E+00  1.0000E+00
 6.8286E+04  3.7589E+00  3.0880E+00  3.7615E+00  6.5927E+00  1.0000E+00
 6.8809E+04  3.7686E+00  3.0710E+00  3.7712E+00  6.5595E+00  1.0000E+00
 6.9336E+04  3.7784E+00  3.0541E+00  3.7809E+00  6.5264E+00  1.0000E+00
 6.9867E+04  3.7882E+00  3.0373E+00  3.7908E+00  6.4937E+00  1.0000E+00
 7.0402E+04  3.7981E+00  3.0206E+00  3.8006E+00  6.4611E+00  1.0000E+00
 7.0942E+04  3.8081E+00  3.0040E+00  3.8106E+00  6.4288E+00  1.0000E+00
 7.1485E+04  3.8181E+00  2.9876E+00  3.8206E+00  6.3967E+00  1.0000E+00
 7.2032E+04  3.8282E+00  2.9712E+00  3.8307E+00  6.3649E+00  1.0000E+00
 7.2584E+04  3.8384E+00  2.9550E+00  3.8409E+00  6.3333E+00  1.0000E+00
 7.3140E+04  3.8487E+00  2.9389E+00  3.8511E+00  6.3019E+00  1.0000E+00
 7.3700E+04  3.8590E+00  2.9229E+00  3.8614E+00  6.2707E+00  1.0000E+00
 7.4264E+04  3.8694E+00  2.9070E+00  3.8718E+00  6.2398E+00  1.0000E+00
 7.4833E+04  3.8798E+00  2.8912E+00  3.8823E+00  6.2091E+00  1.0000E+00
 7.5406E+04  3.8904E+00  2.8755E+00  3.8928E+00  6.1787E+00  1.0000E+00
 7.5984E+04  3.9010E+00  2.8599E+00  3.9034E+00  6.1484E+00  1.0000E+00
 7.6566E+04  3.9117E+00  2.8445E+00  3.9141E+00  6.1184E+00  1.0000E+00
 7.7152E+04  3.9225E+00  2.8291E+00  3.9249E+00  6.0886E+00  1.0000E+00
 7.7743E+04  3.9333E+00  2.8139E+00  3.9357E+00  6.0590E+00  1.0000E+00
 7.8338E+04  3.9443E+00  2.7987E+00  3.9466E+00  6.0296E+00  1.0000E+00
 7.8938E+04  3.9553E+00  2.7837E+00  3.9576E+00  6.0005E+00  1.0000E+00
 7.9543E+04  3.9664E+00  2.7688E+00  3.9687E+00  5.9716E+00  1.0000E+00
 8.0152E+04  3.9776E+00  2.7539E+00  3.9799E+00  5.9428E+00  1.0000E+00
 8.0766E+04  3.9888E+00  2.7392E+00  3.9911E+00  5.9143E+00  1.0000E+00
 8.1384E+04  4.0002E+00  2.7246E+00  4.0024E+00  5.8861E+00  1.0000E+00
 8.2008E+04  4.0116E+00  2.7101E+00  4.0138E+00  5.8580E+00  1.0000E+00
 8.2636E+04  4.0231E+00  2.6957E+00  4.0253E+00  5.8301E+00  1.0000E+00
 8.3268E+04  4.0347E+00  2.6814E+00  4.0369E+00  5.8024E+00  1.0000E+00
 8.3906E+04  4.0464E+00  2.6671E+00  4.0486E+00  5.7750E+00  1.0000E+00
 8.4549E+04  4.0581E+00  2.6530E+00  4.0603E+00  5.7477E+00  1.0000E+00
 8.5196E+04  4.0700E+00  2.6390E+00  4.0722E+00  5.7207E+00  1.0000E+00
 8.5849E+04  4.0819E+00  2.6251E+00  4.0841E+00  5.6939E+00  1.0000E+00
 8.6506E+04  4.0940E+00  2.6113E+00  4.0961E+00  5.6672E+00  1.0000E+00
 8.7169E+04  4.1061E+00  2.5976E+00  4.1083E+00  5.6408E+00  1.0000E+00
 8.7836E+04  4.1183E+00  2.5839E+00  4.1205E+00  5.6146E+00  1.0000E+00
 8.8509E+04  4.1306E+00  2.5704E+00  4.1328E+00  5.5885E+00  1.0000E+00
 8.9187E+04  4.1430E+00  2.5570E+00  4.1452E+00  5.5627E+00  1.0000E+00
 8.9870E+04  4.1555E+00  2.5436E+00  4.1576E+00  5.5370E+00  1.0000E+00
 9.0558E+04  4.1681E+00  2.5304E+00  4.1702E+00  5.5116E+00  1.0000E+00
 9.1252E+04  4.1808E+00  2.5172E+00  4.1829E+00  5.4863E+00  1.0000E+00
 9.1950E+04  4.1936E+00  2.5042E+00  4.1957E+00  5.4613E+00  1.0000E+00
 9.2655E+04  4.2065E+00  2.4912E+00  4.2086E+00  5.4364E+00  1.0000E+00
 9.3364E+04  4.2195E+00  2.4783E+00  4.2215E+00  5.4117E+00  1.0000E+00
 9.4079E+04  4.2326E+00  2.4655E+00  4.2346E+00  5.3872E+00  1.0000E+00
 9.4800E+04  4.2458E+00  2.4528E+00  4.2478E+00  5.3629E+00  1.0000E+00
 9.5526E+04  4.2591E+00  2.4402E+00  4.2611E+00  5.3388E+00  1.0000E+00
 9.6257E+04  4.2725E+00  2.4277E+00  4.2745E+00  5.3149E+00  1.0000E+00
 9.6994E+04  4.2860E+00  2.4153E+00  4.2880E+00  5.2912E+00  1.0000E+00
 9.7737E+04  4.2996E+00  2.4029E+00  4.3016E+00  5.2676E+00  1.0000E+00
 9.8486E+04  4.3133E+00  2.3907E+00  4.3153E+00  5.2442E+00  1.0000E+00
 9.9240E+04  4.3271E+00  2.3785E+00  4.3291E+00  5.2210E+00  1.0000E+00
 1.0000E+05  4.3411E+00  2.3664E+00  4.3430E+00  5.1980E+00  1.0000E+00


